2025-07-05 00:54:51.567 | WARNING  | __main__:_generate_initial_rules:291 - [Trinity] Attempt 1: Invalid rules JSON, retrying...
2025-07-05 00:55:14.817 | WARNING  | __main__:_generate_initial_rules:291 - [Trinity] Attempt 2: Invalid rules JSON, retrying...
2025-07-05 00:55:37.388 | WARNING  | __main__:_generate_initial_rules:293 - [Trinity] Using default rules after 3 failures
2025-07-05 00:55:37.389 | INFO     | __main__:initialize:358 - 
========================================
2025-07-05 00:55:37.389 | INFO     | __main__:initialize:359 - INITIALIZING WORLD FOR ERA: 魔法原始时代,存在克苏鲁怪物等
2025-07-05 00:55:37.390 | INFO     | __main__:initialize:360 - TERRAIN TYPES: OCEAN, FOREST, GRASSLAND, MOUNTAIN
2025-07-05 00:55:37.390 | INFO     | __main__:initialize:361 - RESOURCE RULES:
2025-07-05 00:55:37.390 | INFO     | __main__:initialize:363 -   WOOD:
2025-07-05 00:55:37.390 | INFO     | __main__:initialize:365 -     - FOREST: 50.0% chance
2025-07-05 00:55:37.391 | INFO     | __main__:initialize:365 -     - OCEAN: 0% chance
2025-07-05 00:55:37.391 | INFO     | __main__:initialize:363 -   APPLE:
2025-07-05 00:55:37.391 | INFO     | __main__:initialize:365 -     - FOREST: 30.0% chance
2025-07-05 00:55:37.391 | INFO     | __main__:initialize:365 -     - GRASSLAND: 20.0% chance
2025-07-05 00:55:37.391 | INFO     | __main__:initialize:363 -   FISH:
2025-07-05 00:55:37.391 | INFO     | __main__:initialize:365 -     - OCEAN: 40.0% chance
2025-07-05 00:55:37.391 | INFO     | __main__:initialize:363 -   STONE:
2025-07-05 00:55:37.391 | INFO     | __main__:initialize:365 -     - MOUNTAIN: 60.0% chance
2025-07-05 00:55:37.391 | INFO     | __main__:initialize:366 - ========================================

2025-07-05 00:55:37.393 | INFO     | __main__:initialize:384 - INITIAL RESOURCE DISTRIBUTION:
2025-07-05 00:55:37.393 | INFO     | __main__:initialize:386 -   APPLE: 191 units
2025-07-05 00:55:37.393 | INFO     | __main__:initialize:386 -   FISH: 27 units
2025-07-05 00:55:37.393 | INFO     | __main__:initialize:386 -   STONE: 37 units
2025-07-05 00:55:37.393 | INFO     | __main__:initialize:386 -   WOOD: 35 units
2025-07-05 00:55:37.393 | INFO     | __main__:initialize:387 - ========================================

2025-07-05 00:55:41.401 | INFO     | __main__:decide_goal:136 - Agent 1 personal goal ➜ "在保持安全距离的前提下，用智慧探索这个危险世界的奥秘。"
2025-07-05 00:55:41.632 | INFO     | __main__:decide_goal:136 - Agent 3 personal goal ➜ 我要努力锻炼身体，成为部落里最强壮的战士，保护族人免受克苏鲁怪物的侵害。
2025-07-05 00:55:41.727 | INFO     | __main__:decide_goal:136 - Agent 2 personal goal ➜ "在探索远古魔法奥秘的同时保持理智，找到对抗克苏鲁怪物的生存之道。"
2025-07-05 00:55:42.128 | INFO     | __main__:decide_goal:136 - Agent 4 personal goal ➜ "在探索这个充满未知魔法的世界时保持理智，揭开克苏鲁怪物的秘密而不被它们侵蚀。"
2025-07-05 00:55:44.192 | INFO     | __main__:decide_goal:136 - Agent 0 personal goal ➜ "探寻远古魔法与克苏鲁禁忌知识的隐秘联系，用智慧而非蛮力揭开世界真相。" 

（基于6点好奇心的核心驱动，1点力量值决定回避直接对抗，选择以研究型路线探索魔法与克苏鲁体系的关联性）
2025-07-05 00:55:44.192 | INFO     | __main__:run_simulation:1017 - ===== TURN 0 =====
2025-07-05 00:55:44.192 | INFO     | __main__:step:811 - 
=== TURN 0 START ===
2025-07-05 00:55:44.192 | INFO     | __main__:step:812 - Bible Rules: {}
2025-07-05 00:55:44.192 | INFO     | __main__:step:813 - Agent Status:
2025-07-05 00:55:44.192 | INFO     | __main__:step:815 -   Agent 0:
2025-07-05 00:55:44.192 | INFO     | __main__:step:816 -     Position: (7, 6)
2025-07-05 00:55:44.192 | INFO     | __main__:step:817 -     Attributes: {'strength': 1, 'curiosity': 6}
2025-07-05 00:55:44.192 | INFO     | __main__:step:818 -     Inventory: {'wood': 1, 'shell': 0}
2025-07-05 00:55:44.192 | INFO     | __main__:step:819 -     Age: 28
2025-07-05 00:55:44.192 | INFO     | __main__:step:820 -     Health: 100
2025-07-05 00:55:44.193 | INFO     | __main__:step:821 -     Hunger: 0.0
2025-07-05 00:55:44.193 | INFO     | __main__:step:822 -     Goal: "探寻远古魔法与克苏鲁禁忌知识的隐秘联系，用智慧而非蛮力揭开世界真相。" 

（基于6点好奇心的核心驱动，1点力量值决定回避直接对抗，选择以研究型路线探索魔法与克苏鲁体系的关联性）
2025-07-05 00:55:44.193 | INFO     | __main__:step:815 -   Agent 1:
2025-07-05 00:55:44.193 | INFO     | __main__:step:816 -     Position: (27, 20)
2025-07-05 00:55:44.193 | INFO     | __main__:step:817 -     Attributes: {'strength': 3, 'curiosity': 4}
2025-07-05 00:55:44.193 | INFO     | __main__:step:818 -     Inventory: {'wood': 2, 'shell': 1}
2025-07-05 00:55:44.193 | INFO     | __main__:step:819 -     Age: 67
2025-07-05 00:55:44.193 | INFO     | __main__:step:820 -     Health: 100
2025-07-05 00:55:44.193 | INFO     | __main__:step:821 -     Hunger: 0.0
2025-07-05 00:55:44.193 | INFO     | __main__:step:822 -     Goal: "在保持安全距离的前提下，用智慧探索这个危险世界的奥秘。"
2025-07-05 00:55:44.193 | INFO     | __main__:step:815 -   Agent 2:
2025-07-05 00:55:44.193 | INFO     | __main__:step:816 -     Position: (27, 26)
2025-07-05 00:55:44.193 | INFO     | __main__:step:817 -     Attributes: {'strength': 8, 'curiosity': 8}
2025-07-05 00:55:44.193 | INFO     | __main__:step:818 -     Inventory: {'wood': 1, 'shell': 0}
2025-07-05 00:55:44.193 | INFO     | __main__:step:819 -     Age: 53
2025-07-05 00:55:44.193 | INFO     | __main__:step:820 -     Health: 100
2025-07-05 00:55:44.193 | INFO     | __main__:step:821 -     Hunger: 0.0
2025-07-05 00:55:44.193 | INFO     | __main__:step:822 -     Goal: "在探索远古魔法奥秘的同时保持理智，找到对抗克苏鲁怪物的生存之道。"
2025-07-05 00:55:44.193 | INFO     | __main__:step:815 -   Agent 3:
2025-07-05 00:55:44.193 | INFO     | __main__:step:816 -     Position: (23, 0)
2025-07-05 00:55:44.193 | INFO     | __main__:step:817 -     Attributes: {'strength': 10, 'curiosity': 2}
2025-07-05 00:55:44.193 | INFO     | __main__:step:818 -     Inventory: {'wood': 0, 'shell': 1}
2025-07-05 00:55:44.193 | INFO     | __main__:step:819 -     Age: 32
2025-07-05 00:55:44.193 | INFO     | __main__:step:820 -     Health: 100
2025-07-05 00:55:44.194 | INFO     | __main__:step:821 -     Hunger: 0.0
2025-07-05 00:55:44.194 | INFO     | __main__:step:822 -     Goal: 我要努力锻炼身体，成为部落里最强壮的战士，保护族人免受克苏鲁怪物的侵害。
2025-07-05 00:55:44.194 | INFO     | __main__:step:815 -   Agent 4:
2025-07-05 00:55:44.194 | INFO     | __main__:step:816 -     Position: (27, 9)
2025-07-05 00:55:44.194 | INFO     | __main__:step:817 -     Attributes: {'strength': 7, 'curiosity': 9}
2025-07-05 00:55:44.194 | INFO     | __main__:step:818 -     Inventory: {'wood': 0, 'shell': 1}
2025-07-05 00:55:44.194 | INFO     | __main__:step:819 -     Age: 58
2025-07-05 00:55:44.194 | INFO     | __main__:step:820 -     Health: 100
2025-07-05 00:55:44.194 | INFO     | __main__:step:821 -     Hunger: 0.0
2025-07-05 00:55:44.194 | INFO     | __main__:step:822 -     Goal: "在探索这个充满未知魔法的世界时保持理智，揭开克苏鲁怪物的秘密而不被它们侵蚀。"
2025-07-05 00:55:48.669 | INFO     | __main__:resolve:484 - Agent 1 (age 67) attempting action: "收集附近(27,20)的苹果作为食物储备"
2025-07-05 00:55:49.008 | INFO     | __main__:resolve:484 - Agent 2 (age 53) attempting action: "前往(24,24)收集石头，为制作对抗克苏鲁怪物的魔法工具做准备"
2025-07-05 00:55:49.053 | INFO     | __main__:resolve:484 - Agent 0 (age 28) attempting action: "我想前往(8,8)的森林收集木材和苹果，为研究远古魔法做准备"
2025-07-05 00:55:49.634 | INFO     | __main__:resolve:484 - Agent 4 (age 58) attempting action: "我注意到附近有很多苹果，虽然现在不饿，但为了储备食物，我要去(27,8)的位置摘一个苹果。"
2025-07-05 00:55:49.899 | INFO     | __main__:resolve:484 - Agent 3 (age 32) attempting action: 我要收集附近的苹果来补充体力，为锻炼身体做准备。
2025-07-05 00:55:55.772 | INFO     | __main__:_process_outcome:598 - Processing outcome for Agent 1:
2025-07-05 00:55:55.773 | INFO     | __main__:_process_outcome:599 -   Outcome type: dict_keys(['inventory', 'attributes', 'position', 'log'])
2025-07-05 00:55:55.774 | INFO     | __main__:_process_outcome:601 -   Inventory changes: {'apple': 1}
2025-07-05 00:55:55.774 | INFO     | __main__:_process_outcome:603 -   Attribute changes: {}
2025-07-05 00:55:55.775 | INFO     | __main__:_process_outcome:605 -   Position change: [27, 20]
2025-07-05 00:55:55.775 | INFO     | __main__:_process_outcome:607 -   Action log: 收集了1个苹果作为食物储备
2025-07-05 00:55:55.776 | INFO     | __main__:act:214 - Agent 1 行动 → "收集附近(27,20)的苹果作为食物储备"
2025-07-05 00:56:01.045 | INFO     | __main__:_process_outcome:598 - Processing outcome for Agent 2:
2025-07-05 00:56:01.046 | INFO     | __main__:_process_outcome:599 -   Outcome type: dict_keys(['position', 'log'])
2025-07-05 00:56:01.047 | INFO     | __main__:_process_outcome:605 -   Position change: [24, 24]
2025-07-05 00:56:01.047 | INFO     | __main__:_process_outcome:607 -   Action log: 前往(24,24)收集石头，为制作对抗克苏鲁怪物的魔法工具做准备
2025-07-05 00:56:01.049 | INFO     | __main__:act:214 - Agent 2 行动 → "前往(24,24)收集石头，为制作对抗克苏鲁怪物的魔法工具做准备"
2025-07-05 00:56:07.317 | INFO     | __main__:_process_outcome:598 - Processing outcome for Agent 0:
2025-07-05 00:56:07.318 | INFO     | __main__:_process_outcome:599 -   Outcome type: dict_keys(['inventory', 'attributes', 'position', 'log'])
2025-07-05 00:56:07.319 | INFO     | __main__:_process_outcome:601 -   Inventory changes: {}
2025-07-05 00:56:07.319 | INFO     | __main__:_process_outcome:603 -   Attribute changes: {'curiosity': 1}
2025-07-05 00:56:07.319 | INFO     | __main__:_process_outcome:605 -   Position change: [8, 8]
2025-07-05 00:56:07.320 | INFO     | __main__:_process_outcome:607 -   Action log: 前往(8,8)的森林收集木材和苹果，为研究远古魔法做准备
2025-07-05 00:56:07.321 | INFO     | __main__:act:214 - Agent 0 行动 → "我想前往(8,8)的森林收集木材和苹果，为研究远古魔法做准备"
2025-07-05 00:56:12.584 | INFO     | __main__:_process_outcome:598 - Processing outcome for Agent 4:
2025-07-05 00:56:12.584 | INFO     | __main__:_process_outcome:599 -   Outcome type: dict_keys(['inventory', 'attributes', 'position', 'log'])
2025-07-05 00:56:12.584 | INFO     | __main__:_process_outcome:601 -   Inventory changes: {'apple': 1}
2025-07-05 00:56:12.585 | INFO     | __main__:_process_outcome:603 -   Attribute changes: {}
2025-07-05 00:56:12.585 | INFO     | __main__:_process_outcome:605 -   Position change: [27, 8]
2025-07-05 00:56:12.585 | INFO     | __main__:_process_outcome:607 -   Action log: 摘了一个苹果并移动到(27,8)
2025-07-05 00:56:12.587 | INFO     | __main__:act:214 - Agent 4 行动 → "我注意到附近有很多苹果，虽然现在不饿，但为了储备食物，我要去(27,8)的位置摘一个苹果。"
2025-07-05 00:56:18.251 | INFO     | __main__:_process_outcome:598 - Processing outcome for Agent 3:
2025-07-05 00:56:18.252 | INFO     | __main__:_process_outcome:599 -   Outcome type: dict_keys(['inventory', 'attributes', 'position', 'log'])
2025-07-05 00:56:18.252 | INFO     | __main__:_process_outcome:601 -   Inventory changes: {'apple': 1}
2025-07-05 00:56:18.253 | INFO     | __main__:_process_outcome:603 -   Attribute changes: {'strength': 1}
2025-07-05 00:56:18.253 | INFO     | __main__:_process_outcome:605 -   Position change: [23, 0]
2025-07-05 00:56:18.253 | INFO     | __main__:_process_outcome:607 -   Action log: 收集了一个苹果，为锻炼做准备
2025-07-05 00:56:18.255 | INFO     | __main__:act:214 - Agent 3 行动 → 我要收集附近的苹果来补充体力，为锻炼身体做准备。
2025-07-05 00:56:21.481 | INFO     | __main__:run_simulation:1017 - ===== TURN 1 =====
2025-07-05 00:56:21.482 | INFO     | __main__:step:811 - 
=== TURN 1 START ===
2025-07-05 00:56:21.483 | INFO     | __main__:step:812 - Bible Rules: {}
2025-07-05 00:56:21.483 | INFO     | __main__:step:813 - Agent Status:
2025-07-05 00:56:21.483 | INFO     | __main__:step:815 -   Agent 0:
2025-07-05 00:56:21.484 | INFO     | __main__:step:816 -     Position: (8, 8)
2025-07-05 00:56:21.484 | INFO     | __main__:step:817 -     Attributes: {'strength': 1, 'curiosity': 7}
2025-07-05 00:56:21.484 | INFO     | __main__:step:818 -     Inventory: {'wood': 1, 'shell': 0}
2025-07-05 00:56:21.485 | INFO     | __main__:step:819 -     Age: 29
2025-07-05 00:56:21.485 | INFO     | __main__:step:820 -     Health: 100
2025-07-05 00:56:21.485 | INFO     | __main__:step:821 -     Hunger: 8.0
2025-07-05 00:56:21.486 | INFO     | __main__:step:822 -     Goal: "探寻远古魔法与克苏鲁禁忌知识的隐秘联系，用智慧而非蛮力揭开世界真相。" 

（基于6点好奇心的核心驱动，1点力量值决定回避直接对抗，选择以研究型路线探索魔法与克苏鲁体系的关联性）
2025-07-05 00:56:21.486 | INFO     | __main__:step:815 -   Agent 1:
2025-07-05 00:56:21.486 | INFO     | __main__:step:816 -     Position: (27, 20)
2025-07-05 00:56:21.486 | INFO     | __main__:step:817 -     Attributes: {'strength': 3, 'curiosity': 4}
2025-07-05 00:56:21.486 | INFO     | __main__:step:818 -     Inventory: {'wood': 2, 'shell': 1, 'apple': 1}
2025-07-05 00:56:21.487 | INFO     | __main__:step:819 -     Age: 68
2025-07-05 00:56:21.487 | INFO     | __main__:step:820 -     Health: 100
2025-07-05 00:56:21.487 | INFO     | __main__:step:821 -     Hunger: 8.0
2025-07-05 00:56:21.487 | INFO     | __main__:step:822 -     Goal: "在保持安全距离的前提下，用智慧探索这个危险世界的奥秘。"
2025-07-05 00:56:21.488 | INFO     | __main__:step:815 -   Agent 2:
2025-07-05 00:56:21.488 | INFO     | __main__:step:816 -     Position: (24, 24)
2025-07-05 00:56:21.488 | INFO     | __main__:step:817 -     Attributes: {'strength': 8, 'curiosity': 8}
2025-07-05 00:56:21.488 | INFO     | __main__:step:818 -     Inventory: {'wood': 1, 'shell': 0}
2025-07-05 00:56:21.488 | INFO     | __main__:step:819 -     Age: 54
2025-07-05 00:56:21.489 | INFO     | __main__:step:820 -     Health: 100
2025-07-05 00:56:21.489 | INFO     | __main__:step:821 -     Hunger: 8.0
2025-07-05 00:56:21.489 | INFO     | __main__:step:822 -     Goal: "在探索远古魔法奥秘的同时保持理智，找到对抗克苏鲁怪物的生存之道。"
2025-07-05 00:56:21.489 | INFO     | __main__:step:815 -   Agent 3:
2025-07-05 00:56:21.489 | INFO     | __main__:step:816 -     Position: (23, 0)
2025-07-05 00:56:21.490 | INFO     | __main__:step:817 -     Attributes: {'strength': 11, 'curiosity': 2}
2025-07-05 00:56:21.490 | INFO     | __main__:step:818 -     Inventory: {'wood': 0, 'shell': 1, 'apple': 1}
2025-07-05 00:56:21.490 | INFO     | __main__:step:819 -     Age: 33
2025-07-05 00:56:21.490 | INFO     | __main__:step:820 -     Health: 100
2025-07-05 00:56:21.490 | INFO     | __main__:step:821 -     Hunger: 8.0
2025-07-05 00:56:21.490 | INFO     | __main__:step:822 -     Goal: 我要努力锻炼身体，成为部落里最强壮的战士，保护族人免受克苏鲁怪物的侵害。
2025-07-05 00:56:21.491 | INFO     | __main__:step:815 -   Agent 4:
2025-07-05 00:56:21.491 | INFO     | __main__:step:816 -     Position: (27, 8)
2025-07-05 00:56:21.491 | INFO     | __main__:step:817 -     Attributes: {'strength': 7, 'curiosity': 9}
2025-07-05 00:56:21.491 | INFO     | __main__:step:818 -     Inventory: {'wood': 0, 'shell': 1, 'apple': 1}
2025-07-05 00:56:21.491 | INFO     | __main__:step:819 -     Age: 59
2025-07-05 00:56:21.491 | INFO     | __main__:step:820 -     Health: 100
2025-07-05 00:56:21.491 | INFO     | __main__:step:821 -     Hunger: 8.0
2025-07-05 00:56:21.491 | INFO     | __main__:step:822 -     Goal: "在探索这个充满未知魔法的世界时保持理智，揭开克苏鲁怪物的秘密而不被它们侵蚀。"
2025-07-05 00:56:25.623 | INFO     | __main__:resolve:484 - Agent 1 (age 68) attempting action: "我饿了，要摘苹果吃"
2025-07-05 00:56:25.835 | INFO     | __main__:resolve:484 - Agent 3 (age 33) attempting action: 我饿了，要摘取当前位置(23,0)的苹果吃。
2025-07-05 00:56:25.991 | INFO     | __main__:resolve:484 - Agent 0 (age 29) attempting action: 我饿了，要摘取当前位置(8,8)森林中的苹果充饥。
2025-07-05 00:56:27.113 | INFO     | __main__:resolve:484 - Agent 2 (age 54) attempting action: 我饿了，要去(27,20)摘苹果吃，顺便和1号交流关于远古魔法的事情。
2025-07-05 00:56:28.316 | INFO     | __main__:resolve:484 - Agent 4 (age 59) attempting action: 我饿了，要摘取当前位置(27,8)的苹果吃。
2025-07-05 00:56:31.179 | INFO     | __main__:_process_outcome:598 - Processing outcome for Agent 1:
2025-07-05 00:56:31.180 | INFO     | __main__:_process_outcome:599 -   Outcome type: dict_keys(['inventory', 'attributes', 'position', 'log'])
2025-07-05 00:56:31.180 | INFO     | __main__:_process_outcome:601 -   Inventory changes: {'apple': 1}
2025-07-05 00:56:31.180 | INFO     | __main__:_process_outcome:603 -   Attribute changes: {'hunger': -10}
2025-07-05 00:56:31.180 | INFO     | __main__:_process_outcome:605 -   Position change: [27, 20]
2025-07-05 00:56:31.181 | INFO     | __main__:_process_outcome:607 -   Action log: 摘了一个苹果并吃掉
2025-07-05 00:56:31.182 | INFO     | __main__:act:214 - Agent 1 行动 → "我饿了，要摘苹果吃"
2025-07-05 00:56:36.223 | INFO     | __main__:_process_outcome:598 - Processing outcome for Agent 3:
2025-07-05 00:56:36.223 | INFO     | __main__:_process_outcome:599 -   Outcome type: dict_keys(['inventory', 'attributes', 'log'])
2025-07-05 00:56:36.223 | INFO     | __main__:_process_outcome:601 -   Inventory changes: {'apple': 1}
2025-07-05 00:56:36.223 | INFO     | __main__:_process_outcome:603 -   Attribute changes: {'hunger': -10}
2025-07-05 00:56:36.224 | INFO     | __main__:_process_outcome:607 -   Action log: 摘取并吃了一个苹果
2025-07-05 00:56:36.224 | INFO     | __main__:act:214 - Agent 3 行动 → 我饿了，要摘取当前位置(23,0)的苹果吃。
2025-07-05 00:56:41.713 | INFO     | __main__:_process_outcome:598 - Processing outcome for Agent 0:
2025-07-05 00:56:41.714 | INFO     | __main__:_process_outcome:599 -   Outcome type: dict_keys(['inventory', 'attributes', 'position', 'log'])
2025-07-05 00:56:41.714 | INFO     | __main__:_process_outcome:601 -   Inventory changes: {'apple': 1}
2025-07-05 00:56:41.715 | INFO     | __main__:_process_outcome:603 -   Attribute changes: {'hunger': -5}
2025-07-05 00:56:41.715 | INFO     | __main__:_process_outcome:605 -   Position change: [8, 8]
2025-07-05 00:56:41.716 | INFO     | __main__:_process_outcome:607 -   Action log: 摘取了一个苹果充饥
2025-07-05 00:56:41.717 | INFO     | __main__:act:214 - Agent 0 行动 → 我饿了，要摘取当前位置(8,8)森林中的苹果充饥。
