2025-07-05 01:38:23.643 | WARNING  | __main__:_generate_initial_rules:363 - [Trinity] Attempt 1: Invalid rules JSON, retrying...
2025-07-05 01:38:54.091 | WARNING  | __main__:_generate_initial_rules:363 - [Trinity] Attempt 2: Invalid rules JSON, retrying...
2025-07-05 01:39:21.433 | WARNING  | __main__:_generate_initial_rules:365 - [Trinity] Using default rules after 3 failures
2025-07-05 01:39:21.433 | INFO     | __main__:initialize:500 - 
========================================
2025-07-05 01:39:21.434 | INFO     | __main__:initialize:501 - INITIALIZING WORLD FOR ERA: 魔法原始时代,魔能水晶是魔法源头,可以用于制造法杖.水晶有多种属性,跟出产地有关
2025-07-05 01:39:21.434 | INFO     | __main__:initialize:502 - TERRAIN TYPES: OCEAN, FOREST, GRASSLAND, MOUNTAIN
2025-07-05 01:39:21.435 | INFO     | __main__:initialize:503 - RESOURCE RULES:
2025-07-05 01:39:21.435 | INFO     | __main__:initialize:505 -   WOOD:
2025-07-05 01:39:21.435 | INFO     | __main__:initialize:507 -     - FOREST: 50.0% chance
2025-07-05 01:39:21.435 | INFO     | __main__:initialize:507 -     - OCEAN: 0% chance
2025-07-05 01:39:21.436 | INFO     | __main__:initialize:505 -   APPLE:
2025-07-05 01:39:21.436 | INFO     | __main__:initialize:507 -     - FOREST: 30.0% chance
2025-07-05 01:39:21.436 | INFO     | __main__:initialize:507 -     - GRASSLAND: 20.0% chance
2025-07-05 01:39:21.436 | INFO     | __main__:initialize:505 -   FISH:
2025-07-05 01:39:21.437 | INFO     | __main__:initialize:507 -     - OCEAN: 40.0% chance
2025-07-05 01:39:21.437 | INFO     | __main__:initialize:505 -   STONE:
2025-07-05 01:39:21.437 | INFO     | __main__:initialize:507 -     - MOUNTAIN: 60.0% chance
2025-07-05 01:39:21.437 | INFO     | __main__:initialize:508 - ========================================

2025-07-05 01:39:21.438 | INFO     | __main__:initialize:526 - INITIAL RESOURCE DISTRIBUTION:
2025-07-05 01:39:21.439 | INFO     | __main__:initialize:528 -   APPLE: 198 units
2025-07-05 01:39:21.439 | INFO     | __main__:initialize:528 -   FISH: 24 units
2025-07-05 01:39:21.439 | INFO     | __main__:initialize:528 -   STONE: 41 units
2025-07-05 01:39:21.440 | INFO     | __main__:initialize:528 -   WOOD: 34 units
2025-07-05 01:39:21.440 | INFO     | __main__:initialize:529 - ========================================

2025-07-05 01:39:29.326 | INFO     | __main__:decide_goal:150 - Valerian Brightcrest(8) personal goal ➜ 凭借出众的魅力结交各方势力，建立稳定的水晶贸易网络，成为连接不同魔法部落的重要中间商。
2025-07-05 01:39:29.613 | INFO     | __main__:decide_goal:150 - Valentine Sterling(1) personal goal ➜ 凭借出众的魅力结交各方势力，建立水晶贸易网络，成为掌控魔法资源的大商人。
2025-07-05 01:39:29.709 | INFO     | __main__:decide_goal:150 - Lysander Wispglow(7) personal goal ➜ 凭借出众的魅力与强烈的好奇心，我要成为最伟大的水晶贸易商，掌握所有属性魔能水晶的源头奥秘。
2025-07-05 01:39:29.710 | INFO     | __main__:decide_goal:150 - Lucian Vey(6) personal goal ➜ 凭借出众的魅力结交各方势力，建立水晶贸易网络，成为掌控稀有魔法水晶资源的掮客。
2025-07-05 01:39:30.139 | INFO     | __main__:decide_goal:150 - Lumina(2) personal goal ➜ 我要成为最受欢迎的魔法水晶商人，用我的魅力和见识收集各地珍稀水晶，建立跨越部落的贸易网络。
2025-07-05 01:39:30.140 | INFO     | __main__:decide_goal:150 - Valentina Glimmer(9) personal goal ➜ 凭借出众的魅力结交各方势力，建立水晶贸易网络，成为掌控魔法资源的大商人。
2025-07-05 01:39:30.300 | INFO     | __main__:decide_goal:150 - Lumina Duskwhisper(5) personal goal ➜ "利用与生俱来的超凡魅力和强烈好奇心，探索世界各地魔能水晶的秘密，成为最负盛名的水晶鉴赏大师。"
2025-07-05 01:39:31.264 | INFO     | __main__:decide_goal:150 - Quillan Duskwhisper(4) personal goal ➜ "探索世界上所有未知的魔能水晶矿脉，揭开不同属性水晶的魔法奥秘。" 

（基于9点好奇心的核心特质，配合3点力量确保基础探索能力，1点魅力显示更倾向独立研究而非社交合作）
2025-07-05 01:39:31.710 | INFO     | __main__:decide_goal:150 - Vincent Duskvale(3) personal goal ➜ 凭借出众的魅力结交强大的魔法师，获取最优质的水晶资源，成为最受追捧的法杖商人。
2025-07-05 01:39:32.223 | INFO     | __main__:decide_goal:150 - Lumina(0) personal goal ➜ "利用我的超凡魅力和强烈好奇心，探索世界各地魔能水晶的奥秘，成为最受欢迎的魔法水晶鉴赏大师。" 

(基于初始属性中魅力值10和好奇心7的优势设定，避开力量值2的短板，选择以社交和知识探索为主的职业发展路径)
2025-07-05 01:39:32.224 | INFO     | __main__:run_simulation:1183 - ===== TURN 0 =====
2025-07-05 01:39:32.224 | INFO     | __main__:step:976 - 
=== TURN 0 START ===
2025-07-05 01:39:32.224 | INFO     | __main__:step:977 - Bible Rules: {}
2025-07-05 01:39:32.224 | INFO     | __main__:step:978 - Agent Status:
2025-07-05 01:39:32.224 | INFO     | __main__:step:980 -   Agent 0:
2025-07-05 01:39:32.224 | INFO     | __main__:step:981 -     Position: (5, 28)
2025-07-05 01:39:32.224 | INFO     | __main__:step:982 -     Attributes: {'strength': 2, 'curiosity': 7, 'charm': 10}
2025-07-05 01:39:32.224 | INFO     | __main__:step:983 -     Inventory: {'wood': 2, 'shell': 0}
2025-07-05 01:39:32.224 | INFO     | __main__:step:984 -     Age: 21
2025-07-05 01:39:32.224 | INFO     | __main__:step:985 -     Health: 100
2025-07-05 01:39:32.224 | INFO     | __main__:step:986 -     Hunger: 0.0
2025-07-05 01:39:32.224 | INFO     | __main__:step:987 -     Goal: "利用我的超凡魅力和强烈好奇心，探索世界各地魔能水晶的奥秘，成为最受欢迎的魔法水晶鉴赏大师。" 

(基于初始属性中魅力值10和好奇心7的优势设定，避开力量值2的短板，选择以社交和知识探索为主的职业发展路径)
2025-07-05 01:39:32.224 | INFO     | __main__:step:980 -   Agent 1:
2025-07-05 01:39:32.224 | INFO     | __main__:step:981 -     Position: (2, 13)
2025-07-05 01:39:32.224 | INFO     | __main__:step:982 -     Attributes: {'strength': 9, 'curiosity': 6, 'charm': 10}
2025-07-05 01:39:32.224 | INFO     | __main__:step:983 -     Inventory: {'wood': 1, 'shell': 0}
2025-07-05 01:39:32.224 | INFO     | __main__:step:984 -     Age: 55
2025-07-05 01:39:32.225 | INFO     | __main__:step:985 -     Health: 100
2025-07-05 01:39:32.225 | INFO     | __main__:step:986 -     Hunger: 0.0
2025-07-05 01:39:32.225 | INFO     | __main__:step:987 -     Goal: 凭借出众的魅力结交各方势力，建立水晶贸易网络，成为掌控魔法资源的大商人。
2025-07-05 01:39:32.225 | INFO     | __main__:step:980 -   Agent 2:
2025-07-05 01:39:32.225 | INFO     | __main__:step:981 -     Position: (10, 9)
2025-07-05 01:39:32.225 | INFO     | __main__:step:982 -     Attributes: {'strength': 2, 'curiosity': 4, 'charm': 8}
2025-07-05 01:39:32.225 | INFO     | __main__:step:983 -     Inventory: {'wood': 2, 'shell': 0}
2025-07-05 01:39:32.225 | INFO     | __main__:step:984 -     Age: 25
2025-07-05 01:39:32.225 | INFO     | __main__:step:985 -     Health: 100
2025-07-05 01:39:32.225 | INFO     | __main__:step:986 -     Hunger: 0.0
2025-07-05 01:39:32.225 | INFO     | __main__:step:987 -     Goal: 我要成为最受欢迎的魔法水晶商人，用我的魅力和见识收集各地珍稀水晶，建立跨越部落的贸易网络。
2025-07-05 01:39:32.225 | INFO     | __main__:step:980 -   Agent 3:
2025-07-05 01:39:32.225 | INFO     | __main__:step:981 -     Position: (15, 19)
2025-07-05 01:39:32.225 | INFO     | __main__:step:982 -     Attributes: {'strength': 5, 'curiosity': 1, 'charm': 7}
2025-07-05 01:39:32.225 | INFO     | __main__:step:983 -     Inventory: {'wood': 2, 'shell': 1}
2025-07-05 01:39:32.226 | INFO     | __main__:step:984 -     Age: 45
2025-07-05 01:39:32.226 | INFO     | __main__:step:985 -     Health: 100
2025-07-05 01:39:32.226 | INFO     | __main__:step:986 -     Hunger: 0.0
2025-07-05 01:39:32.226 | INFO     | __main__:step:987 -     Goal: 凭借出众的魅力结交强大的魔法师，获取最优质的水晶资源，成为最受追捧的法杖商人。
2025-07-05 01:39:32.226 | INFO     | __main__:step:980 -   Agent 4:
2025-07-05 01:39:32.226 | INFO     | __main__:step:981 -     Position: (6, 18)
2025-07-05 01:39:32.226 | INFO     | __main__:step:982 -     Attributes: {'strength': 3, 'curiosity': 9, 'charm': 1}
2025-07-05 01:39:32.226 | INFO     | __main__:step:983 -     Inventory: {'wood': 0, 'shell': 0}
2025-07-05 01:39:32.226 | INFO     | __main__:step:984 -     Age: 40
2025-07-05 01:39:32.226 | INFO     | __main__:step:985 -     Health: 100
2025-07-05 01:39:32.226 | INFO     | __main__:step:986 -     Hunger: 0.0
2025-07-05 01:39:32.226 | INFO     | __main__:step:987 -     Goal: "探索世界上所有未知的魔能水晶矿脉，揭开不同属性水晶的魔法奥秘。" 

（基于9点好奇心的核心特质，配合3点力量确保基础探索能力，1点魅力显示更倾向独立研究而非社交合作）
2025-07-05 01:39:32.226 | INFO     | __main__:step:980 -   Agent 5:
2025-07-05 01:39:32.226 | INFO     | __main__:step:981 -     Position: (23, 8)
2025-07-05 01:39:32.226 | INFO     | __main__:step:982 -     Attributes: {'strength': 2, 'curiosity': 7, 'charm': 10}
2025-07-05 01:39:32.226 | INFO     | __main__:step:983 -     Inventory: {'wood': 2, 'shell': 0}
2025-07-05 01:39:32.226 | INFO     | __main__:step:984 -     Age: 34
2025-07-05 01:39:32.226 | INFO     | __main__:step:985 -     Health: 100
2025-07-05 01:39:32.226 | INFO     | __main__:step:986 -     Hunger: 0.0
2025-07-05 01:39:32.227 | INFO     | __main__:step:987 -     Goal: "利用与生俱来的超凡魅力和强烈好奇心，探索世界各地魔能水晶的秘密，成为最负盛名的水晶鉴赏大师。"
2025-07-05 01:39:32.227 | INFO     | __main__:step:980 -   Agent 6:
2025-07-05 01:39:32.227 | INFO     | __main__:step:981 -     Position: (16, 25)
2025-07-05 01:39:32.227 | INFO     | __main__:step:982 -     Attributes: {'strength': 3, 'curiosity': 3, 'charm': 8}
2025-07-05 01:39:32.227 | INFO     | __main__:step:983 -     Inventory: {'wood': 2, 'shell': 1}
2025-07-05 01:39:32.227 | INFO     | __main__:step:984 -     Age: 33
2025-07-05 01:39:32.227 | INFO     | __main__:step:985 -     Health: 100
2025-07-05 01:39:32.227 | INFO     | __main__:step:986 -     Hunger: 0.0
2025-07-05 01:39:32.227 | INFO     | __main__:step:987 -     Goal: 凭借出众的魅力结交各方势力，建立水晶贸易网络，成为掌控稀有魔法水晶资源的掮客。
2025-07-05 01:39:32.227 | INFO     | __main__:step:980 -   Agent 7:
2025-07-05 01:39:32.227 | INFO     | __main__:step:981 -     Position: (24, 24)
2025-07-05 01:39:32.227 | INFO     | __main__:step:982 -     Attributes: {'strength': 2, 'curiosity': 7, 'charm': 10}
2025-07-05 01:39:32.227 | INFO     | __main__:step:983 -     Inventory: {'wood': 2, 'shell': 1}
2025-07-05 01:39:32.227 | INFO     | __main__:step:984 -     Age: 42
2025-07-05 01:39:32.227 | INFO     | __main__:step:985 -     Health: 100
2025-07-05 01:39:32.227 | INFO     | __main__:step:986 -     Hunger: 0.0
2025-07-05 01:39:32.227 | INFO     | __main__:step:987 -     Goal: 凭借出众的魅力与强烈的好奇心，我要成为最伟大的水晶贸易商，掌握所有属性魔能水晶的源头奥秘。
2025-07-05 01:39:32.227 | INFO     | __main__:step:980 -   Agent 8:
2025-07-05 01:39:32.227 | INFO     | __main__:step:981 -     Position: (13, 27)
2025-07-05 01:39:32.227 | INFO     | __main__:step:982 -     Attributes: {'strength': 6, 'curiosity': 5, 'charm': 7}
2025-07-05 01:39:32.228 | INFO     | __main__:step:983 -     Inventory: {'wood': 1, 'shell': 0}
2025-07-05 01:39:32.228 | INFO     | __main__:step:984 -     Age: 45
2025-07-05 01:39:32.228 | INFO     | __main__:step:985 -     Health: 100
2025-07-05 01:39:32.228 | INFO     | __main__:step:986 -     Hunger: 0.0
2025-07-05 01:39:32.228 | INFO     | __main__:step:987 -     Goal: 凭借出众的魅力结交各方势力，建立稳定的水晶贸易网络，成为连接不同魔法部落的重要中间商。
2025-07-05 01:39:32.228 | INFO     | __main__:step:980 -   Agent 9:
2025-07-05 01:39:32.228 | INFO     | __main__:step:981 -     Position: (13, 30)
2025-07-05 01:39:32.228 | INFO     | __main__:step:982 -     Attributes: {'strength': 6, 'curiosity': 5, 'charm': 10}
2025-07-05 01:39:32.228 | INFO     | __main__:step:983 -     Inventory: {'wood': 2, 'shell': 1}
2025-07-05 01:39:32.228 | INFO     | __main__:step:984 -     Age: 46
2025-07-05 01:39:32.228 | INFO     | __main__:step:985 -     Health: 100
2025-07-05 01:39:32.228 | INFO     | __main__:step:986 -     Hunger: 0.0
2025-07-05 01:39:32.228 | INFO     | __main__:step:987 -     Goal: 凭借出众的魅力结交各方势力，建立水晶贸易网络，成为掌控魔法资源的大商人。
2025-07-05 01:39:36.204 | INFO     | __main__:resolve:630 - Agent 7 (age 42) attempting action: 收集附近的石头
2025-07-05 01:39:36.943 | INFO     | __main__:resolve:630 - Agent 8 (age 45) attempting action: 我想向9号Valentina Glimmer发起聊天请求，讨论关于建立水晶贸易网络的可能性。
2025-07-05 01:39:37.070 | INFO     | __main__:resolve:630 - Agent 9 (age 46) attempting action: 我想向8号Valerian Brightcrest发起聊天请求，讨论建立水晶贸易网络的可能性。
2025-07-05 01:39:37.247 | INFO     | __main__:resolve:630 - Agent 1 (age 55) attempting action: 我想向4号Quillan Duskwhisper询问关于魔能水晶的信息，发起聊天请求
2025-07-05 01:39:37.326 | INFO     | __main__:resolve:630 - Agent 6 (age 33) attempting action: 我想向Valentina Glimmer(9号)发起聊天请求，讨论建立水晶贸易网络的可能性。
2025-07-05 01:39:37.611 | INFO     | __main__:resolve:630 - Agent 2 (age 25) attempting action: 我想前往(10,8)的位置收集那里的2个苹果和2个木头，为未来的贸易积累基础资源。
2025-07-05 01:39:38.823 | INFO     | __main__:resolve:630 - Agent 5 (age 34) attempting action: 我想前往(23,11)摘取苹果补充能量，为接下来的魔能水晶探索做准备。
2025-07-05 01:39:39.016 | INFO     | __main__:resolve:630 - Agent 4 (age 40) attempting action: 我要前往(8,13)的森林收集木材，为制作探索魔能水晶所需的工具做准备。
2025-07-05 01:39:39.094 | INFO     | __main__:resolve:630 - Agent 3 (age 45) attempting action: 我想前往(15,14)的森林收集木材和苹果，为将来与魔法师交易做准备。
2025-07-05 01:39:39.907 | INFO     | __main__:resolve:630 - Agent 0 (age 21) attempting action: 我注意到附近有多个苹果资源点(比如位置[0,23],[0,25],[0,26]等)，虽然现在不饿，但可以收集一些苹果作为储备，同时利用我的高魅力值寻找其他智能体交流关于魔能水晶的信息。先去[0,26]收集2个苹果。
2025-07-05 01:39:41.290 | INFO     | __main__:_process_outcome:744 - Processing outcome for Agent 7:
2025-07-05 01:39:41.291 | INFO     | __main__:_process_outcome:745 -   Outcome type: dict_keys(['inventory', 'attributes', 'position', 'log'])
2025-07-05 01:39:41.292 | INFO     | __main__:_process_outcome:747 -   Inventory changes: {'stone': 1}
2025-07-05 01:39:41.292 | INFO     | __main__:_process_outcome:749 -   Attribute changes: {'strength': 1}
2025-07-05 01:39:41.293 | INFO     | __main__:_process_outcome:751 -   Position change: [24, 24]
2025-07-05 01:39:41.293 | INFO     | __main__:_process_outcome:753 -   Action log: 收集了一块石头
2025-07-05 01:39:41.295 | INFO     | __main__:act:286 - Agent 7 行动 → 收集附近的石头
2025-07-05 01:39:46.955 | INFO     | __main__:_process_outcome:744 - Processing outcome for Agent 8:
2025-07-05 01:39:46.956 | INFO     | __main__:_process_outcome:745 -   Outcome type: dict_keys(['chat_request', 'log', 'position'])
2025-07-05 01:39:46.956 | INFO     | __main__:_process_outcome:751 -   Position change: [13, 27]
2025-07-05 01:39:46.956 | INFO     | __main__:_process_outcome:753 -   Action log: 向9号Valentina Glimmer发起关于建立水晶贸易网络的聊天请求
2025-07-05 01:39:46.958 | INFO     | __main__:act:286 - Agent 8 行动 → 我想向9号Valentina Glimmer发起聊天请求，讨论关于建立水晶贸易网络的可能性。
2025-07-05 01:39:53.178 | INFO     | __main__:_process_outcome:744 - Processing outcome for Agent 9:
2025-07-05 01:39:53.180 | INFO     | __main__:_process_outcome:745 -   Outcome type: dict_keys(['chat_request', 'log'])
2025-07-05 01:39:53.180 | INFO     | __main__:_process_outcome:753 -   Action log: 向8号Valerian Brightcrest发起关于建立水晶贸易网络的聊天请求
2025-07-05 01:39:53.181 | INFO     | __main__:act:286 - Agent 9 行动 → 我想向8号Valerian Brightcrest发起聊天请求，讨论建立水晶贸易网络的可能性。
2025-07-05 01:39:59.731 | INFO     | __main__:_process_outcome:744 - Processing outcome for Agent 1:
2025-07-05 01:39:59.732 | INFO     | __main__:_process_outcome:745 -   Outcome type: dict_keys(['chat_request', 'log'])
2025-07-05 01:39:59.733 | INFO     | __main__:_process_outcome:753 -   Action log: 向4号Quillan Duskwhisper询问关于魔能水晶的信息
2025-07-05 01:39:59.735 | INFO     | __main__:act:286 - Agent 1 行动 → 我想向4号Quillan Duskwhisper询问关于魔能水晶的信息，发起聊天请求
2025-07-05 01:40:06.638 | INFO     | __main__:_process_outcome:744 - Processing outcome for Agent 6:
2025-07-05 01:40:06.639 | INFO     | __main__:_process_outcome:745 -   Outcome type: dict_keys(['chat_request', 'log', 'position'])
2025-07-05 01:40:06.639 | INFO     | __main__:_process_outcome:751 -   Position change: [16, 25]
2025-07-05 01:40:06.639 | INFO     | __main__:_process_outcome:753 -   Action log: 向9号Valentina Glimmer发起关于建立水晶贸易网络的聊天请求
2025-07-05 01:40:06.641 | INFO     | __main__:act:286 - Agent 6 行动 → 我想向Valentina Glimmer(9号)发起聊天请求，讨论建立水晶贸易网络的可能性。
2025-07-05 01:40:15.212 | INFO     | __main__:_process_outcome:744 - Processing outcome for Agent 2:
2025-07-05 01:40:15.213 | INFO     | __main__:_process_outcome:745 -   Outcome type: dict_keys(['inventory', 'attributes', 'position', 'log'])
2025-07-05 01:40:15.214 | INFO     | __main__:_process_outcome:747 -   Inventory changes: {'apple': 2, 'wood': 2}
2025-07-05 01:40:15.214 | INFO     | __main__:_process_outcome:749 -   Attribute changes: {}
2025-07-05 01:40:15.214 | INFO     | __main__:_process_outcome:751 -   Position change: [10, 8]
2025-07-05 01:40:15.215 | INFO     | __main__:_process_outcome:753 -   Action log: 前往(10,8)收集了2个苹果和2个木头
2025-07-05 01:40:15.216 | INFO     | __main__:act:286 - Agent 2 行动 → 我想前往(10,8)的位置收集那里的2个苹果和2个木头，为未来的贸易积累基础资源。
