2025-07-05 00:26:18.203 | INFO     | __main__:decide_goal:136 - Agent 5 personal goal ➜ 凭借强壮的体魄成为部落最优秀的猎手。
2025-07-05 00:26:18.263 | INFO     | __main__:decide_goal:136 - Agent 15 personal goal ➜ 凭借强壮的体魄成为部落最出色的猎手。
2025-07-05 00:26:18.376 | INFO     | __main__:decide_goal:136 - Agent 8 personal goal ➜ "通过观察和探索自然规律，发明更高效的采集工具和捕猎方法。"
2025-07-05 00:26:18.384 | INFO     | __main__:decide_goal:136 - Agent 9 personal goal ➜ 凭借强壮的体魄成为部落最出色的猎手。
2025-07-05 00:26:18.390 | INFO     | __main__:decide_goal:136 - Agent 2 personal goal ➜ 凭借敏锐的好奇心探索自然规律，发明更高效的狩猎工具。
2025-07-05 00:26:18.415 | INFO     | __main__:decide_goal:136 - Agent 12 personal goal ➜ 凭借强烈的好奇心探索未知的植物特性，成为部落里最出色的草药采集者。
2025-07-05 00:26:18.452 | INFO     | __main__:decide_goal:136 - Agent 17 personal goal ➜ 我要成为部落里最聪明的发明家，用我的好奇心创造出改变生活的工具。
2025-07-05 00:26:18.464 | INFO     | __main__:decide_goal:136 - Agent 16 personal goal ➜ 我要成为部落里最聪明的发明家和故事讲述者，用我的好奇心发现新事物并教会族人。
2025-07-05 00:26:18.527 | INFO     | __main__:decide_goal:136 - Agent 10 personal goal ➜ "探索未知的植物和地形，为部落寻找新的食物来源和栖息地。"
2025-07-05 00:26:18.528 | INFO     | __main__:decide_goal:136 - Agent 6 personal goal ➜ 我要成为部落里最聪明的发明家，用我的好奇心创造出改变生活的工具。
2025-07-05 00:26:18.529 | INFO     | __main__:decide_goal:136 - Agent 13 personal goal ➜ "我要成为部落里最聪明的发明家，用我的好奇心创造出改变生活的工具。"
2025-07-05 00:26:18.566 | INFO     | __main__:decide_goal:136 - Agent 3 personal goal ➜ "探索并记录所有未知的植物特性，成为部落里最博学的草药师。"
2025-07-05 00:26:18.608 | INFO     | __main__:decide_goal:136 - Agent 11 personal goal ➜ 凭借敏锐的观察力发现可驯化的植物种子，成为部落里第一个尝试种植的人。
2025-07-05 00:26:18.609 | INFO     | __main__:decide_goal:136 - Agent 14 personal goal ➜ 凭借有限的力气，我要成为部落里最可靠的燧石工具制作者。
2025-07-05 00:26:18.614 | INFO     | __main__:decide_goal:136 - Agent 18 personal goal ➜ "探索并记录周围世界的奥秘，用智慧弥补力量的不足。"
2025-07-05 00:26:18.640 | INFO     | __main__:decide_goal:136 - Agent 1 personal goal ➜ 我要成为部落中最聪明的发明家和工具制造者，用我的创造力改善族人的生活。
2025-07-05 00:26:18.679 | INFO     | __main__:decide_goal:136 - Agent 0 personal goal ➜ "探索并记录部落周围所有未知的植物和地形，用智慧弥补力量的不足。"
2025-07-05 00:26:18.757 | INFO     | __main__:decide_goal:136 - Agent 7 personal goal ➜ 凭借我的力量和好奇心，我要成为部落里最出色的石器制作师，发明更锋利的工具帮助族人狩猎。
2025-07-05 00:26:18.833 | INFO     | __main__:decide_goal:136 - Agent 4 personal goal ➜ "探索并记录部落周围所有可食用的植物和草药，成为部落的智慧采集者。"
2025-07-05 00:26:18.980 | INFO     | __main__:decide_goal:136 - Agent 19 personal goal ➜ 我要成为部落中最智慧的长老，用无尽的好奇心发现新知识，发明新工具，让族人过上更好的生活。
2025-07-05 00:26:18.981 | INFO     | __main__:run_simulation:911 - ===== TURN 0 =====
2025-07-05 00:26:18.982 | INFO     | __main__:step:724 - 
=== TURN 0 START ===
2025-07-05 00:26:18.982 | INFO     | __main__:step:725 - Bible Rules: {}
2025-07-05 00:26:18.983 | INFO     | __main__:step:726 - Agent Status:
2025-07-05 00:26:18.983 | INFO     | __main__:step:728 -   Agent 0:
2025-07-05 00:26:18.983 | INFO     | __main__:step:729 -     Position: (37, 50)
2025-07-05 00:26:18.984 | INFO     | __main__:step:730 -     Attributes: {'strength': 1, 'curiosity': 6}
2025-07-05 00:26:18.984 | INFO     | __main__:step:731 -     Inventory: {'wood': 1, 'shell': 1}
2025-07-05 00:26:18.984 | INFO     | __main__:step:732 -     Age: 0
2025-07-05 00:26:18.985 | INFO     | __main__:step:733 -     Health: 100
2025-07-05 00:26:18.985 | INFO     | __main__:step:734 -     Hunger: 0.0
2025-07-05 00:26:18.985 | INFO     | __main__:step:735 -     Goal: "探索并记录部落周围所有未知的植物和地形，用智慧弥补力量的不足。"
2025-07-05 00:26:18.985 | INFO     | __main__:step:728 -   Agent 1:
2025-07-05 00:26:18.985 | INFO     | __main__:step:729 -     Position: (53, 62)
2025-07-05 00:26:18.986 | INFO     | __main__:step:730 -     Attributes: {'strength': 4, 'curiosity': 9}
2025-07-05 00:26:18.986 | INFO     | __main__:step:731 -     Inventory: {'wood': 2, 'shell': 0}
2025-07-05 00:26:18.986 | INFO     | __main__:step:732 -     Age: 0
2025-07-05 00:26:18.987 | INFO     | __main__:step:733 -     Health: 100
2025-07-05 00:26:18.987 | INFO     | __main__:step:734 -     Hunger: 0.0
2025-07-05 00:26:18.987 | INFO     | __main__:step:735 -     Goal: 我要成为部落中最聪明的发明家和工具制造者，用我的创造力改善族人的生活。
2025-07-05 00:26:18.987 | INFO     | __main__:step:728 -   Agent 2:
2025-07-05 00:26:18.987 | INFO     | __main__:step:729 -     Position: (45, 60)
2025-07-05 00:26:18.988 | INFO     | __main__:step:730 -     Attributes: {'strength': 2, 'curiosity': 5}
2025-07-05 00:26:18.988 | INFO     | __main__:step:731 -     Inventory: {'wood': 1, 'shell': 0}
2025-07-05 00:26:18.988 | INFO     | __main__:step:732 -     Age: 0
2025-07-05 00:26:18.988 | INFO     | __main__:step:733 -     Health: 100
2025-07-05 00:26:18.988 | INFO     | __main__:step:734 -     Hunger: 0.0
2025-07-05 00:26:18.988 | INFO     | __main__:step:735 -     Goal: 凭借敏锐的好奇心探索自然规律，发明更高效的狩猎工具。
2025-07-05 00:26:18.989 | INFO     | __main__:step:728 -   Agent 3:
2025-07-05 00:26:18.989 | INFO     | __main__:step:729 -     Position: (52, 0)
2025-07-05 00:26:18.989 | INFO     | __main__:step:730 -     Attributes: {'strength': 4, 'curiosity': 9}
2025-07-05 00:26:18.989 | INFO     | __main__:step:731 -     Inventory: {'wood': 0, 'shell': 1}
2025-07-05 00:26:18.990 | INFO     | __main__:step:732 -     Age: 0
2025-07-05 00:26:18.990 | INFO     | __main__:step:733 -     Health: 100
2025-07-05 00:26:18.990 | INFO     | __main__:step:734 -     Hunger: 0.0
2025-07-05 00:26:18.990 | INFO     | __main__:step:735 -     Goal: "探索并记录所有未知的植物特性，成为部落里最博学的草药师。"
2025-07-05 00:26:18.990 | INFO     | __main__:step:728 -   Agent 4:
2025-07-05 00:26:18.990 | INFO     | __main__:step:729 -     Position: (30, 24)
2025-07-05 00:26:18.990 | INFO     | __main__:step:730 -     Attributes: {'strength': 3, 'curiosity': 5}
2025-07-05 00:26:18.990 | INFO     | __main__:step:731 -     Inventory: {'wood': 0, 'shell': 0}
2025-07-05 00:26:18.990 | INFO     | __main__:step:732 -     Age: 0
2025-07-05 00:26:18.990 | INFO     | __main__:step:733 -     Health: 100
2025-07-05 00:26:18.990 | INFO     | __main__:step:734 -     Hunger: 0.0
2025-07-05 00:26:18.990 | INFO     | __main__:step:735 -     Goal: "探索并记录部落周围所有可食用的植物和草药，成为部落的智慧采集者。"
2025-07-05 00:26:18.990 | INFO     | __main__:step:728 -   Agent 5:
2025-07-05 00:26:18.990 | INFO     | __main__:step:729 -     Position: (46, 51)
2025-07-05 00:26:18.991 | INFO     | __main__:step:730 -     Attributes: {'strength': 8, 'curiosity': 4}
2025-07-05 00:26:18.991 | INFO     | __main__:step:731 -     Inventory: {'wood': 1, 'shell': 0}
2025-07-05 00:26:18.991 | INFO     | __main__:step:732 -     Age: 0
2025-07-05 00:26:18.991 | INFO     | __main__:step:733 -     Health: 100
2025-07-05 00:26:18.991 | INFO     | __main__:step:734 -     Hunger: 0.0
2025-07-05 00:26:18.991 | INFO     | __main__:step:735 -     Goal: 凭借强壮的体魄成为部落最优秀的猎手。
2025-07-05 00:26:18.991 | INFO     | __main__:step:728 -   Agent 6:
2025-07-05 00:26:18.991 | INFO     | __main__:step:729 -     Position: (50, 25)
2025-07-05 00:26:18.991 | INFO     | __main__:step:730 -     Attributes: {'strength': 3, 'curiosity': 7}
2025-07-05 00:26:18.991 | INFO     | __main__:step:731 -     Inventory: {'wood': 0, 'shell': 0}
2025-07-05 00:26:18.991 | INFO     | __main__:step:732 -     Age: 0
2025-07-05 00:26:18.991 | INFO     | __main__:step:733 -     Health: 100
2025-07-05 00:26:18.991 | INFO     | __main__:step:734 -     Hunger: 0.0
2025-07-05 00:26:18.991 | INFO     | __main__:step:735 -     Goal: 我要成为部落里最聪明的发明家，用我的好奇心创造出改变生活的工具。
2025-07-05 00:26:18.991 | INFO     | __main__:step:728 -   Agent 7:
2025-07-05 00:26:18.991 | INFO     | __main__:step:729 -     Position: (29, 27)
2025-07-05 00:26:18.991 | INFO     | __main__:step:730 -     Attributes: {'strength': 6, 'curiosity': 5}
2025-07-05 00:26:18.991 | INFO     | __main__:step:731 -     Inventory: {'wood': 2, 'shell': 1}
2025-07-05 00:26:18.991 | INFO     | __main__:step:732 -     Age: 0
2025-07-05 00:26:18.992 | INFO     | __main__:step:733 -     Health: 100
2025-07-05 00:26:18.992 | INFO     | __main__:step:734 -     Hunger: 0.0
2025-07-05 00:26:18.992 | INFO     | __main__:step:735 -     Goal: 凭借我的力量和好奇心，我要成为部落里最出色的石器制作师，发明更锋利的工具帮助族人狩猎。
2025-07-05 00:26:18.992 | INFO     | __main__:step:728 -   Agent 8:
2025-07-05 00:26:18.992 | INFO     | __main__:step:729 -     Position: (35, 33)
2025-07-05 00:26:18.992 | INFO     | __main__:step:730 -     Attributes: {'strength': 1, 'curiosity': 4}
2025-07-05 00:26:18.992 | INFO     | __main__:step:731 -     Inventory: {'wood': 0, 'shell': 0}
2025-07-05 00:26:18.992 | INFO     | __main__:step:732 -     Age: 0
2025-07-05 00:26:18.992 | INFO     | __main__:step:733 -     Health: 100
2025-07-05 00:26:18.992 | INFO     | __main__:step:734 -     Hunger: 0.0
2025-07-05 00:26:18.992 | INFO     | __main__:step:735 -     Goal: "通过观察和探索自然规律，发明更高效的采集工具和捕猎方法。"
2025-07-05 00:26:18.992 | INFO     | __main__:step:728 -   Agent 9:
2025-07-05 00:26:18.992 | INFO     | __main__:step:729 -     Position: (11, 63)
2025-07-05 00:26:18.992 | INFO     | __main__:step:730 -     Attributes: {'strength': 9, 'curiosity': 3}
2025-07-05 00:26:18.992 | INFO     | __main__:step:731 -     Inventory: {'wood': 1, 'shell': 1}
2025-07-05 00:26:18.992 | INFO     | __main__:step:732 -     Age: 0
2025-07-05 00:26:18.992 | INFO     | __main__:step:733 -     Health: 100
2025-07-05 00:26:18.992 | INFO     | __main__:step:734 -     Hunger: 0.0
2025-07-05 00:26:18.992 | INFO     | __main__:step:735 -     Goal: 凭借强壮的体魄成为部落最出色的猎手。
2025-07-05 00:26:18.992 | INFO     | __main__:step:728 -   Agent 10:
2025-07-05 00:26:18.992 | INFO     | __main__:step:729 -     Position: (61, 12)
2025-07-05 00:26:18.992 | INFO     | __main__:step:730 -     Attributes: {'strength': 3, 'curiosity': 5}
2025-07-05 00:26:18.992 | INFO     | __main__:step:731 -     Inventory: {'wood': 2, 'shell': 1}
2025-07-05 00:26:18.992 | INFO     | __main__:step:732 -     Age: 0
2025-07-05 00:26:18.993 | INFO     | __main__:step:733 -     Health: 100
2025-07-05 00:26:18.993 | INFO     | __main__:step:734 -     Hunger: 0.0
2025-07-05 00:26:18.993 | INFO     | __main__:step:735 -     Goal: "探索未知的植物和地形，为部落寻找新的食物来源和栖息地。"
2025-07-05 00:26:18.993 | INFO     | __main__:step:728 -   Agent 11:
2025-07-05 00:26:18.993 | INFO     | __main__:step:729 -     Position: (46, 15)
2025-07-05 00:26:18.993 | INFO     | __main__:step:730 -     Attributes: {'strength': 1, 'curiosity': 2}
2025-07-05 00:26:18.993 | INFO     | __main__:step:731 -     Inventory: {'wood': 2, 'shell': 0}
2025-07-05 00:26:18.993 | INFO     | __main__:step:732 -     Age: 0
2025-07-05 00:26:18.993 | INFO     | __main__:step:733 -     Health: 100
2025-07-05 00:26:18.993 | INFO     | __main__:step:734 -     Hunger: 0.0
2025-07-05 00:26:18.993 | INFO     | __main__:step:735 -     Goal: 凭借敏锐的观察力发现可驯化的植物种子，成为部落里第一个尝试种植的人。
2025-07-05 00:26:18.993 | INFO     | __main__:step:728 -   Agent 12:
2025-07-05 00:26:18.993 | INFO     | __main__:step:729 -     Position: (4, 36)
2025-07-05 00:26:18.993 | INFO     | __main__:step:730 -     Attributes: {'strength': 5, 'curiosity': 8}
2025-07-05 00:26:18.993 | INFO     | __main__:step:731 -     Inventory: {'wood': 1, 'shell': 1}
2025-07-05 00:26:18.993 | INFO     | __main__:step:732 -     Age: 0
2025-07-05 00:26:18.993 | INFO     | __main__:step:733 -     Health: 100
2025-07-05 00:26:18.993 | INFO     | __main__:step:734 -     Hunger: 0.0
2025-07-05 00:26:18.994 | INFO     | __main__:step:735 -     Goal: 凭借强烈的好奇心探索未知的植物特性，成为部落里最出色的草药采集者。
2025-07-05 00:26:18.994 | INFO     | __main__:step:728 -   Agent 13:
2025-07-05 00:26:18.994 | INFO     | __main__:step:729 -     Position: (63, 14)
2025-07-05 00:26:18.994 | INFO     | __main__:step:730 -     Attributes: {'strength': 3, 'curiosity': 6}
2025-07-05 00:26:18.994 | INFO     | __main__:step:731 -     Inventory: {'wood': 2, 'shell': 0}
2025-07-05 00:26:18.994 | INFO     | __main__:step:732 -     Age: 0
2025-07-05 00:26:18.994 | INFO     | __main__:step:733 -     Health: 100
2025-07-05 00:26:18.994 | INFO     | __main__:step:734 -     Hunger: 0.0
2025-07-05 00:26:18.994 | INFO     | __main__:step:735 -     Goal: "我要成为部落里最聪明的发明家，用我的好奇心创造出改变生活的工具。"
2025-07-05 00:26:18.994 | INFO     | __main__:step:728 -   Agent 14:
2025-07-05 00:26:18.994 | INFO     | __main__:step:729 -     Position: (11, 33)
2025-07-05 00:26:18.994 | INFO     | __main__:step:730 -     Attributes: {'strength': 3, 'curiosity': 1}
2025-07-05 00:26:18.994 | INFO     | __main__:step:731 -     Inventory: {'wood': 1, 'shell': 1}
2025-07-05 00:26:18.994 | INFO     | __main__:step:732 -     Age: 0
2025-07-05 00:26:18.994 | INFO     | __main__:step:733 -     Health: 100
2025-07-05 00:26:18.994 | INFO     | __main__:step:734 -     Hunger: 0.0
2025-07-05 00:26:18.994 | INFO     | __main__:step:735 -     Goal: 凭借有限的力气，我要成为部落里最可靠的燧石工具制作者。
2025-07-05 00:26:18.994 | INFO     | __main__:step:728 -   Agent 15:
2025-07-05 00:26:18.994 | INFO     | __main__:step:729 -     Position: (0, 36)
2025-07-05 00:26:18.995 | INFO     | __main__:step:730 -     Attributes: {'strength': 6, 'curiosity': 2}
2025-07-05 00:26:18.995 | INFO     | __main__:step:731 -     Inventory: {'wood': 2, 'shell': 1}
2025-07-05 00:26:18.995 | INFO     | __main__:step:732 -     Age: 0
2025-07-05 00:26:18.995 | INFO     | __main__:step:733 -     Health: 100
2025-07-05 00:26:18.995 | INFO     | __main__:step:734 -     Hunger: 0.0
2025-07-05 00:26:18.995 | INFO     | __main__:step:735 -     Goal: 凭借强壮的体魄成为部落最出色的猎手。
2025-07-05 00:26:18.995 | INFO     | __main__:step:728 -   Agent 16:
2025-07-05 00:26:18.995 | INFO     | __main__:step:729 -     Position: (43, 27)
2025-07-05 00:26:18.995 | INFO     | __main__:step:730 -     Attributes: {'strength': 2, 'curiosity': 8}
2025-07-05 00:26:18.995 | INFO     | __main__:step:731 -     Inventory: {'wood': 1, 'shell': 1}
2025-07-05 00:26:18.995 | INFO     | __main__:step:732 -     Age: 0
2025-07-05 00:26:18.995 | INFO     | __main__:step:733 -     Health: 100
2025-07-05 00:26:18.995 | INFO     | __main__:step:734 -     Hunger: 0.0
2025-07-05 00:26:18.995 | INFO     | __main__:step:735 -     Goal: 我要成为部落里最聪明的发明家和故事讲述者，用我的好奇心发现新事物并教会族人。
2025-07-05 00:26:18.995 | INFO     | __main__:step:728 -   Agent 17:
2025-07-05 00:26:18.995 | INFO     | __main__:step:729 -     Position: (36, 4)
2025-07-05 00:26:18.995 | INFO     | __main__:step:730 -     Attributes: {'strength': 5, 'curiosity': 8}
2025-07-05 00:26:18.995 | INFO     | __main__:step:731 -     Inventory: {'wood': 1, 'shell': 1}
2025-07-05 00:26:18.995 | INFO     | __main__:step:732 -     Age: 0
2025-07-05 00:26:18.995 | INFO     | __main__:step:733 -     Health: 100
2025-07-05 00:26:18.995 | INFO     | __main__:step:734 -     Hunger: 0.0
2025-07-05 00:26:18.996 | INFO     | __main__:step:735 -     Goal: 我要成为部落里最聪明的发明家，用我的好奇心创造出改变生活的工具。
2025-07-05 00:26:18.996 | INFO     | __main__:step:728 -   Agent 18:
2025-07-05 00:26:18.996 | INFO     | __main__:step:729 -     Position: (20, 58)
2025-07-05 00:26:18.996 | INFO     | __main__:step:730 -     Attributes: {'strength': 1, 'curiosity': 4}
2025-07-05 00:26:18.996 | INFO     | __main__:step:731 -     Inventory: {'wood': 1, 'shell': 1}
2025-07-05 00:26:18.996 | INFO     | __main__:step:732 -     Age: 0
2025-07-05 00:26:18.996 | INFO     | __main__:step:733 -     Health: 100
2025-07-05 00:26:18.996 | INFO     | __main__:step:734 -     Hunger: 0.0
2025-07-05 00:26:18.996 | INFO     | __main__:step:735 -     Goal: "探索并记录周围世界的奥秘，用智慧弥补力量的不足。"
2025-07-05 00:26:18.996 | INFO     | __main__:step:728 -   Agent 19:
2025-07-05 00:26:18.996 | INFO     | __main__:step:729 -     Position: (23, 40)
2025-07-05 00:26:18.996 | INFO     | __main__:step:730 -     Attributes: {'strength': 2, 'curiosity': 10}
2025-07-05 00:26:18.996 | INFO     | __main__:step:731 -     Inventory: {'wood': 0, 'shell': 0}
2025-07-05 00:26:18.996 | INFO     | __main__:step:732 -     Age: 0
2025-07-05 00:26:18.996 | INFO     | __main__:step:733 -     Health: 100
2025-07-05 00:26:18.996 | INFO     | __main__:step:734 -     Hunger: 0.0
2025-07-05 00:26:18.996 | INFO     | __main__:step:735 -     Goal: 我要成为部落中最智慧的长老，用无尽的好奇心发现新知识，发明新工具，让族人过上更好的生活。
2025-07-05 00:26:22.634 | INFO     | __main__:resolve:411 - Agent 1 attempting action: 我想收集当前位置(53,62)的石头来制作工具。
2025-07-05 00:26:22.861 | INFO     | __main__:resolve:411 - Agent 13 attempting action: "我要收集附近的木材和石头，准备尝试制作石器工具。"
2025-07-05 00:26:22.987 | INFO     | __main__:resolve:411 - Agent 2 attempting action: 前往(41,55)收集木材，为制作狩猎工具做准备。
2025-07-05 00:26:23.042 | INFO     | __main__:resolve:411 - Agent 19 attempting action: 前往(19,40)收集木材和石头，为制作工具做准备。
2025-07-05 00:26:23.044 | INFO     | __main__:resolve:411 - Agent 17 attempting action: 前往(32,3)收集石头，为制作石器工具做准备。
2025-07-05 00:26:23.065 | INFO     | __main__:resolve:411 - Agent 15 attempting action: 我要去(1,40)收集那里的木材和石头来制作狩猎工具。
2025-07-05 00:26:23.087 | INFO     | __main__:resolve:411 - Agent 18 attempting action: 前往(20,56)收集木材和石头，为制作工具做准备。
2025-07-05 00:26:23.088 | INFO     | __main__:resolve:411 - Agent 4 attempting action: 前往(30,23)收集木材和石头，为制作工具做准备。
2025-07-05 00:26:23.088 | INFO     | __main__:resolve:411 - Agent 0 attempting action: 前往(37,47)收集那里的石头和木材，为制作工具做准备。
2025-07-05 00:26:23.100 | INFO     | __main__:resolve:411 - Agent 7 attempting action: 收集当前位置(29,27)的石头，为制作石器工具做准备。
2025-07-05 00:26:23.101 | INFO     | __main__:resolve:411 - Agent 10 attempting action: 前往(61,13)收集那里的木材和石头，为制作工具做准备。
2025-07-05 00:26:23.112 | INFO     | __main__:resolve:411 - Agent 6 attempting action: 我要收集当前位置(50,25)的木材，为制作工具做准备。
2025-07-05 00:26:23.143 | INFO     | __main__:resolve:411 - Agent 12 attempting action: 我想前往(4,33)收集那里的石头，为制作草药采集工具做准备。
2025-07-05 00:26:23.161 | INFO     | __main__:resolve:411 - Agent 3 attempting action: 我想去(52,3)收集木材，为制作草药采集工具做准备。
2025-07-05 00:26:23.209 | INFO     | __main__:resolve:411 - Agent 11 attempting action: 我要去(46,14)收集那里的2块木头，为制作种植工具做准备。
2025-07-05 00:26:23.213 | INFO     | __main__:resolve:411 - Agent 14 attempting action: 前往(11,28)收集那里的木材和石头，为制作燧石工具做准备。
2025-07-05 00:26:23.337 | INFO     | __main__:resolve:411 - Agent 9 attempting action: 收集附近(6,58)位置的2个木材和1个石头，为制作狩猎工具做准备。
2025-07-05 00:26:23.455 | INFO     | __main__:resolve:411 - Agent 16 attempting action: 我要去(42,27)收集那块木头，然后尝试用木头和石头制作简单的工具。
2025-07-05 00:26:25.124 | INFO     | __main__:resolve:411 - Agent 5 attempting action: 我要去(41,48)收集那里的1单位木头和1单位石头，为制作狩猎工具做准备。
2025-07-05 00:26:25.170 | INFO     | __main__:resolve:411 - Agent 8 attempting action: 收集当前位置(35,33)的木材，然后前往(35,35)收集石头，为制作工具做准备。
2025-07-05 00:26:27.905 | INFO     | __main__:_process_outcome:513 - Processing outcome for Agent 1:
2025-07-05 00:26:27.905 | INFO     | __main__:_process_outcome:514 -   Outcome type: dict_keys(['inventory', 'attributes', 'position', 'log'])
2025-07-05 00:26:27.905 | INFO     | __main__:_process_outcome:516 -   Inventory changes: {'stone': 3}
2025-07-05 00:26:27.906 | INFO     | __main__:_process_outcome:518 -   Attribute changes: {'strength': -1, 'curiosity': 1}
2025-07-05 00:26:27.906 | INFO     | __main__:_process_outcome:520 -   Position change: [53, 62]
2025-07-05 00:26:27.906 | INFO     | __main__:_process_outcome:522 -   Action log: 收集了3块石头用于制作工具
2025-07-05 00:26:27.907 | INFO     | __main__:act:197 - Agent 1 行动 → 我想收集当前位置(53,62)的石头来制作工具。
2025-07-05 00:26:33.949 | INFO     | __main__:_process_outcome:513 - Processing outcome for Agent 13:
2025-07-05 00:26:33.950 | INFO     | __main__:_process_outcome:514 -   Outcome type: dict_keys(['inventory', 'attributes', 'position', 'log'])
2025-07-05 00:26:33.951 | INFO     | __main__:_process_outcome:516 -   Inventory changes: {'wood': 1, 'stone': 1}
2025-07-05 00:26:33.951 | INFO     | __main__:_process_outcome:518 -   Attribute changes: {'strength': -1, 'curiosity': 1}
2025-07-05 00:26:33.951 | INFO     | __main__:_process_outcome:520 -   Position change: [63, 14]
2025-07-05 00:26:33.952 | INFO     | __main__:_process_outcome:522 -   Action log: 收集了1份木材和1份石头，准备制作石器工具
2025-07-05 00:26:33.953 | INFO     | __main__:act:197 - Agent 13 行动 → "我要收集附近的木材和石头，准备尝试制作石器工具。"
2025-07-05 00:26:38.563 | INFO     | __main__:_process_outcome:513 - Processing outcome for Agent 2:
2025-07-05 00:26:38.564 | INFO     | __main__:_process_outcome:514 -   Outcome type: dict_keys(['inventory', 'attributes', 'position', 'log'])
2025-07-05 00:26:38.564 | INFO     | __main__:_process_outcome:516 -   Inventory changes: {}
2025-07-05 00:26:38.565 | INFO     | __main__:_process_outcome:518 -   Attribute changes: {}
2025-07-05 00:26:38.565 | INFO     | __main__:_process_outcome:520 -   Position change: [41, 55]
2025-07-05 00:26:38.565 | INFO     | __main__:_process_outcome:522 -   Action log: 前往(41,55)收集木材，为制作狩猎工具做准备
2025-07-05 00:26:38.567 | INFO     | __main__:act:197 - Agent 2 行动 → 前往(41,55)收集木材，为制作狩猎工具做准备。
2025-07-05 00:26:44.904 | INFO     | __main__:_process_outcome:513 - Processing outcome for Agent 19:
2025-07-05 00:26:44.905 | INFO     | __main__:_process_outcome:514 -   Outcome type: dict_keys(['position', 'log'])
2025-07-05 00:26:44.905 | INFO     | __main__:_process_outcome:520 -   Position change: [19, 40]
2025-07-05 00:26:44.905 | INFO     | __main__:_process_outcome:522 -   Action log: 前往(19,40)收集木材和石头
2025-07-05 00:26:44.907 | INFO     | __main__:act:197 - Agent 19 行动 → 前往(19,40)收集木材和石头，为制作工具做准备。
2025-07-05 00:26:49.014 | INFO     | __main__:_process_outcome:513 - Processing outcome for Agent 17:
2025-07-05 00:26:49.014 | INFO     | __main__:_process_outcome:514 -   Outcome type: dict_keys(['inventory', 'attributes', 'position', 'log'])
2025-07-05 00:26:49.014 | INFO     | __main__:_process_outcome:516 -   Inventory changes: {}
2025-07-05 00:26:49.014 | INFO     | __main__:_process_outcome:518 -   Attribute changes: {}
2025-07-05 00:26:49.015 | INFO     | __main__:_process_outcome:520 -   Position change: [32, 3]
2025-07-05 00:26:49.015 | INFO     | __main__:_process_outcome:522 -   Action log: 前往(32,3)收集石头，为制作石器工具做准备
2025-07-05 00:26:49.015 | INFO     | __main__:act:197 - Agent 17 行动 → 前往(32,3)收集石头，为制作石器工具做准备。
2025-07-05 00:26:53.694 | INFO     | __main__:_process_outcome:513 - Processing outcome for Agent 15:
2025-07-05 00:26:53.695 | INFO     | __main__:_process_outcome:514 -   Outcome type: dict_keys(['inventory', 'attributes', 'position', 'log'])
2025-07-05 00:26:53.695 | INFO     | __main__:_process_outcome:516 -   Inventory changes: {}
2025-07-05 00:26:53.695 | INFO     | __main__:_process_outcome:518 -   Attribute changes: {}
2025-07-05 00:26:53.695 | INFO     | __main__:_process_outcome:520 -   Position change: [1, 40]
2025-07-05 00:26:53.695 | INFO     | __main__:_process_outcome:522 -   Action log: 移动到(1,40)准备收集木材和石头
2025-07-05 00:26:53.696 | INFO     | __main__:act:197 - Agent 15 行动 → 我要去(1,40)收集那里的木材和石头来制作狩猎工具。
2025-07-05 00:26:58.196 | INFO     | __main__:_process_outcome:513 - Processing outcome for Agent 18:
2025-07-05 00:26:58.197 | INFO     | __main__:_process_outcome:514 -   Outcome type: dict_keys(['inventory', 'attributes', 'position', 'log'])
2025-07-05 00:26:58.197 | INFO     | __main__:_process_outcome:516 -   Inventory changes: {}
2025-07-05 00:26:58.197 | INFO     | __main__:_process_outcome:518 -   Attribute changes: {}
2025-07-05 00:26:58.197 | INFO     | __main__:_process_outcome:520 -   Position change: [20, 56]
2025-07-05 00:26:58.198 | INFO     | __main__:_process_outcome:522 -   Action log: 前往(20,56)收集木材和石头
2025-07-05 00:26:58.199 | INFO     | __main__:act:197 - Agent 18 行动 → 前往(20,56)收集木材和石头，为制作工具做准备。
2025-07-05 00:27:02.110 | INFO     | __main__:_process_outcome:513 - Processing outcome for Agent 4:
2025-07-05 00:27:02.111 | INFO     | __main__:_process_outcome:514 -   Outcome type: dict_keys(['position', 'log'])
2025-07-05 00:27:02.111 | INFO     | __main__:_process_outcome:520 -   Position change: [30, 23]
2025-07-05 00:27:02.111 | INFO     | __main__:_process_outcome:522 -   Action log: 前往(30,23)收集木材和石头
2025-07-05 00:27:02.113 | INFO     | __main__:act:197 - Agent 4 行动 → 前往(30,23)收集木材和石头，为制作工具做准备。
2025-07-05 00:27:07.352 | INFO     | __main__:_process_outcome:513 - Processing outcome for Agent 0:
2025-07-05 00:27:07.353 | INFO     | __main__:_process_outcome:514 -   Outcome type: dict_keys(['inventory', 'attributes', 'position', 'log'])
2025-07-05 00:27:07.353 | INFO     | __main__:_process_outcome:516 -   Inventory changes: {'wood': 1, 'stone': 1}
2025-07-05 00:27:07.353 | INFO     | __main__:_process_outcome:518 -   Attribute changes: {}
2025-07-05 00:27:07.353 | INFO     | __main__:_process_outcome:520 -   Position change: [37, 47]
2025-07-05 00:27:07.353 | INFO     | __main__:_process_outcome:522 -   Action log: 前往(37,47)收集了1个木材和1个石头
2025-07-05 00:27:07.353 | INFO     | __main__:act:197 - Agent 0 行动 → 前往(37,47)收集那里的石头和木材，为制作工具做准备。
2025-07-05 00:27:12.345 | INFO     | __main__:_process_outcome:513 - Processing outcome for Agent 7:
2025-07-05 00:27:12.345 | INFO     | __main__:_process_outcome:514 -   Outcome type: dict_keys(['inventory', 'attributes', 'position', 'log'])
2025-07-05 00:27:12.345 | INFO     | __main__:_process_outcome:516 -   Inventory changes: {'stone': 1}
2025-07-05 00:27:12.345 | INFO     | __main__:_process_outcome:518 -   Attribute changes: {'strength': -1}
2025-07-05 00:27:12.345 | INFO     | __main__:_process_outcome:520 -   Position change: [29, 27]
2025-07-05 00:27:12.345 | INFO     | __main__:_process_outcome:522 -   Action log: 收集了一块石头用于制作石器工具
2025-07-05 00:27:12.345 | INFO     | __main__:act:197 - Agent 7 行动 → 收集当前位置(29,27)的石头，为制作石器工具做准备。
2025-07-05 00:27:16.563 | INFO     | __main__:_process_outcome:513 - Processing outcome for Agent 10:
2025-07-05 00:27:16.563 | INFO     | __main__:_process_outcome:514 -   Outcome type: dict_keys(['inventory', 'position', 'log'])
2025-07-05 00:27:16.563 | INFO     | __main__:_process_outcome:516 -   Inventory changes: {'wood': 1, 'stone': 1}
2025-07-05 00:27:16.563 | INFO     | __main__:_process_outcome:520 -   Position change: [61, 13]
2025-07-05 00:27:16.563 | INFO     | __main__:_process_outcome:522 -   Action log: 前往(61,13)收集了1个木材和1个石头
2025-07-05 00:27:16.564 | INFO     | __main__:act:197 - Agent 10 行动 → 前往(61,13)收集那里的木材和石头，为制作工具做准备。
2025-07-05 00:27:21.614 | INFO     | __main__:_process_outcome:513 - Processing outcome for Agent 6:
2025-07-05 00:27:21.615 | INFO     | __main__:_process_outcome:514 -   Outcome type: dict_keys(['inventory', 'attributes', 'position', 'log'])
2025-07-05 00:27:21.615 | INFO     | __main__:_process_outcome:516 -   Inventory changes: {'wood': 1}
2025-07-05 00:27:21.615 | INFO     | __main__:_process_outcome:518 -   Attribute changes: {'strength': 1}
2025-07-05 00:27:21.615 | INFO     | __main__:_process_outcome:520 -   Position change: [50, 25]
2025-07-05 00:27:21.615 | INFO     | __main__:_process_outcome:522 -   Action log: 收集了1个单位的木材
2025-07-05 00:27:21.616 | INFO     | __main__:act:197 - Agent 6 行动 → 我要收集当前位置(50,25)的木材，为制作工具做准备。
2025-07-05 00:27:27.473 | INFO     | __main__:_process_outcome:513 - Processing outcome for Agent 12:
2025-07-05 00:27:27.473 | INFO     | __main__:_process_outcome:514 -   Outcome type: dict_keys(['inventory', 'attributes', 'position', 'log'])
2025-07-05 00:27:27.473 | INFO     | __main__:_process_outcome:516 -   Inventory changes: {}
2025-07-05 00:27:27.473 | INFO     | __main__:_process_outcome:518 -   Attribute changes: {}
2025-07-05 00:27:27.473 | INFO     | __main__:_process_outcome:520 -   Position change: [4, 33]
2025-07-05 00:27:27.473 | INFO     | __main__:_process_outcome:522 -   Action log: 前往(4,33)收集石头
2025-07-05 00:27:27.474 | INFO     | __main__:act:197 - Agent 12 行动 → 我想前往(4,33)收集那里的石头，为制作草药采集工具做准备。
2025-07-05 00:27:31.535 | INFO     | __main__:_process_outcome:513 - Processing outcome for Agent 3:
2025-07-05 00:27:31.536 | INFO     | __main__:_process_outcome:514 -   Outcome type: dict_keys(['position', 'log'])
2025-07-05 00:27:31.536 | INFO     | __main__:_process_outcome:520 -   Position change: [52, 3]
2025-07-05 00:27:31.536 | INFO     | __main__:_process_outcome:522 -   Action log: 移动到(52,3)准备收集木材
2025-07-05 00:27:31.537 | INFO     | __main__:act:197 - Agent 3 行动 → 我想去(52,3)收集木材，为制作草药采集工具做准备。
2025-07-05 00:27:36.338 | INFO     | __main__:_process_outcome:513 - Processing outcome for Agent 11:
2025-07-05 00:27:36.339 | INFO     | __main__:_process_outcome:514 -   Outcome type: dict_keys(['inventory', 'position', 'log'])
2025-07-05 00:27:36.339 | INFO     | __main__:_process_outcome:516 -   Inventory changes: {'wood': 2}
2025-07-05 00:27:36.339 | INFO     | __main__:_process_outcome:520 -   Position change: [46, 14]
2025-07-05 00:27:36.339 | INFO     | __main__:_process_outcome:522 -   Action log: 收集了2块木头
2025-07-05 00:27:36.340 | INFO     | __main__:act:197 - Agent 11 行动 → 我要去(46,14)收集那里的2块木头，为制作种植工具做准备。
2025-07-05 00:27:41.014 | INFO     | __main__:_process_outcome:513 - Processing outcome for Agent 14:
2025-07-05 00:27:41.015 | INFO     | __main__:_process_outcome:514 -   Outcome type: dict_keys(['inventory', 'attributes', 'position', 'log'])
2025-07-05 00:27:41.015 | INFO     | __main__:_process_outcome:516 -   Inventory changes: {}
2025-07-05 00:27:41.015 | INFO     | __main__:_process_outcome:518 -   Attribute changes: {}
2025-07-05 00:27:41.015 | INFO     | __main__:_process_outcome:520 -   Position change: [11, 28]
2025-07-05 00:27:41.015 | INFO     | __main__:_process_outcome:522 -   Action log: 前往(11,28)收集木材和石头
2025-07-05 00:27:41.015 | INFO     | __main__:act:197 - Agent 14 行动 → 前往(11,28)收集那里的木材和石头，为制作燧石工具做准备。
2025-07-05 00:27:46.710 | INFO     | __main__:_process_outcome:513 - Processing outcome for Agent 9:
2025-07-05 00:27:46.713 | INFO     | __main__:_process_outcome:514 -   Outcome type: dict_keys(['inventory', 'attributes', 'position', 'log'])
2025-07-05 00:27:46.714 | INFO     | __main__:_process_outcome:516 -   Inventory changes: {'wood': 2, 'stone': 1}
2025-07-05 00:27:46.714 | INFO     | __main__:_process_outcome:518 -   Attribute changes: {'strength': -1}
2025-07-05 00:27:46.714 | INFO     | __main__:_process_outcome:520 -   Position change: [6, 58]
2025-07-05 00:27:46.714 | INFO     | __main__:_process_outcome:522 -   Action log: 在(6,58)位置收集了2个木材和1个石头
2025-07-05 00:27:46.715 | INFO     | __main__:act:197 - Agent 9 行动 → 收集附近(6,58)位置的2个木材和1个石头，为制作狩猎工具做准备。
2025-07-05 00:27:51.489 | INFO     | __main__:_process_outcome:513 - Processing outcome for Agent 16:
2025-07-05 00:27:51.490 | INFO     | __main__:_process_outcome:514 -   Outcome type: dict_keys(['inventory', 'position', 'log'])
2025-07-05 00:27:51.491 | INFO     | __main__:_process_outcome:516 -   Inventory changes: {'wood': 1}
2025-07-05 00:27:51.491 | INFO     | __main__:_process_outcome:520 -   Position change: [42, 27]
2025-07-05 00:27:51.491 | INFO     | __main__:_process_outcome:522 -   Action log: 移动到(42,27)并收集了1块木头
2025-07-05 00:27:51.492 | INFO     | __main__:act:197 - Agent 16 行动 → 我要去(42,27)收集那块木头，然后尝试用木头和石头制作简单的工具。
2025-07-05 00:27:56.929 | INFO     | __main__:_process_outcome:513 - Processing outcome for Agent 5:
2025-07-05 00:27:56.930 | INFO     | __main__:_process_outcome:514 -   Outcome type: dict_keys(['inventory', 'attributes', 'position', 'log'])
2025-07-05 00:27:56.930 | INFO     | __main__:_process_outcome:516 -   Inventory changes: {'wood': 1, 'stone': 1}
2025-07-05 00:27:56.930 | INFO     | __main__:_process_outcome:518 -   Attribute changes: {}
2025-07-05 00:27:56.931 | INFO     | __main__:_process_outcome:520 -   Position change: [41, 48]
2025-07-05 00:27:56.931 | INFO     | __main__:_process_outcome:522 -   Action log: 移动到(41,48)并收集了1单位木头和1单位石头
2025-07-05 00:27:56.932 | INFO     | __main__:act:197 - Agent 5 行动 → 我要去(41,48)收集那里的1单位木头和1单位石头，为制作狩猎工具做准备。
2025-07-05 00:28:01.803 | INFO     | __main__:_process_outcome:513 - Processing outcome for Agent 8:
2025-07-05 00:28:01.804 | INFO     | __main__:_process_outcome:514 -   Outcome type: dict_keys(['inventory', 'attributes', 'position', 'log'])
2025-07-05 00:28:01.804 | INFO     | __main__:_process_outcome:516 -   Inventory changes: {'wood': 1}
2025-07-05 00:28:01.805 | INFO     | __main__:_process_outcome:518 -   Attribute changes: {}
2025-07-05 00:28:01.805 | INFO     | __main__:_process_outcome:520 -   Position change: [35, 35]
2025-07-05 00:28:01.805 | INFO     | __main__:_process_outcome:522 -   Action log: 收集了1个木材并前往(35,35)收集石头
2025-07-05 00:28:01.807 | INFO     | __main__:act:197 - Agent 8 行动 → 收集当前位置(35,33)的木材，然后前往(35,35)收集石头，为制作工具做准备。
