2025-07-05 00:32:28.676 | INFO     | __main__:decide_goal:136 - Agent 4 personal goal ➜ "探索并记录这个充满未知魔法的世界，同时避开那些不可名状的恐怖存在。"
2025-07-05 00:32:28.964 | INFO     | __main__:decide_goal:136 - Agent 0 personal goal ➜ 在确保生存的前提下，谨慎探索魔法奥秘以增强力量，同时避免引起克苏鲁怪物的注意。
2025-07-05 00:32:30.119 | INFO     | __main__:decide_goal:136 - Agent 2 personal goal ➜ 在魔法与克苏鲁并存的原始时代，我要通过锻炼体魄（力量10）成为部落最可靠的守卫者，同时谨慎控制好奇心（5）以避免招致不可名状的灾祸。
2025-07-05 00:32:30.247 | INFO     | __main__:decide_goal:136 - Agent 3 personal goal ➜ "在保持安全距离的前提下，探索那些古老魔法与克苏鲁存在的隐秘关联。" 

（基于4点力量值选择规避正面冲突，5点好奇心驱动对神秘事物的谨慎研究）
2025-07-05 00:32:30.505 | INFO     | __main__:decide_goal:136 - Agent 1 personal goal ➜ "在探索神秘魔法与克苏鲁禁忌知识的过程中保持理智，成为部落中最睿智的巫医。" 

（根据2点力量值避开体力生存路线，4点好奇心专注神秘学研究，同时兼顾原始时代对克苏鲁威胁的防御性需求）
2025-07-05 00:32:30.506 | INFO     | __main__:run_simulation:926 - ===== TURN 0 =====
2025-07-05 00:32:30.506 | INFO     | __main__:step:739 - 
=== TURN 0 START ===
2025-07-05 00:32:30.507 | INFO     | __main__:step:740 - Bible Rules: {}
2025-07-05 00:32:30.507 | INFO     | __main__:step:741 - Agent Status:
2025-07-05 00:32:30.507 | INFO     | __main__:step:743 -   Agent 0:
2025-07-05 00:32:30.507 | INFO     | __main__:step:744 -     Position: (17, 9)
2025-07-05 00:32:30.507 | INFO     | __main__:step:745 -     Attributes: {'strength': 8, 'curiosity': 5}
2025-07-05 00:32:30.508 | INFO     | __main__:step:746 -     Inventory: {'wood': 0, 'shell': 1}
2025-07-05 00:32:30.508 | INFO     | __main__:step:747 -     Age: 54
2025-07-05 00:32:30.508 | INFO     | __main__:step:748 -     Health: 100
2025-07-05 00:32:30.508 | INFO     | __main__:step:749 -     Hunger: 0.0
2025-07-05 00:32:30.508 | INFO     | __main__:step:750 -     Goal: 在确保生存的前提下，谨慎探索魔法奥秘以增强力量，同时避免引起克苏鲁怪物的注意。
2025-07-05 00:32:30.508 | INFO     | __main__:step:743 -   Agent 1:
2025-07-05 00:32:30.508 | INFO     | __main__:step:744 -     Position: (0, 10)
2025-07-05 00:32:30.509 | INFO     | __main__:step:745 -     Attributes: {'strength': 2, 'curiosity': 4}
2025-07-05 00:32:30.509 | INFO     | __main__:step:746 -     Inventory: {'wood': 2, 'shell': 0}
2025-07-05 00:32:30.509 | INFO     | __main__:step:747 -     Age: 23
2025-07-05 00:32:30.509 | INFO     | __main__:step:748 -     Health: 100
2025-07-05 00:32:30.509 | INFO     | __main__:step:749 -     Hunger: 0.0
2025-07-05 00:32:30.509 | INFO     | __main__:step:750 -     Goal: "在探索神秘魔法与克苏鲁禁忌知识的过程中保持理智，成为部落中最睿智的巫医。" 

（根据2点力量值避开体力生存路线，4点好奇心专注神秘学研究，同时兼顾原始时代对克苏鲁威胁的防御性需求）
2025-07-05 00:32:30.510 | INFO     | __main__:step:743 -   Agent 2:
2025-07-05 00:32:30.510 | INFO     | __main__:step:744 -     Position: (15, 16)
2025-07-05 00:32:30.510 | INFO     | __main__:step:745 -     Attributes: {'strength': 10, 'curiosity': 5}
2025-07-05 00:32:30.510 | INFO     | __main__:step:746 -     Inventory: {'wood': 1, 'shell': 1}
2025-07-05 00:32:30.510 | INFO     | __main__:step:747 -     Age: 59
2025-07-05 00:32:30.510 | INFO     | __main__:step:748 -     Health: 100
2025-07-05 00:32:30.510 | INFO     | __main__:step:749 -     Hunger: 0.0
2025-07-05 00:32:30.511 | INFO     | __main__:step:750 -     Goal: 在魔法与克苏鲁并存的原始时代，我要通过锻炼体魄（力量10）成为部落最可靠的守卫者，同时谨慎控制好奇心（5）以避免招致不可名状的灾祸。
2025-07-05 00:32:30.511 | INFO     | __main__:step:743 -   Agent 3:
2025-07-05 00:32:30.511 | INFO     | __main__:step:744 -     Position: (15, 4)
2025-07-05 00:32:30.512 | INFO     | __main__:step:745 -     Attributes: {'strength': 4, 'curiosity': 5}
2025-07-05 00:32:30.512 | INFO     | __main__:step:746 -     Inventory: {'wood': 0, 'shell': 0}
2025-07-05 00:32:30.512 | INFO     | __main__:step:747 -     Age: 61
2025-07-05 00:32:30.513 | INFO     | __main__:step:748 -     Health: 100
2025-07-05 00:32:30.513 | INFO     | __main__:step:749 -     Hunger: 0.0
2025-07-05 00:32:30.513 | INFO     | __main__:step:750 -     Goal: "在保持安全距离的前提下，探索那些古老魔法与克苏鲁存在的隐秘关联。" 

（基于4点力量值选择规避正面冲突，5点好奇心驱动对神秘事物的谨慎研究）
2025-07-05 00:32:30.513 | INFO     | __main__:step:743 -   Agent 4:
2025-07-05 00:32:30.513 | INFO     | __main__:step:744 -     Position: (12, 7)
2025-07-05 00:32:30.513 | INFO     | __main__:step:745 -     Attributes: {'strength': 6, 'curiosity': 9}
2025-07-05 00:32:30.513 | INFO     | __main__:step:746 -     Inventory: {'wood': 2, 'shell': 1}
2025-07-05 00:32:30.513 | INFO     | __main__:step:747 -     Age: 64
2025-07-05 00:32:30.513 | INFO     | __main__:step:748 -     Health: 100
2025-07-05 00:32:30.513 | INFO     | __main__:step:749 -     Hunger: 0.0
2025-07-05 00:32:30.513 | INFO     | __main__:step:750 -     Goal: "探索并记录这个充满未知魔法的世界，同时避开那些不可名状的恐怖存在。"
2025-07-05 00:32:34.486 | INFO     | __main__:resolve:412 - Agent 3 (age 61) attempting action: 我要前往(15,9)收集木材和苹果，为研究古老魔法做准备。
2025-07-05 00:32:34.517 | INFO     | __main__:resolve:412 - Agent 1 (age 23) attempting action: 前往(0,13)采集苹果，为后续研究魔法仪式准备祭品。
2025-07-05 00:32:34.522 | INFO     | __main__:resolve:412 - Agent 2 (age 59) attempting action: 我要前往(15,15)采集2个苹果来补充食物储备。
2025-07-05 00:32:34.779 | INFO     | __main__:resolve:412 - Agent 4 (age 64) attempting action: 我要前往(12,8)收集1个苹果和1个木头，同时留意周围是否有异常现象。
2025-07-05 00:32:35.241 | INFO     | __main__:resolve:412 - Agent 0 (age 54) attempting action: 我注意到附近有大量苹果资源，虽然现在不饿但可以收集一些备用。同时要小心避开其他智能体，特别是好奇心高的4号。
2025-07-05 00:32:39.205 | INFO     | __main__:_process_outcome:526 - Processing outcome for Agent 3:
2025-07-05 00:32:39.205 | INFO     | __main__:_process_outcome:527 -   Outcome type: dict_keys(['position', 'log'])
2025-07-05 00:32:39.206 | INFO     | __main__:_process_outcome:533 -   Position change: [15, 9]
2025-07-05 00:32:39.206 | INFO     | __main__:_process_outcome:535 -   Action log: 前往(15,9)收集木材和苹果，为研究古老魔法做准备
2025-07-05 00:32:39.208 | INFO     | __main__:act:197 - Agent 3 行动 → 我要前往(15,9)收集木材和苹果，为研究古老魔法做准备。
2025-07-05 00:32:46.579 | INFO     | __main__:_process_outcome:526 - Processing outcome for Agent 1:
2025-07-05 00:32:46.580 | INFO     | __main__:_process_outcome:527 -   Outcome type: dict_keys(['inventory', 'attributes', 'position', 'log'])
2025-07-05 00:32:46.580 | INFO     | __main__:_process_outcome:529 -   Inventory changes: {}
2025-07-05 00:32:46.581 | INFO     | __main__:_process_outcome:531 -   Attribute changes: {}
2025-07-05 00:32:46.581 | INFO     | __main__:_process_outcome:533 -   Position change: [0, 13]
2025-07-05 00:32:46.581 | INFO     | __main__:_process_outcome:535 -   Action log: 前往(0,13)采集苹果，为后续研究魔法仪式准备祭品
2025-07-05 00:32:46.582 | INFO     | __main__:act:197 - Agent 1 行动 → 前往(0,13)采集苹果，为后续研究魔法仪式准备祭品。
2025-07-05 00:32:51.213 | INFO     | __main__:_process_outcome:526 - Processing outcome for Agent 2:
2025-07-05 00:32:51.213 | INFO     | __main__:_process_outcome:527 -   Outcome type: dict_keys(['inventory', 'position', 'log'])
2025-07-05 00:32:51.214 | INFO     | __main__:_process_outcome:529 -   Inventory changes: {'apple': 2}
2025-07-05 00:32:51.214 | INFO     | __main__:_process_outcome:533 -   Position change: [15, 15]
2025-07-05 00:32:51.214 | INFO     | __main__:_process_outcome:535 -   Action log: 前往(15,15)采集了2个苹果
2025-07-05 00:32:51.216 | INFO     | __main__:act:197 - Agent 2 行动 → 我要前往(15,15)采集2个苹果来补充食物储备。
2025-07-05 00:32:57.184 | INFO     | __main__:_process_outcome:526 - Processing outcome for Agent 4:
2025-07-05 00:32:57.185 | INFO     | __main__:_process_outcome:527 -   Outcome type: dict_keys(['inventory', 'attributes', 'position', 'log'])
2025-07-05 00:32:57.186 | INFO     | __main__:_process_outcome:529 -   Inventory changes: {'apple': 1, 'wood': 1}
2025-07-05 00:32:57.186 | INFO     | __main__:_process_outcome:531 -   Attribute changes: {'curiosity': 1}
2025-07-05 00:32:57.186 | INFO     | __main__:_process_outcome:533 -   Position change: [12, 8]
2025-07-05 00:32:57.187 | INFO     | __main__:_process_outcome:535 -   Action log: 前往(12,8)收集了1个苹果和1个木头，并观察周围环境
2025-07-05 00:32:57.188 | INFO     | __main__:act:197 - Agent 4 行动 → 我要前往(12,8)收集1个苹果和1个木头，同时留意周围是否有异常现象。
2025-07-05 00:33:02.346 | INFO     | __main__:_process_outcome:526 - Processing outcome for Agent 0:
2025-07-05 00:33:02.347 | INFO     | __main__:_process_outcome:527 -   Outcome type: dict_keys(['inventory', 'attributes', 'position', 'log'])
2025-07-05 00:33:02.347 | INFO     | __main__:_process_outcome:529 -   Inventory changes: {'apple': 3}
2025-07-05 00:33:02.347 | INFO     | __main__:_process_outcome:531 -   Attribute changes: {'curiosity': 1}
2025-07-05 00:33:02.348 | INFO     | __main__:_process_outcome:533 -   Position change: [17, 9]
2025-07-05 00:33:02.348 | INFO     | __main__:_process_outcome:535 -   Action log: 收集了3个苹果备用，保持警惕避开其他智能体
2025-07-05 00:33:02.349 | INFO     | __main__:act:197 - Agent 0 行动 → 我注意到附近有大量苹果资源，虽然现在不饿但可以收集一些备用。同时要小心避开其他智能体，特别是好奇心高的4号。
2025-07-05 00:33:40.205 | INFO     | __main__:run_simulation:926 - ===== TURN 1 =====
2025-07-05 00:33:40.206 | INFO     | __main__:step:739 - 
=== TURN 1 START ===
2025-07-05 00:33:40.206 | INFO     | __main__:step:740 - Bible Rules: {}
2025-07-05 00:33:40.206 | INFO     | __main__:step:741 - Agent Status:
2025-07-05 00:33:40.206 | INFO     | __main__:step:743 -   Agent 0:
2025-07-05 00:33:40.206 | INFO     | __main__:step:744 -     Position: (17, 9)
2025-07-05 00:33:40.206 | INFO     | __main__:step:745 -     Attributes: {'strength': 8, 'curiosity': 6}
2025-07-05 00:33:40.206 | INFO     | __main__:step:746 -     Inventory: {'wood': 0, 'shell': 1, 'apple': 3}
2025-07-05 00:33:40.206 | INFO     | __main__:step:747 -     Age: 55
2025-07-05 00:33:40.206 | INFO     | __main__:step:748 -     Health: 100
2025-07-05 00:33:40.206 | INFO     | __main__:step:749 -     Hunger: 8.0
2025-07-05 00:33:40.206 | INFO     | __main__:step:750 -     Goal: 在确保生存的前提下，谨慎探索魔法奥秘以增强力量，同时避免引起克苏鲁怪物的注意。
2025-07-05 00:33:40.206 | INFO     | __main__:step:743 -   Agent 1:
2025-07-05 00:33:40.206 | INFO     | __main__:step:744 -     Position: (0, 13)
2025-07-05 00:33:40.206 | INFO     | __main__:step:745 -     Attributes: {'strength': 2, 'curiosity': 4}
2025-07-05 00:33:40.206 | INFO     | __main__:step:746 -     Inventory: {'wood': 2, 'shell': 0}
2025-07-05 00:33:40.206 | INFO     | __main__:step:747 -     Age: 24
2025-07-05 00:33:40.206 | INFO     | __main__:step:748 -     Health: 100
2025-07-05 00:33:40.206 | INFO     | __main__:step:749 -     Hunger: 8.0
2025-07-05 00:33:40.206 | INFO     | __main__:step:750 -     Goal: "在探索神秘魔法与克苏鲁禁忌知识的过程中保持理智，成为部落中最睿智的巫医。" 

（根据2点力量值避开体力生存路线，4点好奇心专注神秘学研究，同时兼顾原始时代对克苏鲁威胁的防御性需求）
2025-07-05 00:33:40.206 | INFO     | __main__:step:743 -   Agent 2:
2025-07-05 00:33:40.207 | INFO     | __main__:step:744 -     Position: (15, 15)
2025-07-05 00:33:40.207 | INFO     | __main__:step:745 -     Attributes: {'strength': 10, 'curiosity': 5}
2025-07-05 00:33:40.207 | INFO     | __main__:step:746 -     Inventory: {'wood': 1, 'shell': 1, 'apple': 2}
2025-07-05 00:33:40.207 | INFO     | __main__:step:747 -     Age: 60
2025-07-05 00:33:40.207 | INFO     | __main__:step:748 -     Health: 100
2025-07-05 00:33:40.207 | INFO     | __main__:step:749 -     Hunger: 8.0
2025-07-05 00:33:40.207 | INFO     | __main__:step:750 -     Goal: 在魔法与克苏鲁并存的原始时代，我要通过锻炼体魄（力量10）成为部落最可靠的守卫者，同时谨慎控制好奇心（5）以避免招致不可名状的灾祸。
2025-07-05 00:33:40.207 | INFO     | __main__:step:743 -   Agent 3:
2025-07-05 00:33:40.207 | INFO     | __main__:step:744 -     Position: (15, 9)
2025-07-05 00:33:40.207 | INFO     | __main__:step:745 -     Attributes: {'strength': 4, 'curiosity': 5}
2025-07-05 00:33:40.207 | INFO     | __main__:step:746 -     Inventory: {'wood': 0, 'shell': 0}
2025-07-05 00:33:40.207 | INFO     | __main__:step:747 -     Age: 62
2025-07-05 00:33:40.207 | INFO     | __main__:step:748 -     Health: 100
2025-07-05 00:33:40.207 | INFO     | __main__:step:749 -     Hunger: 8.0
2025-07-05 00:33:40.207 | INFO     | __main__:step:750 -     Goal: "在保持安全距离的前提下，探索那些古老魔法与克苏鲁存在的隐秘关联。" 

（基于4点力量值选择规避正面冲突，5点好奇心驱动对神秘事物的谨慎研究）
2025-07-05 00:33:40.207 | INFO     | __main__:step:743 -   Agent 4:
2025-07-05 00:33:40.207 | INFO     | __main__:step:744 -     Position: (12, 8)
2025-07-05 00:33:40.207 | INFO     | __main__:step:745 -     Attributes: {'strength': 6, 'curiosity': 10}
2025-07-05 00:33:40.207 | INFO     | __main__:step:746 -     Inventory: {'wood': 3, 'shell': 1, 'apple': 1}
2025-07-05 00:33:40.207 | INFO     | __main__:step:747 -     Age: 65
2025-07-05 00:33:40.207 | INFO     | __main__:step:748 -     Health: 100
2025-07-05 00:33:40.207 | INFO     | __main__:step:749 -     Hunger: 8.0
2025-07-05 00:33:40.207 | INFO     | __main__:step:750 -     Goal: "探索并记录这个充满未知魔法的世界，同时避开那些不可名状的恐怖存在。"
2025-07-05 00:33:44.149 | INFO     | __main__:resolve:412 - Agent 0 (age 55) attempting action: 我饿了，要摘取当前位置(17,9)的苹果吃。
2025-07-05 00:33:44.341 | INFO     | __main__:resolve:412 - Agent 3 (age 62) attempting action: 我饿了，要摘取当前位置(15,9)的苹果充饥。
2025-07-05 00:33:44.344 | INFO     | __main__:resolve:412 - Agent 4 (age 65) attempting action: 我饿了，要摘取当前位置(12,8)的苹果吃。
2025-07-05 00:33:45.627 | INFO     | __main__:resolve:412 - Agent 2 (age 60) attempting action: 先吃掉一个苹果充饥，然后收集附近的木材准备制作武器。
2025-07-05 00:33:46.383 | INFO     | __main__:resolve:412 - Agent 1 (age 24) attempting action: 摘取当前位置(0,13)的苹果充饥，同时观察周围是否有贝壳或其他可用于制作护身符的材料。
2025-07-05 00:33:48.576 | INFO     | __main__:_process_outcome:526 - Processing outcome for Agent 0:
2025-07-05 00:33:48.576 | INFO     | __main__:_process_outcome:527 -   Outcome type: dict_keys(['inventory', 'attributes', 'position', 'log'])
2025-07-05 00:33:48.577 | INFO     | __main__:_process_outcome:529 -   Inventory changes: {'apple': 1}
2025-07-05 00:33:48.577 | INFO     | __main__:_process_outcome:531 -   Attribute changes: {'hunger': -5}
2025-07-05 00:33:48.577 | INFO     | __main__:_process_outcome:533 -   Position change: [17, 9]
2025-07-05 00:33:48.578 | INFO     | __main__:_process_outcome:535 -   Action log: 摘取并吃了一个苹果
2025-07-05 00:33:48.580 | INFO     | __main__:act:197 - Agent 0 行动 → 我饿了，要摘取当前位置(17,9)的苹果吃。
2025-07-05 00:33:53.734 | INFO     | __main__:_process_outcome:526 - Processing outcome for Agent 3:
2025-07-05 00:33:53.735 | INFO     | __main__:_process_outcome:527 -   Outcome type: dict_keys(['inventory', 'attributes', 'position', 'log'])
2025-07-05 00:33:53.735 | INFO     | __main__:_process_outcome:529 -   Inventory changes: {'apple': 1}
2025-07-05 00:33:53.735 | INFO     | __main__:_process_outcome:531 -   Attribute changes: {'hunger': -5}
2025-07-05 00:33:53.736 | INFO     | __main__:_process_outcome:533 -   Position change: [15, 9]
2025-07-05 00:33:53.736 | INFO     | __main__:_process_outcome:535 -   Action log: 摘取了一个苹果充饥
2025-07-05 00:33:53.737 | INFO     | __main__:act:197 - Agent 3 行动 → 我饿了，要摘取当前位置(15,9)的苹果充饥。
2025-07-05 00:34:00.722 | INFO     | __main__:_process_outcome:526 - Processing outcome for Agent 4:
2025-07-05 00:34:00.723 | INFO     | __main__:_process_outcome:527 -   Outcome type: dict_keys(['inventory', 'attributes', 'log'])
2025-07-05 00:34:00.723 | INFO     | __main__:_process_outcome:529 -   Inventory changes: {'apple': 1}
2025-07-05 00:34:00.723 | INFO     | __main__:_process_outcome:531 -   Attribute changes: {'hunger': -10}
2025-07-05 00:34:00.724 | INFO     | __main__:_process_outcome:535 -   Action log: 吃了一个苹果
2025-07-05 00:34:00.725 | INFO     | __main__:act:197 - Agent 4 行动 → 我饿了，要摘取当前位置(12,8)的苹果吃。
2025-07-05 00:34:07.482 | INFO     | __main__:_process_outcome:526 - Processing outcome for Agent 2:
2025-07-05 00:34:07.483 | INFO     | __main__:_process_outcome:527 -   Outcome type: dict_keys(['inventory', 'attributes', 'position', 'log'])
2025-07-05 00:34:07.483 | INFO     | __main__:_process_outcome:529 -   Inventory changes: {'apple': -1, 'wood': 1}
2025-07-05 00:34:07.484 | INFO     | __main__:_process_outcome:531 -   Attribute changes: {'strength': 1, 'curiosity': 1}
2025-07-05 00:34:07.484 | INFO     | __main__:_process_outcome:533 -   Position change: [15, 15]
2025-07-05 00:34:07.484 | INFO     | __main__:_process_outcome:535 -   Action log: 吃了一个苹果充饥，并收集了附近的木材
2025-07-05 00:34:07.486 | INFO     | __main__:act:197 - Agent 2 行动 → 先吃掉一个苹果充饥，然后收集附近的木材准备制作武器。
2025-07-05 00:34:13.208 | INFO     | __main__:_process_outcome:526 - Processing outcome for Agent 1:
2025-07-05 00:34:13.208 | INFO     | __main__:_process_outcome:527 -   Outcome type: dict_keys(['inventory', 'attributes', 'position', 'log'])
2025-07-05 00:34:13.208 | INFO     | __main__:_process_outcome:529 -   Inventory changes: {'apple': 1}
2025-07-05 00:34:13.208 | INFO     | __main__:_process_outcome:531 -   Attribute changes: {'hunger': -5}
2025-07-05 00:34:13.208 | INFO     | __main__:_process_outcome:533 -   Position change: [0, 13]
2025-07-05 00:34:13.209 | INFO     | __main__:_process_outcome:535 -   Action log: 摘取了1个苹果充饥，并观察周围环境寻找贝壳或其他材料
2025-07-05 00:34:13.209 | INFO     | __main__:act:197 - Agent 1 行动 → 摘取当前位置(0,13)的苹果充饥，同时观察周围是否有贝壳或其他可用于制作护身符的材料。
2025-07-05 00:35:46.639 | SUCCESS  | __main__:adjudicate:296 - [Trinity] Updated resource rules: {'apple': {'Forest': 0.8, 'Plains': 0.2, 'Coast': 0.0, 'Mountain': 0.0, 'Swamp': 0.0}, 'wood': {'Forest': 0.7, 'Mountain': 0.2, 'Plains': 0.1, 'Coast': 0.0, 'Swamp': 0.0}, 'shell': {'Coast': 0.9, 'Swamp': 0.1, 'Forest': 0.0, 'Mountain': 0.0, 'Plains': 0.0}}
2025-07-05 00:35:46.639 | INFO     | __main__:run_simulation:926 - ===== TURN 2 =====
2025-07-05 00:35:46.639 | INFO     | __main__:step:739 - 
=== TURN 2 START ===
2025-07-05 00:35:46.639 | INFO     | __main__:step:740 - Bible Rules: {}
2025-07-05 00:35:46.639 | INFO     | __main__:step:741 - Agent Status:
2025-07-05 00:35:46.640 | INFO     | __main__:step:743 -   Agent 0:
2025-07-05 00:35:46.640 | INFO     | __main__:step:744 -     Position: (17, 9)
2025-07-05 00:35:46.640 | INFO     | __main__:step:745 -     Attributes: {'strength': 8, 'curiosity': 6, 'hunger': -5}
2025-07-05 00:35:46.640 | INFO     | __main__:step:746 -     Inventory: {'wood': 0, 'shell': 1, 'apple': 4}
2025-07-05 00:35:46.640 | INFO     | __main__:step:747 -     Age: 56
2025-07-05 00:35:46.640 | INFO     | __main__:step:748 -     Health: 100
2025-07-05 00:35:46.640 | INFO     | __main__:step:749 -     Hunger: 16.0
2025-07-05 00:35:46.640 | INFO     | __main__:step:750 -     Goal: 在确保生存的前提下，谨慎探索魔法奥秘以增强力量，同时避免引起克苏鲁怪物的注意。
2025-07-05 00:35:46.640 | INFO     | __main__:step:743 -   Agent 1:
2025-07-05 00:35:46.640 | INFO     | __main__:step:744 -     Position: (0, 13)
2025-07-05 00:35:46.640 | INFO     | __main__:step:745 -     Attributes: {'strength': 2, 'curiosity': 4, 'hunger': -5}
2025-07-05 00:35:46.640 | INFO     | __main__:step:746 -     Inventory: {'wood': 2, 'shell': 0, 'apple': 1}
2025-07-05 00:35:46.640 | INFO     | __main__:step:747 -     Age: 25
2025-07-05 00:35:46.640 | INFO     | __main__:step:748 -     Health: 100
2025-07-05 00:35:46.640 | INFO     | __main__:step:749 -     Hunger: 16.0
2025-07-05 00:35:46.640 | INFO     | __main__:step:750 -     Goal: "在探索神秘魔法与克苏鲁禁忌知识的过程中保持理智，成为部落中最睿智的巫医。" 

（根据2点力量值避开体力生存路线，4点好奇心专注神秘学研究，同时兼顾原始时代对克苏鲁威胁的防御性需求）
2025-07-05 00:35:46.640 | INFO     | __main__:step:743 -   Agent 2:
2025-07-05 00:35:46.640 | INFO     | __main__:step:744 -     Position: (15, 15)
2025-07-05 00:35:46.640 | INFO     | __main__:step:745 -     Attributes: {'strength': 11, 'curiosity': 6}
2025-07-05 00:35:46.640 | INFO     | __main__:step:746 -     Inventory: {'wood': 2, 'shell': 1, 'apple': 1}
2025-07-05 00:35:46.641 | INFO     | __main__:step:747 -     Age: 61
2025-07-05 00:35:46.641 | INFO     | __main__:step:748 -     Health: 100
2025-07-05 00:35:46.641 | INFO     | __main__:step:749 -     Hunger: 16.0
2025-07-05 00:35:46.641 | INFO     | __main__:step:750 -     Goal: 在魔法与克苏鲁并存的原始时代，我要通过锻炼体魄（力量10）成为部落最可靠的守卫者，同时谨慎控制好奇心（5）以避免招致不可名状的灾祸。
2025-07-05 00:35:46.641 | INFO     | __main__:step:743 -   Agent 3:
2025-07-05 00:35:46.641 | INFO     | __main__:step:744 -     Position: (15, 9)
2025-07-05 00:35:46.641 | INFO     | __main__:step:745 -     Attributes: {'strength': 4, 'curiosity': 5, 'hunger': -5}
2025-07-05 00:35:46.641 | INFO     | __main__:step:746 -     Inventory: {'wood': 0, 'shell': 0, 'apple': 1}
2025-07-05 00:35:46.641 | INFO     | __main__:step:747 -     Age: 63
2025-07-05 00:35:46.641 | INFO     | __main__:step:748 -     Health: 100
2025-07-05 00:35:46.641 | INFO     | __main__:step:749 -     Hunger: 16.0
2025-07-05 00:35:46.641 | INFO     | __main__:step:750 -     Goal: "在保持安全距离的前提下，探索那些古老魔法与克苏鲁存在的隐秘关联。" 

（基于4点力量值选择规避正面冲突，5点好奇心驱动对神秘事物的谨慎研究）
2025-07-05 00:35:46.641 | INFO     | __main__:step:743 -   Agent 4:
2025-07-05 00:35:46.641 | INFO     | __main__:step:744 -     Position: (12, 8)
2025-07-05 00:35:46.641 | INFO     | __main__:step:745 -     Attributes: {'strength': 6, 'curiosity': 10, 'hunger': -10}
2025-07-05 00:35:46.641 | INFO     | __main__:step:746 -     Inventory: {'wood': 3, 'shell': 1, 'apple': 2}
2025-07-05 00:35:46.641 | INFO     | __main__:step:747 -     Age: 66
2025-07-05 00:35:46.641 | INFO     | __main__:step:748 -     Health: 100
2025-07-05 00:35:46.641 | INFO     | __main__:step:749 -     Hunger: 16.0
2025-07-05 00:35:46.641 | INFO     | __main__:step:750 -     Goal: "探索并记录这个充满未知魔法的世界，同时避开那些不可名状的恐怖存在。"
2025-07-05 00:35:50.844 | INFO     | __main__:resolve:412 - Agent 2 (age 61) attempting action: 先吃掉随身携带的苹果充饥，然后前往(15,12)采集那里的苹果。
2025-07-05 00:35:51.003 | INFO     | __main__:resolve:412 - Agent 1 (age 25) attempting action: 采摘当前位置(0,13)的苹果来补充饥饿值。
2025-07-05 00:35:51.045 | INFO     | __main__:resolve:412 - Agent 3 (age 63) attempting action: 先吃掉现有的苹果充饥，然后前往(15,13)收集木材和苹果，同时避开其他智能体。
2025-07-05 00:35:51.212 | INFO     | __main__:resolve:412 - Agent 4 (age 66) attempting action: 我注意到饥饿值较高(16)，先吃掉一个苹果充饥。
2025-07-05 00:35:52.846 | INFO     | __main__:resolve:412 - Agent 0 (age 56) attempting action: "先摘取当前位置(17,9)的苹果补充体力，然后前往(17,10)收集更多苹果"
2025-07-05 00:35:56.302 | INFO     | __main__:_process_outcome:526 - Processing outcome for Agent 2:
2025-07-05 00:35:56.303 | INFO     | __main__:_process_outcome:527 -   Outcome type: dict_keys(['inventory', 'attributes', 'position', 'log'])
2025-07-05 00:35:56.303 | INFO     | __main__:_process_outcome:529 -   Inventory changes: {'apple': -1}
2025-07-05 00:35:56.303 | INFO     | __main__:_process_outcome:531 -   Attribute changes: {'hunger': -10}
2025-07-05 00:35:56.304 | INFO     | __main__:_process_outcome:533 -   Position change: [15, 12]
2025-07-05 00:35:56.304 | INFO     | __main__:_process_outcome:535 -   Action log: 吃了一个苹果充饥，然后前往(15,12)采集苹果
2025-07-05 00:35:56.305 | INFO     | __main__:act:197 - Agent 2 行动 → 先吃掉随身携带的苹果充饥，然后前往(15,12)采集那里的苹果。
2025-07-05 00:36:00.795 | INFO     | __main__:_process_outcome:526 - Processing outcome for Agent 1:
2025-07-05 00:36:00.795 | INFO     | __main__:_process_outcome:527 -   Outcome type: dict_keys(['inventory', 'attributes', 'position', 'log'])
2025-07-05 00:36:00.796 | INFO     | __main__:_process_outcome:529 -   Inventory changes: {'apple': 1}
2025-07-05 00:36:00.796 | INFO     | __main__:_process_outcome:531 -   Attribute changes: {'hunger': -3}
2025-07-05 00:36:00.796 | INFO     | __main__:_process_outcome:533 -   Position change: [0, 13]
2025-07-05 00:36:00.796 | INFO     | __main__:_process_outcome:535 -   Action log: 采摘了一个苹果并食用
2025-07-05 00:36:00.796 | INFO     | __main__:act:197 - Agent 1 行动 → 采摘当前位置(0,13)的苹果来补充饥饿值。
2025-07-05 00:36:06.883 | INFO     | __main__:_process_outcome:526 - Processing outcome for Agent 3:
2025-07-05 00:36:06.884 | INFO     | __main__:_process_outcome:527 -   Outcome type: dict_keys(['inventory', 'attributes', 'position', 'log'])
2025-07-05 00:36:06.884 | INFO     | __main__:_process_outcome:529 -   Inventory changes: {'apple': -1}
2025-07-05 00:36:06.884 | INFO     | __main__:_process_outcome:531 -   Attribute changes: {'hunger': -10}
2025-07-05 00:36:06.884 | INFO     | __main__:_process_outcome:533 -   Position change: [15, 13]
2025-07-05 00:36:06.885 | INFO     | __main__:_process_outcome:535 -   Action log: 吃了一个苹果充饥，然后前往(15,13)收集资源
2025-07-05 00:36:06.886 | INFO     | __main__:act:197 - Agent 3 行动 → 先吃掉现有的苹果充饥，然后前往(15,13)收集木材和苹果，同时避开其他智能体。
2025-07-05 00:36:11.113 | INFO     | __main__:_process_outcome:526 - Processing outcome for Agent 4:
2025-07-05 00:36:11.114 | INFO     | __main__:_process_outcome:527 -   Outcome type: dict_keys(['inventory', 'attributes', 'log'])
2025-07-05 00:36:11.114 | INFO     | __main__:_process_outcome:529 -   Inventory changes: {'apple': -1}
2025-07-05 00:36:11.115 | INFO     | __main__:_process_outcome:531 -   Attribute changes: {'hunger': -10}
2025-07-05 00:36:11.115 | INFO     | __main__:_process_outcome:535 -   Action log: 吃了一个苹果
2025-07-05 00:36:11.117 | INFO     | __main__:act:197 - Agent 4 行动 → 我注意到饥饿值较高(16)，先吃掉一个苹果充饥。
2025-07-05 00:36:16.498 | INFO     | __main__:_process_outcome:526 - Processing outcome for Agent 0:
2025-07-05 00:36:16.499 | INFO     | __main__:_process_outcome:527 -   Outcome type: dict_keys(['inventory', 'attributes', 'position', 'log'])
2025-07-05 00:36:16.499 | INFO     | __main__:_process_outcome:529 -   Inventory changes: {'apple': 2}
2025-07-05 00:36:16.499 | INFO     | __main__:_process_outcome:531 -   Attribute changes: {'hunger': -3}
2025-07-05 00:36:16.499 | INFO     | __main__:_process_outcome:533 -   Position change: [17, 10]
2025-07-05 00:36:16.499 | INFO     | __main__:_process_outcome:535 -   Action log: 摘取了2个苹果补充体力，然后前往(17,10)收集更多苹果
2025-07-05 00:36:16.500 | INFO     | __main__:act:197 - Agent 0 行动 → "先摘取当前位置(17,9)的苹果补充体力，然后前往(17,10)收集更多苹果"
2025-07-05 00:36:29.569 | INFO     | __main__:run_simulation:926 - ===== TURN 3 =====
2025-07-05 00:36:29.570 | INFO     | __main__:step:739 - 
=== TURN 3 START ===
2025-07-05 00:36:29.570 | INFO     | __main__:step:740 - Bible Rules: {}
2025-07-05 00:36:29.570 | INFO     | __main__:step:741 - Agent Status:
2025-07-05 00:36:29.570 | INFO     | __main__:step:743 -   Agent 0:
2025-07-05 00:36:29.570 | INFO     | __main__:step:744 -     Position: (17, 10)
2025-07-05 00:36:29.571 | INFO     | __main__:step:745 -     Attributes: {'strength': 8, 'curiosity': 6, 'hunger': -8}
2025-07-05 00:36:29.571 | INFO     | __main__:step:746 -     Inventory: {'wood': 0, 'shell': 1, 'apple': 6}
2025-07-05 00:36:29.571 | INFO     | __main__:step:747 -     Age: 57
2025-07-05 00:36:29.571 | INFO     | __main__:step:748 -     Health: 100
2025-07-05 00:36:29.571 | INFO     | __main__:step:749 -     Hunger: 24.0
2025-07-05 00:36:29.571 | INFO     | __main__:step:750 -     Goal: 在确保生存的前提下，谨慎探索魔法奥秘以增强力量，同时避免引起克苏鲁怪物的注意。
2025-07-05 00:36:29.571 | INFO     | __main__:step:743 -   Agent 1:
2025-07-05 00:36:29.572 | INFO     | __main__:step:744 -     Position: (0, 13)
2025-07-05 00:36:29.572 | INFO     | __main__:step:745 -     Attributes: {'strength': 2, 'curiosity': 4, 'hunger': -8}
2025-07-05 00:36:29.572 | INFO     | __main__:step:746 -     Inventory: {'wood': 2, 'shell': 0, 'apple': 2}
2025-07-05 00:36:29.572 | INFO     | __main__:step:747 -     Age: 26
2025-07-05 00:36:29.572 | INFO     | __main__:step:748 -     Health: 100
2025-07-05 00:36:29.572 | INFO     | __main__:step:749 -     Hunger: 24.0
2025-07-05 00:36:29.572 | INFO     | __main__:step:750 -     Goal: "在探索神秘魔法与克苏鲁禁忌知识的过程中保持理智，成为部落中最睿智的巫医。" 

（根据2点力量值避开体力生存路线，4点好奇心专注神秘学研究，同时兼顾原始时代对克苏鲁威胁的防御性需求）
2025-07-05 00:36:29.572 | INFO     | __main__:step:743 -   Agent 2:
2025-07-05 00:36:29.572 | INFO     | __main__:step:744 -     Position: (15, 12)
2025-07-05 00:36:29.572 | INFO     | __main__:step:745 -     Attributes: {'strength': 11, 'curiosity': 6, 'hunger': -10}
2025-07-05 00:36:29.572 | INFO     | __main__:step:746 -     Inventory: {'wood': 2, 'shell': 1, 'apple': 0}
2025-07-05 00:36:29.572 | INFO     | __main__:step:747 -     Age: 62
2025-07-05 00:36:29.572 | INFO     | __main__:step:748 -     Health: 100
2025-07-05 00:36:29.572 | INFO     | __main__:step:749 -     Hunger: 24.0
2025-07-05 00:36:29.572 | INFO     | __main__:step:750 -     Goal: 在魔法与克苏鲁并存的原始时代，我要通过锻炼体魄（力量10）成为部落最可靠的守卫者，同时谨慎控制好奇心（5）以避免招致不可名状的灾祸。
2025-07-05 00:36:29.572 | INFO     | __main__:step:743 -   Agent 3:
2025-07-05 00:36:29.572 | INFO     | __main__:step:744 -     Position: (15, 13)
2025-07-05 00:36:29.572 | INFO     | __main__:step:745 -     Attributes: {'strength': 4, 'curiosity': 5, 'hunger': -15}
2025-07-05 00:36:29.572 | INFO     | __main__:step:746 -     Inventory: {'wood': 0, 'shell': 0, 'apple': 0}
2025-07-05 00:36:29.572 | INFO     | __main__:step:747 -     Age: 64
2025-07-05 00:36:29.572 | INFO     | __main__:step:748 -     Health: 100
2025-07-05 00:36:29.573 | INFO     | __main__:step:749 -     Hunger: 24.0
2025-07-05 00:36:29.573 | INFO     | __main__:step:750 -     Goal: "在保持安全距离的前提下，探索那些古老魔法与克苏鲁存在的隐秘关联。" 

（基于4点力量值选择规避正面冲突，5点好奇心驱动对神秘事物的谨慎研究）
2025-07-05 00:36:29.573 | INFO     | __main__:step:743 -   Agent 4:
2025-07-05 00:36:29.573 | INFO     | __main__:step:744 -     Position: (12, 8)
2025-07-05 00:36:29.573 | INFO     | __main__:step:745 -     Attributes: {'strength': 6, 'curiosity': 10, 'hunger': -20}
2025-07-05 00:36:29.573 | INFO     | __main__:step:746 -     Inventory: {'wood': 3, 'shell': 1, 'apple': 1}
2025-07-05 00:36:29.573 | INFO     | __main__:step:747 -     Age: 67
2025-07-05 00:36:29.573 | INFO     | __main__:step:748 -     Health: 100
2025-07-05 00:36:29.573 | INFO     | __main__:step:749 -     Hunger: 24.0
2025-07-05 00:36:29.573 | INFO     | __main__:step:750 -     Goal: "探索并记录这个充满未知魔法的世界，同时避开那些不可名状的恐怖存在。"
2025-07-05 00:36:33.909 | INFO     | __main__:resolve:412 - Agent 0 (age 57) attempting action: 我饿了，要摘取当前位置(17,10)的苹果吃。
2025-07-05 00:36:33.946 | INFO     | __main__:resolve:412 - Agent 4 (age 67) attempting action: 我饿了，要摘取当前位置(12,8)的苹果吃。
2025-07-05 00:36:34.040 | INFO     | __main__:resolve:412 - Agent 3 (age 64) attempting action: 我饿了，要摘取当前位置(15,13)的苹果充饥。
2025-07-05 00:36:34.112 | INFO     | __main__:resolve:412 - Agent 2 (age 62) attempting action: 我饿了，要摘取当前位置(15,12)的苹果吃。
2025-07-05 00:36:34.313 | INFO     | __main__:resolve:412 - Agent 1 (age 26) attempting action: 我注意到饥饿值较高(-8)，先吃掉一个苹果补充体力，然后前往(0,15)采集另一个苹果。
2025-07-05 00:36:38.881 | INFO     | __main__:_process_outcome:526 - Processing outcome for Agent 0:
2025-07-05 00:36:38.882 | INFO     | __main__:_process_outcome:527 -   Outcome type: dict_keys(['inventory', 'attributes', 'position', 'log'])
2025-07-05 00:36:38.882 | INFO     | __main__:_process_outcome:529 -   Inventory changes: {'apple': -1}
2025-07-05 00:36:38.882 | INFO     | __main__:_process_outcome:531 -   Attribute changes: {'hunger': 5}
2025-07-05 00:36:38.883 | INFO     | __main__:_process_outcome:533 -   Position change: [17, 10]
2025-07-05 00:36:38.883 | INFO     | __main__:_process_outcome:535 -   Action log: 吃了一个苹果
2025-07-05 00:36:38.884 | INFO     | __main__:act:197 - Agent 0 行动 → 我饿了，要摘取当前位置(17,10)的苹果吃。
2025-07-05 00:36:45.098 | INFO     | __main__:_process_outcome:526 - Processing outcome for Agent 4:
2025-07-05 00:36:45.098 | INFO     | __main__:_process_outcome:527 -   Outcome type: dict_keys(['inventory', 'attributes', 'position', 'log'])
2025-07-05 00:36:45.098 | INFO     | __main__:_process_outcome:529 -   Inventory changes: {'apple': 1}
2025-07-05 00:36:45.098 | INFO     | __main__:_process_outcome:531 -   Attribute changes: {'hunger': -10}
2025-07-05 00:36:45.098 | INFO     | __main__:_process_outcome:533 -   Position change: [12, 8]
2025-07-05 00:36:45.098 | INFO     | __main__:_process_outcome:535 -   Action log: 摘取并吃了一个苹果
2025-07-05 00:36:45.099 | INFO     | __main__:act:197 - Agent 4 行动 → 我饿了，要摘取当前位置(12,8)的苹果吃。
2025-07-05 00:36:50.948 | INFO     | __main__:_process_outcome:526 - Processing outcome for Agent 3:
2025-07-05 00:36:50.949 | INFO     | __main__:_process_outcome:527 -   Outcome type: dict_keys(['inventory', 'attributes', 'position', 'log'])
2025-07-05 00:36:50.949 | INFO     | __main__:_process_outcome:529 -   Inventory changes: {'apple': 1}
2025-07-05 00:36:50.949 | INFO     | __main__:_process_outcome:531 -   Attribute changes: {'hunger': -5}
2025-07-05 00:36:50.949 | INFO     | __main__:_process_outcome:533 -   Position change: [15, 13]
2025-07-05 00:36:50.949 | INFO     | __main__:_process_outcome:535 -   Action log: 摘取了一个苹果充饥
2025-07-05 00:36:50.950 | INFO     | __main__:act:197 - Agent 3 行动 → 我饿了，要摘取当前位置(15,13)的苹果充饥。
2025-07-05 00:36:56.929 | INFO     | __main__:_process_outcome:526 - Processing outcome for Agent 2:
2025-07-05 00:36:56.930 | INFO     | __main__:_process_outcome:527 -   Outcome type: dict_keys(['inventory', 'attributes', 'position', 'log'])
2025-07-05 00:36:56.930 | INFO     | __main__:_process_outcome:529 -   Inventory changes: {'apple': 1}
2025-07-05 00:36:56.930 | INFO     | __main__:_process_outcome:531 -   Attribute changes: {'hunger': 5}
2025-07-05 00:36:56.930 | INFO     | __main__:_process_outcome:533 -   Position change: [15, 12]
2025-07-05 00:36:56.930 | INFO     | __main__:_process_outcome:535 -   Action log: 摘取并吃了一个苹果
2025-07-05 00:36:56.931 | INFO     | __main__:act:197 - Agent 2 行动 → 我饿了，要摘取当前位置(15,12)的苹果吃。
2025-07-05 00:37:03.294 | INFO     | __main__:_process_outcome:526 - Processing outcome for Agent 1:
2025-07-05 00:37:03.294 | INFO     | __main__:_process_outcome:527 -   Outcome type: dict_keys(['inventory', 'attributes', 'position', 'log'])
2025-07-05 00:37:03.294 | INFO     | __main__:_process_outcome:529 -   Inventory changes: {'apple': -1}
2025-07-05 00:37:03.294 | INFO     | __main__:_process_outcome:531 -   Attribute changes: {'hunger': 5}
2025-07-05 00:37:03.294 | INFO     | __main__:_process_outcome:533 -   Position change: [0, 15]
2025-07-05 00:37:03.294 | INFO     | __main__:_process_outcome:535 -   Action log: 吃了一个苹果补充体力，然后前往(0,15)采集另一个苹果
2025-07-05 00:37:03.295 | INFO     | __main__:act:197 - Agent 1 行动 → 我注意到饥饿值较高(-8)，先吃掉一个苹果补充体力，然后前往(0,15)采集另一个苹果。
2025-07-05 00:37:57.801 | INFO     | __main__:run_simulation:926 - ===== TURN 4 =====
2025-07-05 00:37:57.802 | INFO     | __main__:step:739 - 
=== TURN 4 START ===
2025-07-05 00:37:57.803 | INFO     | __main__:step:740 - Bible Rules: {}
2025-07-05 00:37:57.803 | INFO     | __main__:step:741 - Agent Status:
2025-07-05 00:37:57.803 | INFO     | __main__:step:743 -   Agent 0:
2025-07-05 00:37:57.804 | INFO     | __main__:step:744 -     Position: (17, 10)
2025-07-05 00:37:57.804 | INFO     | __main__:step:745 -     Attributes: {'strength': 8, 'curiosity': 6, 'hunger': -3}
2025-07-05 00:37:57.804 | INFO     | __main__:step:746 -     Inventory: {'wood': 0, 'shell': 1, 'apple': 5}
2025-07-05 00:37:57.804 | INFO     | __main__:step:747 -     Age: 58
2025-07-05 00:37:57.805 | INFO     | __main__:step:748 -     Health: 100
2025-07-05 00:37:57.805 | INFO     | __main__:step:749 -     Hunger: 32.0
2025-07-05 00:37:57.805 | INFO     | __main__:step:750 -     Goal: 在确保生存的前提下，谨慎探索魔法奥秘以增强力量，同时避免引起克苏鲁怪物的注意。
2025-07-05 00:37:57.805 | INFO     | __main__:step:743 -   Agent 1:
2025-07-05 00:37:57.805 | INFO     | __main__:step:744 -     Position: (0, 15)
2025-07-05 00:37:57.806 | INFO     | __main__:step:745 -     Attributes: {'strength': 2, 'curiosity': 4, 'hunger': -3}
2025-07-05 00:37:57.806 | INFO     | __main__:step:746 -     Inventory: {'wood': 2, 'shell': 0, 'apple': 1}
2025-07-05 00:37:57.806 | INFO     | __main__:step:747 -     Age: 27
2025-07-05 00:37:57.806 | INFO     | __main__:step:748 -     Health: 100
2025-07-05 00:37:57.806 | INFO     | __main__:step:749 -     Hunger: 32.0
2025-07-05 00:37:57.806 | INFO     | __main__:step:750 -     Goal: "在探索神秘魔法与克苏鲁禁忌知识的过程中保持理智，成为部落中最睿智的巫医。" 

（根据2点力量值避开体力生存路线，4点好奇心专注神秘学研究，同时兼顾原始时代对克苏鲁威胁的防御性需求）
2025-07-05 00:37:57.806 | INFO     | __main__:step:743 -   Agent 2:
2025-07-05 00:37:57.807 | INFO     | __main__:step:744 -     Position: (15, 12)
2025-07-05 00:37:57.807 | INFO     | __main__:step:745 -     Attributes: {'strength': 11, 'curiosity': 6, 'hunger': -5}
2025-07-05 00:37:57.808 | INFO     | __main__:step:746 -     Inventory: {'wood': 2, 'shell': 1, 'apple': 1}
2025-07-05 00:37:57.808 | INFO     | __main__:step:747 -     Age: 63
2025-07-05 00:37:57.808 | INFO     | __main__:step:748 -     Health: 100
2025-07-05 00:37:57.809 | INFO     | __main__:step:749 -     Hunger: 32.0
2025-07-05 00:37:57.809 | INFO     | __main__:step:750 -     Goal: 在魔法与克苏鲁并存的原始时代，我要通过锻炼体魄（力量10）成为部落最可靠的守卫者，同时谨慎控制好奇心（5）以避免招致不可名状的灾祸。
2025-07-05 00:37:57.809 | INFO     | __main__:step:743 -   Agent 3:
2025-07-05 00:37:57.809 | INFO     | __main__:step:744 -     Position: (15, 13)
2025-07-05 00:37:57.809 | INFO     | __main__:step:745 -     Attributes: {'strength': 4, 'curiosity': 5, 'hunger': -20}
2025-07-05 00:37:57.810 | INFO     | __main__:step:746 -     Inventory: {'wood': 0, 'shell': 0, 'apple': 1}
2025-07-05 00:37:57.810 | INFO     | __main__:step:747 -     Age: 65
2025-07-05 00:37:57.810 | INFO     | __main__:step:748 -     Health: 100
2025-07-05 00:37:57.810 | INFO     | __main__:step:749 -     Hunger: 32.0
2025-07-05 00:37:57.811 | INFO     | __main__:step:750 -     Goal: "在保持安全距离的前提下，探索那些古老魔法与克苏鲁存在的隐秘关联。" 

（基于4点力量值选择规避正面冲突，5点好奇心驱动对神秘事物的谨慎研究）
2025-07-05 00:37:57.811 | INFO     | __main__:step:743 -   Agent 4:
2025-07-05 00:37:57.811 | INFO     | __main__:step:744 -     Position: (12, 8)
2025-07-05 00:37:57.811 | INFO     | __main__:step:745 -     Attributes: {'strength': 6, 'curiosity': 10, 'hunger': -30}
2025-07-05 00:37:57.811 | INFO     | __main__:step:746 -     Inventory: {'wood': 3, 'shell': 1, 'apple': 2}
2025-07-05 00:37:57.811 | INFO     | __main__:step:747 -     Age: 68
2025-07-05 00:37:57.811 | INFO     | __main__:step:748 -     Health: 100
2025-07-05 00:37:57.811 | INFO     | __main__:step:749 -     Hunger: 32.0
2025-07-05 00:37:57.811 | INFO     | __main__:step:750 -     Goal: "探索并记录这个充满未知魔法的世界，同时避开那些不可名状的恐怖存在。"
2025-07-05 00:38:02.028 | INFO     | __main__:resolve:412 - Agent 0 (age 58) attempting action: 我注意到饥饿值较低(32)，先吃掉一个苹果补充体力。
2025-07-05 00:38:02.029 | INFO     | __main__:resolve:412 - Agent 2 (age 63) attempting action: 吃掉当前位置的苹果补充体力。
2025-07-05 00:38:02.429 | INFO     | __main__:resolve:412 - Agent 1 (age 27) attempting action: 先吃掉当前位置的苹果补充体力，然后收集附近的其他苹果储备食物。
2025-07-05 00:38:02.625 | INFO     | __main__:resolve:412 - Agent 3 (age 65) attempting action: "先吃掉现有的苹果补充体力，然后收集附近的木材为研究古老魔法做准备"
2025-07-05 00:38:03.000 | INFO     | __main__:resolve:412 - Agent 4 (age 68) attempting action: 我饿了，要摘当前位置(12,8)的苹果吃。
2025-07-05 00:38:06.702 | INFO     | __main__:_process_outcome:526 - Processing outcome for Agent 0:
2025-07-05 00:38:06.703 | INFO     | __main__:_process_outcome:527 -   Outcome type: dict_keys(['inventory', 'attributes', 'log'])
2025-07-05 00:38:06.703 | INFO     | __main__:_process_outcome:529 -   Inventory changes: {'apple': -1}
2025-07-05 00:38:06.704 | INFO     | __main__:_process_outcome:531 -   Attribute changes: {'hunger': 10}
2025-07-05 00:38:06.704 | INFO     | __main__:_process_outcome:535 -   Action log: 吃了一个苹果补充体力
2025-07-05 00:38:06.706 | INFO     | __main__:act:197 - Agent 0 行动 → 我注意到饥饿值较低(32)，先吃掉一个苹果补充体力。
2025-07-05 00:38:11.116 | INFO     | __main__:_process_outcome:526 - Processing outcome for Agent 2:
2025-07-05 00:38:11.116 | INFO     | __main__:_process_outcome:527 -   Outcome type: dict_keys(['inventory', 'attributes', 'log'])
2025-07-05 00:38:11.116 | INFO     | __main__:_process_outcome:529 -   Inventory changes: {'apple': -1}
2025-07-05 00:38:11.116 | INFO     | __main__:_process_outcome:531 -   Attribute changes: {'hunger': 5}
2025-07-05 00:38:11.116 | INFO     | __main__:_process_outcome:535 -   Action log: 吃掉了一个苹果补充体力
2025-07-05 00:38:11.117 | INFO     | __main__:act:197 - Agent 2 行动 → 吃掉当前位置的苹果补充体力。
2025-07-05 00:38:17.086 | INFO     | __main__:_process_outcome:526 - Processing outcome for Agent 1:
2025-07-05 00:38:17.086 | INFO     | __main__:_process_outcome:527 -   Outcome type: dict_keys(['inventory', 'attributes', 'position', 'log'])
2025-07-05 00:38:17.086 | INFO     | __main__:_process_outcome:529 -   Inventory changes: {'apple': 1}
2025-07-05 00:38:17.086 | INFO     | __main__:_process_outcome:531 -   Attribute changes: {'hunger': 3}
2025-07-05 00:38:17.086 | INFO     | __main__:_process_outcome:533 -   Position change: [0, 15]
2025-07-05 00:38:17.087 | INFO     | __main__:_process_outcome:535 -   Action log: 吃掉一个苹果补充体力，并收集附近的其他苹果储备食物
2025-07-05 00:38:17.087 | INFO     | __main__:act:197 - Agent 1 行动 → 先吃掉当前位置的苹果补充体力，然后收集附近的其他苹果储备食物。
