2025-07-05 08:13:05.232 | WARNING  | __main__:_generate_initial_rules:363 - [Trinity] Attempt 1: Invalid rules JSON, retrying...
2025-07-05 08:13:22.518 | WARNING  | __main__:_generate_initial_rules:363 - [Trinity] Attempt 2: Invalid rules JSON, retrying...
2025-07-05 08:13:36.846 | WARNING  | __main__:_generate_initial_rules:365 - [Trinity] Using default rules after 3 failures
2025-07-05 08:13:36.847 | INFO     | __main__:initialize:500 - 
========================================
2025-07-05 08:13:36.847 | INFO     | __main__:initialize:501 - INITIALIZING WORLD FOR ERA: 魔法原始时代,魔能水晶是魔法源头,可以用于制造法杖.水晶有多种属性,跟出产地有关
2025-07-05 08:13:36.848 | INFO     | __main__:initialize:502 - TERRAIN TYPES: OCEAN, FOREST, GRASSLAND, MOUNTAIN
2025-07-05 08:13:36.848 | INFO     | __main__:initialize:503 - RESOURCE RULES:
2025-07-05 08:13:36.848 | INFO     | __main__:initialize:505 -   WOOD:
2025-07-05 08:13:36.848 | INFO     | __main__:initialize:507 -     - FOREST: 50.0% chance
2025-07-05 08:13:36.848 | INFO     | __main__:initialize:507 -     - OCEAN: 0% chance
2025-07-05 08:13:36.848 | INFO     | __main__:initialize:505 -   APPLE:
2025-07-05 08:13:36.848 | INFO     | __main__:initialize:507 -     - FOREST: 30.0% chance
2025-07-05 08:13:36.848 | INFO     | __main__:initialize:507 -     - GRASSLAND: 20.0% chance
2025-07-05 08:13:36.848 | INFO     | __main__:initialize:505 -   FISH:
2025-07-05 08:13:36.848 | INFO     | __main__:initialize:507 -     - OCEAN: 40.0% chance
2025-07-05 08:13:36.848 | INFO     | __main__:initialize:505 -   STONE:
2025-07-05 08:13:36.848 | INFO     | __main__:initialize:507 -     - MOUNTAIN: 60.0% chance
2025-07-05 08:13:36.848 | INFO     | __main__:initialize:508 - ========================================

2025-07-05 08:13:36.849 | INFO     | __main__:initialize:526 - INITIAL RESOURCE DISTRIBUTION:
2025-07-05 08:13:36.849 | INFO     | __main__:initialize:528 -   APPLE: 188 units
2025-07-05 08:13:36.849 | INFO     | __main__:initialize:528 -   FISH: 34 units
2025-07-05 08:13:36.850 | INFO     | __main__:initialize:528 -   STONE: 41 units
2025-07-05 08:13:36.850 | INFO     | __main__:initialize:528 -   WOOD: 30 units
2025-07-05 08:13:36.850 | INFO     | __main__:initialize:529 - ========================================

2025-07-05 08:13:43.372 | INFO     | __main__:decide_goal:150 - Valentina Glimmer(7) personal goal ➜ 凭借出众的魅力结交各方势力，成为最受欢迎的魔法水晶贸易中间商。
2025-07-05 08:13:43.436 | INFO     | __main__:decide_goal:150 - Eldrin Whimsy(3) personal goal ➜ "我要探索世界各地最稀有的魔能水晶，解开它们隐藏的奥秘。" 

（基于高好奇心属性，选择以探索求知为主要发展方向）
2025-07-05 08:13:43.501 | INFO     | __main__:decide_goal:150 - Brutus Ironfist(2) personal goal ➜ 凭借强壮的体魄成为最优秀的魔能水晶矿工，为部落采集更多优质水晶。
2025-07-05 08:13:43.774 | INFO     | __main__:decide_goal:150 - Valentine Sterling(4) personal goal ➜ 凭借出众的魅力结交各方势力，建立稳定的水晶贸易网络，成为魔法大陆上最富有的水晶商人。
2025-07-05 08:13:43.955 | INFO     | __main__:decide_goal:150 - Brutok the Unyielding(9) personal goal ➜ 我要成为最强大的水晶猎人，用力量征服危险的矿脉，收集稀有的魔能水晶。
2025-07-05 08:13:44.074 | INFO     | __main__:decide_goal:150 - Eldrin Voss(1) personal goal ➜ 我要探索世界各地寻找最稀有的魔能水晶，解开它们蕴含的奥秘。
2025-07-05 08:13:44.221 | INFO     | __main__:decide_goal:150 - Valdric Stormbane(5) personal goal ➜ "我要成为探索未知水晶矿脉的传奇探险家，发现最稀有的魔法水晶并制作出改变世界的法杖。"
2025-07-05 08:13:44.342 | INFO     | __main__:decide_goal:150 - Valentine Goldcrest(8) personal goal ➜ 凭借出众的魅力成为部落水晶贸易的首席谈判官，垄断优质魔能水晶的流通渠道。
2025-07-05 08:13:44.631 | INFO     | __main__:decide_goal:150 - Quillrick(6) personal goal ➜ "我要走遍世界寻找最稀有的魔能水晶，解开所有水晶属性的奥秘。" 

(基于10点好奇心的特质，这个目标突出了探索与研究的倾向，而较低的魅力和力量属性则通过选择非社交非武力的发展方向来规避短板)
2025-07-05 08:13:45.896 | INFO     | __main__:decide_goal:150 - Lysander Vale(0) personal goal ➜ 凭借出众的魅力结交各方势力，收集最稀有的魔能水晶打造独一无二的法杖。
2025-07-05 08:13:45.896 | INFO     | __main__:run_simulation:1212 - ===== TURN 0 =====
2025-07-05 08:13:45.896 | INFO     | __main__:step:998 - 
=== TURN 0 START ===
2025-07-05 08:13:45.897 | INFO     | __main__:step:999 - Bible Rules: {}
2025-07-05 08:13:45.897 | INFO     | __main__:step:1000 - Agent Status:
2025-07-05 08:13:45.897 | INFO     | __main__:step:1002 -   Agent 0:
2025-07-05 08:13:45.897 | INFO     | __main__:step:1003 -     Position: (8, 0)
2025-07-05 08:13:45.897 | INFO     | __main__:step:1004 -     Attributes: {'strength': 3, 'curiosity': 2, 'charm': 6}
2025-07-05 08:13:45.897 | INFO     | __main__:step:1005 -     Inventory: {'wood': 0, 'shell': 1}
2025-07-05 08:13:45.897 | INFO     | __main__:step:1006 -     Age: 29
2025-07-05 08:13:45.897 | INFO     | __main__:step:1007 -     Health: 100
2025-07-05 08:13:45.897 | INFO     | __main__:step:1008 -     Hunger: 0.0
2025-07-05 08:13:45.897 | INFO     | __main__:step:1009 -     Goal: 凭借出众的魅力结交各方势力，收集最稀有的魔能水晶打造独一无二的法杖。
2025-07-05 08:13:45.897 | INFO     | __main__:step:1002 -   Agent 1:
2025-07-05 08:13:45.897 | INFO     | __main__:step:1003 -     Position: (8, 0)
2025-07-05 08:13:45.897 | INFO     | __main__:step:1004 -     Attributes: {'strength': 5, 'curiosity': 6, 'charm': 4}
2025-07-05 08:13:45.897 | INFO     | __main__:step:1005 -     Inventory: {'wood': 2, 'shell': 0}
2025-07-05 08:13:45.897 | INFO     | __main__:step:1006 -     Age: 31
2025-07-05 08:13:45.897 | INFO     | __main__:step:1007 -     Health: 100
2025-07-05 08:13:45.897 | INFO     | __main__:step:1008 -     Hunger: 0.0
2025-07-05 08:13:45.897 | INFO     | __main__:step:1009 -     Goal: 我要探索世界各地寻找最稀有的魔能水晶，解开它们蕴含的奥秘。
2025-07-05 08:13:45.897 | INFO     | __main__:step:1002 -   Agent 2:
2025-07-05 08:13:45.898 | INFO     | __main__:step:1003 -     Position: (16, 10)
2025-07-05 08:13:45.898 | INFO     | __main__:step:1004 -     Attributes: {'strength': 10, 'curiosity': 3, 'charm': 5}
2025-07-05 08:13:45.898 | INFO     | __main__:step:1005 -     Inventory: {'wood': 2, 'shell': 0}
2025-07-05 08:13:45.898 | INFO     | __main__:step:1006 -     Age: 37
2025-07-05 08:13:45.898 | INFO     | __main__:step:1007 -     Health: 100
2025-07-05 08:13:45.898 | INFO     | __main__:step:1008 -     Hunger: 0.0
2025-07-05 08:13:45.898 | INFO     | __main__:step:1009 -     Goal: 凭借强壮的体魄成为最优秀的魔能水晶矿工，为部落采集更多优质水晶。
2025-07-05 08:13:45.898 | INFO     | __main__:step:1002 -   Agent 3:
2025-07-05 08:13:45.898 | INFO     | __main__:step:1003 -     Position: (5, 8)
2025-07-05 08:13:45.898 | INFO     | __main__:step:1004 -     Attributes: {'strength': 3, 'curiosity': 5, 'charm': 3}
2025-07-05 08:13:45.898 | INFO     | __main__:step:1005 -     Inventory: {'wood': 1, 'shell': 1}
2025-07-05 08:13:45.898 | INFO     | __main__:step:1006 -     Age: 66
2025-07-05 08:13:45.898 | INFO     | __main__:step:1007 -     Health: 100
2025-07-05 08:13:45.899 | INFO     | __main__:step:1008 -     Hunger: 0.0
2025-07-05 08:13:45.899 | INFO     | __main__:step:1009 -     Goal: "我要探索世界各地最稀有的魔能水晶，解开它们隐藏的奥秘。" 

（基于高好奇心属性，选择以探索求知为主要发展方向）
2025-07-05 08:13:45.899 | INFO     | __main__:step:1002 -   Agent 4:
2025-07-05 08:13:45.899 | INFO     | __main__:step:1003 -     Position: (8, 9)
2025-07-05 08:13:45.899 | INFO     | __main__:step:1004 -     Attributes: {'strength': 7, 'curiosity': 4, 'charm': 8}
2025-07-05 08:13:45.899 | INFO     | __main__:step:1005 -     Inventory: {'wood': 0, 'shell': 0}
2025-07-05 08:13:45.899 | INFO     | __main__:step:1006 -     Age: 17
2025-07-05 08:13:45.899 | INFO     | __main__:step:1007 -     Health: 100
2025-07-05 08:13:45.899 | INFO     | __main__:step:1008 -     Hunger: 0.0
2025-07-05 08:13:45.899 | INFO     | __main__:step:1009 -     Goal: 凭借出众的魅力结交各方势力，建立稳定的水晶贸易网络，成为魔法大陆上最富有的水晶商人。
2025-07-05 08:13:45.899 | INFO     | __main__:step:1002 -   Agent 5:
2025-07-05 08:13:45.899 | INFO     | __main__:step:1003 -     Position: (1, 11)
2025-07-05 08:13:45.899 | INFO     | __main__:step:1004 -     Attributes: {'strength': 9, 'curiosity': 9, 'charm': 8}
2025-07-05 08:13:45.899 | INFO     | __main__:step:1005 -     Inventory: {'wood': 2, 'shell': 0}
2025-07-05 08:13:45.899 | INFO     | __main__:step:1006 -     Age: 51
2025-07-05 08:13:45.899 | INFO     | __main__:step:1007 -     Health: 100
2025-07-05 08:13:45.900 | INFO     | __main__:step:1008 -     Hunger: 0.0
2025-07-05 08:13:45.900 | INFO     | __main__:step:1009 -     Goal: "我要成为探索未知水晶矿脉的传奇探险家，发现最稀有的魔法水晶并制作出改变世界的法杖。"
2025-07-05 08:13:45.900 | INFO     | __main__:step:1002 -   Agent 6:
2025-07-05 08:13:45.900 | INFO     | __main__:step:1003 -     Position: (8, 29)
2025-07-05 08:13:45.900 | INFO     | __main__:step:1004 -     Attributes: {'strength': 3, 'curiosity': 10, 'charm': 1}
2025-07-05 08:13:45.900 | INFO     | __main__:step:1005 -     Inventory: {'wood': 0, 'shell': 1}
2025-07-05 08:13:45.900 | INFO     | __main__:step:1006 -     Age: 48
2025-07-05 08:13:45.900 | INFO     | __main__:step:1007 -     Health: 100
2025-07-05 08:13:45.900 | INFO     | __main__:step:1008 -     Hunger: 0.0
2025-07-05 08:13:45.900 | INFO     | __main__:step:1009 -     Goal: "我要走遍世界寻找最稀有的魔能水晶，解开所有水晶属性的奥秘。" 

(基于10点好奇心的特质，这个目标突出了探索与研究的倾向，而较低的魅力和力量属性则通过选择非社交非武力的发展方向来规避短板)
2025-07-05 08:13:45.900 | INFO     | __main__:step:1002 -   Agent 7:
2025-07-05 08:13:45.900 | INFO     | __main__:step:1003 -     Position: (25, 27)
2025-07-05 08:13:45.900 | INFO     | __main__:step:1004 -     Attributes: {'strength': 5, 'curiosity': 1, 'charm': 9}
2025-07-05 08:13:45.900 | INFO     | __main__:step:1005 -     Inventory: {'wood': 0, 'shell': 1}
2025-07-05 08:13:45.900 | INFO     | __main__:step:1006 -     Age: 50
2025-07-05 08:13:45.900 | INFO     | __main__:step:1007 -     Health: 100
2025-07-05 08:13:45.900 | INFO     | __main__:step:1008 -     Hunger: 0.0
2025-07-05 08:13:45.900 | INFO     | __main__:step:1009 -     Goal: 凭借出众的魅力结交各方势力，成为最受欢迎的魔法水晶贸易中间商。
2025-07-05 08:13:45.900 | INFO     | __main__:step:1002 -   Agent 8:
2025-07-05 08:13:45.900 | INFO     | __main__:step:1003 -     Position: (14, 29)
2025-07-05 08:13:45.900 | INFO     | __main__:step:1004 -     Attributes: {'strength': 7, 'curiosity': 1, 'charm': 10}
2025-07-05 08:13:45.900 | INFO     | __main__:step:1005 -     Inventory: {'wood': 2, 'shell': 0}
2025-07-05 08:13:45.900 | INFO     | __main__:step:1006 -     Age: 63
2025-07-05 08:13:45.900 | INFO     | __main__:step:1007 -     Health: 100
2025-07-05 08:13:45.901 | INFO     | __main__:step:1008 -     Hunger: 0.0
2025-07-05 08:13:45.901 | INFO     | __main__:step:1009 -     Goal: 凭借出众的魅力成为部落水晶贸易的首席谈判官，垄断优质魔能水晶的流通渠道。
2025-07-05 08:13:45.901 | INFO     | __main__:step:1002 -   Agent 9:
2025-07-05 08:13:45.901 | INFO     | __main__:step:1003 -     Position: (14, 6)
2025-07-05 08:13:45.901 | INFO     | __main__:step:1004 -     Attributes: {'strength': 10, 'curiosity': 8, 'charm': 1}
2025-07-05 08:13:45.901 | INFO     | __main__:step:1005 -     Inventory: {'wood': 1, 'shell': 1}
2025-07-05 08:13:45.901 | INFO     | __main__:step:1006 -     Age: 60
2025-07-05 08:13:45.901 | INFO     | __main__:step:1007 -     Health: 100
2025-07-05 08:13:45.901 | INFO     | __main__:step:1008 -     Hunger: 0.0
2025-07-05 08:13:45.901 | INFO     | __main__:step:1009 -     Goal: 我要成为最强大的水晶猎人，用力量征服危险的矿脉，收集稀有的魔能水晶。
2025-07-05 08:13:50.235 | INFO     | __main__:resolve:630 - Lysander Vale(0) (age 29) attempting action: 我想和Eldrin Voss交谈，了解他是否知道哪里有稀有的魔能水晶。
2025-07-05 08:13:50.485 | INFO     | __main__:resolve:630 - Valentine Sterling(4) (age 17) attempting action: 我想向3号Eldrin Whimsy询问关于魔法水晶的信息，发起聊天请求
2025-07-05 08:13:50.555 | INFO     | __main__:resolve:630 - Valentina Glimmer(7) (age 50) attempting action: 我想前往(25,22)摘取苹果，为后续与其他人的社交互动准备食物资源。
2025-07-05 08:13:50.660 | INFO     | __main__:resolve:630 - Brutok the Unyielding(9) (age 60) attempting action: "我想向Brutus Ironfist询问关于附近魔能水晶矿脉的信息，发起聊天请求"
2025-07-05 08:13:50.675 | INFO     | __main__:resolve:630 - Valdric Stormbane(5) (age 51) attempting action: 我想向3号Eldrin Whimsy询问关于附近水晶矿脉的信息，发起聊天请求。
2025-07-05 08:13:50.695 | INFO     | __main__:resolve:630 - Valentine Goldcrest(8) (age 63) attempting action: 我想前往(14,30)摘取那里的苹果，为后续与其他部落成员进行水晶贸易时作为礼物储备。
2025-07-05 08:13:50.764 | INFO     | __main__:resolve:630 - Quillrick(6) (age 48) attempting action: 我注意到附近有很多苹果资源，但我的饥饿值为0不需要进食。为了寻找稀有魔能水晶，我决定向东北方向(9,24)移动探索新区域。
2025-07-05 08:13:51.547 | INFO     | __main__:resolve:630 - Eldrin Voss(1) (age 31) attempting action: 我想向Lysander Vale询问关于附近魔能水晶的信息，发起聊天请求
2025-07-05 08:13:52.275 | INFO     | __main__:resolve:630 - Eldrin Whimsy(3) (age 66) attempting action: 我想向5号Valdric Stormbane询问关于稀有魔能水晶的信息，发起聊天请求
2025-07-05 08:13:52.438 | INFO     | __main__:resolve:630 - Brutus Ironfist(2) (age 37) attempting action: 我要前往附近的森林(坐标12,10)收集更多木材，为制作采矿工具做准备。
2025-07-05 08:13:55.256 | INFO     | __main__:_process_outcome:744 - Processing outcome for Lysander Vale(0):
2025-07-05 08:13:55.257 | INFO     | __main__:_process_outcome:745 -   Outcome type: dict_keys(['chat_request', 'log'])
2025-07-05 08:13:55.258 | INFO     | __main__:_process_outcome:753 -   Action log: 询问Eldrin Voss关于稀有的魔能水晶的信息
2025-07-05 08:13:55.260 | INFO     | __main__:act:286 - Lysander Vale(0) 行动 → 我想和Eldrin Voss交谈，了解他是否知道哪里有稀有的魔能水晶。
2025-07-05 08:14:00.204 | INFO     | __main__:_process_outcome:744 - Processing outcome for Valentine Sterling(4):
2025-07-05 08:14:00.204 | INFO     | __main__:_process_outcome:745 -   Outcome type: dict_keys(['chat_request', 'log'])
2025-07-05 08:14:00.204 | INFO     | __main__:_process_outcome:753 -   Action log: 向3号Eldrin Whimsy询问关于魔法水晶的信息
2025-07-05 08:14:00.205 | INFO     | __main__:act:286 - Valentine Sterling(4) 行动 → 我想向3号Eldrin Whimsy询问关于魔法水晶的信息，发起聊天请求
2025-07-05 08:14:04.698 | INFO     | __main__:_process_outcome:744 - Processing outcome for Valentina Glimmer(7):
2025-07-05 08:14:04.699 | INFO     | __main__:_process_outcome:745 -   Outcome type: dict_keys(['inventory', 'attributes', 'position', 'log'])
2025-07-05 08:14:04.699 | INFO     | __main__:_process_outcome:747 -   Inventory changes: {}
2025-07-05 08:14:04.699 | INFO     | __main__:_process_outcome:749 -   Attribute changes: {}
2025-07-05 08:14:04.699 | INFO     | __main__:_process_outcome:751 -   Position change: [25, 22]
2025-07-05 08:14:04.699 | INFO     | __main__:_process_outcome:753 -   Action log: 前往(25,22)准备摘取苹果
2025-07-05 08:14:04.700 | INFO     | __main__:act:286 - Valentina Glimmer(7) 行动 → 我想前往(25,22)摘取苹果，为后续与其他人的社交互动准备食物资源。
2025-07-05 08:14:09.996 | INFO     | __main__:_process_outcome:744 - Processing outcome for Brutok the Unyielding(9):
2025-07-05 08:14:09.996 | INFO     | __main__:_process_outcome:745 -   Outcome type: dict_keys(['chat_request', 'log', 'position'])
2025-07-05 08:14:09.996 | INFO     | __main__:_process_outcome:751 -   Position change: [14, 6]
2025-07-05 08:14:09.996 | INFO     | __main__:_process_outcome:753 -   Action log: 向Brutus Ironfist询问关于附近魔能水晶矿脉的信息
2025-07-05 08:14:09.997 | INFO     | __main__:act:286 - Brutok the Unyielding(9) 行动 → "我想向Brutus Ironfist询问关于附近魔能水晶矿脉的信息，发起聊天请求"
2025-07-05 08:14:16.094 | INFO     | __main__:_process_outcome:744 - Processing outcome for Valdric Stormbane(5):
2025-07-05 08:14:16.095 | INFO     | __main__:_process_outcome:745 -   Outcome type: dict_keys(['chat_request', 'log'])
2025-07-05 08:14:16.095 | INFO     | __main__:_process_outcome:753 -   Action log: 向3号Eldrin Whimsy询问关于附近水晶矿脉的信息
2025-07-05 08:14:16.095 | INFO     | __main__:act:286 - Valdric Stormbane(5) 行动 → 我想向3号Eldrin Whimsy询问关于附近水晶矿脉的信息，发起聊天请求。
2025-07-05 08:14:20.799 | INFO     | __main__:_process_outcome:744 - Processing outcome for Valentine Goldcrest(8):
2025-07-05 08:14:20.799 | INFO     | __main__:_process_outcome:745 -   Outcome type: dict_keys(['inventory', 'attributes', 'position', 'log'])
2025-07-05 08:14:20.800 | INFO     | __main__:_process_outcome:747 -   Inventory changes: {}
2025-07-05 08:14:20.800 | INFO     | __main__:_process_outcome:749 -   Attribute changes: {}
2025-07-05 08:14:20.800 | INFO     | __main__:_process_outcome:751 -   Position change: [14, 30]
2025-07-05 08:14:20.800 | INFO     | __main__:_process_outcome:753 -   Action log: 前往(14,30)准备摘取苹果
2025-07-05 08:14:20.801 | INFO     | __main__:act:286 - Valentine Goldcrest(8) 行动 → 我想前往(14,30)摘取那里的苹果，为后续与其他部落成员进行水晶贸易时作为礼物储备。
2025-07-05 08:14:26.125 | INFO     | __main__:_process_outcome:744 - Processing outcome for Quillrick(6):
2025-07-05 08:14:26.127 | INFO     | __main__:_process_outcome:745 -   Outcome type: dict_keys(['inventory', 'attributes', 'position', 'log'])
2025-07-05 08:14:26.128 | INFO     | __main__:_process_outcome:747 -   Inventory changes: {}
2025-07-05 08:14:26.128 | INFO     | __main__:_process_outcome:749 -   Attribute changes: {}
2025-07-05 08:14:26.129 | INFO     | __main__:_process_outcome:751 -   Position change: [9, 24]
2025-07-05 08:14:26.129 | INFO     | __main__:_process_outcome:753 -   Action log: 向东北方向(9,24)移动探索新区域
2025-07-05 08:14:26.130 | INFO     | __main__:act:286 - Quillrick(6) 行动 → 我注意到附近有很多苹果资源，但我的饥饿值为0不需要进食。为了寻找稀有魔能水晶，我决定向东北方向(9,24)移动探索新区域。
2025-07-05 08:14:33.196 | INFO     | __main__:_process_outcome:744 - Processing outcome for Eldrin Voss(1):
2025-07-05 08:14:33.196 | INFO     | __main__:_process_outcome:745 -   Outcome type: dict_keys(['chat_request', 'log'])
2025-07-05 08:14:33.196 | INFO     | __main__:_process_outcome:753 -   Action log: 向Lysander Vale询问关于附近魔能水晶的信息
2025-07-05 08:14:33.197 | INFO     | __main__:act:286 - Eldrin Voss(1) 行动 → 我想向Lysander Vale询问关于附近魔能水晶的信息，发起聊天请求
