2025-07-05 01:13:35.995 | WARNING  | __main__:_generate_initial_rules:291 - [Trinity] Attempt 1: Invalid rules JSON, retrying...
2025-07-05 01:14:07.401 | WARNING  | __main__:_generate_initial_rules:291 - [Trinity] Attempt 2: Invalid rules JSON, retrying...
2025-07-05 01:14:29.798 | WARNING  | __main__:_generate_initial_rules:293 - [Trinity] Using default rules after 3 failures
2025-07-05 01:14:29.799 | INFO     | __main__:initialize:428 - 
========================================
2025-07-05 01:14:29.799 | INFO     | __main__:initialize:429 - INITIALIZING WORLD FOR ERA: 魔法原始时代,存在克苏鲁怪物等
2025-07-05 01:14:29.799 | INFO     | __main__:initialize:430 - TERRAIN TYPES: OCEAN, FOREST, GRASSLAND, MOUNTAIN
2025-07-05 01:14:29.799 | INFO     | __main__:initialize:431 - RESOURCE RULES:
2025-07-05 01:14:29.799 | INFO     | __main__:initialize:433 -   WOOD:
2025-07-05 01:14:29.799 | INFO     | __main__:initialize:435 -     - FOREST: 50.0% chance
2025-07-05 01:14:29.799 | INFO     | __main__:initialize:435 -     - OCEAN: 0% chance
2025-07-05 01:14:29.799 | INFO     | __main__:initialize:433 -   APPLE:
2025-07-05 01:14:29.799 | INFO     | __main__:initialize:435 -     - FOREST: 30.0% chance
2025-07-05 01:14:29.799 | INFO     | __main__:initialize:435 -     - GRASSLAND: 20.0% chance
2025-07-05 01:14:29.800 | INFO     | __main__:initialize:433 -   FISH:
2025-07-05 01:14:29.800 | INFO     | __main__:initialize:435 -     - OCEAN: 40.0% chance
2025-07-05 01:14:29.800 | INFO     | __main__:initialize:433 -   STONE:
2025-07-05 01:14:29.800 | INFO     | __main__:initialize:435 -     - MOUNTAIN: 60.0% chance
2025-07-05 01:14:29.800 | INFO     | __main__:initialize:436 - ========================================

2025-07-05 01:14:29.800 | INFO     | __main__:initialize:454 - INITIAL RESOURCE DISTRIBUTION:
2025-07-05 01:14:29.801 | INFO     | __main__:initialize:456 -   APPLE: 181 units
2025-07-05 01:14:29.801 | INFO     | __main__:initialize:456 -   FISH: 24 units
2025-07-05 01:14:29.801 | INFO     | __main__:initialize:456 -   STONE: 34 units
2025-07-05 01:14:29.801 | INFO     | __main__:initialize:456 -   WOOD: 30 units
2025-07-05 01:14:29.801 | INFO     | __main__:initialize:457 - ========================================

2025-07-05 01:14:34.215 | INFO     | __main__:decide_goal:136 - Agent 0 personal goal ➜ "在保持安全距离的前提下，用智慧记录并研究那些不可名状的古老存在。"
2025-07-05 01:14:34.690 | INFO     | __main__:decide_goal:136 - Agent 1 personal goal ➜ 在确保自身安全的前提下，探索克苏鲁怪物的弱点并寻找对抗它们的方法。
2025-07-05 01:14:35.033 | INFO     | __main__:decide_goal:136 - Agent 4 personal goal ➜ 在保持安全距离的前提下，偷偷研究克苏鲁怪物的弱点，争取用智慧弥补力量的不足。
2025-07-05 01:14:35.077 | INFO     | __main__:decide_goal:136 - Agent 3 personal goal ➜ "在保持安全距离的前提下，用我的好奇心探索这个神秘世界的运行规律，并记录下所有发现的克苏鲁现象。"
2025-07-05 01:14:35.172 | INFO     | __main__:decide_goal:136 - Agent 2 personal goal ➜ 在充满克苏鲁威胁的魔法原始时代，我要通过锻炼体魄成为部落最强的守护者。
2025-07-05 01:14:35.172 | INFO     | __main__:run_simulation:1107 - ===== TURN 0 =====
2025-07-05 01:14:35.172 | INFO     | __main__:step:900 - 
=== TURN 0 START ===
2025-07-05 01:14:35.172 | INFO     | __main__:step:901 - Bible Rules: {}
2025-07-05 01:14:35.172 | INFO     | __main__:step:902 - Agent Status:
2025-07-05 01:14:35.172 | INFO     | __main__:step:904 -   Agent 0:
2025-07-05 01:14:35.172 | INFO     | __main__:step:905 -     Position: (1, 14)
2025-07-05 01:14:35.172 | INFO     | __main__:step:906 -     Attributes: {'strength': 2, 'curiosity': 5}
2025-07-05 01:14:35.172 | INFO     | __main__:step:907 -     Inventory: {'wood': 0, 'shell': 1}
2025-07-05 01:14:35.172 | INFO     | __main__:step:908 -     Age: 17
2025-07-05 01:14:35.172 | INFO     | __main__:step:909 -     Health: 100
2025-07-05 01:14:35.172 | INFO     | __main__:step:910 -     Hunger: 0.0
2025-07-05 01:14:35.173 | INFO     | __main__:step:911 -     Goal: "在保持安全距离的前提下，用智慧记录并研究那些不可名状的古老存在。"
2025-07-05 01:14:35.173 | INFO     | __main__:step:904 -   Agent 1:
2025-07-05 01:14:35.173 | INFO     | __main__:step:905 -     Position: (3, 12)
2025-07-05 01:14:35.173 | INFO     | __main__:step:906 -     Attributes: {'strength': 8, 'curiosity': 6}
2025-07-05 01:14:35.173 | INFO     | __main__:step:907 -     Inventory: {'wood': 0, 'shell': 1}
2025-07-05 01:14:35.173 | INFO     | __main__:step:908 -     Age: 34
2025-07-05 01:14:35.173 | INFO     | __main__:step:909 -     Health: 100
2025-07-05 01:14:35.173 | INFO     | __main__:step:910 -     Hunger: 0.0
2025-07-05 01:14:35.173 | INFO     | __main__:step:911 -     Goal: 在确保自身安全的前提下，探索克苏鲁怪物的弱点并寻找对抗它们的方法。
2025-07-05 01:14:35.173 | INFO     | __main__:step:904 -   Agent 2:
2025-07-05 01:14:35.173 | INFO     | __main__:step:905 -     Position: (6, 13)
2025-07-05 01:14:35.173 | INFO     | __main__:step:906 -     Attributes: {'strength': 4, 'curiosity': 2}
2025-07-05 01:14:35.173 | INFO     | __main__:step:907 -     Inventory: {'wood': 0, 'shell': 1}
2025-07-05 01:14:35.173 | INFO     | __main__:step:908 -     Age: 46
2025-07-05 01:14:35.173 | INFO     | __main__:step:909 -     Health: 100
2025-07-05 01:14:35.173 | INFO     | __main__:step:910 -     Hunger: 0.0
2025-07-05 01:14:35.173 | INFO     | __main__:step:911 -     Goal: 在充满克苏鲁威胁的魔法原始时代，我要通过锻炼体魄成为部落最强的守护者。
2025-07-05 01:14:35.173 | INFO     | __main__:step:904 -   Agent 3:
2025-07-05 01:14:35.173 | INFO     | __main__:step:905 -     Position: (25, 3)
2025-07-05 01:14:35.173 | INFO     | __main__:step:906 -     Attributes: {'strength': 5, 'curiosity': 7}
2025-07-05 01:14:35.173 | INFO     | __main__:step:907 -     Inventory: {'wood': 2, 'shell': 0}
2025-07-05 01:14:35.173 | INFO     | __main__:step:908 -     Age: 67
2025-07-05 01:14:35.173 | INFO     | __main__:step:909 -     Health: 100
2025-07-05 01:14:35.173 | INFO     | __main__:step:910 -     Hunger: 0.0
2025-07-05 01:14:35.174 | INFO     | __main__:step:911 -     Goal: "在保持安全距离的前提下，用我的好奇心探索这个神秘世界的运行规律，并记录下所有发现的克苏鲁现象。"
2025-07-05 01:14:35.174 | INFO     | __main__:step:904 -   Agent 4:
2025-07-05 01:14:35.174 | INFO     | __main__:step:905 -     Position: (3, 18)
2025-07-05 01:14:35.174 | INFO     | __main__:step:906 -     Attributes: {'strength': 5, 'curiosity': 4}
2025-07-05 01:14:35.174 | INFO     | __main__:step:907 -     Inventory: {'wood': 0, 'shell': 0}
2025-07-05 01:14:35.174 | INFO     | __main__:step:908 -     Age: 39
2025-07-05 01:14:35.174 | INFO     | __main__:step:909 -     Health: 100
2025-07-05 01:14:35.174 | INFO     | __main__:step:910 -     Hunger: 0.0
2025-07-05 01:14:35.174 | INFO     | __main__:step:911 -     Goal: 在保持安全距离的前提下，偷偷研究克苏鲁怪物的弱点，争取用智慧弥补力量的不足。
2025-07-05 01:14:39.328 | INFO     | __main__:resolve:554 - Agent 0 (age 17) attempting action: "我想向1号询问关于附近古老存在的传闻，发起聊天请求"
2025-07-05 01:14:39.416 | INFO     | __main__:resolve:554 - Agent 2 (age 46) attempting action: 前往(8,13)收集木材，为制作武器做准备。
2025-07-05 01:14:39.516 | INFO     | __main__:resolve:554 - Agent 4 (age 39) attempting action: 我想向0号询问关于克苏鲁怪物的信息，发起聊天请求
2025-07-05 01:14:40.854 | INFO     | __main__:resolve:554 - Agent 3 (age 67) attempting action: 我注意到附近有很多苹果树，但我的饥饿值为0不需要进食。为了记录这个世界的规律，我决定'收集当前位置(25,3)的1个苹果作为样本研究'。
2025-07-05 01:14:41.384 | INFO     | __main__:resolve:554 - Agent 1 (age 34) attempting action: 我想前往(8,10)收集木材和苹果，为后续研究克苏鲁怪物做准备。
2025-07-05 01:14:45.147 | INFO     | __main__:_process_outcome:668 - Processing outcome for Agent 0:
2025-07-05 01:14:45.148 | INFO     | __main__:_process_outcome:669 -   Outcome type: dict_keys(['chat_request', 'log'])
2025-07-05 01:14:45.148 | INFO     | __main__:_process_outcome:677 -   Action log: 向1号询问关于附近古老存在的传闻
2025-07-05 01:14:45.148 | INFO     | __main__:act:214 - Agent 0 行动 → "我想向1号询问关于附近古老存在的传闻，发起聊天请求"
2025-07-05 01:14:52.033 | INFO     | __main__:_process_outcome:668 - Processing outcome for Agent 2:
2025-07-05 01:14:52.033 | INFO     | __main__:_process_outcome:669 -   Outcome type: dict_keys(['inventory', 'attributes', 'position', 'log'])
2025-07-05 01:14:52.034 | INFO     | __main__:_process_outcome:671 -   Inventory changes: {'wood': 1}
2025-07-05 01:14:52.034 | INFO     | __main__:_process_outcome:673 -   Attribute changes: {}
2025-07-05 01:14:52.034 | INFO     | __main__:_process_outcome:675 -   Position change: [8, 13]
2025-07-05 01:14:52.035 | INFO     | __main__:_process_outcome:677 -   Action log: 前往(8,13)并收集了1个木材
2025-07-05 01:14:52.036 | INFO     | __main__:act:214 - Agent 2 行动 → 前往(8,13)收集木材，为制作武器做准备。
2025-07-05 01:14:58.042 | INFO     | __main__:_process_outcome:668 - Processing outcome for Agent 4:
2025-07-05 01:14:58.042 | INFO     | __main__:_process_outcome:669 -   Outcome type: dict_keys(['chat_request', 'log'])
2025-07-05 01:14:58.042 | INFO     | __main__:_process_outcome:677 -   Action log: 向0号询问关于克苏鲁怪物的信息
2025-07-05 01:14:58.043 | INFO     | __main__:act:214 - Agent 4 行动 → 我想向0号询问关于克苏鲁怪物的信息，发起聊天请求
2025-07-05 01:15:03.886 | INFO     | __main__:_process_outcome:668 - Processing outcome for Agent 3:
2025-07-05 01:15:03.887 | INFO     | __main__:_process_outcome:669 -   Outcome type: dict_keys(['inventory', 'attributes', 'position', 'log'])
2025-07-05 01:15:03.887 | INFO     | __main__:_process_outcome:671 -   Inventory changes: {'apple': 1}
2025-07-05 01:15:03.887 | INFO     | __main__:_process_outcome:673 -   Attribute changes: {'curiosity': 1}
2025-07-05 01:15:03.887 | INFO     | __main__:_process_outcome:675 -   Position change: [25, 3]
2025-07-05 01:15:03.887 | INFO     | __main__:_process_outcome:677 -   Action log: 收集了1个苹果作为样本研究
2025-07-05 01:15:03.888 | INFO     | __main__:act:214 - Agent 3 行动 → 我注意到附近有很多苹果树，但我的饥饿值为0不需要进食。为了记录这个世界的规律，我决定'收集当前位置(25,3)的1个苹果作为样本研究'。
2025-07-05 01:15:08.935 | INFO     | __main__:_process_outcome:668 - Processing outcome for Agent 1:
2025-07-05 01:15:08.935 | INFO     | __main__:_process_outcome:669 -   Outcome type: dict_keys(['position', 'log'])
2025-07-05 01:15:08.936 | INFO     | __main__:_process_outcome:675 -   Position change: [8, 10]
2025-07-05 01:15:08.936 | INFO     | __main__:_process_outcome:677 -   Action log: 前往(8,10)收集木材和苹果，为研究克苏鲁怪物做准备
2025-07-05 01:15:08.938 | INFO     | __main__:act:214 - Agent 1 行动 → 我想前往(8,10)收集木材和苹果，为后续研究克苏鲁怪物做准备。
2025-07-05 01:15:21.187 | SUCCESS  | __main__:execute_actions:375 - [Trinity] Spawned resources: {'wood': 10, 'apple': 5, 'fish': 8, 'stone': 7}
2025-07-05 01:15:21.188 | SUCCESS  | __main__:execute_actions:392 - [Trinity] Influenced 5 agents
2025-07-05 01:15:21.188 | INFO     | __main__:run_simulation:1107 - ===== TURN 1 =====
2025-07-05 01:15:21.188 | INFO     | __main__:step:900 - 
=== TURN 1 START ===
2025-07-05 01:15:21.188 | INFO     | __main__:step:901 - Bible Rules: {}
2025-07-05 01:15:21.188 | INFO     | __main__:step:902 - Agent Status:
2025-07-05 01:15:21.188 | INFO     | __main__:step:904 -   Agent 0:
2025-07-05 01:15:21.188 | INFO     | __main__:step:905 -     Position: (1, 14)
2025-07-05 01:15:21.188 | INFO     | __main__:step:906 -     Attributes: {'strength': 2, 'curiosity': 5}
2025-07-05 01:15:21.188 | INFO     | __main__:step:907 -     Inventory: {'wood': 0, 'shell': 1}
2025-07-05 01:15:21.188 | INFO     | __main__:step:908 -     Age: 18
2025-07-05 01:15:21.188 | INFO     | __main__:step:909 -     Health: 100
2025-07-05 01:15:21.188 | INFO     | __main__:step:910 -     Hunger: 8.0
2025-07-05 01:15:21.188 | INFO     | __main__:step:911 -     Goal: "在保持安全距离的前提下，用智慧记录并研究那些不可名状的古老存在。"
2025-07-05 01:15:21.188 | INFO     | __main__:step:904 -   Agent 1:
2025-07-05 01:15:21.188 | INFO     | __main__:step:905 -     Position: (8, 10)
2025-07-05 01:15:21.188 | INFO     | __main__:step:906 -     Attributes: {'strength': 8, 'curiosity': 6}
2025-07-05 01:15:21.189 | INFO     | __main__:step:907 -     Inventory: {'wood': 0, 'shell': 1}
2025-07-05 01:15:21.189 | INFO     | __main__:step:908 -     Age: 35
2025-07-05 01:15:21.189 | INFO     | __main__:step:909 -     Health: 100
2025-07-05 01:15:21.189 | INFO     | __main__:step:910 -     Hunger: 8.0
2025-07-05 01:15:21.189 | INFO     | __main__:step:911 -     Goal: 在确保自身安全的前提下，探索克苏鲁怪物的弱点并寻找对抗它们的方法。
2025-07-05 01:15:21.189 | INFO     | __main__:step:904 -   Agent 2:
2025-07-05 01:15:21.189 | INFO     | __main__:step:905 -     Position: (8, 13)
2025-07-05 01:15:21.189 | INFO     | __main__:step:906 -     Attributes: {'strength': 4, 'curiosity': 2}
2025-07-05 01:15:21.189 | INFO     | __main__:step:907 -     Inventory: {'wood': 1, 'shell': 1}
2025-07-05 01:15:21.189 | INFO     | __main__:step:908 -     Age: 47
2025-07-05 01:15:21.189 | INFO     | __main__:step:909 -     Health: 100
2025-07-05 01:15:21.189 | INFO     | __main__:step:910 -     Hunger: 8.0
2025-07-05 01:15:21.189 | INFO     | __main__:step:911 -     Goal: 在充满克苏鲁威胁的魔法原始时代，我要通过锻炼体魄成为部落最强的守护者。
2025-07-05 01:15:21.189 | INFO     | __main__:step:904 -   Agent 3:
2025-07-05 01:15:21.189 | INFO     | __main__:step:905 -     Position: (25, 3)
2025-07-05 01:15:21.189 | INFO     | __main__:step:906 -     Attributes: {'strength': 5, 'curiosity': 8}
2025-07-05 01:15:21.189 | INFO     | __main__:step:907 -     Inventory: {'wood': 2, 'shell': 0, 'apple': 1}
2025-07-05 01:15:21.189 | INFO     | __main__:step:908 -     Age: 68
2025-07-05 01:15:21.189 | INFO     | __main__:step:909 -     Health: 100
2025-07-05 01:15:21.189 | INFO     | __main__:step:910 -     Hunger: 8.0
2025-07-05 01:15:21.189 | INFO     | __main__:step:911 -     Goal: "在保持安全距离的前提下，用我的好奇心探索这个神秘世界的运行规律，并记录下所有发现的克苏鲁现象。"
2025-07-05 01:15:21.190 | INFO     | __main__:step:904 -   Agent 4:
2025-07-05 01:15:21.190 | INFO     | __main__:step:905 -     Position: (3, 18)
2025-07-05 01:15:21.190 | INFO     | __main__:step:906 -     Attributes: {'strength': 5, 'curiosity': 4}
2025-07-05 01:15:21.190 | INFO     | __main__:step:907 -     Inventory: {'wood': 0, 'shell': 0}
2025-07-05 01:15:21.190 | INFO     | __main__:step:908 -     Age: 40
2025-07-05 01:15:21.190 | INFO     | __main__:step:909 -     Health: 100
2025-07-05 01:15:21.190 | INFO     | __main__:step:910 -     Hunger: 8.0
2025-07-05 01:15:21.190 | INFO     | __main__:step:911 -     Goal: 在保持安全距离的前提下，偷偷研究克苏鲁怪物的弱点，争取用智慧弥补力量的不足。
2025-07-05 01:15:34.694 | INFO     | __main__:resolve:554 - Agent 2 (age 47) attempting action: 我饿了，要摘苹果吃
2025-07-05 01:15:35.283 | INFO     | __main__:resolve:554 - Agent 3 (age 68) attempting action: 我饿了，要摘取当前位置(25,3)的苹果吃。
2025-07-05 01:15:35.559 | INFO     | __main__:resolve:554 - Agent 0 (age 18) attempting action: 我饿了，要摘取当前位置(1,14)的苹果吃。
2025-07-05 01:15:35.761 | INFO     | __main__:resolve:554 - Agent 4 (age 40) attempting action: 我饿了，要去(1,14)摘苹果吃。
2025-07-05 01:15:36.804 | INFO     | __main__:resolve:554 - Agent 1 (age 35) attempting action: 我饿了，要摘苹果吃
2025-07-05 01:15:40.365 | INFO     | __main__:_process_outcome:668 - Processing outcome for Agent 2:
2025-07-05 01:15:40.366 | INFO     | __main__:_process_outcome:669 -   Outcome type: dict_keys(['inventory', 'attributes', 'position', 'log'])
2025-07-05 01:15:40.366 | INFO     | __main__:_process_outcome:671 -   Inventory changes: {'apple': 1}
2025-07-05 01:15:40.366 | INFO     | __main__:_process_outcome:673 -   Attribute changes: {'hunger': -5}
2025-07-05 01:15:40.366 | INFO     | __main__:_process_outcome:675 -   Position change: [8, 13]
2025-07-05 01:15:40.366 | INFO     | __main__:_process_outcome:677 -   Action log: 摘了一个苹果吃
2025-07-05 01:15:40.367 | INFO     | __main__:act:214 - Agent 2 行动 → 我饿了，要摘苹果吃
2025-07-05 01:16:06.910 | INFO     | __main__:_process_outcome:668 - Processing outcome for Agent 3:
2025-07-05 01:16:06.910 | INFO     | __main__:_process_outcome:669 -   Outcome type: dict_keys(['inventory', 'attributes', 'position', 'log'])
2025-07-05 01:16:06.911 | INFO     | __main__:_process_outcome:671 -   Inventory changes: {'apple': 1}
2025-07-05 01:16:06.911 | INFO     | __main__:_process_outcome:673 -   Attribute changes: {'hunger': -5}
2025-07-05 01:16:06.911 | INFO     | __main__:_process_outcome:675 -   Position change: [25, 3]
2025-07-05 01:16:06.912 | INFO     | __main__:_process_outcome:677 -   Action log: 摘取并吃了一个苹果
2025-07-05 01:16:06.913 | INFO     | __main__:act:214 - Agent 3 行动 → 我饿了，要摘取当前位置(25,3)的苹果吃。
2025-07-05 01:16:12.112 | INFO     | __main__:_process_outcome:668 - Processing outcome for Agent 0:
2025-07-05 01:16:12.113 | INFO     | __main__:_process_outcome:669 -   Outcome type: dict_keys(['inventory', 'attributes', 'position', 'log'])
2025-07-05 01:16:12.113 | INFO     | __main__:_process_outcome:671 -   Inventory changes: {'apple': 1}
2025-07-05 01:16:12.114 | INFO     | __main__:_process_outcome:673 -   Attribute changes: {'hunger': -5}
2025-07-05 01:16:12.114 | INFO     | __main__:_process_outcome:675 -   Position change: [1, 14]
2025-07-05 01:16:12.114 | INFO     | __main__:_process_outcome:677 -   Action log: 摘取并吃了一个苹果
2025-07-05 01:16:12.116 | INFO     | __main__:act:214 - Agent 0 行动 → 我饿了，要摘取当前位置(1,14)的苹果吃。
2025-07-05 01:16:17.410 | INFO     | __main__:_process_outcome:668 - Processing outcome for Agent 4:
2025-07-05 01:16:17.410 | INFO     | __main__:_process_outcome:669 -   Outcome type: dict_keys(['inventory', 'attributes', 'position', 'log'])
2025-07-05 01:16:17.410 | INFO     | __main__:_process_outcome:671 -   Inventory changes: {'apple': 1}
2025-07-05 01:16:17.410 | INFO     | __main__:_process_outcome:673 -   Attribute changes: {'hunger': -5}
2025-07-05 01:16:17.410 | INFO     | __main__:_process_outcome:675 -   Position change: [1, 14]
2025-07-05 01:16:17.410 | INFO     | __main__:_process_outcome:677 -   Action log: 移动到(1,14)并摘了一个苹果
2025-07-05 01:16:17.411 | INFO     | __main__:act:214 - Agent 4 行动 → 我饿了，要去(1,14)摘苹果吃。
2025-07-05 01:16:22.439 | INFO     | __main__:_process_outcome:668 - Processing outcome for Agent 1:
2025-07-05 01:16:22.440 | INFO     | __main__:_process_outcome:669 -   Outcome type: dict_keys(['inventory', 'attributes', 'position', 'log'])
2025-07-05 01:16:22.440 | INFO     | __main__:_process_outcome:671 -   Inventory changes: {'apple': 1}
2025-07-05 01:16:22.440 | INFO     | __main__:_process_outcome:673 -   Attribute changes: {'hunger': -5}
2025-07-05 01:16:22.440 | INFO     | __main__:_process_outcome:675 -   Position change: [8, 10]
2025-07-05 01:16:22.440 | INFO     | __main__:_process_outcome:677 -   Action log: 摘了一个苹果充饥
2025-07-05 01:16:22.440 | INFO     | __main__:act:214 - Agent 1 行动 → 我饿了，要摘苹果吃
2025-07-05 01:16:26.676 | SUCCESS  | __main__:update:107 - [Bible] Updated rules: {'forbidden_knowledge': 'Direct contact with ancient artifacts may trigger sanity loss'}
2025-07-05 01:18:24.044 | SUCCESS  | __main__:execute_actions:375 - [Trinity] Spawned resources: {'wood': 3, 'apple': 2, 'fish': 2, 'stone': 2}
2025-07-05 01:18:24.046 | SUCCESS  | __main__:execute_actions:392 - [Trinity] Influenced 3 agents
2025-07-05 01:18:24.046 | INFO     | __main__:run_simulation:1107 - ===== TURN 2 =====
2025-07-05 01:18:24.047 | INFO     | __main__:step:900 - 
=== TURN 2 START ===
2025-07-05 01:18:24.047 | INFO     | __main__:step:901 - Bible Rules: {
  "forbidden_knowledge": "Direct contact with ancient artifacts may trigger sanity loss"
}
2025-07-05 01:18:24.047 | INFO     | __main__:step:902 - Agent Status:
2025-07-05 01:18:24.048 | INFO     | __main__:step:904 -   Agent 0:
2025-07-05 01:18:24.048 | INFO     | __main__:step:905 -     Position: (1, 14)
2025-07-05 01:18:24.048 | INFO     | __main__:step:906 -     Attributes: {'strength': 2, 'curiosity': 5, 'hunger': -5}
2025-07-05 01:18:24.048 | INFO     | __main__:step:907 -     Inventory: {'wood': 0, 'shell': 1, 'apple': 1}
2025-07-05 01:18:24.048 | INFO     | __main__:step:908 -     Age: 19
2025-07-05 01:18:24.048 | INFO     | __main__:step:909 -     Health: 100
2025-07-05 01:18:24.048 | INFO     | __main__:step:910 -     Hunger: 16.0
2025-07-05 01:18:24.048 | INFO     | __main__:step:911 -     Goal: "在保持安全距离的前提下，用智慧记录并研究那些不可名状的古老存在。"
2025-07-05 01:18:24.048 | INFO     | __main__:step:904 -   Agent 1:
2025-07-05 01:18:24.048 | INFO     | __main__:step:905 -     Position: (8, 10)
2025-07-05 01:18:24.048 | INFO     | __main__:step:906 -     Attributes: {'strength': 8, 'curiosity': 6, 'hunger': -5}
2025-07-05 01:18:24.048 | INFO     | __main__:step:907 -     Inventory: {'wood': 0, 'shell': 1, 'apple': 1}
2025-07-05 01:18:24.048 | INFO     | __main__:step:908 -     Age: 36
2025-07-05 01:18:24.048 | INFO     | __main__:step:909 -     Health: 100
2025-07-05 01:18:24.048 | INFO     | __main__:step:910 -     Hunger: 16.0
2025-07-05 01:18:24.049 | INFO     | __main__:step:911 -     Goal: 在确保自身安全的前提下，探索克苏鲁怪物的弱点并寻找对抗它们的方法。
2025-07-05 01:18:24.049 | INFO     | __main__:step:904 -   Agent 2:
2025-07-05 01:18:24.049 | INFO     | __main__:step:905 -     Position: (8, 13)
2025-07-05 01:18:24.049 | INFO     | __main__:step:906 -     Attributes: {'strength': 4, 'curiosity': 2, 'hunger': -5}
2025-07-05 01:18:24.049 | INFO     | __main__:step:907 -     Inventory: {'wood': 1, 'shell': 1, 'apple': 1}
2025-07-05 01:18:24.049 | INFO     | __main__:step:908 -     Age: 48
2025-07-05 01:18:24.049 | INFO     | __main__:step:909 -     Health: 100
2025-07-05 01:18:24.049 | INFO     | __main__:step:910 -     Hunger: 16.0
2025-07-05 01:18:24.049 | INFO     | __main__:step:911 -     Goal: 在充满克苏鲁威胁的魔法原始时代，我要通过锻炼体魄成为部落最强的守护者。
2025-07-05 01:18:24.049 | INFO     | __main__:step:904 -   Agent 3:
2025-07-05 01:18:24.049 | INFO     | __main__:step:905 -     Position: (25, 3)
2025-07-05 01:18:24.050 | INFO     | __main__:step:906 -     Attributes: {'strength': 5, 'curiosity': 8, 'hunger': -5}
2025-07-05 01:18:24.050 | INFO     | __main__:step:907 -     Inventory: {'wood': 2, 'shell': 0, 'apple': 2}
2025-07-05 01:18:24.050 | INFO     | __main__:step:908 -     Age: 69
2025-07-05 01:18:24.050 | INFO     | __main__:step:909 -     Health: 100
2025-07-05 01:18:24.050 | INFO     | __main__:step:910 -     Hunger: 16.0
2025-07-05 01:18:24.050 | INFO     | __main__:step:911 -     Goal: "在保持安全距离的前提下，用我的好奇心探索这个神秘世界的运行规律，并记录下所有发现的克苏鲁现象。"
2025-07-05 01:18:24.050 | INFO     | __main__:step:904 -   Agent 4:
2025-07-05 01:18:24.050 | INFO     | __main__:step:905 -     Position: (1, 14)
2025-07-05 01:18:24.050 | INFO     | __main__:step:906 -     Attributes: {'strength': 5, 'curiosity': 4, 'hunger': -5}
2025-07-05 01:18:24.050 | INFO     | __main__:step:907 -     Inventory: {'wood': 0, 'shell': 0, 'apple': 1}
2025-07-05 01:18:24.050 | INFO     | __main__:step:908 -     Age: 41
2025-07-05 01:18:24.050 | INFO     | __main__:step:909 -     Health: 100
2025-07-05 01:18:24.050 | INFO     | __main__:step:910 -     Hunger: 16.0
2025-07-05 01:18:24.050 | INFO     | __main__:step:911 -     Goal: 在保持安全距离的前提下，偷偷研究克苏鲁怪物的弱点，争取用智慧弥补力量的不足。
2025-07-05 01:18:38.531 | INFO     | __main__:resolve:554 - Agent 2 (age 48) attempting action: 我饿了，要摘苹果吃
2025-07-05 01:18:38.591 | INFO     | __main__:resolve:554 - Agent 0 (age 19) attempting action: 我注意到饥饿值较高(16)，先吃掉背包里的苹果补充体力。
2025-07-05 01:18:38.652 | INFO     | __main__:resolve:554 - Agent 1 (age 36) attempting action: 我饿了，要摘苹果吃
2025-07-05 01:18:40.349 | INFO     | __main__:resolve:554 - Agent 4 (age 41) attempting action: 我饿了，要摘当前位置(1,14)的苹果吃。
2025-07-05 01:18:40.771 | INFO     | __main__:resolve:554 - Agent 3 (age 69) attempting action: "我注意到26,6位置有一块石头，想收集它来制作工具，同时警惕周围可能出现的克苏鲁现象。"
2025-07-05 01:18:42.787 | INFO     | __main__:_process_outcome:668 - Processing outcome for Agent 2:
2025-07-05 01:18:42.787 | INFO     | __main__:_process_outcome:669 -   Outcome type: dict_keys(['inventory', 'attributes', 'log'])
2025-07-05 01:18:42.787 | INFO     | __main__:_process_outcome:671 -   Inventory changes: {'apple': 1}
2025-07-05 01:18:42.787 | INFO     | __main__:_process_outcome:673 -   Attribute changes: {'hunger': -10}
2025-07-05 01:18:42.787 | INFO     | __main__:_process_outcome:677 -   Action log: 摘了一个苹果吃
2025-07-05 01:18:42.788 | INFO     | __main__:act:214 - Agent 2 行动 → 我饿了，要摘苹果吃
2025-07-05 01:18:47.549 | INFO     | __main__:_process_outcome:668 - Processing outcome for Agent 0:
2025-07-05 01:18:47.549 | INFO     | __main__:_process_outcome:669 -   Outcome type: dict_keys(['inventory', 'attributes', 'log'])
2025-07-05 01:18:47.549 | INFO     | __main__:_process_outcome:671 -   Inventory changes: {'apple': -1}
2025-07-05 01:18:47.549 | INFO     | __main__:_process_outcome:673 -   Attribute changes: {'hunger': -16}
2025-07-05 01:18:47.550 | INFO     | __main__:_process_outcome:677 -   Action log: 吃了一个苹果补充体力
2025-07-05 01:18:47.550 | INFO     | __main__:act:214 - Agent 0 行动 → 我注意到饥饿值较高(16)，先吃掉背包里的苹果补充体力。
2025-07-05 01:18:52.300 | INFO     | __main__:_process_outcome:668 - Processing outcome for Agent 1:
2025-07-05 01:18:52.301 | INFO     | __main__:_process_outcome:669 -   Outcome type: dict_keys(['inventory', 'attributes', 'position', 'log'])
2025-07-05 01:18:52.301 | INFO     | __main__:_process_outcome:671 -   Inventory changes: {'apple': 1}
2025-07-05 01:18:52.301 | INFO     | __main__:_process_outcome:673 -   Attribute changes: {'hunger': -3}
2025-07-05 01:18:52.301 | INFO     | __main__:_process_outcome:675 -   Position change: [8, 10]
2025-07-05 01:18:52.301 | INFO     | __main__:_process_outcome:677 -   Action log: 摘了一个苹果并吃掉
2025-07-05 01:18:52.302 | INFO     | __main__:act:214 - Agent 1 行动 → 我饿了，要摘苹果吃
2025-07-05 01:18:56.815 | INFO     | __main__:_process_outcome:668 - Processing outcome for Agent 4:
2025-07-05 01:18:56.816 | INFO     | __main__:_process_outcome:669 -   Outcome type: dict_keys(['inventory', 'attributes', 'position', 'log'])
2025-07-05 01:18:56.816 | INFO     | __main__:_process_outcome:671 -   Inventory changes: {'apple': -1}
2025-07-05 01:18:56.816 | INFO     | __main__:_process_outcome:673 -   Attribute changes: {'hunger': -10}
2025-07-05 01:18:56.816 | INFO     | __main__:_process_outcome:675 -   Position change: [1, 14]
2025-07-05 01:18:56.816 | INFO     | __main__:_process_outcome:677 -   Action log: 吃了一个苹果
2025-07-05 01:18:56.816 | INFO     | __main__:act:214 - Agent 4 行动 → 我饿了，要摘当前位置(1,14)的苹果吃。
2025-07-05 01:19:01.741 | INFO     | __main__:_process_outcome:668 - Processing outcome for Agent 3:
2025-07-05 01:19:01.741 | INFO     | __main__:_process_outcome:669 -   Outcome type: dict_keys(['inventory', 'attributes', 'position', 'log'])
2025-07-05 01:19:01.741 | INFO     | __main__:_process_outcome:671 -   Inventory changes: {'wood': -1}
2025-07-05 01:19:01.741 | INFO     | __main__:_process_outcome:673 -   Attribute changes: {'curiosity': 1}
2025-07-05 01:19:01.741 | INFO     | __main__:_process_outcome:675 -   Position change: [26, 6]
2025-07-05 01:19:01.741 | INFO     | __main__:_process_outcome:677 -   Action log: 收集了一块石头制作工具，警惕克苏鲁现象
2025-07-05 01:19:01.742 | INFO     | __main__:act:214 - Agent 3 行动 → "我注意到26,6位置有一块石头，想收集它来制作工具，同时警惕周围可能出现的克苏鲁现象。"
2025-07-05 01:19:07.180 | SUCCESS  | __main__:update:107 - [Bible] Updated rules: {'magic_enhancement': 'Agents with enhanced magical abilities must spend at least one action per turn monitoring for Cthulhu threats'}
2025-07-05 01:19:16.116 | SUCCESS  | __main__:execute_actions:375 - [Trinity] Spawned resources: {'wood': 3, 'apple': 2, 'fish': 2, 'stone': 2}
2025-07-05 01:19:16.116 | SUCCESS  | __main__:execute_actions:392 - [Trinity] Influenced 3 agents
2025-07-05 01:19:16.116 | INFO     | __main__:run_simulation:1107 - ===== TURN 3 =====
2025-07-05 01:19:16.116 | INFO     | __main__:step:900 - 
=== TURN 3 START ===
2025-07-05 01:19:16.116 | INFO     | __main__:step:901 - Bible Rules: {
  "forbidden_knowledge": "Direct contact with ancient artifacts may trigger sanity loss",
  "magic_enhancement": "Agents with enhanced magical abilities must spend at least one action per turn monitoring for Cthulhu threats"
}
2025-07-05 01:19:16.116 | INFO     | __main__:step:902 - Agent Status:
2025-07-05 01:19:16.117 | INFO     | __main__:step:904 -   Agent 0:
2025-07-05 01:19:16.117 | INFO     | __main__:step:905 -     Position: (1, 14)
2025-07-05 01:19:16.117 | INFO     | __main__:step:906 -     Attributes: {'strength': 2, 'curiosity': 5, 'hunger': -21}
2025-07-05 01:19:16.117 | INFO     | __main__:step:907 -     Inventory: {'wood': 0, 'shell': 1, 'apple': 0}
2025-07-05 01:19:16.117 | INFO     | __main__:step:908 -     Age: 20
2025-07-05 01:19:16.117 | INFO     | __main__:step:909 -     Health: 100
2025-07-05 01:19:16.117 | INFO     | __main__:step:910 -     Hunger: 24.0
2025-07-05 01:19:16.117 | INFO     | __main__:step:911 -     Goal: "在保持安全距离的前提下，用智慧记录并研究那些不可名状的古老存在。"
2025-07-05 01:19:16.117 | INFO     | __main__:step:904 -   Agent 1:
2025-07-05 01:19:16.117 | INFO     | __main__:step:905 -     Position: (8, 10)
2025-07-05 01:19:16.117 | INFO     | __main__:step:906 -     Attributes: {'strength': 8, 'curiosity': 6, 'hunger': -8}
2025-07-05 01:19:16.117 | INFO     | __main__:step:907 -     Inventory: {'wood': 0, 'shell': 1, 'apple': 2}
2025-07-05 01:19:16.117 | INFO     | __main__:step:908 -     Age: 37
2025-07-05 01:19:16.117 | INFO     | __main__:step:909 -     Health: 100
2025-07-05 01:19:16.117 | INFO     | __main__:step:910 -     Hunger: 24.0
2025-07-05 01:19:16.117 | INFO     | __main__:step:911 -     Goal: 在确保自身安全的前提下，探索克苏鲁怪物的弱点并寻找对抗它们的方法。
2025-07-05 01:19:16.117 | INFO     | __main__:step:904 -   Agent 2:
2025-07-05 01:19:16.117 | INFO     | __main__:step:905 -     Position: (8, 13)
2025-07-05 01:19:16.117 | INFO     | __main__:step:906 -     Attributes: {'strength': 4, 'curiosity': 2, 'hunger': -15}
2025-07-05 01:19:16.117 | INFO     | __main__:step:907 -     Inventory: {'wood': 1, 'shell': 1, 'apple': 2}
2025-07-05 01:19:16.117 | INFO     | __main__:step:908 -     Age: 49
2025-07-05 01:19:16.117 | INFO     | __main__:step:909 -     Health: 100
2025-07-05 01:19:16.117 | INFO     | __main__:step:910 -     Hunger: 24.0
2025-07-05 01:19:16.117 | INFO     | __main__:step:911 -     Goal: 在充满克苏鲁威胁的魔法原始时代，我要通过锻炼体魄成为部落最强的守护者。
2025-07-05 01:19:16.117 | INFO     | __main__:step:904 -   Agent 3:
2025-07-05 01:19:16.117 | INFO     | __main__:step:905 -     Position: (26, 6)
2025-07-05 01:19:16.117 | INFO     | __main__:step:906 -     Attributes: {'strength': 5, 'curiosity': 9, 'hunger': -5}
2025-07-05 01:19:16.117 | INFO     | __main__:step:907 -     Inventory: {'wood': 1, 'shell': 0, 'apple': 2}
2025-07-05 01:19:16.117 | INFO     | __main__:step:908 -     Age: 70
2025-07-05 01:19:16.117 | INFO     | __main__:step:909 -     Health: 100
2025-07-05 01:19:16.117 | INFO     | __main__:step:910 -     Hunger: 24.0
2025-07-05 01:19:16.117 | INFO     | __main__:step:911 -     Goal: "在保持安全距离的前提下，用我的好奇心探索这个神秘世界的运行规律，并记录下所有发现的克苏鲁现象。"
2025-07-05 01:19:16.117 | INFO     | __main__:step:904 -   Agent 4:
2025-07-05 01:19:16.117 | INFO     | __main__:step:905 -     Position: (1, 14)
2025-07-05 01:19:16.117 | INFO     | __main__:step:906 -     Attributes: {'strength': 5, 'curiosity': 4, 'hunger': -15}
2025-07-05 01:19:16.117 | INFO     | __main__:step:907 -     Inventory: {'wood': 0, 'shell': 0, 'apple': 0}
2025-07-05 01:19:16.118 | INFO     | __main__:step:908 -     Age: 42
2025-07-05 01:19:16.118 | INFO     | __main__:step:909 -     Health: 100
2025-07-05 01:19:16.118 | INFO     | __main__:step:910 -     Hunger: 24.0
2025-07-05 01:19:16.118 | INFO     | __main__:step:911 -     Goal: 在保持安全距离的前提下，偷偷研究克苏鲁怪物的弱点，争取用智慧弥补力量的不足。
2025-07-05 01:19:20.742 | INFO     | __main__:resolve:554 - Agent 1 (age 37) attempting action: 我饿了，要摘苹果吃
2025-07-05 01:19:21.153 | INFO     | __main__:resolve:554 - Agent 0 (age 20) attempting action: "我饿了，要摘取当前位置(1,14)的苹果吃"
2025-07-05 01:19:21.580 | INFO     | __main__:resolve:554 - Agent 2 (age 49) attempting action: '收集当前位置(8,13)的3个木头，为制作武器做准备'
2025-07-05 01:19:23.476 | INFO     | __main__:resolve:554 - Agent 4 (age 42) attempting action: 我饿了，要摘当前位置(1,14)的苹果吃。
2025-07-05 01:19:23.516 | INFO     | __main__:resolve:554 - Agent 3 (age 70) attempting action: "先收集当前位置(26,6)的苹果和石头，然后前往(26,5)收集那里的苹果。"
2025-07-05 01:19:26.149 | INFO     | __main__:_process_outcome:668 - Processing outcome for Agent 1:
2025-07-05 01:19:26.149 | INFO     | __main__:_process_outcome:669 -   Outcome type: dict_keys(['inventory', 'attributes', 'position', 'log'])
2025-07-05 01:19:26.149 | INFO     | __main__:_process_outcome:671 -   Inventory changes: {'apple': 1}
2025-07-05 01:19:26.149 | INFO     | __main__:_process_outcome:673 -   Attribute changes: {'hunger': -5}
2025-07-05 01:19:26.149 | INFO     | __main__:_process_outcome:675 -   Position change: [8, 10]
2025-07-05 01:19:26.149 | INFO     | __main__:_process_outcome:677 -   Action log: 摘了一个苹果吃
2025-07-05 01:19:26.150 | INFO     | __main__:act:214 - Agent 1 行动 → 我饿了，要摘苹果吃
2025-07-05 01:19:31.487 | INFO     | __main__:_process_outcome:668 - Processing outcome for Agent 0:
2025-07-05 01:19:31.488 | INFO     | __main__:_process_outcome:669 -   Outcome type: dict_keys(['inventory', 'attributes', 'position', 'log'])
2025-07-05 01:19:31.488 | INFO     | __main__:_process_outcome:671 -   Inventory changes: {'apple': 1}
2025-07-05 01:19:31.488 | INFO     | __main__:_process_outcome:673 -   Attribute changes: {'hunger': -10}
2025-07-05 01:19:31.488 | INFO     | __main__:_process_outcome:675 -   Position change: [1, 14]
2025-07-05 01:19:31.488 | INFO     | __main__:_process_outcome:677 -   Action log: 摘取并吃了一个苹果
2025-07-05 01:19:31.489 | INFO     | __main__:act:214 - Agent 0 行动 → "我饿了，要摘取当前位置(1,14)的苹果吃"
2025-07-05 01:19:37.085 | INFO     | __main__:_process_outcome:668 - Processing outcome for Agent 2:
2025-07-05 01:19:37.085 | INFO     | __main__:_process_outcome:669 -   Outcome type: dict_keys(['inventory', 'position', 'log'])
2025-07-05 01:19:37.085 | INFO     | __main__:_process_outcome:671 -   Inventory changes: {'wood': 3}
2025-07-05 01:19:37.086 | INFO     | __main__:_process_outcome:675 -   Position change: [8, 13]
2025-07-05 01:19:37.086 | INFO     | __main__:_process_outcome:677 -   Action log: 收集了3个木头
2025-07-05 01:19:37.086 | INFO     | __main__:act:214 - Agent 2 行动 → '收集当前位置(8,13)的3个木头，为制作武器做准备'
2025-07-05 01:19:43.292 | INFO     | __main__:_process_outcome:668 - Processing outcome for Agent 4:
2025-07-05 01:19:43.293 | INFO     | __main__:_process_outcome:669 -   Outcome type: dict_keys(['inventory', 'attributes', 'position', 'log'])
2025-07-05 01:19:43.293 | INFO     | __main__:_process_outcome:671 -   Inventory changes: {'apple': 1}
2025-07-05 01:19:43.293 | INFO     | __main__:_process_outcome:673 -   Attribute changes: {'hunger': -5}
2025-07-05 01:19:43.293 | INFO     | __main__:_process_outcome:675 -   Position change: [1, 14]
2025-07-05 01:19:43.293 | INFO     | __main__:_process_outcome:677 -   Action log: 摘了一个苹果吃
2025-07-05 01:19:43.293 | INFO     | __main__:act:214 - Agent 4 行动 → 我饿了，要摘当前位置(1,14)的苹果吃。
2025-07-05 01:19:50.022 | INFO     | __main__:_process_outcome:668 - Processing outcome for Agent 3:
2025-07-05 01:19:50.022 | INFO     | __main__:_process_outcome:669 -   Outcome type: dict_keys(['inventory', 'attributes', 'position', 'log'])
2025-07-05 01:19:50.022 | INFO     | __main__:_process_outcome:671 -   Inventory changes: {'apple': 2, 'stone': 1}
2025-07-05 01:19:50.022 | INFO     | __main__:_process_outcome:673 -   Attribute changes: {'hunger': -2}
2025-07-05 01:19:50.022 | INFO     | __main__:_process_outcome:675 -   Position change: [26, 5]
2025-07-05 01:19:50.022 | INFO     | __main__:_process_outcome:677 -   Action log: 收集了2个苹果和1个石头，然后移动到(26,5)收集更多苹果
2025-07-05 01:19:50.023 | INFO     | __main__:act:214 - Agent 3 行动 → "先收集当前位置(26,6)的苹果和石头，然后前往(26,5)收集那里的苹果。"
2025-07-05 01:19:54.433 | SUCCESS  | __main__:update:107 - [Bible] Updated rules: {'forbidden_consumption': 'Agents must not consume more than one apple per turn to prevent resource depletion'}
2025-07-05 01:20:01.635 | SUCCESS  | __main__:execute_actions:375 - [Trinity] Spawned resources: {'wood': 3, 'apple': 2, 'fish': 4, 'stone': 2}
2025-07-05 01:20:01.636 | SUCCESS  | __main__:execute_actions:392 - [Trinity] Influenced 3 agents
2025-07-05 01:20:01.636 | INFO     | __main__:run_simulation:1107 - ===== TURN 4 =====
2025-07-05 01:20:01.636 | INFO     | __main__:step:900 - 
=== TURN 4 START ===
2025-07-05 01:20:01.637 | INFO     | __main__:step:901 - Bible Rules: {
  "forbidden_knowledge": "Direct contact with ancient artifacts may trigger sanity loss",
  "magic_enhancement": "Agents with enhanced magical abilities must spend at least one action per turn monitoring for Cthulhu threats",
  "forbidden_consumption": "Agents must not consume more than one apple per turn to prevent resource depletion"
}
2025-07-05 01:20:01.637 | INFO     | __main__:step:902 - Agent Status:
2025-07-05 01:20:01.637 | INFO     | __main__:step:904 -   Agent 0:
2025-07-05 01:20:01.638 | INFO     | __main__:step:905 -     Position: (1, 14)
2025-07-05 01:20:01.638 | INFO     | __main__:step:906 -     Attributes: {'strength': 2, 'curiosity': 5, 'hunger': -31}
2025-07-05 01:20:01.639 | INFO     | __main__:step:907 -     Inventory: {'wood': 0, 'shell': 1, 'apple': 1}
2025-07-05 01:20:01.639 | INFO     | __main__:step:908 -     Age: 21
2025-07-05 01:20:01.639 | INFO     | __main__:step:909 -     Health: 100
2025-07-05 01:20:01.639 | INFO     | __main__:step:910 -     Hunger: 32.0
2025-07-05 01:20:01.639 | INFO     | __main__:step:911 -     Goal: "在保持安全距离的前提下，用智慧记录并研究那些不可名状的古老存在。"
2025-07-05 01:20:01.640 | INFO     | __main__:step:904 -   Agent 1:
2025-07-05 01:20:01.640 | INFO     | __main__:step:905 -     Position: (8, 10)
2025-07-05 01:20:01.640 | INFO     | __main__:step:906 -     Attributes: {'strength': 8, 'curiosity': 6, 'hunger': -13}
2025-07-05 01:20:01.641 | INFO     | __main__:step:907 -     Inventory: {'wood': 0, 'shell': 1, 'apple': 3}
2025-07-05 01:20:01.641 | INFO     | __main__:step:908 -     Age: 38
2025-07-05 01:20:01.641 | INFO     | __main__:step:909 -     Health: 100
2025-07-05 01:20:01.641 | INFO     | __main__:step:910 -     Hunger: 32.0
2025-07-05 01:20:01.642 | INFO     | __main__:step:911 -     Goal: 在确保自身安全的前提下，探索克苏鲁怪物的弱点并寻找对抗它们的方法。
2025-07-05 01:20:01.642 | INFO     | __main__:step:904 -   Agent 2:
2025-07-05 01:20:01.643 | INFO     | __main__:step:905 -     Position: (8, 13)
2025-07-05 01:20:01.643 | INFO     | __main__:step:906 -     Attributes: {'strength': 4, 'curiosity': 2, 'hunger': -15}
2025-07-05 01:20:01.643 | INFO     | __main__:step:907 -     Inventory: {'wood': 4, 'shell': 1, 'apple': 2}
2025-07-05 01:20:01.644 | INFO     | __main__:step:908 -     Age: 50
2025-07-05 01:20:01.644 | INFO     | __main__:step:909 -     Health: 100
2025-07-05 01:20:01.644 | INFO     | __main__:step:910 -     Hunger: 32.0
2025-07-05 01:20:01.644 | INFO     | __main__:step:911 -     Goal: 在充满克苏鲁威胁的魔法原始时代，我要通过锻炼体魄成为部落最强的守护者。
2025-07-05 01:20:01.645 | INFO     | __main__:step:904 -   Agent 3:
2025-07-05 01:20:01.645 | INFO     | __main__:step:905 -     Position: (26, 5)
2025-07-05 01:20:01.645 | INFO     | __main__:step:906 -     Attributes: {'strength': 5, 'curiosity': 9, 'hunger': -7}
2025-07-05 01:20:01.645 | INFO     | __main__:step:907 -     Inventory: {'wood': 1, 'shell': 0, 'apple': 4, 'stone': 1}
2025-07-05 01:20:01.645 | INFO     | __main__:step:908 -     Age: 71
2025-07-05 01:20:01.645 | INFO     | __main__:step:909 -     Health: 100
2025-07-05 01:20:01.645 | INFO     | __main__:step:910 -     Hunger: 32.0
2025-07-05 01:20:01.645 | INFO     | __main__:step:911 -     Goal: "在保持安全距离的前提下，用我的好奇心探索这个神秘世界的运行规律，并记录下所有发现的克苏鲁现象。"
2025-07-05 01:20:01.645 | INFO     | __main__:step:904 -   Agent 4:
2025-07-05 01:20:01.645 | INFO     | __main__:step:905 -     Position: (1, 14)
2025-07-05 01:20:01.646 | INFO     | __main__:step:906 -     Attributes: {'strength': 5, 'curiosity': 4, 'hunger': -20}
2025-07-05 01:20:01.646 | INFO     | __main__:step:907 -     Inventory: {'wood': 0, 'shell': 0, 'apple': 1}
2025-07-05 01:20:01.646 | INFO     | __main__:step:908 -     Age: 43
2025-07-05 01:20:01.646 | INFO     | __main__:step:909 -     Health: 100
2025-07-05 01:20:01.646 | INFO     | __main__:step:910 -     Hunger: 32.0
2025-07-05 01:20:01.646 | INFO     | __main__:step:911 -     Goal: 在保持安全距离的前提下，偷偷研究克苏鲁怪物的弱点，争取用智慧弥补力量的不足。
2025-07-05 01:20:06.651 | INFO     | __main__:resolve:554 - Agent 4 (age 43) attempting action: 我饿了，要摘当前位置(1,14)的苹果吃。
2025-07-05 01:20:07.419 | INFO     | __main__:resolve:554 - Agent 0 (age 21) attempting action: "我饿了，要摘当前位置(1,14)的苹果吃"
2025-07-05 01:20:08.163 | INFO     | __main__:resolve:554 - Agent 2 (age 50) attempting action: 我饿了，要摘苹果吃
2025-07-05 01:20:08.645 | INFO     | __main__:resolve:554 - Agent 1 (age 38) attempting action: '收集当前位置(8,10)的木材和苹果'
2025-07-05 01:20:09.097 | INFO     | __main__:resolve:554 - Agent 3 (age 71) attempting action: "我注意到饥饿值较低(32)，先吃掉一个苹果补充体力，然后前往(26,6)收集那里的石头和苹果。"
2025-07-05 01:20:13.370 | INFO     | __main__:_process_outcome:668 - Processing outcome for Agent 4:
2025-07-05 01:20:13.371 | INFO     | __main__:_process_outcome:669 -   Outcome type: dict_keys(['inventory', 'attributes', 'log'])
2025-07-05 01:20:13.371 | INFO     | __main__:_process_outcome:671 -   Inventory changes: {'apple': -1}
2025-07-05 01:20:13.372 | INFO     | __main__:_process_outcome:673 -   Attribute changes: {'hunger': -10}
2025-07-05 01:20:13.372 | INFO     | __main__:_process_outcome:677 -   Action log: 吃了一个苹果
2025-07-05 01:20:13.373 | INFO     | __main__:act:214 - Agent 4 行动 → 我饿了，要摘当前位置(1,14)的苹果吃。
2025-07-05 01:20:18.285 | INFO     | __main__:_process_outcome:668 - Processing outcome for Agent 0:
2025-07-05 01:20:18.285 | INFO     | __main__:_process_outcome:669 -   Outcome type: dict_keys(['inventory', 'attributes', 'log', 'position'])
2025-07-05 01:20:18.285 | INFO     | __main__:_process_outcome:671 -   Inventory changes: {'apple': 1}
2025-07-05 01:20:18.285 | INFO     | __main__:_process_outcome:673 -   Attribute changes: {'hunger': -10}
2025-07-05 01:20:18.286 | INFO     | __main__:_process_outcome:675 -   Position change: [1, 14]
2025-07-05 01:20:18.286 | INFO     | __main__:_process_outcome:677 -   Action log: 摘了一个苹果并吃掉
2025-07-05 01:20:18.286 | INFO     | __main__:act:214 - Agent 0 行动 → "我饿了，要摘当前位置(1,14)的苹果吃"
2025-07-05 01:20:22.371 | INFO     | __main__:_process_outcome:668 - Processing outcome for Agent 2:
2025-07-05 01:20:22.372 | INFO     | __main__:_process_outcome:669 -   Outcome type: dict_keys(['inventory', 'attributes', 'log'])
2025-07-05 01:20:22.372 | INFO     | __main__:_process_outcome:671 -   Inventory changes: {'apple': -1}
2025-07-05 01:20:22.373 | INFO     | __main__:_process_outcome:673 -   Attribute changes: {'hunger': 10}
2025-07-05 01:20:22.373 | INFO     | __main__:_process_outcome:677 -   Action log: 吃了一个苹果
2025-07-05 01:20:22.375 | INFO     | __main__:act:214 - Agent 2 行动 → 我饿了，要摘苹果吃
