2025-07-05 08:03:20.544 | WARNING  | __main__:_generate_initial_rules:363 - [Trinity] Attempt 1: Invalid rules JSON, retrying...
2025-07-05 08:03:36.745 | WARNING  | __main__:_generate_initial_rules:363 - [Trinity] Attempt 2: Invalid rules JSON, retrying...
2025-07-05 08:03:57.112 | WARNING  | __main__:_generate_initial_rules:365 - [Trinity] Using default rules after 3 failures
2025-07-05 08:03:57.113 | INFO     | __main__:initialize:500 - 
========================================
2025-07-05 08:03:57.114 | INFO     | __main__:initialize:501 - INITIALIZING WORLD FOR ERA: 魔法原始时代,魔能水晶是魔法源头,可以用于制造法杖.水晶有多种属性,跟出产地有关
2025-07-05 08:03:57.114 | INFO     | __main__:initialize:502 - TERRAIN TYPES: OCEAN, FOREST, GRASSLAND, MOUNTAIN
2025-07-05 08:03:57.115 | INFO     | __main__:initialize:503 - RESOURCE RULES:
2025-07-05 08:03:57.115 | INFO     | __main__:initialize:505 -   WOOD:
2025-07-05 08:03:57.115 | INFO     | __main__:initialize:507 -     - FOREST: 50.0% chance
2025-07-05 08:03:57.115 | INFO     | __main__:initialize:507 -     - OCEAN: 0% chance
2025-07-05 08:03:57.115 | INFO     | __main__:initialize:505 -   APPLE:
2025-07-05 08:03:57.116 | INFO     | __main__:initialize:507 -     - FOREST: 30.0% chance
2025-07-05 08:03:57.116 | INFO     | __main__:initialize:507 -     - GRASSLAND: 20.0% chance
2025-07-05 08:03:57.116 | INFO     | __main__:initialize:505 -   FISH:
2025-07-05 08:03:57.116 | INFO     | __main__:initialize:507 -     - OCEAN: 40.0% chance
2025-07-05 08:03:57.116 | INFO     | __main__:initialize:505 -   STONE:
2025-07-05 08:03:57.116 | INFO     | __main__:initialize:507 -     - MOUNTAIN: 60.0% chance
2025-07-05 08:03:57.116 | INFO     | __main__:initialize:508 - ========================================

2025-07-05 08:03:57.118 | INFO     | __main__:initialize:526 - INITIAL RESOURCE DISTRIBUTION:
2025-07-05 08:03:57.118 | INFO     | __main__:initialize:528 -   APPLE: 207 units
2025-07-05 08:03:57.118 | INFO     | __main__:initialize:528 -   FISH: 19 units
2025-07-05 08:03:57.118 | INFO     | __main__:initialize:528 -   STONE: 45 units
2025-07-05 08:03:57.118 | INFO     | __main__:initialize:528 -   WOOD: 35 units
2025-07-05 08:03:57.119 | INFO     | __main__:initialize:529 - ========================================

2025-07-05 08:04:03.932 | INFO     | __main__:decide_goal:150 - Lumina Whimsy(1) personal goal ➜ 我要成为最博学的魔法水晶收藏家，用无与伦比的魅力和智慧收集并研究全世界最稀有的魔法水晶。
2025-07-05 08:04:04.463 | INFO     | __main__:decide_goal:150 - Lucian Veyne(2) personal goal ➜ "利用我的魅力和好奇心，收集并研究各地独特的魔能水晶，成为最受欢迎的魔法水晶商人。"
2025-07-05 08:04:04.538 | INFO     | __main__:decide_goal:150 - Valentine(6) personal goal ➜ 凭借出众的魅力结交各方势力，收集不同属性的魔能水晶，打造出独一无二的全属性法杖。
2025-07-05 08:04:04.624 | INFO     | __main__:decide_goal:150 - Lucien Duvall(7) personal goal ➜ 我要成为最擅长用魅力获取稀有魔能水晶的魔法商人，建立横跨各元素领地的水晶贸易网络。
2025-07-05 08:04:04.627 | INFO     | __main__:decide_goal:150 - Barthok Ironquill(9) personal goal ➜ "凭借过人的力量和求知欲，我要成为探索未知水晶矿脉的顶尖冒险者。"
2025-07-05 08:04:04.676 | INFO     | __main__:decide_goal:150 - Eldric Brightwhisper(5) personal goal ➜ "我要成为最擅长使用魅惑系水晶的部落外交官，用我的魅力为族人获取更多魔法资源。"
2025-07-05 08:04:04.807 | INFO     | __main__:decide_goal:150 - Valentine Stormcrest(8) personal goal ➜ 凭借出众的魅力结交各方势力，收集各地珍稀属性的魔能水晶，打造出独一无二的法杖。
2025-07-05 08:04:04.808 | INFO     | __main__:decide_goal:150 - Eldrin Brightspark(0) personal goal ➜ "我要成为精通多种属性魔法的全能法师，通过探索不同产地的魔能水晶来打造独一无二的法杖。"
2025-07-05 08:04:05.556 | INFO     | __main__:decide_goal:150 - Eldrin Quillwhisper(3) personal goal ➜ "探索世界各地的魔能水晶奥秘，发现最稀有的魔法属性并研究其本质。" 

(基于高好奇心属性，选择以探索和研究为主要目标；低魅力值表明不擅长社交，适合独自钻研；中等力量则能支撑基础探险需求)
2025-07-05 08:04:06.334 | INFO     | __main__:decide_goal:150 - Lorinda(4) personal goal ➜ "我要探索世界各地最稀有的魔能水晶，研究它们的奥秘并成为最博学的魔能学者。" 

(这个目标充分发挥了高好奇心(7)的优势，同时结合了中等魅力(6)便于与各地居民交流获取信息，而较低的体力(2)则通过知识型追求来规避短板)
2025-07-05 08:04:06.335 | INFO     | __main__:run_simulation:1190 - ===== TURN 0 =====
2025-07-05 08:04:06.336 | INFO     | __main__:step:976 - 
=== TURN 0 START ===
2025-07-05 08:04:06.336 | INFO     | __main__:step:977 - Bible Rules: {}
2025-07-05 08:04:06.336 | INFO     | __main__:step:978 - Agent Status:
2025-07-05 08:04:06.337 | INFO     | __main__:step:980 -   Agent 0:
2025-07-05 08:04:06.337 | INFO     | __main__:step:981 -     Position: (19, 23)
2025-07-05 08:04:06.337 | INFO     | __main__:step:982 -     Attributes: {'strength': 7, 'curiosity': 7, 'charm': 7}
2025-07-05 08:04:06.337 | INFO     | __main__:step:983 -     Inventory: {'wood': 1, 'shell': 1}
2025-07-05 08:04:06.337 | INFO     | __main__:step:984 -     Age: 53
2025-07-05 08:04:06.337 | INFO     | __main__:step:985 -     Health: 100
2025-07-05 08:04:06.338 | INFO     | __main__:step:986 -     Hunger: 0.0
2025-07-05 08:04:06.338 | INFO     | __main__:step:987 -     Goal: "我要成为精通多种属性魔法的全能法师，通过探索不同产地的魔能水晶来打造独一无二的法杖。"
2025-07-05 08:04:06.338 | INFO     | __main__:step:980 -   Agent 1:
2025-07-05 08:04:06.338 | INFO     | __main__:step:981 -     Position: (9, 5)
2025-07-05 08:04:06.338 | INFO     | __main__:step:982 -     Attributes: {'strength': 1, 'curiosity': 10, 'charm': 10}
2025-07-05 08:04:06.338 | INFO     | __main__:step:983 -     Inventory: {'wood': 0, 'shell': 1}
2025-07-05 08:04:06.339 | INFO     | __main__:step:984 -     Age: 66
2025-07-05 08:04:06.339 | INFO     | __main__:step:985 -     Health: 100
2025-07-05 08:04:06.339 | INFO     | __main__:step:986 -     Hunger: 0.0
2025-07-05 08:04:06.339 | INFO     | __main__:step:987 -     Goal: 我要成为最博学的魔法水晶收藏家，用无与伦比的魅力和智慧收集并研究全世界最稀有的魔法水晶。
2025-07-05 08:04:06.339 | INFO     | __main__:step:980 -   Agent 2:
2025-07-05 08:04:06.339 | INFO     | __main__:step:981 -     Position: (14, 14)
2025-07-05 08:04:06.340 | INFO     | __main__:step:982 -     Attributes: {'strength': 4, 'curiosity': 6, 'charm': 7}
2025-07-05 08:04:06.340 | INFO     | __main__:step:983 -     Inventory: {'wood': 1, 'shell': 1}
2025-07-05 08:04:06.340 | INFO     | __main__:step:984 -     Age: 41
2025-07-05 08:04:06.340 | INFO     | __main__:step:985 -     Health: 100
2025-07-05 08:04:06.340 | INFO     | __main__:step:986 -     Hunger: 0.0
2025-07-05 08:04:06.341 | INFO     | __main__:step:987 -     Goal: "利用我的魅力和好奇心，收集并研究各地独特的魔能水晶，成为最受欢迎的魔法水晶商人。"
2025-07-05 08:04:06.341 | INFO     | __main__:step:980 -   Agent 3:
2025-07-05 08:04:06.341 | INFO     | __main__:step:981 -     Position: (17, 13)
2025-07-05 08:04:06.341 | INFO     | __main__:step:982 -     Attributes: {'strength': 5, 'curiosity': 9, 'charm': 3}
2025-07-05 08:04:06.342 | INFO     | __main__:step:983 -     Inventory: {'wood': 0, 'shell': 0}
2025-07-05 08:04:06.342 | INFO     | __main__:step:984 -     Age: 55
2025-07-05 08:04:06.342 | INFO     | __main__:step:985 -     Health: 100
2025-07-05 08:04:06.342 | INFO     | __main__:step:986 -     Hunger: 0.0
2025-07-05 08:04:06.342 | INFO     | __main__:step:987 -     Goal: "探索世界各地的魔能水晶奥秘，发现最稀有的魔法属性并研究其本质。" 

(基于高好奇心属性，选择以探索和研究为主要目标；低魅力值表明不擅长社交，适合独自钻研；中等力量则能支撑基础探险需求)
2025-07-05 08:04:06.343 | INFO     | __main__:step:980 -   Agent 4:
2025-07-05 08:04:06.343 | INFO     | __main__:step:981 -     Position: (22, 3)
2025-07-05 08:04:06.343 | INFO     | __main__:step:982 -     Attributes: {'strength': 2, 'curiosity': 7, 'charm': 6}
2025-07-05 08:04:06.343 | INFO     | __main__:step:983 -     Inventory: {'wood': 2, 'shell': 0}
2025-07-05 08:04:06.343 | INFO     | __main__:step:984 -     Age: 51
2025-07-05 08:04:06.343 | INFO     | __main__:step:985 -     Health: 100
2025-07-05 08:04:06.343 | INFO     | __main__:step:986 -     Hunger: 0.0
2025-07-05 08:04:06.344 | INFO     | __main__:step:987 -     Goal: "我要探索世界各地最稀有的魔能水晶，研究它们的奥秘并成为最博学的魔能学者。" 

(这个目标充分发挥了高好奇心(7)的优势，同时结合了中等魅力(6)便于与各地居民交流获取信息，而较低的体力(2)则通过知识型追求来规避短板)
2025-07-05 08:04:06.344 | INFO     | __main__:step:980 -   Agent 5:
2025-07-05 08:04:06.344 | INFO     | __main__:step:981 -     Position: (29, 25)
2025-07-05 08:04:06.344 | INFO     | __main__:step:982 -     Attributes: {'strength': 7, 'curiosity': 8, 'charm': 9}
2025-07-05 08:04:06.344 | INFO     | __main__:step:983 -     Inventory: {'wood': 2, 'shell': 0}
2025-07-05 08:04:06.344 | INFO     | __main__:step:984 -     Age: 68
2025-07-05 08:04:06.344 | INFO     | __main__:step:985 -     Health: 100
2025-07-05 08:04:06.344 | INFO     | __main__:step:986 -     Hunger: 0.0
2025-07-05 08:04:06.344 | INFO     | __main__:step:987 -     Goal: "我要成为最擅长使用魅惑系水晶的部落外交官，用我的魅力为族人获取更多魔法资源。"
2025-07-05 08:04:06.344 | INFO     | __main__:step:980 -   Agent 6:
2025-07-05 08:04:06.344 | INFO     | __main__:step:981 -     Position: (5, 4)
2025-07-05 08:04:06.344 | INFO     | __main__:step:982 -     Attributes: {'strength': 7, 'curiosity': 7, 'charm': 10}
2025-07-05 08:04:06.344 | INFO     | __main__:step:983 -     Inventory: {'wood': 0, 'shell': 0}
2025-07-05 08:04:06.344 | INFO     | __main__:step:984 -     Age: 24
2025-07-05 08:04:06.344 | INFO     | __main__:step:985 -     Health: 100
2025-07-05 08:04:06.344 | INFO     | __main__:step:986 -     Hunger: 0.0
2025-07-05 08:04:06.344 | INFO     | __main__:step:987 -     Goal: 凭借出众的魅力结交各方势力，收集不同属性的魔能水晶，打造出独一无二的全属性法杖。
2025-07-05 08:04:06.345 | INFO     | __main__:step:980 -   Agent 7:
2025-07-05 08:04:06.345 | INFO     | __main__:step:981 -     Position: (19, 16)
2025-07-05 08:04:06.345 | INFO     | __main__:step:982 -     Attributes: {'strength': 1, 'curiosity': 4, 'charm': 9}
2025-07-05 08:04:06.345 | INFO     | __main__:step:983 -     Inventory: {'wood': 2, 'shell': 1}
2025-07-05 08:04:06.345 | INFO     | __main__:step:984 -     Age: 40
2025-07-05 08:04:06.345 | INFO     | __main__:step:985 -     Health: 100
2025-07-05 08:04:06.345 | INFO     | __main__:step:986 -     Hunger: 0.0
2025-07-05 08:04:06.345 | INFO     | __main__:step:987 -     Goal: 我要成为最擅长用魅力获取稀有魔能水晶的魔法商人，建立横跨各元素领地的水晶贸易网络。
2025-07-05 08:04:06.346 | INFO     | __main__:step:980 -   Agent 8:
2025-07-05 08:04:06.346 | INFO     | __main__:step:981 -     Position: (29, 9)
2025-07-05 08:04:06.346 | INFO     | __main__:step:982 -     Attributes: {'strength': 10, 'curiosity': 5, 'charm': 9}
2025-07-05 08:04:06.346 | INFO     | __main__:step:983 -     Inventory: {'wood': 1, 'shell': 1}
2025-07-05 08:04:06.346 | INFO     | __main__:step:984 -     Age: 18
2025-07-05 08:04:06.346 | INFO     | __main__:step:985 -     Health: 100
2025-07-05 08:04:06.346 | INFO     | __main__:step:986 -     Hunger: 0.0
2025-07-05 08:04:06.346 | INFO     | __main__:step:987 -     Goal: 凭借出众的魅力结交各方势力，收集各地珍稀属性的魔能水晶，打造出独一无二的法杖。
2025-07-05 08:04:06.346 | INFO     | __main__:step:980 -   Agent 9:
2025-07-05 08:04:06.346 | INFO     | __main__:step:981 -     Position: (10, 6)
2025-07-05 08:04:06.346 | INFO     | __main__:step:982 -     Attributes: {'strength': 9, 'curiosity': 8, 'charm': 3}
2025-07-05 08:04:06.346 | INFO     | __main__:step:983 -     Inventory: {'wood': 1, 'shell': 1}
2025-07-05 08:04:06.346 | INFO     | __main__:step:984 -     Age: 57
2025-07-05 08:04:06.346 | INFO     | __main__:step:985 -     Health: 100
2025-07-05 08:04:06.346 | INFO     | __main__:step:986 -     Hunger: 0.0
2025-07-05 08:04:06.346 | INFO     | __main__:step:987 -     Goal: "凭借过人的力量和求知欲，我要成为探索未知水晶矿脉的顶尖冒险者。"
2025-07-05 08:04:10.736 | INFO     | __main__:resolve:630 - Lumina Whimsy(1) (age 66) attempting action: 我想向6号Valentine询问关于魔法水晶的信息，发起聊天请求
2025-07-05 08:04:10.844 | INFO     | __main__:resolve:630 - Valentine Stormcrest(8) (age 18) attempting action: 我想前往(29,7)摘取苹果，为之后的社交活动储备食物资源。
2025-07-05 08:04:11.248 | INFO     | __main__:resolve:630 - Eldrin Quillwhisper(3) (age 55) attempting action: 我想前往森林区域(坐标12-15,9-15)收集木材，为后续寻找魔能水晶做准备。
2025-07-05 08:04:12.364 | INFO     | __main__:resolve:630 - Valentine(6) (age 24) attempting action: 我想向Lumina Whimsy(1号)询问关于魔能水晶的信息，发起聊天请求
2025-07-05 08:04:12.498 | INFO     | __main__:resolve:630 - Lorinda(4) (age 51) attempting action: "我要前往(26,4)的位置收集那里的2个苹果，为接下来的魔能水晶探索之旅储备食物。"
2025-07-05 08:04:12.886 | INFO     | __main__:resolve:630 - Lucian Veyne(2) (age 41) attempting action: 我想向17号位置的Eldrin Quillwhisper询问关于附近魔能水晶产地的信息，发起聊天请求。
2025-07-05 08:04:13.007 | INFO     | __main__:resolve:630 - Eldrin Brightspark(0) (age 53) attempting action: 我要前往山脉区域(24,25)收集石头，为制作魔法法杖做准备。
2025-07-05 08:04:13.053 | INFO     | __main__:resolve:630 - Lucien Duvall(7) (age 40) attempting action: 我想向Lucian Veyne(2号)询问关于附近魔能水晶产地的信息，发起聊天请求。
2025-07-05 08:04:13.120 | INFO     | __main__:resolve:630 - Eldric Brightwhisper(5) (age 68) attempting action: 我想前往(27,20)收集那里的2个苹果，为未来的外交活动储备食物资源。
2025-07-05 08:04:13.357 | INFO     | __main__:resolve:630 - Barthok Ironquill(9) (age 57) attempting action: 我注意到Lumina Whimsy(1号)在(9,5)位置，她具有很高的好奇心属性。我想向她询问关于附近水晶矿脉的信息，发起聊天请求。
2025-07-05 08:04:15.407 | INFO     | __main__:_process_outcome:744 - Processing outcome for Lumina Whimsy(1):
2025-07-05 08:04:15.407 | INFO     | __main__:_process_outcome:745 -   Outcome type: dict_keys(['chat_request', 'log', 'position'])
2025-07-05 08:04:15.408 | INFO     | __main__:_process_outcome:751 -   Position change: [9, 5]
2025-07-05 08:04:15.408 | INFO     | __main__:_process_outcome:753 -   Action log: 向6号询问关于魔法水晶的信息
2025-07-05 08:04:15.410 | INFO     | __main__:act:286 - Lumina Whimsy(1) 行动 → 我想向6号Valentine询问关于魔法水晶的信息，发起聊天请求
2025-07-05 08:04:20.055 | INFO     | __main__:_process_outcome:744 - Processing outcome for Valentine Stormcrest(8):
2025-07-05 08:04:20.055 | INFO     | __main__:_process_outcome:745 -   Outcome type: dict_keys(['inventory', 'attributes', 'position', 'log'])
2025-07-05 08:04:20.056 | INFO     | __main__:_process_outcome:747 -   Inventory changes: {}
2025-07-05 08:04:20.056 | INFO     | __main__:_process_outcome:749 -   Attribute changes: {}
2025-07-05 08:04:20.057 | INFO     | __main__:_process_outcome:751 -   Position change: [29, 7]
2025-07-05 08:04:20.057 | INFO     | __main__:_process_outcome:753 -   Action log: 前往(29,7)准备摘取苹果
2025-07-05 08:04:20.058 | INFO     | __main__:act:286 - Valentine Stormcrest(8) 行动 → 我想前往(29,7)摘取苹果，为之后的社交活动储备食物资源。
2025-07-05 08:04:24.747 | INFO     | __main__:_process_outcome:744 - Processing outcome for Eldrin Quillwhisper(3):
2025-07-05 08:04:24.748 | INFO     | __main__:_process_outcome:745 -   Outcome type: dict_keys(['inventory', 'attributes', 'position', 'log'])
2025-07-05 08:04:24.749 | INFO     | __main__:_process_outcome:747 -   Inventory changes: {}
2025-07-05 08:04:24.749 | INFO     | __main__:_process_outcome:749 -   Attribute changes: {}
2025-07-05 08:04:24.749 | INFO     | __main__:_process_outcome:751 -   Position change: [12, 9]
2025-07-05 08:04:24.750 | INFO     | __main__:_process_outcome:753 -   Action log: 前往森林区域(12-15,9-15)收集木材
2025-07-05 08:04:24.751 | INFO     | __main__:act:286 - Eldrin Quillwhisper(3) 行动 → 我想前往森林区域(坐标12-15,9-15)收集木材，为后续寻找魔能水晶做准备。
2025-07-05 08:04:31.524 | INFO     | __main__:_process_outcome:744 - Processing outcome for Valentine(6):
2025-07-05 08:04:31.525 | INFO     | __main__:_process_outcome:745 -   Outcome type: dict_keys(['chat_request', 'log'])
2025-07-05 08:04:31.526 | INFO     | __main__:_process_outcome:753 -   Action log: 向1号询问关于魔能水晶的信息
2025-07-05 08:04:31.527 | INFO     | __main__:act:286 - Valentine(6) 行动 → 我想向Lumina Whimsy(1号)询问关于魔能水晶的信息，发起聊天请求
2025-07-05 08:04:36.314 | INFO     | __main__:_process_outcome:744 - Processing outcome for Lorinda(4):
2025-07-05 08:04:36.315 | INFO     | __main__:_process_outcome:745 -   Outcome type: dict_keys(['inventory', 'position', 'log'])
2025-07-05 08:04:36.316 | INFO     | __main__:_process_outcome:747 -   Inventory changes: {'apple': 2}
2025-07-05 08:04:36.316 | INFO     | __main__:_process_outcome:751 -   Position change: [26, 4]
2025-07-05 08:04:36.317 | INFO     | __main__:_process_outcome:753 -   Action log: 前往(26,4)收集了2个苹果
2025-07-05 08:04:36.318 | INFO     | __main__:act:286 - Lorinda(4) 行动 → "我要前往(26,4)的位置收集那里的2个苹果，为接下来的魔能水晶探索之旅储备食物。"
2025-07-05 08:04:41.662 | INFO     | __main__:_process_outcome:744 - Processing outcome for Lucian Veyne(2):
2025-07-05 08:04:41.662 | INFO     | __main__:_process_outcome:745 -   Outcome type: dict_keys(['chat_request', 'log', 'position'])
2025-07-05 08:04:41.663 | INFO     | __main__:_process_outcome:751 -   Position change: [14, 14]
2025-07-05 08:04:41.664 | INFO     | __main__:_process_outcome:753 -   Action log: 向17号Eldrin Quillwhisper询问附近魔能水晶产地的信息
2025-07-05 08:04:41.665 | INFO     | __main__:act:286 - Lucian Veyne(2) 行动 → 我想向17号位置的Eldrin Quillwhisper询问关于附近魔能水晶产地的信息，发起聊天请求。
2025-07-05 08:04:46.549 | INFO     | __main__:_process_outcome:744 - Processing outcome for Eldrin Brightspark(0):
2025-07-05 08:04:46.550 | INFO     | __main__:_process_outcome:745 -   Outcome type: dict_keys(['inventory', 'attributes', 'position', 'log'])
2025-07-05 08:04:46.551 | INFO     | __main__:_process_outcome:747 -   Inventory changes: {}
2025-07-05 08:04:46.551 | INFO     | __main__:_process_outcome:749 -   Attribute changes: {}
2025-07-05 08:04:46.551 | INFO     | __main__:_process_outcome:751 -   Position change: [24, 25]
2025-07-05 08:04:46.551 | INFO     | __main__:_process_outcome:753 -   Action log: 前往山脉区域(24,25)收集石头，为制作魔法法杖做准备
2025-07-05 08:04:46.553 | INFO     | __main__:act:286 - Eldrin Brightspark(0) 行动 → 我要前往山脉区域(24,25)收集石头，为制作魔法法杖做准备。
2025-07-05 08:04:53.377 | INFO     | __main__:_process_outcome:744 - Processing outcome for Lucien Duvall(7):
2025-07-05 08:04:53.378 | INFO     | __main__:_process_outcome:745 -   Outcome type: dict_keys(['chat_request', 'log', 'position'])
2025-07-05 08:04:53.378 | INFO     | __main__:_process_outcome:751 -   Position change: [19, 16]
2025-07-05 08:04:53.379 | INFO     | __main__:_process_outcome:753 -   Action log: 向2号询问附近魔能水晶产地的信息
2025-07-05 08:04:53.380 | INFO     | __main__:act:286 - Lucien Duvall(7) 行动 → 我想向Lucian Veyne(2号)询问关于附近魔能水晶产地的信息，发起聊天请求。
2025-07-05 08:04:58.123 | INFO     | __main__:_process_outcome:744 - Processing outcome for Eldric Brightwhisper(5):
2025-07-05 08:04:58.124 | INFO     | __main__:_process_outcome:745 -   Outcome type: dict_keys(['inventory', 'attributes', 'position', 'log'])
2025-07-05 08:04:58.124 | INFO     | __main__:_process_outcome:747 -   Inventory changes: {'apple': 2}
2025-07-05 08:04:58.125 | INFO     | __main__:_process_outcome:749 -   Attribute changes: {}
2025-07-05 08:04:58.125 | INFO     | __main__:_process_outcome:751 -   Position change: [27, 20]
2025-07-05 08:04:58.125 | INFO     | __main__:_process_outcome:753 -   Action log: 前往(27,20)收集了2个苹果
2025-07-05 08:04:58.127 | INFO     | __main__:act:286 - Eldric Brightwhisper(5) 行动 → 我想前往(27,20)收集那里的2个苹果，为未来的外交活动储备食物资源。
2025-07-05 08:05:02.962 | INFO     | __main__:_process_outcome:744 - Processing outcome for Barthok Ironquill(9):
2025-07-05 08:05:02.963 | INFO     | __main__:_process_outcome:745 -   Outcome type: dict_keys(['chat_request', 'position', 'log'])
2025-07-05 08:05:02.963 | INFO     | __main__:_process_outcome:751 -   Position change: [9, 5]
2025-07-05 08:05:02.964 | INFO     | __main__:_process_outcome:753 -   Action log: 向1号询问附近水晶矿脉的信息
2025-07-05 08:05:02.965 | INFO     | __main__:act:286 - Barthok Ironquill(9) 行动 → 我注意到Lumina Whimsy(1号)在(9,5)位置，她具有很高的好奇心属性。我想向她询问关于附近水晶矿脉的信息，发起聊天请求。
2025-07-05 08:05:15.405 | WARNING  | __main__:execute_actions:473 - [Trinity] Attempt 1: Invalid JSON, retrying...
2025-07-05 08:05:21.700 | WARNING  | __main__:execute_actions:473 - [Trinity] Attempt 2: Invalid JSON, retrying...
2025-07-05 08:05:27.843 | WARNING  | __main__:execute_actions:475 - [Trinity] Final attempt failed. Raw response: ```json
{
  "spawn_resources": {
    "wood": 5,
    "apple": 3,
    "fish": 4,
    "stone": 2
  },
  "add_resource_rules": {
    "magic_crystal": {
      "MOUNTAIN": 0.1,
      "FOREST": 0.05,
      "
2025-07-05 08:05:27.843 | INFO     | __main__:run_simulation:1190 - ===== TURN 1 =====
2025-07-05 08:05:27.843 | INFO     | __main__:step:976 - 
=== TURN 1 START ===
2025-07-05 08:05:27.843 | INFO     | __main__:step:977 - Bible Rules: {}
2025-07-05 08:05:27.844 | INFO     | __main__:step:978 - Agent Status:
2025-07-05 08:05:27.844 | INFO     | __main__:step:980 -   Agent 0:
2025-07-05 08:05:27.844 | INFO     | __main__:step:981 -     Position: (24, 25)
2025-07-05 08:05:27.844 | INFO     | __main__:step:982 -     Attributes: {'strength': 7, 'curiosity': 7, 'charm': 7}
2025-07-05 08:05:27.844 | INFO     | __main__:step:983 -     Inventory: {'wood': 1, 'shell': 1}
2025-07-05 08:05:27.845 | INFO     | __main__:step:984 -     Age: 54
2025-07-05 08:05:27.845 | INFO     | __main__:step:985 -     Health: 100
2025-07-05 08:05:27.845 | INFO     | __main__:step:986 -     Hunger: 8.0
2025-07-05 08:05:27.845 | INFO     | __main__:step:987 -     Goal: "我要成为精通多种属性魔法的全能法师，通过探索不同产地的魔能水晶来打造独一无二的法杖。"
2025-07-05 08:05:27.845 | INFO     | __main__:step:980 -   Agent 1:
2025-07-05 08:05:27.845 | INFO     | __main__:step:981 -     Position: (9, 5)
2025-07-05 08:05:27.845 | INFO     | __main__:step:982 -     Attributes: {'strength': 1, 'curiosity': 10, 'charm': 10}
2025-07-05 08:05:27.845 | INFO     | __main__:step:983 -     Inventory: {'wood': 0, 'shell': 1}
2025-07-05 08:05:27.846 | INFO     | __main__:step:984 -     Age: 67
2025-07-05 08:05:27.846 | INFO     | __main__:step:985 -     Health: 100
2025-07-05 08:05:27.846 | INFO     | __main__:step:986 -     Hunger: 8.0
2025-07-05 08:05:27.846 | INFO     | __main__:step:987 -     Goal: 我要成为最博学的魔法水晶收藏家，用无与伦比的魅力和智慧收集并研究全世界最稀有的魔法水晶。
2025-07-05 08:05:27.846 | INFO     | __main__:step:980 -   Agent 2:
2025-07-05 08:05:27.846 | INFO     | __main__:step:981 -     Position: (14, 14)
2025-07-05 08:05:27.846 | INFO     | __main__:step:982 -     Attributes: {'strength': 4, 'curiosity': 6, 'charm': 7}
2025-07-05 08:05:27.846 | INFO     | __main__:step:983 -     Inventory: {'wood': 1, 'shell': 1}
2025-07-05 08:05:27.846 | INFO     | __main__:step:984 -     Age: 42
2025-07-05 08:05:27.846 | INFO     | __main__:step:985 -     Health: 100
2025-07-05 08:05:27.847 | INFO     | __main__:step:986 -     Hunger: 8.0
2025-07-05 08:05:27.847 | INFO     | __main__:step:987 -     Goal: "利用我的魅力和好奇心，收集并研究各地独特的魔能水晶，成为最受欢迎的魔法水晶商人。"
2025-07-05 08:05:27.847 | INFO     | __main__:step:980 -   Agent 3:
2025-07-05 08:05:27.847 | INFO     | __main__:step:981 -     Position: (12, 9)
2025-07-05 08:05:27.847 | INFO     | __main__:step:982 -     Attributes: {'strength': 5, 'curiosity': 9, 'charm': 3}
2025-07-05 08:05:27.847 | INFO     | __main__:step:983 -     Inventory: {'wood': 0, 'shell': 0}
2025-07-05 08:05:27.847 | INFO     | __main__:step:984 -     Age: 56
2025-07-05 08:05:27.847 | INFO     | __main__:step:985 -     Health: 100
2025-07-05 08:05:27.847 | INFO     | __main__:step:986 -     Hunger: 8.0
2025-07-05 08:05:27.847 | INFO     | __main__:step:987 -     Goal: "探索世界各地的魔能水晶奥秘，发现最稀有的魔法属性并研究其本质。" 

(基于高好奇心属性，选择以探索和研究为主要目标；低魅力值表明不擅长社交，适合独自钻研；中等力量则能支撑基础探险需求)
2025-07-05 08:05:27.847 | INFO     | __main__:step:980 -   Agent 4:
2025-07-05 08:05:27.847 | INFO     | __main__:step:981 -     Position: (26, 4)
2025-07-05 08:05:27.848 | INFO     | __main__:step:982 -     Attributes: {'strength': 2, 'curiosity': 7, 'charm': 6}
2025-07-05 08:05:27.848 | INFO     | __main__:step:983 -     Inventory: {'wood': 2, 'shell': 0, 'apple': 2}
2025-07-05 08:05:27.848 | INFO     | __main__:step:984 -     Age: 52
2025-07-05 08:05:27.848 | INFO     | __main__:step:985 -     Health: 100
2025-07-05 08:05:27.848 | INFO     | __main__:step:986 -     Hunger: 8.0
2025-07-05 08:05:27.848 | INFO     | __main__:step:987 -     Goal: "我要探索世界各地最稀有的魔能水晶，研究它们的奥秘并成为最博学的魔能学者。" 

(这个目标充分发挥了高好奇心(7)的优势，同时结合了中等魅力(6)便于与各地居民交流获取信息，而较低的体力(2)则通过知识型追求来规避短板)
2025-07-05 08:05:27.848 | INFO     | __main__:step:980 -   Agent 5:
2025-07-05 08:05:27.848 | INFO     | __main__:step:981 -     Position: (27, 20)
2025-07-05 08:05:27.848 | INFO     | __main__:step:982 -     Attributes: {'strength': 7, 'curiosity': 8, 'charm': 9}
2025-07-05 08:05:27.848 | INFO     | __main__:step:983 -     Inventory: {'wood': 2, 'shell': 0, 'apple': 2}
2025-07-05 08:05:27.849 | INFO     | __main__:step:984 -     Age: 69
2025-07-05 08:05:27.849 | INFO     | __main__:step:985 -     Health: 100
2025-07-05 08:05:27.849 | INFO     | __main__:step:986 -     Hunger: 8.0
2025-07-05 08:05:27.849 | INFO     | __main__:step:987 -     Goal: "我要成为最擅长使用魅惑系水晶的部落外交官，用我的魅力为族人获取更多魔法资源。"
2025-07-05 08:05:27.849 | INFO     | __main__:step:980 -   Agent 6:
2025-07-05 08:05:27.849 | INFO     | __main__:step:981 -     Position: (5, 4)
2025-07-05 08:05:27.849 | INFO     | __main__:step:982 -     Attributes: {'strength': 7, 'curiosity': 7, 'charm': 10}
2025-07-05 08:05:27.849 | INFO     | __main__:step:983 -     Inventory: {'wood': 0, 'shell': 0}
2025-07-05 08:05:27.849 | INFO     | __main__:step:984 -     Age: 25
2025-07-05 08:05:27.849 | INFO     | __main__:step:985 -     Health: 100
2025-07-05 08:05:27.849 | INFO     | __main__:step:986 -     Hunger: 8.0
2025-07-05 08:05:27.849 | INFO     | __main__:step:987 -     Goal: 凭借出众的魅力结交各方势力，收集不同属性的魔能水晶，打造出独一无二的全属性法杖。
2025-07-05 08:05:27.850 | INFO     | __main__:step:980 -   Agent 7:
2025-07-05 08:05:27.850 | INFO     | __main__:step:981 -     Position: (19, 16)
2025-07-05 08:05:27.850 | INFO     | __main__:step:982 -     Attributes: {'strength': 1, 'curiosity': 4, 'charm': 9}
2025-07-05 08:05:27.850 | INFO     | __main__:step:983 -     Inventory: {'wood': 2, 'shell': 1}
2025-07-05 08:05:27.850 | INFO     | __main__:step:984 -     Age: 41
2025-07-05 08:05:27.850 | INFO     | __main__:step:985 -     Health: 100
2025-07-05 08:05:27.850 | INFO     | __main__:step:986 -     Hunger: 8.0
2025-07-05 08:05:27.850 | INFO     | __main__:step:987 -     Goal: 我要成为最擅长用魅力获取稀有魔能水晶的魔法商人，建立横跨各元素领地的水晶贸易网络。
2025-07-05 08:05:27.850 | INFO     | __main__:step:980 -   Agent 8:
2025-07-05 08:05:27.850 | INFO     | __main__:step:981 -     Position: (29, 7)
2025-07-05 08:05:27.850 | INFO     | __main__:step:982 -     Attributes: {'strength': 10, 'curiosity': 5, 'charm': 9}
2025-07-05 08:05:27.850 | INFO     | __main__:step:983 -     Inventory: {'wood': 1, 'shell': 1}
2025-07-05 08:05:27.850 | INFO     | __main__:step:984 -     Age: 19
2025-07-05 08:05:27.851 | INFO     | __main__:step:985 -     Health: 100
2025-07-05 08:05:27.851 | INFO     | __main__:step:986 -     Hunger: 8.0
2025-07-05 08:05:27.851 | INFO     | __main__:step:987 -     Goal: 凭借出众的魅力结交各方势力，收集各地珍稀属性的魔能水晶，打造出独一无二的法杖。
2025-07-05 08:05:27.851 | INFO     | __main__:step:980 -   Agent 9:
2025-07-05 08:05:27.851 | INFO     | __main__:step:981 -     Position: (10, 6)
2025-07-05 08:05:27.851 | INFO     | __main__:step:982 -     Attributes: {'strength': 9, 'curiosity': 8, 'charm': 3}
2025-07-05 08:05:27.851 | INFO     | __main__:step:983 -     Inventory: {'wood': 1, 'shell': 1}
2025-07-05 08:05:27.851 | INFO     | __main__:step:984 -     Age: 58
2025-07-05 08:05:27.851 | INFO     | __main__:step:985 -     Health: 100
2025-07-05 08:05:27.851 | INFO     | __main__:step:986 -     Hunger: 8.0
2025-07-05 08:05:27.851 | INFO     | __main__:step:987 -     Goal: "凭借过人的力量和求知欲，我要成为探索未知水晶矿脉的顶尖冒险者。"
2025-07-05 08:05:49.142 | INFO     | __main__:resolve:630 - Valentine Stormcrest(8) (age 19) attempting action: 我饿了，要摘当前位置(29,7)的苹果吃。
2025-07-05 08:05:49.200 | INFO     | __main__:resolve:630 - Eldric Brightwhisper(5) (age 69) attempting action: 我饿了，要摘苹果吃
2025-07-05 08:05:49.466 | INFO     | __main__:resolve:630 - Lumina Whimsy(1) (age 67) attempting action: 我饿了，要去(9,0)摘苹果吃。
2025-07-05 08:05:49.964 | INFO     | __main__:resolve:630 - Barthok Ironquill(9) (age 58) attempting action: 我饿了，要去(10,5)摘苹果吃。
2025-07-05 08:05:50.579 | INFO     | __main__:resolve:630 - Eldrin Brightspark(0) (age 54) attempting action: 我饿了，要去(27,20)摘苹果吃，顺便和Eldric Brightwhisper聊聊关于魔能水晶的事情。
2025-07-05 08:05:51.239 | INFO     | __main__:resolve:630 - Eldrin Quillwhisper(3) (age 56) attempting action: 我饿了，要摘苹果吃。
2025-07-05 08:05:51.486 | INFO     | __main__:resolve:630 - Valentine(6) (age 25) attempting action: 我注意到Lumina Whimsy(1号)和Barthok Ironquill(9号)都在附近，而且我目前饥饿值为8。我决定先前往(0,9)位置摘取苹果充饥，然后利用我的高魅力值去与Lumina Whimsy交流，询问关于魔能水晶的信息。
2025-07-05 08:05:51.553 | INFO     | __main__:resolve:630 - Lucian Veyne(2) (age 42) attempting action: 我饿了，要摘苹果吃
2025-07-05 08:05:51.620 | INFO     | __main__:resolve:630 - Lucien Duvall(7) (age 41) attempting action: 我饿了，要摘苹果吃。
2025-07-05 08:05:52.519 | INFO     | __main__:resolve:630 - Lorinda(4) (age 52) attempting action: 我注意到饥饿值较高(8.0)，先吃掉一个苹果补充体力，然后前往(29,7)位置与Valentine Stormcrest交流，询问关于稀有魔能水晶的信息。
2025-07-05 08:05:55.186 | INFO     | __main__:_process_outcome:744 - Processing outcome for Valentine Stormcrest(8):
2025-07-05 08:05:55.186 | INFO     | __main__:_process_outcome:745 -   Outcome type: dict_keys(['inventory', 'attributes', 'position', 'log'])
2025-07-05 08:05:55.186 | INFO     | __main__:_process_outcome:747 -   Inventory changes: {'apple': 1}
2025-07-05 08:05:55.186 | INFO     | __main__:_process_outcome:749 -   Attribute changes: {'hunger': -5}
2025-07-05 08:05:55.186 | INFO     | __main__:_process_outcome:751 -   Position change: [29, 7]
2025-07-05 08:05:55.187 | INFO     | __main__:_process_outcome:753 -   Action log: 摘了一个苹果并吃掉
2025-07-05 08:05:55.187 | INFO     | __main__:act:286 - Valentine Stormcrest(8) 行动 → 我饿了，要摘当前位置(29,7)的苹果吃。
2025-07-05 08:05:59.553 | INFO     | __main__:_process_outcome:744 - Processing outcome for Eldric Brightwhisper(5):
2025-07-05 08:05:59.554 | INFO     | __main__:_process_outcome:745 -   Outcome type: dict_keys(['inventory', 'attributes', 'position', 'log'])
2025-07-05 08:05:59.554 | INFO     | __main__:_process_outcome:747 -   Inventory changes: {'apple': 1}
2025-07-05 08:05:59.555 | INFO     | __main__:_process_outcome:749 -   Attribute changes: {'hunger': -5}
2025-07-05 08:05:59.555 | INFO     | __main__:_process_outcome:751 -   Position change: [27, 20]
2025-07-05 08:05:59.555 | INFO     | __main__:_process_outcome:753 -   Action log: 摘了一个苹果吃
2025-07-05 08:05:59.557 | INFO     | __main__:act:286 - Eldric Brightwhisper(5) 行动 → 我饿了，要摘苹果吃
2025-07-05 08:06:04.300 | INFO     | __main__:_process_outcome:744 - Processing outcome for Lumina Whimsy(1):
2025-07-05 08:06:04.301 | INFO     | __main__:_process_outcome:745 -   Outcome type: dict_keys(['inventory', 'attributes', 'position', 'log', 'dead'])
2025-07-05 08:06:04.301 | INFO     | __main__:_process_outcome:747 -   Inventory changes: {}
2025-07-05 08:06:04.302 | INFO     | __main__:_process_outcome:749 -   Attribute changes: {}
2025-07-05 08:06:04.302 | INFO     | __main__:_process_outcome:751 -   Position change: [9, 0]
2025-07-05 08:06:04.302 | INFO     | __main__:_process_outcome:753 -   Action log: 前往(9,0)摘苹果
2025-07-05 08:06:04.303 | INFO     | __main__:act:286 - Lumina Whimsy(1) 行动 → 我饿了，要去(9,0)摘苹果吃。
2025-07-05 08:06:11.284 | INFO     | __main__:_process_outcome:744 - Processing outcome for Barthok Ironquill(9):
2025-07-05 08:06:11.285 | INFO     | __main__:_process_outcome:745 -   Outcome type: dict_keys(['inventory', 'attributes', 'position', 'log'])
2025-07-05 08:06:11.285 | INFO     | __main__:_process_outcome:747 -   Inventory changes: {'apple': 1}
2025-07-05 08:06:11.286 | INFO     | __main__:_process_outcome:749 -   Attribute changes: {'hunger': -5}
2025-07-05 08:06:11.286 | INFO     | __main__:_process_outcome:751 -   Position change: [10, 5]
2025-07-05 08:06:11.286 | INFO     | __main__:_process_outcome:753 -   Action log: 移动到(10,5)并摘了一个苹果吃
2025-07-05 08:06:11.288 | INFO     | __main__:act:286 - Barthok Ironquill(9) 行动 → 我饿了，要去(10,5)摘苹果吃。
2025-07-05 08:06:16.797 | INFO     | __main__:_process_outcome:744 - Processing outcome for Eldrin Brightspark(0):
2025-07-05 08:06:16.798 | INFO     | __main__:_process_outcome:745 -   Outcome type: dict_keys(['inventory', 'attributes', 'position', 'log', 'chat_request'])
2025-07-05 08:06:16.799 | INFO     | __main__:_process_outcome:747 -   Inventory changes: {}
2025-07-05 08:06:16.799 | INFO     | __main__:_process_outcome:749 -   Attribute changes: {}
2025-07-05 08:06:16.799 | INFO     | __main__:_process_outcome:751 -   Position change: [27, 20]
2025-07-05 08:06:16.799 | INFO     | __main__:_process_outcome:753 -   Action log: 前往(27,20)摘苹果
2025-07-05 08:06:16.801 | INFO     | __main__:act:286 - Eldrin Brightspark(0) 行动 → 我饿了，要去(27,20)摘苹果吃，顺便和Eldric Brightwhisper聊聊关于魔能水晶的事情。
2025-07-05 08:06:21.148 | INFO     | __main__:_process_outcome:744 - Processing outcome for Eldrin Quillwhisper(3):
2025-07-05 08:06:21.149 | INFO     | __main__:_process_outcome:745 -   Outcome type: dict_keys(['inventory', 'attributes', 'position', 'log'])
2025-07-05 08:06:21.149 | INFO     | __main__:_process_outcome:747 -   Inventory changes: {'apple': 1}
2025-07-05 08:06:21.150 | INFO     | __main__:_process_outcome:749 -   Attribute changes: {'hunger': -5}
2025-07-05 08:06:21.150 | INFO     | __main__:_process_outcome:751 -   Position change: [12, 9]
2025-07-05 08:06:21.150 | INFO     | __main__:_process_outcome:753 -   Action log: 摘了一个苹果充饥
2025-07-05 08:06:21.152 | INFO     | __main__:act:286 - Eldrin Quillwhisper(3) 行动 → 我饿了，要摘苹果吃。
2025-07-05 08:06:26.337 | INFO     | __main__:_process_outcome:744 - Processing outcome for Valentine(6):
2025-07-05 08:06:26.338 | INFO     | __main__:_process_outcome:745 -   Outcome type: dict_keys(['inventory', 'attributes', 'position', 'log', 'chat_request'])
2025-07-05 08:06:26.338 | INFO     | __main__:_process_outcome:747 -   Inventory changes: {}
2025-07-05 08:06:26.339 | INFO     | __main__:_process_outcome:749 -   Attribute changes: {}
2025-07-05 08:06:26.339 | INFO     | __main__:_process_outcome:751 -   Position change: [0, 9]
2025-07-05 08:06:26.339 | INFO     | __main__:_process_outcome:753 -   Action log: 前往(0,9)位置摘取苹果充饥
2025-07-05 08:06:26.340 | INFO     | __main__:act:286 - Valentine(6) 行动 → 我注意到Lumina Whimsy(1号)和Barthok Ironquill(9号)都在附近，而且我目前饥饿值为8。我决定先前往(0,9)位置摘取苹果充饥，然后利用我的高魅力值去与Lumina Whimsy交流，询问关于魔能水晶的信息。
2025-07-05 08:06:30.450 | INFO     | __main__:_process_outcome:744 - Processing outcome for Lucian Veyne(2):
2025-07-05 08:06:30.451 | INFO     | __main__:_process_outcome:745 -   Outcome type: dict_keys(['inventory', 'attributes', 'log'])
2025-07-05 08:06:30.451 | INFO     | __main__:_process_outcome:747 -   Inventory changes: {'apple': 1}
2025-07-05 08:06:30.451 | INFO     | __main__:_process_outcome:749 -   Attribute changes: {'hunger': -5}
2025-07-05 08:06:30.452 | INFO     | __main__:_process_outcome:753 -   Action log: 摘了一个苹果充饥
2025-07-05 08:06:30.453 | INFO     | __main__:act:286 - Lucian Veyne(2) 行动 → 我饿了，要摘苹果吃
2025-07-05 08:06:35.453 | INFO     | __main__:_process_outcome:744 - Processing outcome for Lucien Duvall(7):
2025-07-05 08:06:35.454 | INFO     | __main__:_process_outcome:745 -   Outcome type: dict_keys(['inventory', 'attributes', 'log', 'position'])
2025-07-05 08:06:35.455 | INFO     | __main__:_process_outcome:747 -   Inventory changes: {'apple': 1}
2025-07-05 08:06:35.455 | INFO     | __main__:_process_outcome:749 -   Attribute changes: {'hunger': -5}
2025-07-05 08:06:35.455 | INFO     | __main__:_process_outcome:751 -   Position change: [19, 16]
2025-07-05 08:06:35.455 | INFO     | __main__:_process_outcome:753 -   Action log: 摘了一个苹果吃
2025-07-05 08:06:35.457 | INFO     | __main__:act:286 - Lucien Duvall(7) 行动 → 我饿了，要摘苹果吃。
2025-07-05 08:06:41.281 | INFO     | __main__:_process_outcome:744 - Processing outcome for Lorinda(4):
2025-07-05 08:06:41.282 | INFO     | __main__:_process_outcome:745 -   Outcome type: dict_keys(['inventory', 'attributes', 'position', 'log', 'chat_request'])
2025-07-05 08:06:41.282 | INFO     | __main__:_process_outcome:747 -   Inventory changes: {'apple': -1}
2025-07-05 08:06:41.282 | INFO     | __main__:_process_outcome:749 -   Attribute changes: {'hunger': -5}
2025-07-05 08:06:41.283 | INFO     | __main__:_process_outcome:751 -   Position change: [29, 7]
2025-07-05 08:06:41.283 | INFO     | __main__:_process_outcome:753 -   Action log: 吃了一个苹果补充体力，前往(29,7)位置
2025-07-05 08:06:41.284 | INFO     | __main__:act:286 - Lorinda(4) 行动 → 我注意到饥饿值较高(8.0)，先吃掉一个苹果补充体力，然后前往(29,7)位置与Valentine Stormcrest交流，询问关于稀有魔能水晶的信息。
2025-07-05 08:06:45.783 | SUCCESS  | __main__:adjudicate:395 - [Trinity] Updated resource rules: {'魔能水晶': {'forest': 0.3, 'lake': 0.5, 'mountain': 0.2}}
2025-07-05 08:06:53.005 | WARNING  | __main__:execute_actions:473 - [Trinity] Attempt 1: Invalid JSON, retrying...
2025-07-05 08:06:57.185 | WARNING  | __main__:execute_actions:473 - [Trinity] Attempt 2: Invalid JSON, retrying...
2025-07-05 08:07:01.179 | WARNING  | __main__:execute_actions:475 - [Trinity] Final attempt failed. Raw response: ```json
{"spawn_resources": {"魔能水晶": 5}}
```
2025-07-05 08:07:01.180 | INFO     | __main__:run_simulation:1190 - ===== TURN 2 =====
2025-07-05 08:07:01.180 | INFO     | __main__:step:976 - 
=== TURN 2 START ===
2025-07-05 08:07:01.181 | INFO     | __main__:step:977 - Bible Rules: {}
2025-07-05 08:07:01.181 | INFO     | __main__:step:978 - Agent Status:
2025-07-05 08:07:01.181 | INFO     | __main__:step:980 -   Agent 0:
2025-07-05 08:07:01.182 | INFO     | __main__:step:981 -     Position: (24, 25)
2025-07-05 08:07:01.182 | INFO     | __main__:step:982 -     Attributes: {'strength': 7, 'curiosity': 7, 'charm': 7}
2025-07-05 08:07:01.182 | INFO     | __main__:step:983 -     Inventory: {'wood': 1, 'shell': 1}
2025-07-05 08:07:01.182 | INFO     | __main__:step:984 -     Age: 55
2025-07-05 08:07:01.183 | INFO     | __main__:step:985 -     Health: 100
2025-07-05 08:07:01.183 | INFO     | __main__:step:986 -     Hunger: 16.0
2025-07-05 08:07:01.183 | INFO     | __main__:step:987 -     Goal: "我要成为精通多种属性魔法的全能法师，通过探索不同产地的魔能水晶来打造独一无二的法杖。"
2025-07-05 08:07:01.183 | INFO     | __main__:step:980 -   Agent 1:
2025-07-05 08:07:01.184 | INFO     | __main__:step:981 -     Position: (9, 0)
2025-07-05 08:07:01.184 | INFO     | __main__:step:982 -     Attributes: {'strength': 1, 'curiosity': 10, 'charm': 10}
2025-07-05 08:07:01.184 | INFO     | __main__:step:983 -     Inventory: {'wood': 0, 'shell': 1}
2025-07-05 08:07:01.184 | INFO     | __main__:step:984 -     Age: 68
2025-07-05 08:07:01.184 | INFO     | __main__:step:985 -     Health: 100
2025-07-05 08:07:01.184 | INFO     | __main__:step:986 -     Hunger: 16.0
2025-07-05 08:07:01.185 | INFO     | __main__:step:987 -     Goal: 我要成为最博学的魔法水晶收藏家，用无与伦比的魅力和智慧收集并研究全世界最稀有的魔法水晶。
2025-07-05 08:07:01.186 | INFO     | __main__:step:980 -   Agent 2:
2025-07-05 08:07:01.186 | INFO     | __main__:step:981 -     Position: (14, 14)
2025-07-05 08:07:01.186 | INFO     | __main__:step:982 -     Attributes: {'strength': 4, 'curiosity': 6, 'charm': 7, 'hunger': -5}
2025-07-05 08:07:01.186 | INFO     | __main__:step:983 -     Inventory: {'wood': 1, 'shell': 1, 'apple': 1}
2025-07-05 08:07:01.187 | INFO     | __main__:step:984 -     Age: 43
2025-07-05 08:07:01.187 | INFO     | __main__:step:985 -     Health: 100
2025-07-05 08:07:01.187 | INFO     | __main__:step:986 -     Hunger: 16.0
2025-07-05 08:07:01.187 | INFO     | __main__:step:987 -     Goal: "利用我的魅力和好奇心，收集并研究各地独特的魔能水晶，成为最受欢迎的魔法水晶商人。"
2025-07-05 08:07:01.187 | INFO     | __main__:step:980 -   Agent 3:
2025-07-05 08:07:01.188 | INFO     | __main__:step:981 -     Position: (12, 9)
2025-07-05 08:07:01.188 | INFO     | __main__:step:982 -     Attributes: {'strength': 5, 'curiosity': 9, 'charm': 3, 'hunger': -5}
2025-07-05 08:07:01.188 | INFO     | __main__:step:983 -     Inventory: {'wood': 0, 'shell': 0, 'apple': 1}
2025-07-05 08:07:01.188 | INFO     | __main__:step:984 -     Age: 57
2025-07-05 08:07:01.188 | INFO     | __main__:step:985 -     Health: 100
2025-07-05 08:07:01.188 | INFO     | __main__:step:986 -     Hunger: 16.0
2025-07-05 08:07:01.188 | INFO     | __main__:step:987 -     Goal: "探索世界各地的魔能水晶奥秘，发现最稀有的魔法属性并研究其本质。" 

(基于高好奇心属性，选择以探索和研究为主要目标；低魅力值表明不擅长社交，适合独自钻研；中等力量则能支撑基础探险需求)
2025-07-05 08:07:01.188 | INFO     | __main__:step:980 -   Agent 4:
2025-07-05 08:07:01.188 | INFO     | __main__:step:981 -     Position: (26, 4)
2025-07-05 08:07:01.189 | INFO     | __main__:step:982 -     Attributes: {'strength': 2, 'curiosity': 7, 'charm': 6}
2025-07-05 08:07:01.189 | INFO     | __main__:step:983 -     Inventory: {'wood': 2, 'shell': 0, 'apple': 2}
2025-07-05 08:07:01.189 | INFO     | __main__:step:984 -     Age: 53
2025-07-05 08:07:01.189 | INFO     | __main__:step:985 -     Health: 100
2025-07-05 08:07:01.189 | INFO     | __main__:step:986 -     Hunger: 16.0
2025-07-05 08:07:01.189 | INFO     | __main__:step:987 -     Goal: "我要探索世界各地最稀有的魔能水晶，研究它们的奥秘并成为最博学的魔能学者。" 

(这个目标充分发挥了高好奇心(7)的优势，同时结合了中等魅力(6)便于与各地居民交流获取信息，而较低的体力(2)则通过知识型追求来规避短板)
2025-07-05 08:07:01.189 | INFO     | __main__:step:980 -   Agent 5:
2025-07-05 08:07:01.189 | INFO     | __main__:step:981 -     Position: (27, 20)
2025-07-05 08:07:01.189 | INFO     | __main__:step:982 -     Attributes: {'strength': 7, 'curiosity': 8, 'charm': 9, 'hunger': -5}
2025-07-05 08:07:01.189 | INFO     | __main__:step:983 -     Inventory: {'wood': 2, 'shell': 0, 'apple': 3}
2025-07-05 08:07:01.189 | INFO     | __main__:step:984 -     Age: 70
2025-07-05 08:07:01.189 | INFO     | __main__:step:985 -     Health: 100
2025-07-05 08:07:01.189 | INFO     | __main__:step:986 -     Hunger: 16.0
2025-07-05 08:07:01.189 | INFO     | __main__:step:987 -     Goal: "我要成为最擅长使用魅惑系水晶的部落外交官，用我的魅力为族人获取更多魔法资源。"
2025-07-05 08:07:01.189 | INFO     | __main__:step:980 -   Agent 6:
2025-07-05 08:07:01.189 | INFO     | __main__:step:981 -     Position: (5, 4)
2025-07-05 08:07:01.189 | INFO     | __main__:step:982 -     Attributes: {'strength': 7, 'curiosity': 7, 'charm': 10}
2025-07-05 08:07:01.190 | INFO     | __main__:step:983 -     Inventory: {'wood': 0, 'shell': 0}
2025-07-05 08:07:01.190 | INFO     | __main__:step:984 -     Age: 26
2025-07-05 08:07:01.190 | INFO     | __main__:step:985 -     Health: 100
2025-07-05 08:07:01.190 | INFO     | __main__:step:986 -     Hunger: 16.0
2025-07-05 08:07:01.190 | INFO     | __main__:step:987 -     Goal: 凭借出众的魅力结交各方势力，收集不同属性的魔能水晶，打造出独一无二的全属性法杖。
2025-07-05 08:07:01.190 | INFO     | __main__:step:980 -   Agent 7:
2025-07-05 08:07:01.190 | INFO     | __main__:step:981 -     Position: (19, 16)
2025-07-05 08:07:01.190 | INFO     | __main__:step:982 -     Attributes: {'strength': 1, 'curiosity': 4, 'charm': 9, 'hunger': -5}
2025-07-05 08:07:01.190 | INFO     | __main__:step:983 -     Inventory: {'wood': 2, 'shell': 1, 'apple': 1}
2025-07-05 08:07:01.190 | INFO     | __main__:step:984 -     Age: 42
2025-07-05 08:07:01.190 | INFO     | __main__:step:985 -     Health: 100
2025-07-05 08:07:01.190 | INFO     | __main__:step:986 -     Hunger: 16.0
2025-07-05 08:07:01.190 | INFO     | __main__:step:987 -     Goal: 我要成为最擅长用魅力获取稀有魔能水晶的魔法商人，建立横跨各元素领地的水晶贸易网络。
2025-07-05 08:07:01.190 | INFO     | __main__:step:980 -   Agent 8:
2025-07-05 08:07:01.190 | INFO     | __main__:step:981 -     Position: (29, 7)
2025-07-05 08:07:01.190 | INFO     | __main__:step:982 -     Attributes: {'strength': 10, 'curiosity': 5, 'charm': 9, 'hunger': -5}
2025-07-05 08:07:01.190 | INFO     | __main__:step:983 -     Inventory: {'wood': 1, 'shell': 1, 'apple': 1}
2025-07-05 08:07:01.191 | INFO     | __main__:step:984 -     Age: 20
2025-07-05 08:07:01.191 | INFO     | __main__:step:985 -     Health: 100
2025-07-05 08:07:01.191 | INFO     | __main__:step:986 -     Hunger: 16.0
2025-07-05 08:07:01.191 | INFO     | __main__:step:987 -     Goal: 凭借出众的魅力结交各方势力，收集各地珍稀属性的魔能水晶，打造出独一无二的法杖。
2025-07-05 08:07:01.191 | INFO     | __main__:step:980 -   Agent 9:
2025-07-05 08:07:01.191 | INFO     | __main__:step:981 -     Position: (10, 5)
2025-07-05 08:07:01.191 | INFO     | __main__:step:982 -     Attributes: {'strength': 9, 'curiosity': 8, 'charm': 3, 'hunger': -5}
2025-07-05 08:07:01.191 | INFO     | __main__:step:983 -     Inventory: {'wood': 1, 'shell': 1, 'apple': 1}
2025-07-05 08:07:01.191 | INFO     | __main__:step:984 -     Age: 59
2025-07-05 08:07:01.191 | INFO     | __main__:step:985 -     Health: 100
2025-07-05 08:07:01.191 | INFO     | __main__:step:986 -     Hunger: 16.0
2025-07-05 08:07:01.191 | INFO     | __main__:step:987 -     Goal: "凭借过人的力量和求知欲，我要成为探索未知水晶矿脉的顶尖冒险者。"
2025-07-05 08:07:08.905 | INFO     | __main__:resolve:630 - Lumina Whimsy(1) (age 68) attempting action: 我饿了，要摘苹果吃
2025-07-05 08:07:08.969 | INFO     | __main__:resolve:630 - Lorinda(4) (age 53) attempting action: 我想向Valentine Stormcrest询问关于附近稀有魔能水晶的信息，发起聊天请求
2025-07-05 08:07:08.974 | INFO     | __main__:resolve:630 - Eldric Brightwhisper(5) (age 70) attempting action: 我想和Eldrin Brightspark交谈，询问他是否知道哪里有魅惑系魔能水晶。
2025-07-05 08:07:09.841 | INFO     | __main__:resolve:630 - Lucien Duvall(7) (age 42) attempting action: 我想和Lucian Veyne(2号)聊天，询问他是否知道附近有魔能水晶的产地或交易机会。
2025-07-05 08:07:10.193 | INFO     | __main__:resolve:630 - Valentine(6) (age 26) attempting action: 我注意到Lumina Whimsy(1号)在(9,0)位置，她具有高魅力和好奇心，我打算前往那里与她交流，询问关于魔能水晶的信息。
2025-07-05 08:07:10.311 | INFO     | __main__:resolve:630 - Barthok Ironquill(9) (age 59) attempting action: 我饿了，要摘苹果吃
2025-07-05 08:07:11.419 | INFO     | __main__:resolve:630 - Valentine Stormcrest(8) (age 20) attempting action: 我想和4号Lorinda交谈，询问关于附近珍稀魔能水晶的信息，发起聊天请求
2025-07-05 08:07:11.600 | INFO     | __main__:resolve:630 - Lucian Veyne(2) (age 43) attempting action: 我想和12,9位置的Eldrin Quillwhisper交谈，询问他是否知道附近哪里有魔能水晶。
2025-07-05 08:07:11.601 | INFO     | __main__:resolve:630 - Eldrin Quillwhisper(3) (age 57) attempting action: 我注意到附近森林(12,9)位置有木材和苹果资源，且我的饥饿值为16，需要补充食物，因此决定"收集当前位置(12,9)的苹果和木材"。
2025-07-05 08:07:11.932 | INFO     | __main__:resolve:630 - Eldrin Brightspark(0) (age 55) attempting action: 我饿了，要去(27,20)摘苹果吃，顺便向Eldric Brightwhisper请教关于魔能水晶的知识。
2025-07-05 08:07:13.058 | INFO     | __main__:_process_outcome:744 - Processing outcome for Lumina Whimsy(1):
2025-07-05 08:07:13.058 | INFO     | __main__:_process_outcome:745 -   Outcome type: dict_keys(['inventory', 'attributes', 'log'])
2025-07-05 08:07:13.058 | INFO     | __main__:_process_outcome:747 -   Inventory changes: {'apple': 1}
2025-07-05 08:07:13.058 | INFO     | __main__:_process_outcome:749 -   Attribute changes: {'hunger': -5}
2025-07-05 08:07:13.058 | INFO     | __main__:_process_outcome:753 -   Action log: 摘了一个苹果充饥
2025-07-05 08:07:13.058 | INFO     | __main__:act:286 - Lumina Whimsy(1) 行动 → 我饿了，要摘苹果吃
2025-07-05 08:07:18.397 | INFO     | __main__:_process_outcome:744 - Processing outcome for Lorinda(4):
2025-07-05 08:07:18.397 | INFO     | __main__:_process_outcome:745 -   Outcome type: dict_keys(['chat_request', 'log'])
2025-07-05 08:07:18.398 | INFO     | __main__:_process_outcome:753 -   Action log: 向Valentine Stormcrest询问关于附近稀有魔能水晶的信息
2025-07-05 08:07:18.400 | INFO     | __main__:act:286 - Lorinda(4) 行动 → 我想向Valentine Stormcrest询问关于附近稀有魔能水晶的信息，发起聊天请求
2025-07-05 08:07:23.730 | INFO     | __main__:_process_outcome:744 - Processing outcome for Eldric Brightwhisper(5):
2025-07-05 08:07:23.731 | INFO     | __main__:_process_outcome:745 -   Outcome type: dict_keys(['chat_request', 'log'])
2025-07-05 08:07:23.731 | INFO     | __main__:_process_outcome:753 -   Action log: 询问Eldrin Brightspark是否知道哪里有魅惑系魔能水晶
2025-07-05 08:07:23.733 | INFO     | __main__:act:286 - Eldric Brightwhisper(5) 行动 → 我想和Eldrin Brightspark交谈，询问他是否知道哪里有魅惑系魔能水晶。
2025-07-05 08:07:29.092 | INFO     | __main__:_process_outcome:744 - Processing outcome for Lucien Duvall(7):
2025-07-05 08:07:29.093 | INFO     | __main__:_process_outcome:745 -   Outcome type: dict_keys(['chat_request', 'log', 'position'])
2025-07-05 08:07:29.093 | INFO     | __main__:_process_outcome:751 -   Position change: [19, 16]
2025-07-05 08:07:29.094 | INFO     | __main__:_process_outcome:753 -   Action log: 询问2号关于魔能水晶的产地或交易机会
2025-07-05 08:07:29.095 | INFO     | __main__:act:286 - Lucien Duvall(7) 行动 → 我想和Lucian Veyne(2号)聊天，询问他是否知道附近有魔能水晶的产地或交易机会。
2025-07-05 08:07:34.361 | INFO     | __main__:_process_outcome:744 - Processing outcome for Valentine(6):
2025-07-05 08:07:34.362 | INFO     | __main__:_process_outcome:745 -   Outcome type: dict_keys(['position', 'log', 'chat_request'])
2025-07-05 08:07:34.362 | INFO     | __main__:_process_outcome:751 -   Position change: [9, 0]
2025-07-05 08:07:34.363 | INFO     | __main__:_process_outcome:753 -   Action log: 前往(9,0)位置寻找1号Lumina Whimsy
2025-07-05 08:07:34.364 | INFO     | __main__:act:286 - Valentine(6) 行动 → 我注意到Lumina Whimsy(1号)在(9,0)位置，她具有高魅力和好奇心，我打算前往那里与她交流，询问关于魔能水晶的信息。
2025-07-05 08:07:38.500 | INFO     | __main__:_process_outcome:744 - Processing outcome for Barthok Ironquill(9):
2025-07-05 08:07:38.500 | INFO     | __main__:_process_outcome:745 -   Outcome type: dict_keys(['inventory', 'attributes', 'position', 'log'])
2025-07-05 08:07:38.501 | INFO     | __main__:_process_outcome:747 -   Inventory changes: {'apple': 1}
2025-07-05 08:07:38.501 | INFO     | __main__:_process_outcome:749 -   Attribute changes: {'hunger': -10}
2025-07-05 08:07:38.501 | INFO     | __main__:_process_outcome:751 -   Position change: [10, 5]
2025-07-05 08:07:38.502 | INFO     | __main__:_process_outcome:753 -   Action log: 摘了一个苹果吃
2025-07-05 08:07:38.503 | INFO     | __main__:act:286 - Barthok Ironquill(9) 行动 → 我饿了，要摘苹果吃
2025-07-05 08:07:45.418 | INFO     | __main__:_process_outcome:744 - Processing outcome for Valentine Stormcrest(8):
2025-07-05 08:07:45.418 | INFO     | __main__:_process_outcome:745 -   Outcome type: dict_keys(['chat_request', 'log'])
2025-07-05 08:07:45.418 | INFO     | __main__:_process_outcome:753 -   Action log: 向4号Lorinda询问关于附近珍稀魔能水晶的信息
2025-07-05 08:07:45.419 | INFO     | __main__:act:286 - Valentine Stormcrest(8) 行动 → 我想和4号Lorinda交谈，询问关于附近珍稀魔能水晶的信息，发起聊天请求
2025-07-05 08:07:50.416 | INFO     | __main__:_process_outcome:744 - Processing outcome for Lucian Veyne(2):
2025-07-05 08:07:50.417 | INFO     | __main__:_process_outcome:745 -   Outcome type: dict_keys(['chat_request', 'position', 'log'])
2025-07-05 08:07:50.417 | INFO     | __main__:_process_outcome:751 -   Position change: [12, 9]
2025-07-05 08:07:50.418 | INFO     | __main__:_process_outcome:753 -   Action log: 移动到12,9位置并向Eldrin Quillwhisper询问魔能水晶位置
2025-07-05 08:07:50.419 | INFO     | __main__:act:286 - Lucian Veyne(2) 行动 → 我想和12,9位置的Eldrin Quillwhisper交谈，询问他是否知道附近哪里有魔能水晶。
2025-07-05 08:07:55.327 | INFO     | __main__:_process_outcome:744 - Processing outcome for Eldrin Quillwhisper(3):
2025-07-05 08:07:55.328 | INFO     | __main__:_process_outcome:745 -   Outcome type: dict_keys(['inventory', 'attributes', 'position', 'log'])
2025-07-05 08:07:55.328 | INFO     | __main__:_process_outcome:747 -   Inventory changes: {'wood': 1, 'apple': 1}
2025-07-05 08:07:55.329 | INFO     | __main__:_process_outcome:749 -   Attribute changes: {'hunger': 2}
2025-07-05 08:07:55.329 | INFO     | __main__:_process_outcome:751 -   Position change: [12, 9]
2025-07-05 08:07:55.329 | INFO     | __main__:_process_outcome:753 -   Action log: 收集了1个木材和1个苹果，略微缓解了饥饿
2025-07-05 08:07:55.331 | INFO     | __main__:act:286 - Eldrin Quillwhisper(3) 行动 → 我注意到附近森林(12,9)位置有木材和苹果资源，且我的饥饿值为16，需要补充食物，因此决定"收集当前位置(12,9)的苹果和木材"。
2025-07-05 08:08:02.419 | INFO     | __main__:_process_outcome:744 - Processing outcome for Eldrin Brightspark(0):
2025-07-05 08:08:02.420 | INFO     | __main__:_process_outcome:745 -   Outcome type: dict_keys(['inventory', 'attributes', 'position', 'log', 'chat_request'])
2025-07-05 08:08:02.421 | INFO     | __main__:_process_outcome:747 -   Inventory changes: {}
2025-07-05 08:08:02.421 | INFO     | __main__:_process_outcome:749 -   Attribute changes: {}
2025-07-05 08:08:02.421 | INFO     | __main__:_process_outcome:751 -   Position change: [27, 20]
2025-07-05 08:08:02.421 | INFO     | __main__:_process_outcome:753 -   Action log: 前往(27,20)摘苹果
2025-07-05 08:08:02.423 | INFO     | __main__:act:286 - Eldrin Brightspark(0) 行动 → 我饿了，要去(27,20)摘苹果吃，顺便向Eldric Brightwhisper请教关于魔能水晶的知识。
2025-07-05 08:08:06.435 | SUCCESS  | __main__:adjudicate:395 - [Trinity] Updated resource rules: {'水系魔能水晶': {'贝壳沙滩': 0.3}}
2025-07-05 08:08:12.431 | SUCCESS  | __main__:execute_actions:447 - [Trinity] Spawned resources: {'魔能水晶': 5, '水系魔能水晶': 3}
2025-07-05 08:08:12.432 | SUCCESS  | __main__:execute_actions:468 - [Trinity] Added new resource rules: {'火系魔能水晶': {'MOUNTAIN': 0.4, 'VOLCANO': 0.6}}
2025-07-05 08:08:12.433 | INFO     | __main__:run_simulation:1190 - ===== TURN 3 =====
2025-07-05 08:08:12.433 | INFO     | __main__:step:976 - 
=== TURN 3 START ===
2025-07-05 08:08:12.433 | INFO     | __main__:step:977 - Bible Rules: {}
2025-07-05 08:08:12.434 | INFO     | __main__:step:978 - Agent Status:
2025-07-05 08:08:12.434 | INFO     | __main__:step:980 -   Agent 0:
2025-07-05 08:08:12.434 | INFO     | __main__:step:981 -     Position: (24, 25)
2025-07-05 08:08:12.434 | INFO     | __main__:step:982 -     Attributes: {'strength': 7, 'curiosity': 7, 'charm': 7}
2025-07-05 08:08:12.435 | INFO     | __main__:step:983 -     Inventory: {'wood': 1, 'shell': 1}
2025-07-05 08:08:12.435 | INFO     | __main__:step:984 -     Age: 56
2025-07-05 08:08:12.435 | INFO     | __main__:step:985 -     Health: 100
2025-07-05 08:08:12.435 | INFO     | __main__:step:986 -     Hunger: 24.0
2025-07-05 08:08:12.435 | INFO     | __main__:step:987 -     Goal: "我要成为精通多种属性魔法的全能法师，通过探索不同产地的魔能水晶来打造独一无二的法杖。"
2025-07-05 08:08:12.435 | INFO     | __main__:step:980 -   Agent 1:
2025-07-05 08:08:12.436 | INFO     | __main__:step:981 -     Position: (9, 0)
2025-07-05 08:08:12.436 | INFO     | __main__:step:982 -     Attributes: {'strength': 1, 'curiosity': 10, 'charm': 10, 'hunger': -5}
2025-07-05 08:08:12.436 | INFO     | __main__:step:983 -     Inventory: {'wood': 0, 'shell': 1, 'apple': 1}
2025-07-05 08:08:12.436 | INFO     | __main__:step:984 -     Age: 69
2025-07-05 08:08:12.436 | INFO     | __main__:step:985 -     Health: 100
2025-07-05 08:08:12.436 | INFO     | __main__:step:986 -     Hunger: 24.0
2025-07-05 08:08:12.437 | INFO     | __main__:step:987 -     Goal: 我要成为最博学的魔法水晶收藏家，用无与伦比的魅力和智慧收集并研究全世界最稀有的魔法水晶。
2025-07-05 08:08:12.437 | INFO     | __main__:step:980 -   Agent 2:
2025-07-05 08:08:12.437 | INFO     | __main__:step:981 -     Position: (14, 14)
2025-07-05 08:08:12.437 | INFO     | __main__:step:982 -     Attributes: {'strength': 4, 'curiosity': 6, 'charm': 7, 'hunger': -5}
2025-07-05 08:08:12.437 | INFO     | __main__:step:983 -     Inventory: {'wood': 1, 'shell': 1, 'apple': 1}
2025-07-05 08:08:12.437 | INFO     | __main__:step:984 -     Age: 44
2025-07-05 08:08:12.438 | INFO     | __main__:step:985 -     Health: 100
2025-07-05 08:08:12.438 | INFO     | __main__:step:986 -     Hunger: 24.0
2025-07-05 08:08:12.438 | INFO     | __main__:step:987 -     Goal: "利用我的魅力和好奇心，收集并研究各地独特的魔能水晶，成为最受欢迎的魔法水晶商人。"
2025-07-05 08:08:12.438 | INFO     | __main__:step:980 -   Agent 3:
2025-07-05 08:08:12.438 | INFO     | __main__:step:981 -     Position: (12, 9)
2025-07-05 08:08:12.439 | INFO     | __main__:step:982 -     Attributes: {'strength': 5, 'curiosity': 9, 'charm': 3, 'hunger': -3}
2025-07-05 08:08:12.439 | INFO     | __main__:step:983 -     Inventory: {'wood': 1, 'shell': 0, 'apple': 2}
2025-07-05 08:08:12.439 | INFO     | __main__:step:984 -     Age: 58
2025-07-05 08:08:12.439 | INFO     | __main__:step:985 -     Health: 100
2025-07-05 08:08:12.439 | INFO     | __main__:step:986 -     Hunger: 24.0
2025-07-05 08:08:12.439 | INFO     | __main__:step:987 -     Goal: "探索世界各地的魔能水晶奥秘，发现最稀有的魔法属性并研究其本质。" 

(基于高好奇心属性，选择以探索和研究为主要目标；低魅力值表明不擅长社交，适合独自钻研；中等力量则能支撑基础探险需求)
2025-07-05 08:08:12.439 | INFO     | __main__:step:980 -   Agent 4:
2025-07-05 08:08:12.439 | INFO     | __main__:step:981 -     Position: (26, 4)
2025-07-05 08:08:12.440 | INFO     | __main__:step:982 -     Attributes: {'strength': 2, 'curiosity': 7, 'charm': 6}
2025-07-05 08:08:12.440 | INFO     | __main__:step:983 -     Inventory: {'wood': 2, 'shell': 0, 'apple': 2}
2025-07-05 08:08:12.440 | INFO     | __main__:step:984 -     Age: 54
2025-07-05 08:08:12.440 | INFO     | __main__:step:985 -     Health: 100
2025-07-05 08:08:12.440 | INFO     | __main__:step:986 -     Hunger: 24.0
2025-07-05 08:08:12.440 | INFO     | __main__:step:987 -     Goal: "我要探索世界各地最稀有的魔能水晶，研究它们的奥秘并成为最博学的魔能学者。" 

(这个目标充分发挥了高好奇心(7)的优势，同时结合了中等魅力(6)便于与各地居民交流获取信息，而较低的体力(2)则通过知识型追求来规避短板)
2025-07-05 08:08:12.440 | INFO     | __main__:step:980 -   Agent 5:
2025-07-05 08:08:12.441 | INFO     | __main__:step:981 -     Position: (27, 20)
2025-07-05 08:08:12.441 | INFO     | __main__:step:982 -     Attributes: {'strength': 7, 'curiosity': 8, 'charm': 9, 'hunger': -5}
2025-07-05 08:08:12.441 | INFO     | __main__:step:983 -     Inventory: {'wood': 2, 'shell': 0, 'apple': 3}
2025-07-05 08:08:12.441 | INFO     | __main__:step:984 -     Age: 71
2025-07-05 08:08:12.441 | INFO     | __main__:step:985 -     Health: 100
2025-07-05 08:08:12.441 | INFO     | __main__:step:986 -     Hunger: 24.0
2025-07-05 08:08:12.441 | INFO     | __main__:step:987 -     Goal: "我要成为最擅长使用魅惑系水晶的部落外交官，用我的魅力为族人获取更多魔法资源。"
2025-07-05 08:08:12.441 | INFO     | __main__:step:980 -   Agent 6:
2025-07-05 08:08:12.441 | INFO     | __main__:step:981 -     Position: (5, 4)
2025-07-05 08:08:12.441 | INFO     | __main__:step:982 -     Attributes: {'strength': 7, 'curiosity': 7, 'charm': 10}
2025-07-05 08:08:12.441 | INFO     | __main__:step:983 -     Inventory: {'wood': 0, 'shell': 0}
2025-07-05 08:08:12.441 | INFO     | __main__:step:984 -     Age: 27
2025-07-05 08:08:12.441 | INFO     | __main__:step:985 -     Health: 100
2025-07-05 08:08:12.441 | INFO     | __main__:step:986 -     Hunger: 24.0
2025-07-05 08:08:12.441 | INFO     | __main__:step:987 -     Goal: 凭借出众的魅力结交各方势力，收集不同属性的魔能水晶，打造出独一无二的全属性法杖。
2025-07-05 08:08:12.441 | INFO     | __main__:step:980 -   Agent 7:
2025-07-05 08:08:12.441 | INFO     | __main__:step:981 -     Position: (19, 16)
2025-07-05 08:08:12.442 | INFO     | __main__:step:982 -     Attributes: {'strength': 1, 'curiosity': 4, 'charm': 9, 'hunger': -5}
2025-07-05 08:08:12.442 | INFO     | __main__:step:983 -     Inventory: {'wood': 2, 'shell': 1, 'apple': 1}
2025-07-05 08:08:12.442 | INFO     | __main__:step:984 -     Age: 43
2025-07-05 08:08:12.442 | INFO     | __main__:step:985 -     Health: 100
2025-07-05 08:08:12.442 | INFO     | __main__:step:986 -     Hunger: 24.0
2025-07-05 08:08:12.442 | INFO     | __main__:step:987 -     Goal: 我要成为最擅长用魅力获取稀有魔能水晶的魔法商人，建立横跨各元素领地的水晶贸易网络。
2025-07-05 08:08:12.442 | INFO     | __main__:step:980 -   Agent 8:
2025-07-05 08:08:12.442 | INFO     | __main__:step:981 -     Position: (29, 7)
2025-07-05 08:08:12.442 | INFO     | __main__:step:982 -     Attributes: {'strength': 10, 'curiosity': 5, 'charm': 9, 'hunger': -5}
2025-07-05 08:08:12.442 | INFO     | __main__:step:983 -     Inventory: {'wood': 1, 'shell': 1, 'apple': 1}
2025-07-05 08:08:12.442 | INFO     | __main__:step:984 -     Age: 21
2025-07-05 08:08:12.442 | INFO     | __main__:step:985 -     Health: 100
2025-07-05 08:08:12.443 | INFO     | __main__:step:986 -     Hunger: 24.0
2025-07-05 08:08:12.443 | INFO     | __main__:step:987 -     Goal: 凭借出众的魅力结交各方势力，收集各地珍稀属性的魔能水晶，打造出独一无二的法杖。
2025-07-05 08:08:12.443 | INFO     | __main__:step:980 -   Agent 9:
2025-07-05 08:08:12.443 | INFO     | __main__:step:981 -     Position: (10, 5)
2025-07-05 08:08:12.443 | INFO     | __main__:step:982 -     Attributes: {'strength': 9, 'curiosity': 8, 'charm': 3, 'hunger': -15}
2025-07-05 08:08:12.443 | INFO     | __main__:step:983 -     Inventory: {'wood': 1, 'shell': 1, 'apple': 2}
2025-07-05 08:08:12.443 | INFO     | __main__:step:984 -     Age: 60
2025-07-05 08:08:12.443 | INFO     | __main__:step:985 -     Health: 100
2025-07-05 08:08:12.443 | INFO     | __main__:step:986 -     Hunger: 24.0
2025-07-05 08:08:12.443 | INFO     | __main__:step:987 -     Goal: "凭借过人的力量和求知欲，我要成为探索未知水晶矿脉的顶尖冒险者。"
2025-07-05 08:08:29.663 | INFO     | __main__:resolve:630 - Valentine(6) (age 27) attempting action: 我想向Lumina Whimsy(1号)询问关于魔能水晶的信息，发起聊天请求
2025-07-05 08:08:29.731 | INFO     | __main__:resolve:630 - Lumina Whimsy(1) (age 69) attempting action: 我想向Barthok Ironquill询问关于魔法水晶的信息，发起聊天请求
2025-07-05 08:08:29.876 | INFO     | __main__:resolve:630 - Lucian Veyne(2) (age 44) attempting action: 我想向12号位置的Eldrin Quillwhisper询问关于附近魔能水晶的信息，发起聊天请求
2025-07-05 08:08:29.971 | INFO     | __main__:resolve:630 - Eldric Brightwhisper(5) (age 71) attempting action: 我想和Eldrin Brightspark交谈，询问他是否知道附近哪里有魅惑属性的魔能水晶。
2025-07-05 08:08:30.076 | INFO     | __main__:resolve:630 - Lorinda(4) (age 54) attempting action: 我注意到在(25,5)位置有一块水系魔能水晶，这正是我作为魔能学者最感兴趣的研究对象。我要前往那里收集这块水晶进行研究。
2025-07-05 08:08:30.578 | INFO     | __main__:resolve:630 - Barthok Ironquill(9) (age 60) attempting action: 我饿了，要摘苹果吃。
2025-07-05 08:08:30.988 | INFO     | __main__:resolve:630 - Valentine Stormcrest(8) (age 21) attempting action: 我注意到在(25,5)位置有一块水系魔能水晶，这正是我打造法杖所需的重要材料。我决定前往收集这块水晶，同时可以顺路与Lorinda交流关于水晶的信息。
2025-07-05 08:08:32.217 | INFO     | __main__:resolve:630 - Lucien Duvall(7) (age 43) attempting action: 我想和Lucian Veyne(2号)聊天，询问他是否知道附近哪里有稀有魔能水晶。
2025-07-05 08:08:32.365 | INFO     | __main__:resolve:630 - Eldrin Brightspark(0) (age 56) attempting action: 我饿了，要去(27,20)摘苹果吃，顺便和Eldric Brightwhisper聊聊关于魔能水晶的信息。
2025-07-05 08:08:33.446 | INFO     | __main__:resolve:630 - Eldrin Quillwhisper(3) (age 58) attempting action: 我注意到在(7,12)位置有一块水系魔能水晶，这符合我研究稀有魔法属性的目标，现在就去收集它。
2025-07-05 08:08:34.163 | INFO     | __main__:_process_outcome:744 - Processing outcome for Valentine(6):
2025-07-05 08:08:34.164 | INFO     | __main__:_process_outcome:745 -   Outcome type: dict_keys(['chat_request', 'log'])
2025-07-05 08:08:34.165 | INFO     | __main__:_process_outcome:753 -   Action log: 向1号询问关于魔能水晶的信息
2025-07-05 08:08:34.166 | INFO     | __main__:act:286 - Valentine(6) 行动 → 我想向Lumina Whimsy(1号)询问关于魔能水晶的信息，发起聊天请求
2025-07-05 08:08:39.488 | INFO     | __main__:_process_outcome:744 - Processing outcome for Lumina Whimsy(1):
2025-07-05 08:08:39.489 | INFO     | __main__:_process_outcome:745 -   Outcome type: dict_keys(['chat_request', 'log'])
2025-07-05 08:08:39.489 | INFO     | __main__:_process_outcome:753 -   Action log: 向Barthok Ironquill询问关于魔法水晶的信息
2025-07-05 08:08:39.491 | INFO     | __main__:act:286 - Lumina Whimsy(1) 行动 → 我想向Barthok Ironquill询问关于魔法水晶的信息，发起聊天请求
2025-07-05 08:08:44.815 | INFO     | __main__:_process_outcome:744 - Processing outcome for Lucian Veyne(2):
2025-07-05 08:08:44.815 | INFO     | __main__:_process_outcome:745 -   Outcome type: dict_keys(['chat_request', 'log'])
2025-07-05 08:08:44.816 | INFO     | __main__:_process_outcome:753 -   Action log: 向12号的Eldrin Quillwhisper询问关于附近魔能水晶的信息
2025-07-05 08:08:44.818 | INFO     | __main__:act:286 - Lucian Veyne(2) 行动 → 我想向12号位置的Eldrin Quillwhisper询问关于附近魔能水晶的信息，发起聊天请求
2025-07-05 08:08:50.520 | INFO     | __main__:_process_outcome:744 - Processing outcome for Eldric Brightwhisper(5):
2025-07-05 08:08:50.521 | INFO     | __main__:_process_outcome:745 -   Outcome type: dict_keys(['chat_request', 'log', 'position'])
2025-07-05 08:08:50.521 | INFO     | __main__:_process_outcome:751 -   Position change: [27, 20]
2025-07-05 08:08:50.522 | INFO     | __main__:_process_outcome:753 -   Action log: 向Eldrin Brightspark询问魅惑属性的魔能水晶位置
2025-07-05 08:08:50.523 | INFO     | __main__:act:286 - Eldric Brightwhisper(5) 行动 → 我想和Eldrin Brightspark交谈，询问他是否知道附近哪里有魅惑属性的魔能水晶。
2025-07-05 08:08:56.901 | INFO     | __main__:_process_outcome:744 - Processing outcome for Lorinda(4):
2025-07-05 08:08:56.902 | INFO     | __main__:_process_outcome:745 -   Outcome type: dict_keys(['inventory', 'attributes', 'position', 'log'])
2025-07-05 08:08:56.902 | INFO     | __main__:_process_outcome:747 -   Inventory changes: {'wood': -2, 'shell': 0, 'apple': 2}
2025-07-05 08:08:56.902 | INFO     | __main__:_process_outcome:749 -   Attribute changes: {'strength': 2, 'curiosity': 7, 'charm': 6}
2025-07-05 08:08:56.902 | INFO     | __main__:_process_outcome:751 -   Position change: [25, 5]
2025-07-05 08:08:56.903 | INFO     | __main__:_process_outcome:753 -   Action log: 前往(25,5)位置研究水系魔能水晶
2025-07-05 08:08:56.903 | INFO     | __main__:act:286 - Lorinda(4) 行动 → 我注意到在(25,5)位置有一块水系魔能水晶，这正是我作为魔能学者最感兴趣的研究对象。我要前往那里收集这块水晶进行研究。
2025-07-05 08:09:01.095 | INFO     | __main__:_process_outcome:744 - Processing outcome for Barthok Ironquill(9):
2025-07-05 08:09:01.096 | INFO     | __main__:_process_outcome:745 -   Outcome type: dict_keys(['inventory', 'attributes', 'position', 'log'])
2025-07-05 08:09:01.097 | INFO     | __main__:_process_outcome:747 -   Inventory changes: {'apple': -1}
2025-07-05 08:09:01.097 | INFO     | __main__:_process_outcome:749 -   Attribute changes: {'hunger': 10}
2025-07-05 08:09:01.097 | INFO     | __main__:_process_outcome:751 -   Position change: [10, 5]
2025-07-05 08:09:01.098 | INFO     | __main__:_process_outcome:753 -   Action log: 吃了一个苹果
2025-07-05 08:09:01.099 | INFO     | __main__:act:286 - Barthok Ironquill(9) 行动 → 我饿了，要摘苹果吃。
2025-07-05 08:09:06.807 | INFO     | __main__:_process_outcome:744 - Processing outcome for Valentine Stormcrest(8):
2025-07-05 08:09:06.808 | INFO     | __main__:_process_outcome:745 -   Outcome type: dict_keys(['inventory', 'attributes', 'position', 'log', 'chat_request'])
2025-07-05 08:09:06.808 | INFO     | __main__:_process_outcome:747 -   Inventory changes: {}
2025-07-05 08:09:06.809 | INFO     | __main__:_process_outcome:749 -   Attribute changes: {'hunger': 2}
2025-07-05 08:09:06.809 | INFO     | __main__:_process_outcome:751 -   Position change: [25, 5]
2025-07-05 08:09:06.809 | INFO     | __main__:_process_outcome:753 -   Action log: 前往(25,5)位置寻找水系魔能水晶，并计划与Lorinda交流水晶信息
2025-07-05 08:09:06.810 | INFO     | __main__:act:286 - Valentine Stormcrest(8) 行动 → 我注意到在(25,5)位置有一块水系魔能水晶，这正是我打造法杖所需的重要材料。我决定前往收集这块水晶，同时可以顺路与Lorinda交流关于水晶的信息。
2025-07-05 08:09:11.987 | INFO     | __main__:_process_outcome:744 - Processing outcome for Lucien Duvall(7):
2025-07-05 08:09:11.988 | INFO     | __main__:_process_outcome:745 -   Outcome type: dict_keys(['chat_request', 'log', 'position'])
2025-07-05 08:09:11.988 | INFO     | __main__:_process_outcome:751 -   Position change: [19, 16]
2025-07-05 08:09:11.989 | INFO     | __main__:_process_outcome:753 -   Action log: 询问2号关于稀有魔能水晶的位置信息
2025-07-05 08:09:11.990 | INFO     | __main__:act:286 - Lucien Duvall(7) 行动 → 我想和Lucian Veyne(2号)聊天，询问他是否知道附近哪里有稀有魔能水晶。
2025-07-05 08:09:17.709 | INFO     | __main__:_process_outcome:744 - Processing outcome for Eldrin Brightspark(0):
2025-07-05 08:09:17.710 | INFO     | __main__:_process_outcome:745 -   Outcome type: dict_keys(['inventory', 'attributes', 'position', 'log', 'chat_request'])
2025-07-05 08:09:17.710 | INFO     | __main__:_process_outcome:747 -   Inventory changes: {}
2025-07-05 08:09:17.710 | INFO     | __main__:_process_outcome:749 -   Attribute changes: {}
2025-07-05 08:09:17.710 | INFO     | __main__:_process_outcome:751 -   Position change: [27, 20]
2025-07-05 08:09:17.710 | INFO     | __main__:_process_outcome:753 -   Action log: 前往(27,20)摘苹果并准备与Eldric Brightwhisper交谈
2025-07-05 08:09:17.710 | INFO     | __main__:act:286 - Eldrin Brightspark(0) 行动 → 我饿了，要去(27,20)摘苹果吃，顺便和Eldric Brightwhisper聊聊关于魔能水晶的信息。
2025-07-05 08:09:21.962 | INFO     | __main__:_process_outcome:744 - Processing outcome for Eldrin Quillwhisper(3):
2025-07-05 08:09:21.963 | INFO     | __main__:_process_outcome:745 -   Outcome type: dict_keys(['inventory', 'position', 'attributes', 'log'])
2025-07-05 08:09:21.963 | INFO     | __main__:_process_outcome:747 -   Inventory changes: {'water_magic_crystal': 1}
2025-07-05 08:09:21.964 | INFO     | __main__:_process_outcome:749 -   Attribute changes: {'curiosity': 1}
2025-07-05 08:09:21.965 | INFO     | __main__:_process_outcome:751 -   Position change: [7, 12]
2025-07-05 08:09:21.965 | INFO     | __main__:_process_outcome:753 -   Action log: 收集了水系魔能水晶
2025-07-05 08:09:21.967 | INFO     | __main__:act:286 - Eldrin Quillwhisper(3) 行动 → 我注意到在(7,12)位置有一块水系魔能水晶，这符合我研究稀有魔法属性的目标，现在就去收集它。
2025-07-05 08:09:26.202 | SUCCESS  | __main__:adjudicate:395 - [Trinity] Updated resource rules: {'魔能水晶': {'火山口': 0.4, '月光湖畔': 0.3, '其他': 0.3}}
2025-07-05 08:09:30.894 | WARNING  | __main__:execute_actions:473 - [Trinity] Attempt 1: Invalid JSON, retrying...
2025-07-05 08:09:35.220 | WARNING  | __main__:execute_actions:473 - [Trinity] Attempt 2: Invalid JSON, retrying...
2025-07-05 08:09:39.310 | WARNING  | __main__:execute_actions:475 - [Trinity] Final attempt failed. Raw response: ```json
{"spawn_resources": {"魔能水晶": 2, "水系魔能水晶": 1, "火系魔能水晶": 1}}
```
2025-07-05 08:09:39.311 | INFO     | __main__:run_simulation:1190 - ===== TURN 4 =====
2025-07-05 08:09:39.311 | INFO     | __main__:step:976 - 
=== TURN 4 START ===
2025-07-05 08:09:39.312 | INFO     | __main__:step:977 - Bible Rules: {}
2025-07-05 08:09:39.312 | INFO     | __main__:step:978 - Agent Status:
2025-07-05 08:09:39.313 | INFO     | __main__:step:980 -   Agent 0:
2025-07-05 08:09:39.313 | INFO     | __main__:step:981 -     Position: (24, 25)
2025-07-05 08:09:39.313 | INFO     | __main__:step:982 -     Attributes: {'strength': 7, 'curiosity': 7, 'charm': 7}
2025-07-05 08:09:39.314 | INFO     | __main__:step:983 -     Inventory: {'wood': 1, 'shell': 1}
2025-07-05 08:09:39.314 | INFO     | __main__:step:984 -     Age: 57
2025-07-05 08:09:39.314 | INFO     | __main__:step:985 -     Health: 100
2025-07-05 08:09:39.314 | INFO     | __main__:step:986 -     Hunger: 32.0
2025-07-05 08:09:39.314 | INFO     | __main__:step:987 -     Goal: "我要成为精通多种属性魔法的全能法师，通过探索不同产地的魔能水晶来打造独一无二的法杖。"
2025-07-05 08:09:39.315 | INFO     | __main__:step:980 -   Agent 1:
2025-07-05 08:09:39.315 | INFO     | __main__:step:981 -     Position: (9, 0)
2025-07-05 08:09:39.315 | INFO     | __main__:step:982 -     Attributes: {'strength': 1, 'curiosity': 10, 'charm': 10, 'hunger': -5}
2025-07-05 08:09:39.316 | INFO     | __main__:step:983 -     Inventory: {'wood': 0, 'shell': 1, 'apple': 1}
2025-07-05 08:09:39.316 | INFO     | __main__:step:984 -     Age: 70
2025-07-05 08:09:39.316 | INFO     | __main__:step:985 -     Health: 100
2025-07-05 08:09:39.317 | INFO     | __main__:step:986 -     Hunger: 32.0
2025-07-05 08:09:39.317 | INFO     | __main__:step:987 -     Goal: 我要成为最博学的魔法水晶收藏家，用无与伦比的魅力和智慧收集并研究全世界最稀有的魔法水晶。
2025-07-05 08:09:39.317 | INFO     | __main__:step:980 -   Agent 2:
2025-07-05 08:09:39.317 | INFO     | __main__:step:981 -     Position: (14, 14)
2025-07-05 08:09:39.317 | INFO     | __main__:step:982 -     Attributes: {'strength': 4, 'curiosity': 6, 'charm': 7, 'hunger': -5}
2025-07-05 08:09:39.318 | INFO     | __main__:step:983 -     Inventory: {'wood': 1, 'shell': 1, 'apple': 1}
2025-07-05 08:09:39.318 | INFO     | __main__:step:984 -     Age: 45
2025-07-05 08:09:39.318 | INFO     | __main__:step:985 -     Health: 100
2025-07-05 08:09:39.318 | INFO     | __main__:step:986 -     Hunger: 32.0
2025-07-05 08:09:39.318 | INFO     | __main__:step:987 -     Goal: "利用我的魅力和好奇心，收集并研究各地独特的魔能水晶，成为最受欢迎的魔法水晶商人。"
2025-07-05 08:09:39.318 | INFO     | __main__:step:980 -   Agent 3:
2025-07-05 08:09:39.318 | INFO     | __main__:step:981 -     Position: (7, 12)
2025-07-05 08:09:39.318 | INFO     | __main__:step:982 -     Attributes: {'strength': 5, 'curiosity': 10, 'charm': 3, 'hunger': -3}
2025-07-05 08:09:39.318 | INFO     | __main__:step:983 -     Inventory: {'wood': 1, 'shell': 0, 'apple': 2, 'water_magic_crystal': 1}
2025-07-05 08:09:39.319 | INFO     | __main__:step:984 -     Age: 59
2025-07-05 08:09:39.319 | INFO     | __main__:step:985 -     Health: 100
2025-07-05 08:09:39.319 | INFO     | __main__:step:986 -     Hunger: 32.0
2025-07-05 08:09:39.319 | INFO     | __main__:step:987 -     Goal: "探索世界各地的魔能水晶奥秘，发现最稀有的魔法属性并研究其本质。" 

(基于高好奇心属性，选择以探索和研究为主要目标；低魅力值表明不擅长社交，适合独自钻研；中等力量则能支撑基础探险需求)
2025-07-05 08:09:39.319 | INFO     | __main__:step:980 -   Agent 4:
2025-07-05 08:09:39.319 | INFO     | __main__:step:981 -     Position: (25, 5)
2025-07-05 08:09:39.319 | INFO     | __main__:step:982 -     Attributes: {'strength': 4, 'curiosity': 14, 'charm': 12}
2025-07-05 08:09:39.319 | INFO     | __main__:step:983 -     Inventory: {'wood': 0, 'shell': 0, 'apple': 4}
2025-07-05 08:09:39.319 | INFO     | __main__:step:984 -     Age: 55
2025-07-05 08:09:39.319 | INFO     | __main__:step:985 -     Health: 100
2025-07-05 08:09:39.319 | INFO     | __main__:step:986 -     Hunger: 32.0
2025-07-05 08:09:39.319 | INFO     | __main__:step:987 -     Goal: "我要探索世界各地最稀有的魔能水晶，研究它们的奥秘并成为最博学的魔能学者。" 

(这个目标充分发挥了高好奇心(7)的优势，同时结合了中等魅力(6)便于与各地居民交流获取信息，而较低的体力(2)则通过知识型追求来规避短板)
2025-07-05 08:09:39.319 | INFO     | __main__:step:980 -   Agent 5:
2025-07-05 08:09:39.320 | INFO     | __main__:step:981 -     Position: (27, 20)
2025-07-05 08:09:39.320 | INFO     | __main__:step:982 -     Attributes: {'strength': 7, 'curiosity': 8, 'charm': 9, 'hunger': -5}
2025-07-05 08:09:39.320 | INFO     | __main__:step:983 -     Inventory: {'wood': 2, 'shell': 0, 'apple': 3}
2025-07-05 08:09:39.320 | INFO     | __main__:step:984 -     Age: 72
2025-07-05 08:09:39.320 | INFO     | __main__:step:985 -     Health: 100
2025-07-05 08:09:39.320 | INFO     | __main__:step:986 -     Hunger: 32.0
2025-07-05 08:09:39.320 | INFO     | __main__:step:987 -     Goal: "我要成为最擅长使用魅惑系水晶的部落外交官，用我的魅力为族人获取更多魔法资源。"
2025-07-05 08:09:39.320 | INFO     | __main__:step:980 -   Agent 6:
2025-07-05 08:09:39.320 | INFO     | __main__:step:981 -     Position: (5, 4)
2025-07-05 08:09:39.320 | INFO     | __main__:step:982 -     Attributes: {'strength': 7, 'curiosity': 7, 'charm': 10}
2025-07-05 08:09:39.321 | INFO     | __main__:step:983 -     Inventory: {'wood': 0, 'shell': 0}
2025-07-05 08:09:39.321 | INFO     | __main__:step:984 -     Age: 28
2025-07-05 08:09:39.321 | INFO     | __main__:step:985 -     Health: 100
2025-07-05 08:09:39.321 | INFO     | __main__:step:986 -     Hunger: 32.0
2025-07-05 08:09:39.321 | INFO     | __main__:step:987 -     Goal: 凭借出众的魅力结交各方势力，收集不同属性的魔能水晶，打造出独一无二的全属性法杖。
2025-07-05 08:09:39.321 | INFO     | __main__:step:980 -   Agent 7:
2025-07-05 08:09:39.321 | INFO     | __main__:step:981 -     Position: (19, 16)
2025-07-05 08:09:39.321 | INFO     | __main__:step:982 -     Attributes: {'strength': 1, 'curiosity': 4, 'charm': 9, 'hunger': -5}
2025-07-05 08:09:39.321 | INFO     | __main__:step:983 -     Inventory: {'wood': 2, 'shell': 1, 'apple': 1}
2025-07-05 08:09:39.321 | INFO     | __main__:step:984 -     Age: 44
2025-07-05 08:09:39.321 | INFO     | __main__:step:985 -     Health: 100
2025-07-05 08:09:39.321 | INFO     | __main__:step:986 -     Hunger: 32.0
2025-07-05 08:09:39.321 | INFO     | __main__:step:987 -     Goal: 我要成为最擅长用魅力获取稀有魔能水晶的魔法商人，建立横跨各元素领地的水晶贸易网络。
2025-07-05 08:09:39.321 | INFO     | __main__:step:980 -   Agent 8:
2025-07-05 08:09:39.321 | INFO     | __main__:step:981 -     Position: (29, 7)
2025-07-05 08:09:39.321 | INFO     | __main__:step:982 -     Attributes: {'strength': 10, 'curiosity': 5, 'charm': 9, 'hunger': -5}
2025-07-05 08:09:39.322 | INFO     | __main__:step:983 -     Inventory: {'wood': 1, 'shell': 1, 'apple': 1}
2025-07-05 08:09:39.322 | INFO     | __main__:step:984 -     Age: 22
2025-07-05 08:09:39.322 | INFO     | __main__:step:985 -     Health: 100
2025-07-05 08:09:39.322 | INFO     | __main__:step:986 -     Hunger: 32.0
2025-07-05 08:09:39.322 | INFO     | __main__:step:987 -     Goal: 凭借出众的魅力结交各方势力，收集各地珍稀属性的魔能水晶，打造出独一无二的法杖。
2025-07-05 08:09:39.322 | INFO     | __main__:step:980 -   Agent 9:
2025-07-05 08:09:39.322 | INFO     | __main__:step:981 -     Position: (10, 5)
2025-07-05 08:09:39.322 | INFO     | __main__:step:982 -     Attributes: {'strength': 9, 'curiosity': 8, 'charm': 3, 'hunger': -5}
2025-07-05 08:09:39.322 | INFO     | __main__:step:983 -     Inventory: {'wood': 1, 'shell': 1, 'apple': 1}
2025-07-05 08:09:39.322 | INFO     | __main__:step:984 -     Age: 61
2025-07-05 08:09:39.322 | INFO     | __main__:step:985 -     Health: 100
2025-07-05 08:09:39.322 | INFO     | __main__:step:986 -     Hunger: 32.0
2025-07-05 08:09:39.322 | INFO     | __main__:step:987 -     Goal: "凭借过人的力量和求知欲，我要成为探索未知水晶矿脉的顶尖冒险者。"
2025-07-05 08:09:51.781 | INFO     | __main__:resolve:630 - Valentine Stormcrest(8) (age 22) attempting action: 我想和Lorinda交谈，询问关于水系魔能水晶的信息，发起聊天请求
2025-07-05 08:09:51.913 | INFO     | __main__:resolve:630 - Barthok Ironquill(9) (age 61) attempting action: 我饿了，要摘当前位置(10,5)的苹果吃。
2025-07-05 08:09:52.029 | INFO     | __main__:resolve:630 - Lucian Veyne(2) (age 45) attempting action: 我想和7号Lucien Duvall聊聊关于魔能水晶的信息，发起聊天请求
2025-07-05 08:09:52.112 | INFO     | __main__:resolve:630 - Lorinda(4) (age 55) attempting action: 收集当前位置(25,5)的水系魔能水晶，以进一步研究其魔法特性。
2025-07-05 08:09:53.308 | INFO     | __main__:resolve:630 - Eldric Brightwhisper(5) (age 72) attempting action: 我想和Eldrin Brightspark交谈，询问他是否知道附近哪里有魅惑属性的魔能水晶。
2025-07-05 08:09:53.857 | INFO     | __main__:resolve:630 - Lumina Whimsy(1) (age 70) attempting action: 我想向Barthok Ironquill询问关于魔法水晶的信息，发起聊天请求
2025-07-05 08:09:54.027 | INFO     | __main__:resolve:630 - Lucien Duvall(7) (age 44) attempting action: 我想和Lucian Veyne(2号)聊聊关于魔能水晶贸易的事情，发起聊天请求。
2025-07-05 08:09:54.191 | INFO     | __main__:resolve:630 - Eldrin Brightspark(0) (age 57) attempting action: 我想向Eldric Brightwhisper询问关于不同产地魔能水晶属性的知识，发起聊天请求。
2025-07-05 08:09:54.627 | INFO     | __main__:resolve:630 - Eldrin Quillwhisper(3) (age 59) attempting action: 我注意到在(4,17)和(5,16)位置有魔能水晶，我要前往(4,17)收集那里的魔能水晶进行研究。
2025-07-05 08:09:55.574 | INFO     | __main__:resolve:630 - Valentine(6) (age 28) attempting action: 我注意到Lumina Whimsy(1号)和Barthok Ironquill(9号)都在附近，而且我拥有很高的魅力值。我决定先向魅力同样很高的Lumina Whimsy发起聊天请求，询问关于魔能水晶的信息。
2025-07-05 08:09:56.805 | INFO     | __main__:_process_outcome:744 - Processing outcome for Valentine Stormcrest(8):
2025-07-05 08:09:56.805 | INFO     | __main__:_process_outcome:745 -   Outcome type: dict_keys(['chat_request', 'log'])
2025-07-05 08:09:56.806 | INFO     | __main__:_process_outcome:753 -   Action log: 向Lorinda询问关于水系魔能水晶的信息
2025-07-05 08:09:56.808 | INFO     | __main__:act:286 - Valentine Stormcrest(8) 行动 → 我想和Lorinda交谈，询问关于水系魔能水晶的信息，发起聊天请求
2025-07-05 08:10:01.992 | INFO     | __main__:_process_outcome:744 - Processing outcome for Barthok Ironquill(9):
2025-07-05 08:10:01.993 | INFO     | __main__:_process_outcome:745 -   Outcome type: dict_keys(['inventory', 'attributes', 'position', 'log'])
2025-07-05 08:10:01.993 | INFO     | __main__:_process_outcome:747 -   Inventory changes: {'apple': 1}
2025-07-05 08:10:01.993 | INFO     | __main__:_process_outcome:749 -   Attribute changes: {'hunger': -5}
2025-07-05 08:10:01.994 | INFO     | __main__:_process_outcome:751 -   Position change: [10, 5]
2025-07-05 08:10:01.994 | INFO     | __main__:_process_outcome:753 -   Action log: 摘了一个苹果并吃掉
2025-07-05 08:10:01.996 | INFO     | __main__:act:286 - Barthok Ironquill(9) 行动 → 我饿了，要摘当前位置(10,5)的苹果吃。
2025-07-05 08:10:06.683 | INFO     | __main__:_process_outcome:744 - Processing outcome for Lucian Veyne(2):
2025-07-05 08:10:06.684 | INFO     | __main__:_process_outcome:745 -   Outcome type: dict_keys(['chat_request', 'log'])
2025-07-05 08:10:06.684 | INFO     | __main__:_process_outcome:753 -   Action log: 向7号Lucien Duvall询问关于魔能水晶的信息
2025-07-05 08:10:06.686 | INFO     | __main__:act:286 - Lucian Veyne(2) 行动 → 我想和7号Lucien Duvall聊聊关于魔能水晶的信息，发起聊天请求
2025-07-05 08:10:11.038 | INFO     | __main__:_process_outcome:744 - Processing outcome for Lorinda(4):
2025-07-05 08:10:11.038 | INFO     | __main__:_process_outcome:745 -   Outcome type: dict_keys(['inventory', 'attributes', 'position', 'log'])
2025-07-05 08:10:11.039 | INFO     | __main__:_process_outcome:747 -   Inventory changes: {'water_magic_crystal': 1}
2025-07-05 08:10:11.040 | INFO     | __main__:_process_outcome:749 -   Attribute changes: {'curiosity': 2}
2025-07-05 08:10:11.040 | INFO     | __main__:_process_outcome:751 -   Position change: [25, 5]
2025-07-05 08:10:11.040 | INFO     | __main__:_process_outcome:753 -   Action log: 收集了水系魔能水晶用于研究
2025-07-05 08:10:11.042 | INFO     | __main__:act:286 - Lorinda(4) 行动 → 收集当前位置(25,5)的水系魔能水晶，以进一步研究其魔法特性。
2025-07-05 08:10:16.567 | INFO     | __main__:_process_outcome:744 - Processing outcome for Eldric Brightwhisper(5):
2025-07-05 08:10:16.568 | INFO     | __main__:_process_outcome:745 -   Outcome type: dict_keys(['chat_request', 'log', 'position'])
2025-07-05 08:10:16.569 | INFO     | __main__:_process_outcome:751 -   Position change: [27, 20]
2025-07-05 08:10:16.569 | INFO     | __main__:_process_outcome:753 -   Action log: 向Eldrin Brightspark询问魅惑属性的魔能水晶位置
2025-07-05 08:10:16.571 | INFO     | __main__:act:286 - Eldric Brightwhisper(5) 行动 → 我想和Eldrin Brightspark交谈，询问他是否知道附近哪里有魅惑属性的魔能水晶。
2025-07-05 08:10:21.167 | INFO     | __main__:_process_outcome:744 - Processing outcome for Lumina Whimsy(1):
2025-07-05 08:10:21.167 | INFO     | __main__:_process_outcome:745 -   Outcome type: dict_keys(['chat_request', 'log'])
2025-07-05 08:10:21.168 | INFO     | __main__:_process_outcome:753 -   Action log: 向Barthok Ironquill询问关于魔法水晶的信息
2025-07-05 08:10:21.169 | INFO     | __main__:act:286 - Lumina Whimsy(1) 行动 → 我想向Barthok Ironquill询问关于魔法水晶的信息，发起聊天请求
2025-07-05 08:10:25.629 | INFO     | __main__:_process_outcome:744 - Processing outcome for Lucien Duvall(7):
2025-07-05 08:10:25.630 | INFO     | __main__:_process_outcome:745 -   Outcome type: dict_keys(['chat_request', 'log'])
2025-07-05 08:10:25.631 | INFO     | __main__:_process_outcome:753 -   Action log: 向2号发起关于魔能水晶贸易的聊天请求
2025-07-05 08:10:25.632 | INFO     | __main__:act:286 - Lucien Duvall(7) 行动 → 我想和Lucian Veyne(2号)聊聊关于魔能水晶贸易的事情，发起聊天请求。
2025-07-05 08:10:32.849 | INFO     | __main__:_process_outcome:744 - Processing outcome for Eldrin Brightspark(0):
2025-07-05 08:10:32.850 | INFO     | __main__:_process_outcome:745 -   Outcome type: dict_keys(['chat_request', 'log'])
2025-07-05 08:10:32.850 | INFO     | __main__:_process_outcome:753 -   Action log: 向Eldric Brightwhisper询问关于不同产地魔能水晶属性的知识
2025-07-05 08:10:32.852 | INFO     | __main__:act:286 - Eldrin Brightspark(0) 行动 → 我想向Eldric Brightwhisper询问关于不同产地魔能水晶属性的知识，发起聊天请求。
2025-07-05 08:10:38.317 | INFO     | __main__:_process_outcome:744 - Processing outcome for Eldrin Quillwhisper(3):
2025-07-05 08:10:38.317 | INFO     | __main__:_process_outcome:745 -   Outcome type: dict_keys(['inventory', 'attributes', 'position', 'log', 'courtship_target', 'dead', 'chat_request', 'exchange_request'])
2025-07-05 08:10:38.318 | INFO     | __main__:_process_outcome:747 -   Inventory changes: {}
2025-07-05 08:10:38.318 | INFO     | __main__:_process_outcome:749 -   Attribute changes: {'hunger': 1}
2025-07-05 08:10:38.318 | INFO     | __main__:_process_outcome:751 -   Position change: [4, 17]
2025-07-05 08:10:38.319 | INFO     | __main__:_process_outcome:753 -   Action log: 前往(4,17)寻找魔能水晶
