2025-07-05 00:18:43.788 | INFO     | __main__:decide_goal:136 - Agent 3 personal goal ➜ "探索并理解这个外星世界的所有未知奥秘。"
2025-07-05 00:18:44.135 | INFO     | __main__:decide_goal:136 - Agent 4 personal goal ➜ 凭借有限的体力但旺盛的好奇心，我要成为部落中最擅长发现新食物来源的探索者。
2025-07-05 00:18:44.230 | INFO     | __main__:decide_goal:136 - Agent 0 personal goal ➜ 凭借中等力量和好奇心，我希望能成为部落中最优秀的工具制造者，为族人打造更高效的狩猎工具。
2025-07-05 00:18:44.308 | INFO     | __main__:decide_goal:136 - Agent 1 personal goal ➜ 凭借强烈的好奇心探索外星文明的奥秘，同时谨慎运用有限的力量确保自身安全。
2025-07-05 00:18:44.345 | INFO     | __main__:decide_goal:136 - Agent 2 personal goal ➜ 凭借强壮的体魄和探索精神，成为部落最出色的猎手和未知领域的开拓者。
2025-07-05 00:18:44.346 | INFO     | __main__:run_simulation:859 - ===== TURN 0 =====
2025-07-05 00:18:51.921 | INFO     | __main__:act:197 - Agent 0 行动 → 我想前往(32,1)的位置摘取苹果，为制作工具储备食物。
2025-07-05 00:18:57.499 | INFO     | __main__:act:197 - Agent 1 行动 → 前往(35,33)收集木材和苹果，为后续探索和生存做准备。
2025-07-05 00:19:02.778 | INFO     | __main__:act:197 - Agent 2 行动 → 我要收集当前位置(18,62)的石头，为制作狩猎工具做准备。
2025-07-05 00:19:07.040 | INFO     | __main__:act:197 - Agent 4 行动 → 我要前往(53,57)的位置摘取那里的苹果，为部落探索新的食物来源。
2025-07-05 00:19:13.220 | INFO     | __main__:act:197 - Agent 3 行动 → "前往(20,31)的海域捕捉那里的鱼，同时观察这片海洋是否有特殊之处。"
2025-07-05 00:20:57.853 | SUCCESS  | __main__:update:107 - [Bible] Updated rules: {'Primitive Tool Crafting': 'Agents can craft basic tools using 1 stone resource. Successfully crafted tools increase hunting/gathering efficiency by 10% per tool. Crafting fails if no stone is available.'}
2025-07-05 00:20:57.854 | INFO     | __main__:run_simulation:859 - ===== TURN 1 =====
2025-07-05 00:21:06.021 | INFO     | __main__:act:197 - Agent 0 行动 → 我饿了，要摘身边的苹果吃。
2025-07-05 00:21:10.079 | INFO     | __main__:act:197 - Agent 3 行动 → "先吃掉现有的鱼补充体力，然后前往(20,32)收集石头制作工具。"
2025-07-05 00:21:14.669 | INFO     | __main__:act:197 - Agent 4 行动 → 我饿了，要去(53,57)摘苹果吃。
2025-07-05 00:21:19.786 | INFO     | __main__:act:197 - Agent 2 行动 → 收集当前位置(18,62)的石头资源，为制作狩猎工具做准备。
2025-07-05 00:21:25.121 | INFO     | __main__:act:197 - Agent 1 行动 → 先吃掉手中的苹果缓解饥饿，然后前往(35,34)收集木材，为后续制作工具做准备。
2025-07-05 00:23:06.181 | SUCCESS  | __main__:update:107 - [Bible] Updated rules: {'apple_availability': 'Apples can only be harvested in forest and grassland terrains. Attempting to harvest in other terrains will fail.'}
2025-07-05 00:23:06.182 | SUCCESS  | __main__:adjudicate:272 - [Trinity] Updated resource rules: {'apple': {'forest': 0.75, 'grassland': 0.4, 'mountain': 0.0, 'desert': 0.0, 'water': 0.0}}
2025-07-05 00:23:06.182 | INFO     | __main__:run_simulation:859 - ===== TURN 2 =====
2025-07-05 00:23:14.649 | INFO     | __main__:act:197 - Agent 1 行动 → 我要去(35,33)的位置采集苹果来充饥。
2025-07-05 00:23:19.798 | INFO     | __main__:act:197 - Agent 4 行动 → 我饿了，要去附近的森林(53,57)摘苹果吃。
2025-07-05 00:23:23.796 | INFO     | __main__:act:197 - Agent 3 行动 → "我饿了，要去(20,28)的位置捕鱼充饥。"
2025-07-05 00:23:27.421 | INFO     | __main__:act:197 - Agent 2 行动 → 收集当前位置(18,62)的石头资源，为制作狩猎工具做准备。
2025-07-05 00:23:31.935 | INFO     | __main__:act:197 - Agent 0 行动 → 我饿了，要摘身边的苹果吃。
2025-07-05 00:24:16.446 | WARNING  | __main__:adjudicate:279 - [Trinity] Attempt 1: Invalid JSON, retrying...
2025-07-05 00:25:00.995 | SUCCESS  | __main__:update:107 - [Bible] Updated rules: {'Apple Picking': 'Apples can only be collected in forest or grassland terrain.'}
2025-07-05 00:25:00.995 | INFO     | __main__:run_simulation:859 - ===== TURN 3 =====
2025-07-05 00:25:08.914 | INFO     | __main__:act:197 - Agent 3 行动 → "我要在当前位置(20,28)的海域捕鱼，解决饥饿问题。"
2025-07-05 00:25:13.770 | INFO     | __main__:act:197 - Agent 2 行动 → 收集附近山区的石头来制作狩猎工具。
2025-07-05 00:25:17.907 | INFO     | __main__:act:197 - Agent 0 行动 → 摘取当前位置(32,1)的苹果充饥。
2025-07-05 00:25:21.434 | INFO     | __main__:act:197 - Agent 1 行动 → 我注意到饥饿值较高(24)，而当前位置(35,33)的森林中有苹果，所以我要先摘取身边的苹果充饥。
2025-07-05 00:25:25.923 | INFO     | __main__:act:197 - Agent 4 行动 → 我饿了，要吃掉随身携带的那个苹果。
2025-07-05 00:27:01.295 | SUCCESS  | __main__:update:107 - [Bible] Updated rules: {'Apple Gathering Terrain Restriction': 'Apples can only be gathered in forest or grassland terrain.', 'Fishing Tool Requirement': 'Fishing requires possessing a fishing tool when in sea terrain.', 'Tool Crafting Prerequisite': 'Crafting hunting tools requires 1 stone resource and provides 10% hunting/gathering efficiency boost.'}
2025-07-05 00:27:01.297 | INFO     | __main__:run_simulation:859 - ===== TURN 4 =====
2025-07-05 00:27:08.300 | INFO     | __main__:act:197 - Agent 0 行动 → 摘取当前位置的苹果来充饥。
2025-07-05 00:27:13.160 | INFO     | __main__:act:197 - Agent 1 行动 → 我饿了，要吃掉背包里的苹果。
2025-07-05 00:27:17.775 | INFO     | __main__:act:197 - Agent 2 行动 → 收集当前位置(18,62)的石头资源，为制作狩猎工具做准备。
2025-07-05 00:27:23.524 | INFO     | __main__:act:197 - Agent 4 行动 → 前往(53,57)摘取苹果补充能量，同时留意周围是否有其他可探索的新食物来源。
2025-07-05 00:27:28.344 | INFO     | __main__:act:197 - Agent 3 行动 → "我要在当前位置(20,28)的海洋区域尝试捕鱼，虽然我没有捕鱼工具但想测试下能否徒手捕鱼。"
2025-07-05 00:27:51.789 | SUCCESS  | __main__:update:107 - [Bible] Updated rules: {'Fishing Tool Requirement': 'Fishing requires specialized tools. Attempting to catch fish without tools will always fail.'}
2025-07-05 00:27:51.790 | INFO     | __main__:run_simulation:859 - ===== TURN 5 =====
2025-07-05 00:28:00.278 | INFO     | __main__:act:197 - Agent 0 行动 → 摘取当前位置(32,1)的苹果来充饥。
2025-07-05 00:28:04.921 | INFO     | __main__:act:197 - Agent 2 行动 → "前往最近的石头资源点(18,62)收集石头，为制作狩猎工具做准备。"
2025-07-05 00:28:09.790 | INFO     | __main__:act:197 - Agent 4 行动 → 我要去(53,57)的位置采集苹果和木材，既能补充食物又能收集资源。
2025-07-05 00:28:14.518 | INFO     | __main__:act:197 - Agent 3 行动 → "我要前往(20,28)的位置尝试捕鱼，虽然可能失败但想测试这个外星海洋的特性。"
2025-07-05 00:28:18.495 | INFO     | __main__:act:197 - Agent 1 行动 → 我注意到饥饿值为40，需要先解决食物问题，去附近的森林(35,33)采摘苹果。
