2025-07-05 00:43:01.691 | INFO     | __main__:__init__:319 - 
========================================
2025-07-05 00:43:01.691 | INFO     | __main__:__init__:320 - INITIALIZING WORLD FOR ERA: 魔法原始时代,存在克苏鲁怪物等
2025-07-05 00:43:01.691 | INFO     | __main__:__init__:321 - TERRAIN TYPES: OCEAN, FOREST, GRASSLAND, MOUNTAIN
2025-07-05 00:43:01.691 | INFO     | __main__:__init__:322 - RESOURCE RULES:
2025-07-05 00:43:01.691 | INFO     | __main__:__init__:324 -   WOOD:
2025-07-05 00:43:01.691 | INFO     | __main__:__init__:326 -     - FOREST: 50.0% chance
2025-07-05 00:43:01.691 | INFO     | __main__:__init__:326 -     - OCEAN: 0% chance
2025-07-05 00:43:01.691 | INFO     | __main__:__init__:324 -   APPLE:
2025-07-05 00:43:01.691 | INFO     | __main__:__init__:326 -     - FOREST: 30.0% chance
2025-07-05 00:43:01.691 | INFO     | __main__:__init__:326 -     - GRASSLAND: 20.0% chance
2025-07-05 00:43:01.691 | INFO     | __main__:__init__:324 -   FISH:
2025-07-05 00:43:01.691 | INFO     | __main__:__init__:326 -     - OCEAN: 40.0% chance
2025-07-05 00:43:01.691 | INFO     | __main__:__init__:324 -   STONE:
2025-07-05 00:43:01.691 | INFO     | __main__:__init__:326 -     - MOUNTAIN: 60.0% chance
2025-07-05 00:43:01.691 | INFO     | __main__:__init__:327 - ========================================

2025-07-05 00:43:01.692 | INFO     | __main__:__init__:341 - INITIAL RESOURCE DISTRIBUTION:
2025-07-05 00:43:01.692 | INFO     | __main__:__init__:343 -   APPLE: 184 units
2025-07-05 00:43:01.692 | INFO     | __main__:__init__:343 -   FISH: 31 units
2025-07-05 00:43:01.692 | INFO     | __main__:__init__:343 -   STONE: 44 units
2025-07-05 00:43:01.692 | INFO     | __main__:__init__:343 -   WOOD: 37 units
2025-07-05 00:43:01.692 | INFO     | __main__:__init__:344 - ========================================

2025-07-05 00:43:06.638 | INFO     | __main__:decide_goal:136 - Agent 1 personal goal ➜ 在确保生存的前提下，谨慎探索魔法奥秘以增强力量，避免过度接触未知危险。
2025-07-05 00:43:06.687 | INFO     | __main__:decide_goal:136 - Agent 0 personal goal ➜ 在探索神秘魔法与克苏鲁真相的过程中，找到保护部落免遭未知威胁的方法。
2025-07-05 00:43:07.048 | INFO     | __main__:decide_goal:136 - Agent 4 personal goal ➜ "探索并记录所有未知的魔法奥秘与克苏鲁现象，即使付出生命也要揭开这个世界的终极真相。"
2025-07-05 00:43:07.363 | INFO     | __main__:decide_goal:136 - Agent 3 personal goal ➜ "探索那些被禁忌的古老魔法知识，揭开克苏鲁怪物背后的真相，哪怕付出疯狂的代价。"
2025-07-05 00:43:09.402 | INFO     | __main__:decide_goal:136 - Agent 2 personal goal ➜ 在魔法与克苏鲁威胁共存的原始时代，我要通过锻炼力量成为部落最可靠的守护者，在确保生存的前提下谨慎探索未知。
2025-07-05 00:43:09.403 | INFO     | __main__:run_simulation:963 - ===== TURN 0 =====
2025-07-05 00:43:09.404 | INFO     | __main__:step:760 - 
=== TURN 0 START ===
2025-07-05 00:43:09.405 | INFO     | __main__:step:761 - Bible Rules: {}
2025-07-05 00:43:09.405 | INFO     | __main__:step:762 - Agent Status:
2025-07-05 00:43:09.405 | INFO     | __main__:step:764 -   Agent 0:
2025-07-05 00:43:09.405 | INFO     | __main__:step:765 -     Position: (15, 22)
2025-07-05 00:43:09.406 | INFO     | __main__:step:766 -     Attributes: {'strength': 4, 'curiosity': 4}
2025-07-05 00:43:09.406 | INFO     | __main__:step:767 -     Inventory: {'wood': 2, 'shell': 1}
2025-07-05 00:43:09.407 | INFO     | __main__:step:768 -     Age: 29
2025-07-05 00:43:09.408 | INFO     | __main__:step:769 -     Health: 100
2025-07-05 00:43:09.408 | INFO     | __main__:step:770 -     Hunger: 0.0
2025-07-05 00:43:09.408 | INFO     | __main__:step:771 -     Goal: 在探索神秘魔法与克苏鲁真相的过程中，找到保护部落免遭未知威胁的方法。
2025-07-05 00:43:09.408 | INFO     | __main__:step:764 -   Agent 1:
2025-07-05 00:43:09.408 | INFO     | __main__:step:765 -     Position: (11, 20)
2025-07-05 00:43:09.408 | INFO     | __main__:step:766 -     Attributes: {'strength': 7, 'curiosity': 4}
2025-07-05 00:43:09.408 | INFO     | __main__:step:767 -     Inventory: {'wood': 2, 'shell': 1}
2025-07-05 00:43:09.408 | INFO     | __main__:step:768 -     Age: 55
2025-07-05 00:43:09.408 | INFO     | __main__:step:769 -     Health: 100
2025-07-05 00:43:09.408 | INFO     | __main__:step:770 -     Hunger: 0.0
2025-07-05 00:43:09.408 | INFO     | __main__:step:771 -     Goal: 在确保生存的前提下，谨慎探索魔法奥秘以增强力量，避免过度接触未知危险。
2025-07-05 00:43:09.409 | INFO     | __main__:step:764 -   Agent 2:
2025-07-05 00:43:09.409 | INFO     | __main__:step:765 -     Position: (12, 31)
2025-07-05 00:43:09.409 | INFO     | __main__:step:766 -     Attributes: {'strength': 8, 'curiosity': 5}
2025-07-05 00:43:09.409 | INFO     | __main__:step:767 -     Inventory: {'wood': 0, 'shell': 0}
2025-07-05 00:43:09.409 | INFO     | __main__:step:768 -     Age: 69
2025-07-05 00:43:09.409 | INFO     | __main__:step:769 -     Health: 100
2025-07-05 00:43:09.409 | INFO     | __main__:step:770 -     Hunger: 0.0
2025-07-05 00:43:09.409 | INFO     | __main__:step:771 -     Goal: 在魔法与克苏鲁威胁共存的原始时代，我要通过锻炼力量成为部落最可靠的守护者，在确保生存的前提下谨慎探索未知。
2025-07-05 00:43:09.409 | INFO     | __main__:step:764 -   Agent 3:
2025-07-05 00:43:09.409 | INFO     | __main__:step:765 -     Position: (19, 1)
2025-07-05 00:43:09.409 | INFO     | __main__:step:766 -     Attributes: {'strength': 2, 'curiosity': 8}
2025-07-05 00:43:09.409 | INFO     | __main__:step:767 -     Inventory: {'wood': 1, 'shell': 0}
2025-07-05 00:43:09.409 | INFO     | __main__:step:768 -     Age: 34
2025-07-05 00:43:09.410 | INFO     | __main__:step:769 -     Health: 100
2025-07-05 00:43:09.410 | INFO     | __main__:step:770 -     Hunger: 0.0
2025-07-05 00:43:09.410 | INFO     | __main__:step:771 -     Goal: "探索那些被禁忌的古老魔法知识，揭开克苏鲁怪物背后的真相，哪怕付出疯狂的代价。"
2025-07-05 00:43:09.410 | INFO     | __main__:step:764 -   Agent 4:
2025-07-05 00:43:09.410 | INFO     | __main__:step:765 -     Position: (31, 15)
2025-07-05 00:43:09.410 | INFO     | __main__:step:766 -     Attributes: {'strength': 3, 'curiosity': 9}
2025-07-05 00:43:09.410 | INFO     | __main__:step:767 -     Inventory: {'wood': 0, 'shell': 1}
2025-07-05 00:43:09.410 | INFO     | __main__:step:768 -     Age: 17
2025-07-05 00:43:09.410 | INFO     | __main__:step:769 -     Health: 100
2025-07-05 00:43:09.410 | INFO     | __main__:step:770 -     Hunger: 0.0
2025-07-05 00:43:09.410 | INFO     | __main__:step:771 -     Goal: "探索并记录所有未知的魔法奥秘与克苏鲁现象，即使付出生命也要揭开这个世界的终极真相。"
2025-07-05 00:43:13.542 | INFO     | __main__:resolve:433 - Agent 1 (age 55) attempting action: "收集附近的苹果储备食物"
2025-07-05 00:43:14.420 | INFO     | __main__:resolve:433 - Agent 4 (age 17) attempting action: "我要收集附近(31,15)和(31,14)的苹果作为食物储备，同时留意任何异常的魔法迹象。"
2025-07-05 00:43:14.420 | INFO     | __main__:resolve:433 - Agent 0 (age 29) attempting action: 我要向1号询问关于克苏鲁怪物的信息，发起聊天请求
2025-07-05 00:43:14.455 | INFO     | __main__:resolve:433 - Agent 3 (age 34) attempting action: 我要收集当前位置(19,1)的2个苹果，为探索禁忌知识储备食物。
2025-07-05 00:43:15.485 | INFO     | __main__:resolve:433 - Agent 2 (age 69) attempting action: 我要去(12,26)的位置摘取2个苹果作为食物储备。
2025-07-05 00:43:18.823 | INFO     | __main__:_process_outcome:547 - Processing outcome for Agent 1:
2025-07-05 00:43:18.823 | INFO     | __main__:_process_outcome:548 -   Outcome type: dict_keys(['inventory', 'attributes', 'position', 'log'])
2025-07-05 00:43:18.824 | INFO     | __main__:_process_outcome:550 -   Inventory changes: {'apple': 2}
2025-07-05 00:43:18.826 | INFO     | __main__:_process_outcome:552 -   Attribute changes: {'strength': -1}
2025-07-05 00:43:18.826 | INFO     | __main__:_process_outcome:554 -   Position change: [11, 20]
2025-07-05 00:43:18.826 | INFO     | __main__:_process_outcome:556 -   Action log: 收集了2个苹果作为食物储备
2025-07-05 00:43:18.828 | INFO     | __main__:act:197 - Agent 1 行动 → "收集附近的苹果储备食物"
2025-07-05 00:43:24.762 | INFO     | __main__:_process_outcome:547 - Processing outcome for Agent 4:
2025-07-05 00:43:24.763 | INFO     | __main__:_process_outcome:548 -   Outcome type: dict_keys(['inventory', 'attributes', 'position', 'log', 'dead'])
2025-07-05 00:43:24.763 | INFO     | __main__:_process_outcome:550 -   Inventory changes: {'apple': 2}
2025-07-05 00:43:24.764 | INFO     | __main__:_process_outcome:552 -   Attribute changes: {'curiosity': 1}
2025-07-05 00:43:24.764 | INFO     | __main__:_process_outcome:554 -   Position change: [31, 14]
2025-07-05 00:43:24.765 | INFO     | __main__:_process_outcome:556 -   Action log: 收集了2个苹果并观察了魔法迹象
2025-07-05 00:43:24.766 | INFO     | __main__:act:197 - Agent 4 行动 → "我要收集附近(31,15)和(31,14)的苹果作为食物储备，同时留意任何异常的魔法迹象。"
2025-07-05 00:43:29.370 | INFO     | __main__:_process_outcome:547 - Processing outcome for Agent 0:
2025-07-05 00:43:29.371 | INFO     | __main__:_process_outcome:548 -   Outcome type: dict_keys(['chat_request', 'log'])
2025-07-05 00:43:29.372 | INFO     | __main__:_process_outcome:556 -   Action log: 向1号询问关于克苏鲁怪物的信息
2025-07-05 00:43:29.374 | INFO     | __main__:act:197 - Agent 0 行动 → 我要向1号询问关于克苏鲁怪物的信息，发起聊天请求
2025-07-05 00:43:34.798 | INFO     | __main__:_process_outcome:547 - Processing outcome for Agent 3:
2025-07-05 00:43:34.799 | INFO     | __main__:_process_outcome:548 -   Outcome type: dict_keys(['inventory', 'position', 'log'])
2025-07-05 00:43:34.799 | INFO     | __main__:_process_outcome:550 -   Inventory changes: {'apple': 2}
2025-07-05 00:43:34.799 | INFO     | __main__:_process_outcome:554 -   Position change: [19, 1]
2025-07-05 00:43:34.800 | INFO     | __main__:_process_outcome:556 -   Action log: 收集了2个苹果
2025-07-05 00:43:34.800 | INFO     | __main__:act:197 - Agent 3 行动 → 我要收集当前位置(19,1)的2个苹果，为探索禁忌知识储备食物。
2025-07-05 00:43:41.463 | INFO     | __main__:_process_outcome:547 - Processing outcome for Agent 2:
2025-07-05 00:43:41.463 | INFO     | __main__:_process_outcome:548 -   Outcome type: dict_keys(['inventory', 'attributes', 'position', 'log'])
2025-07-05 00:43:41.464 | INFO     | __main__:_process_outcome:550 -   Inventory changes: {'apple': 2}
2025-07-05 00:43:41.464 | INFO     | __main__:_process_outcome:552 -   Attribute changes: {}
2025-07-05 00:43:41.464 | INFO     | __main__:_process_outcome:554 -   Position change: [12, 26]
2025-07-05 00:43:41.464 | INFO     | __main__:_process_outcome:556 -   Action log: 移动到(12,26)并摘取了2个苹果
2025-07-05 00:43:41.464 | INFO     | __main__:act:197 - Agent 2 行动 → 我要去(12,26)的位置摘取2个苹果作为食物储备。
2025-07-05 00:44:08.116 | INFO     | __main__:run_simulation:963 - ===== TURN 1 =====
2025-07-05 00:44:08.117 | INFO     | __main__:step:760 - 
=== TURN 1 START ===
2025-07-05 00:44:08.117 | INFO     | __main__:step:761 - Bible Rules: {}
2025-07-05 00:44:08.117 | INFO     | __main__:step:762 - Agent Status:
2025-07-05 00:44:08.117 | INFO     | __main__:step:764 -   Agent 0:
2025-07-05 00:44:08.117 | INFO     | __main__:step:765 -     Position: (15, 22)
2025-07-05 00:44:08.117 | INFO     | __main__:step:766 -     Attributes: {'strength': 4, 'curiosity': 4}
2025-07-05 00:44:08.117 | INFO     | __main__:step:767 -     Inventory: {'wood': 2, 'shell': 1}
2025-07-05 00:44:08.117 | INFO     | __main__:step:768 -     Age: 30
2025-07-05 00:44:08.117 | INFO     | __main__:step:769 -     Health: 100
2025-07-05 00:44:08.117 | INFO     | __main__:step:770 -     Hunger: 8.0
2025-07-05 00:44:08.117 | INFO     | __main__:step:771 -     Goal: 在探索神秘魔法与克苏鲁真相的过程中，找到保护部落免遭未知威胁的方法。
2025-07-05 00:44:08.117 | INFO     | __main__:step:764 -   Agent 1:
2025-07-05 00:44:08.117 | INFO     | __main__:step:765 -     Position: (11, 20)
2025-07-05 00:44:08.117 | INFO     | __main__:step:766 -     Attributes: {'strength': 6, 'curiosity': 4}
2025-07-05 00:44:08.117 | INFO     | __main__:step:767 -     Inventory: {'wood': 2, 'shell': 1, 'apple': 2}
2025-07-05 00:44:08.117 | INFO     | __main__:step:768 -     Age: 56
2025-07-05 00:44:08.117 | INFO     | __main__:step:769 -     Health: 100
2025-07-05 00:44:08.117 | INFO     | __main__:step:770 -     Hunger: 8.0
2025-07-05 00:44:08.117 | INFO     | __main__:step:771 -     Goal: 在确保生存的前提下，谨慎探索魔法奥秘以增强力量，避免过度接触未知危险。
2025-07-05 00:44:08.117 | INFO     | __main__:step:764 -   Agent 2:
2025-07-05 00:44:08.117 | INFO     | __main__:step:765 -     Position: (12, 26)
2025-07-05 00:44:08.117 | INFO     | __main__:step:766 -     Attributes: {'strength': 8, 'curiosity': 5}
2025-07-05 00:44:08.117 | INFO     | __main__:step:767 -     Inventory: {'wood': 0, 'shell': 0, 'apple': 2}
2025-07-05 00:44:08.117 | INFO     | __main__:step:768 -     Age: 70
2025-07-05 00:44:08.118 | INFO     | __main__:step:769 -     Health: 100
2025-07-05 00:44:08.118 | INFO     | __main__:step:770 -     Hunger: 8.0
2025-07-05 00:44:08.118 | INFO     | __main__:step:771 -     Goal: 在魔法与克苏鲁威胁共存的原始时代，我要通过锻炼力量成为部落最可靠的守护者，在确保生存的前提下谨慎探索未知。
2025-07-05 00:44:08.118 | INFO     | __main__:step:764 -   Agent 3:
2025-07-05 00:44:08.118 | INFO     | __main__:step:765 -     Position: (19, 1)
2025-07-05 00:44:08.118 | INFO     | __main__:step:766 -     Attributes: {'strength': 2, 'curiosity': 8}
2025-07-05 00:44:08.118 | INFO     | __main__:step:767 -     Inventory: {'wood': 1, 'shell': 0, 'apple': 2}
2025-07-05 00:44:08.118 | INFO     | __main__:step:768 -     Age: 35
2025-07-05 00:44:08.118 | INFO     | __main__:step:769 -     Health: 100
2025-07-05 00:44:08.118 | INFO     | __main__:step:770 -     Hunger: 8.0
2025-07-05 00:44:08.118 | INFO     | __main__:step:771 -     Goal: "探索那些被禁忌的古老魔法知识，揭开克苏鲁怪物背后的真相，哪怕付出疯狂的代价。"
2025-07-05 00:44:08.118 | INFO     | __main__:step:764 -   Agent 4:
2025-07-05 00:44:08.118 | INFO     | __main__:step:765 -     Position: (31, 14)
2025-07-05 00:44:08.118 | INFO     | __main__:step:766 -     Attributes: {'strength': 3, 'curiosity': 10}
2025-07-05 00:44:08.118 | INFO     | __main__:step:767 -     Inventory: {'wood': 0, 'shell': 1, 'apple': 2}
2025-07-05 00:44:08.118 | INFO     | __main__:step:768 -     Age: 18
2025-07-05 00:44:08.118 | INFO     | __main__:step:769 -     Health: 100
2025-07-05 00:44:08.118 | INFO     | __main__:step:770 -     Hunger: 8.0
2025-07-05 00:44:08.118 | INFO     | __main__:step:771 -     Goal: "探索并记录所有未知的魔法奥秘与克苏鲁现象，即使付出生命也要揭开这个世界的终极真相。"
2025-07-05 00:44:16.628 | INFO     | __main__:resolve:433 - Agent 0 (age 30) attempting action: 我饿了，要去(15,21)摘苹果吃。
2025-07-05 00:44:16.701 | INFO     | __main__:resolve:433 - Agent 4 (age 18) attempting action: 我要先吃掉一个苹果充饥，然后收集附近(31,11)和(31,14)位置的苹果。
2025-07-05 00:44:16.702 | INFO     | __main__:resolve:433 - Agent 2 (age 70) attempting action: 我饿了，要摘当前位置(12,26)的苹果吃。
2025-07-05 00:44:17.117 | INFO     | __main__:resolve:433 - Agent 1 (age 56) attempting action: "我饿了，先去(11,15)的位置摘取苹果和收集木材"
2025-07-05 00:44:18.057 | INFO     | __main__:resolve:433 - Agent 3 (age 35) attempting action: "我饿了，要摘苹果吃"
2025-07-05 00:44:21.718 | INFO     | __main__:_process_outcome:547 - Processing outcome for Agent 0:
2025-07-05 00:44:21.719 | INFO     | __main__:_process_outcome:548 -   Outcome type: dict_keys(['inventory', 'attributes', 'position', 'log'])
2025-07-05 00:44:21.719 | INFO     | __main__:_process_outcome:550 -   Inventory changes: {'apple': 1}
2025-07-05 00:44:21.719 | INFO     | __main__:_process_outcome:552 -   Attribute changes: {'hunger': -5}
2025-07-05 00:44:21.719 | INFO     | __main__:_process_outcome:554 -   Position change: [15, 21]
2025-07-05 00:44:21.719 | INFO     | __main__:_process_outcome:556 -   Action log: 摘了一个苹果充饥
2025-07-05 00:44:21.719 | INFO     | __main__:act:197 - Agent 0 行动 → 我饿了，要去(15,21)摘苹果吃。
2025-07-05 00:44:27.480 | INFO     | __main__:_process_outcome:547 - Processing outcome for Agent 4:
2025-07-05 00:44:27.480 | INFO     | __main__:_process_outcome:548 -   Outcome type: dict_keys(['inventory', 'attributes', 'position', 'log'])
2025-07-05 00:44:27.480 | INFO     | __main__:_process_outcome:550 -   Inventory changes: {'apple': -1}
2025-07-05 00:44:27.480 | INFO     | __main__:_process_outcome:552 -   Attribute changes: {'hunger': -10}
2025-07-05 00:44:27.480 | INFO     | __main__:_process_outcome:554 -   Position change: [31, 14]
2025-07-05 00:44:27.480 | INFO     | __main__:_process_outcome:556 -   Action log: 吃了一个苹果充饥，准备收集附近(31,11)和(31,14)位置的苹果
2025-07-05 00:44:27.480 | INFO     | __main__:act:197 - Agent 4 行动 → 我要先吃掉一个苹果充饥，然后收集附近(31,11)和(31,14)位置的苹果。
2025-07-05 00:44:32.028 | INFO     | __main__:_process_outcome:547 - Processing outcome for Agent 2:
2025-07-05 00:44:32.028 | INFO     | __main__:_process_outcome:548 -   Outcome type: dict_keys(['inventory', 'attributes', 'position', 'log'])
2025-07-05 00:44:32.028 | INFO     | __main__:_process_outcome:550 -   Inventory changes: {'apple': -1}
2025-07-05 00:44:32.028 | INFO     | __main__:_process_outcome:552 -   Attribute changes: {'hunger': -10}
2025-07-05 00:44:32.028 | INFO     | __main__:_process_outcome:554 -   Position change: [12, 26]
2025-07-05 00:44:32.028 | INFO     | __main__:_process_outcome:556 -   Action log: 吃了一个苹果
2025-07-05 00:44:32.029 | INFO     | __main__:act:197 - Agent 2 行动 → 我饿了，要摘当前位置(12,26)的苹果吃。
2025-07-05 00:44:38.137 | INFO     | __main__:_process_outcome:547 - Processing outcome for Agent 1:
2025-07-05 00:44:38.138 | INFO     | __main__:_process_outcome:548 -   Outcome type: dict_keys(['inventory', 'attributes', 'position', 'log'])
2025-07-05 00:44:38.138 | INFO     | __main__:_process_outcome:550 -   Inventory changes: {'apple': 2, 'wood': 1}
2025-07-05 00:44:38.138 | INFO     | __main__:_process_outcome:552 -   Attribute changes: {'hunger': -5}
2025-07-05 00:44:38.138 | INFO     | __main__:_process_outcome:554 -   Position change: [11, 15]
2025-07-05 00:44:38.138 | INFO     | __main__:_process_outcome:556 -   Action log: 移动到(11,15)并收集了2个苹果和1个木材
2025-07-05 00:44:38.139 | INFO     | __main__:act:197 - Agent 1 行动 → "我饿了，先去(11,15)的位置摘取苹果和收集木材"
2025-07-05 00:44:43.214 | INFO     | __main__:_process_outcome:547 - Processing outcome for Agent 3:
2025-07-05 00:44:43.214 | INFO     | __main__:_process_outcome:548 -   Outcome type: dict_keys(['inventory', 'attributes', 'position', 'log'])
2025-07-05 00:44:43.214 | INFO     | __main__:_process_outcome:550 -   Inventory changes: {'apple': 1}
2025-07-05 00:44:43.214 | INFO     | __main__:_process_outcome:552 -   Attribute changes: {'hunger': -5}
2025-07-05 00:44:43.214 | INFO     | __main__:_process_outcome:554 -   Position change: [19, 1]
2025-07-05 00:44:43.214 | INFO     | __main__:_process_outcome:556 -   Action log: 摘了一个苹果吃
2025-07-05 00:44:43.215 | INFO     | __main__:act:197 - Agent 3 行动 → "我饿了，要摘苹果吃"
