2025-07-05 00:22:48.055 | INFO     | __main__:decide_goal:136 - Agent 1 personal goal ➜ "探索未知的植物和矿物特性，为部落寻找更多可利用的资源。"
2025-07-05 00:22:48.056 | INFO     | __main__:decide_goal:136 - Agent 19 personal goal ➜ 我要成为部落里最聪明的发明家，用我的好奇心创造更多实用的石器工具。
2025-07-05 00:22:48.105 | INFO     | __main__:decide_goal:136 - Agent 10 personal goal ➜ 凭借强壮的体魄成为部落最优秀的猎手。
2025-07-05 00:22:48.155 | INFO     | __main__:decide_goal:136 - Agent 11 personal goal ➜ "在部落中成为最强壮的猎人，同时探索周围环境以发现更多食物来源。"
2025-07-05 00:22:48.269 | INFO     | __main__:decide_goal:136 - Agent 18 personal goal ➜ 我要成为部落中最善于发明新工具和探索未知的智者。
2025-07-05 00:22:48.280 | INFO     | __main__:decide_goal:136 - Agent 5 personal goal ➜ 凭借强壮的体魄，我要成为部落里最出色的猎手，为族人带回最多的猎物。
2025-07-05 00:22:48.282 | INFO     | __main__:decide_goal:136 - Agent 12 personal goal ➜ "探索并记录周围环境中的自然规律，用智慧弥补力量的不足，成为部落的知识传承者。"
2025-07-05 00:22:48.428 | INFO     | __main__:decide_goal:136 - Agent 0 personal goal ➜ 凭借强壮的体魄成为部落最优秀的猎手。
2025-07-05 00:22:48.481 | INFO     | __main__:decide_goal:136 - Agent 3 personal goal ➜ 凭借强壮的体魄成为部落最优秀的猎手。
2025-07-05 00:22:48.483 | INFO     | __main__:decide_goal:136 - Agent 4 personal goal ➜ 凭借敏锐的好奇心探索石器时代的生存智慧，弥补力量上的不足，成为部落中最善于发明实用工具的智者。
2025-07-05 00:22:48.531 | INFO     | __main__:decide_goal:136 - Agent 6 personal goal ➜ 凭借强壮的体魄成为部落最优秀的猎手。
2025-07-05 00:22:48.576 | INFO     | __main__:decide_goal:136 - Agent 17 personal goal ➜ 凭借敏锐的好奇心探索石器时代的奥秘，同时通过实践增强力量，成为部落中最善于发现新资源和制作工具的智者。
2025-07-05 00:22:48.610 | INFO     | __main__:decide_goal:136 - Agent 8 personal goal ➜ 我要成为部落中最善于发现新事物和解决问题的智者。
2025-07-05 00:22:48.727 | INFO     | __main__:decide_goal:136 - Agent 2 personal goal ➜ 我要成为部落中最擅长制作工具和探索新事物的智者。
2025-07-05 00:22:48.880 | INFO     | __main__:decide_goal:136 - Agent 9 personal goal ➜ "我要成为部落里最聪明的发明家，用我的好奇心创造出改变生活的工具。"
2025-07-05 00:22:48.912 | INFO     | __main__:decide_goal:136 - Agent 15 personal goal ➜ 凭借强壮的体魄成为部落最优秀的猎手，为族人带回充足的食物。
2025-07-05 00:22:49.036 | INFO     | __main__:decide_goal:136 - Agent 14 personal goal ➜ 我要用好奇心探索更多制作工具的方法，弥补力量的不足，成为部落里最聪明的发明家。
2025-07-05 00:22:49.065 | INFO     | __main__:decide_goal:136 - Agent 16 personal goal ➜ "我要成为部落里最智慧的发明家和故事讲述者，用我的好奇心发现新事物并教会族人。"
2025-07-05 00:22:49.131 | INFO     | __main__:decide_goal:136 - Agent 7 personal goal ➜ 凭借过人的力量和强烈的好奇心，我要成为部落里最出色的猎手和石器发明者。
2025-07-05 00:22:50.723 | INFO     | __main__:decide_goal:136 - Agent 13 personal goal ➜ 凭借强壮的体魄成为部落最优秀的猎手。
2025-07-05 00:22:50.724 | INFO     | __main__:run_simulation:886 - ===== TURN 0 =====
2025-07-05 00:22:58.196 | INFO     | __main__:act:197 - Agent 14 行动 → 前往(21,44)收集木材，为制作工具做准备。
2025-07-05 00:23:03.235 | INFO     | __main__:act:197 - Agent 11 行动 → 前往最近的木材资源点(34,31)收集木材。
2025-07-05 00:23:07.510 | INFO     | __main__:act:197 - Agent 17 行动 → 前往(25,49)收集那里的木材和石头，为制作工具做准备。
2025-07-05 00:23:14.191 | INFO     | __main__:act:197 - Agent 13 行动 → 前往(19,51)收集木材和石头，为制作狩猎工具做准备。
2025-07-05 00:23:19.039 | INFO     | __main__:act:197 - Agent 6 行动 → "前往(23,47)收集木材，为制作狩猎工具做准备"
