2025-07-05 01:35:52.944 | WARNING  | __main__:_generate_initial_rules:363 - [Trinity] Attempt 1: Invalid rules JSON, retrying...
2025-07-05 01:36:17.921 | WARNING  | __main__:_generate_initial_rules:363 - [Trinity] Attempt 2: Invalid rules JSON, retrying...
2025-07-05 01:36:41.125 | WARNING  | __main__:_generate_initial_rules:365 - [Trinity] Using default rules after 3 failures
2025-07-05 01:36:41.126 | INFO     | __main__:initialize:500 - 
========================================
2025-07-05 01:36:41.126 | INFO     | __main__:initialize:501 - INITIALIZING WORLD FOR ERA: 魔法原始时代,魔能水晶是魔法源头,可以用于制造法杖.水晶有多种属性,跟出产地有关
2025-07-05 01:36:41.126 | INFO     | __main__:initialize:502 - TERRAIN TYPES: OCEAN, FOREST, GRASSLAND, MOUNTAIN
2025-07-05 01:36:41.127 | INFO     | __main__:initialize:503 - RESOURCE RULES:
2025-07-05 01:36:41.127 | INFO     | __main__:initialize:505 -   WOOD:
2025-07-05 01:36:41.127 | INFO     | __main__:initialize:507 -     - FOREST: 50.0% chance
2025-07-05 01:36:41.127 | INFO     | __main__:initialize:507 -     - OCEAN: 0% chance
2025-07-05 01:36:41.127 | INFO     | __main__:initialize:505 -   APPLE:
2025-07-05 01:36:41.127 | INFO     | __main__:initialize:507 -     - FOREST: 30.0% chance
2025-07-05 01:36:41.127 | INFO     | __main__:initialize:507 -     - GRASSLAND: 20.0% chance
2025-07-05 01:36:41.128 | INFO     | __main__:initialize:505 -   FISH:
2025-07-05 01:36:41.128 | INFO     | __main__:initialize:507 -     - OCEAN: 40.0% chance
2025-07-05 01:36:41.128 | INFO     | __main__:initialize:505 -   STONE:
2025-07-05 01:36:41.128 | INFO     | __main__:initialize:507 -     - MOUNTAIN: 60.0% chance
2025-07-05 01:36:41.129 | INFO     | __main__:initialize:508 - ========================================

2025-07-05 01:36:41.131 | INFO     | __main__:initialize:526 - INITIAL RESOURCE DISTRIBUTION:
2025-07-05 01:36:41.131 | INFO     | __main__:initialize:528 -   APPLE: 178 units
2025-07-05 01:36:41.131 | INFO     | __main__:initialize:528 -   FISH: 20 units
2025-07-05 01:36:41.132 | INFO     | __main__:initialize:528 -   STONE: 41 units
2025-07-05 01:36:41.132 | INFO     | __main__:initialize:528 -   WOOD: 34 units
2025-07-05 01:36:41.132 | INFO     | __main__:initialize:529 - ========================================

2025-07-05 01:36:59.323 | INFO     | __main__:decide_goal:150 - 根据这些特质，我为您创作了以下名字：

1. 沈问心（"问心"体现强烈的好奇心与自省）
2. 苏慕知（"慕知"表达对知识的渴求与魅力）
3. 林思玄（"思玄"展现深邃的思考与神秘吸引力）
4. 文若愚（大智若愚的智者形象）
5. 陆明昭（"明昭"寓意智慧闪耀，魅力四射）

推荐名字：苏慕知
理由：这个名字完美融合了10分的求知欲(慕)与10分的魅力(知)，"苏"姓自带优雅气质，整体读音流畅悦耳。"慕知"二字既表达了终身学习的态度，又暗含知性魅力，特别适合一个兼具智慧与吸引力的32岁角色。(1) personal goal ➜ "我要成为最伟大的水晶鉴定师，发现世间所有稀有魔能水晶的秘密，并用我的魅力让更多人爱上魔法研究。"
2025-07-05 01:37:01.570 | INFO     | __main__:decide_goal:150 - 根据提供的属性(力量8、魅力8、好奇心5)和28岁的年龄，我为您生成以下名字建议：

1. 凌骁 (Líng Xiāo)
- 凌：彰显力量与气势
- 骁：勇猛果敢，突出力量属性

2. 曜轩 (Yào Xuān)
- 曜：闪耀夺目，体现魅力
- 轩：气度不凡，展现成熟魅力

3. 劲枫 (Jìng Fēng)
- 劲：强健有力
- 枫：成熟稳重中带着魅力

4. 威朗 (Wēi Lǎng)
- 威：威严有力
- 朗：阳光开朗，平衡力量与魅力

5. 擎岳 (Qíng Yuè)
- 擎：擎天之力
- 岳：如山岳般稳重可靠

这些名字都符合28岁成熟男性的气质，同时突出了力量和魅力的高数值属性，其中"劲枫"和"威朗"相对更平衡些，而"擎岳"和"凌骁"则更强调力量感。(3) personal goal ➜ 凭借出众的魅力和力量，成为部落中最受尊敬的魔法水晶贸易商。
2025-07-05 01:37:02.130 | INFO     | __main__:decide_goal:150 - 根据这位61岁长者的属性(力量较强，好奇心与魅力适中)，我为您推荐以下名字：

1. 石铁山
- "石"象征坚毅，"铁山"体现力量感
- 整体给人稳重可靠的印象

2. 林问松
- "问"体现好奇心
- "松"象征长青不老
- 带有文人气质又不失力量

3. 洪振岳
- "洪"与"岳"都展现力量
- "振"字增添活力感
- 适合精神矍铄的长者

4. 程开岩
- "开"字暗含探索精神
- "岩"字彰显力量
- 名字朗朗上口

5. 陆守诚
- "守"字体现稳重
- "诚"字展现人格魅力
- 给人可信赖的感觉

这些名字都：
- 避免过于柔弱或花哨的字眼
- 在稳重中透露出适度的好奇心
- 符合中国传统长者的命名习惯
- 笔画适中便于书写

您更倾向于哪种风格的名字？我可以根据偏好再做调整。(4) personal goal ➜ "凭借过人的力量成为最出色的水晶矿工，发现并开采最优质的魔能水晶。"
2025-07-05 01:37:02.801 | INFO     | __main__:decide_goal:150 - 根据提供的属性(力量9、魅力7、好奇心4)和48岁的年龄，为您生成以下名字建议：

1. 铁峰 - "铁"象征坚毅力量，"峰"体现稳重成熟
2. 威岳 - "威"展现威严魅力，"岳"彰显如山气魄
3. 刚毅 - 直接体现力量特质，适合稳重型人格
4. 镇远 - "镇"字显沉稳，"远"含阅历丰富之意
5. 雄阔 - 雄浑大气，符合力量与魅力并存的特质

名字特点说明：
- 均采用阳刚有力的字眼，呼应9点力量值
- 融入"峰/岳/远"等稳重字眼，符合中年气质
- 避免过于花哨的字，体现48岁的成熟度
- 第二字多选用开阔意象，平衡较高的力量属性
- 整体发音浑厚，如"铁峰"读来铿锵有力

推荐首选"威岳"，既保留力量感（威），又通过"岳"字带出成熟魅力，发音洪亮有气势，非常符合48岁力量型角色的设定。(2) personal goal ➜ 凭借过人的力量和魅力，成为部落中最强大的水晶猎人，收集最稀有的魔能水晶。
2025-07-05 01:37:04.467 | INFO     | __main__:decide_goal:150 - 根据提供的属性(力量5分、好奇心1分、魅力7分)和47岁年龄，为您生成以下名字建议：

1. 华明远
- "华"体现成熟魅力
- "明远"暗含稳重与气度
- 整体给人可靠又不失风度的印象

2. 沈彦钧
- "沈"姓自带沉稳气场
- "彦钧"二字平衡力量与优雅
- 适合事业有成的中年男性

3. 陆展鹏
- "陆"字厚重有力
- "展鹏"展现从容气魄
- 暗示实力与成熟魅力并存

4. 顾维雍
- "顾"姓温文尔雅
- "维雍"彰显雍容气度
- 特别适合社交场合的命名

5. 郑鸿煊
- "郑"姓大气稳重
- "鸿煊"寓意光彩照人
- 突出魅力值的同时不失力量感

名字设计思路：
1. 选用笔画较多的姓氏增加厚重感
2. 中间字多用开口音增强力量表现
3. 末字选择优雅字眼突出魅力特质
4. 避免使用过于活泼的字眼以符合低好奇心属性
5. 整体保持47岁人士应有的成熟稳重感

您觉得这些名字是否符合预期？可以针对特定偏好进行调整。(8) personal goal ➜ 凭借出众的魅力，在各大魔法部落间建立水晶贸易网络，成为最富有的魔法商人。
2025-07-05 01:37:05.189 | INFO     | __main__:decide_goal:150 - 根据您提供的属性(力量6/好奇心7/魅力8)和34岁的设定，我为您生成以下名字建议：

1. 慕轩 (Mù Xuān)
- "慕"体现对美好事物的向往(呼应魅力值)
- "轩"既有气宇轩昂之意，又暗含探索精神(呼应好奇心)

2. 朗奕 (Lǎng Yì)
- "朗"展现开朗迷人的气质(高魅力)
- "奕"既有神采奕奕之意，又暗含对变化的兴趣(中高好奇心)

3. 知远 (Zhī Yuǎn)
- "知"体现求知欲(高好奇心)
- "远"暗示既有阅历又不失探索精神(适合34岁)

4. 维钧 (Wéi Jūn)
- "维"展现稳重可靠(中等力量)
- "钧"既有力量感又不失优雅(平衡各项属性)

5. 明灏 (Míng Hào)
- "明"展现聪慧通透(高好奇心)
- "灏"既有气度又暗含活力(综合魅力与力量)

这些名字都：
- 符合34岁成熟但不老气的年龄感
- 平衡了力量、好奇心和魅力的数值
- 避免过于柔弱或过于刚硬
- 在字形和发音上都较为优雅大气

您更倾向于哪种风格的名字？我可以根据偏好提供更多选择。(5) personal goal ➜ 凭借出众的魅力结交各方势力，探索不同属性的魔能水晶奥秘，最终建立自己的魔法商会。
2025-07-05 01:37:06.089 | INFO     | __main__:decide_goal:150 - 根据提供的属性（好奇心突出，魅力中等，力量偏弱）和46岁的年龄，我为这个角色生成以下名字建议：

1. 文思远
- "文"体现智慧与好奇心
- "思远"暗示喜欢思考探索的性格
- 整体给人儒雅睿智的中年学者形象

2. 顾明哲
- "顾"姓稳重得体
- "明哲"既显示智慧又符合年龄感
- 适合一个喜欢研究但不过分张扬的角色

3. 沈问之
- "问"字突出好奇心特质
- "之"字增添文人气质
- 整体平衡了46岁的成熟与求知欲

4. 方知微
- "知微"体现善于观察思考
- 名字暗示喜欢探究细节的性格
- 适合一个低调但充满求知欲的中年人

5. 林观云
- "观"字表现观察与思考
- "云"象征思维的开阔
- 给人淡泊明志的智者印象

这些名字都：
- 避免了过于强势的字眼（符合力量3）
- 包含求知探索的意象（符合好奇心8）
- 保持适度的亲和力（符合魅力5）
- 用字庄重符合46岁年龄特征(9) personal goal ➜ "我要探索世界各地最神秘的魔能水晶矿脉，发现前所未见的魔法属性，成为最伟大的水晶学者。" 

(根据8点好奇心属性突出探索求知欲，5点魅力适合学者身份，3点力量表明不适合战斗路线)
2025-07-05 01:37:06.685 | INFO     | __main__:decide_goal:150 - 根据提供的属性(力量9/好奇心7/魅力3)和39岁年龄，为您生成以下名字建议：

1. 铁岩峰
- "铁"象征其强大的力量属性
- "岩峰"暗喻其坚毅沉稳的性格
- 整体给人稳重可靠的印象，符合中年气质

2. 石问川
- "石"呼应高力量值
- "问"体现好奇心特质
- "川"平衡名字的刚硬感
- 适合喜欢探索的实力派角色

3. 刚岳
- 单字名突显简洁有力
- "刚"直指力量属性
- "岳"暗示如山般可靠
- 适合寡言但实力强大的角色

4. 力衡
- "力"直接对应力量值
- "衡"暗示其会权衡思考
- 平衡了力量与智慧的特质

5. 坚拓
- "坚"强调坚韧不拔
- "拓"暗含开拓精神
- 适合有探索精神的力量型角色

这些名字都：
- 避免使用过于柔美的字，符合魅力值较低的特点
- 采用山石类意象呼应高力量值
- 适当加入探索性字眼体现好奇心
- 整体风格沉稳，符合39岁年龄段的成熟感(0) personal goal ➜ "成为能驾驭多种属性魔能水晶的强力战士，探索世界各地的水晶矿脉。" 

（基于力量属性突出但魅力较低的特点，选择以武力见长的战士路线；好奇心属性中等，适合探索不同地域的水晶特性；用简洁句式体现原始时代的直率性格）
2025-07-05 01:37:06.932 | INFO     | __main__:decide_goal:150 - 根据提供的属性(力量5、魅力5突出，好奇心3中等)和68岁的年龄，我为这位角色精心构思了以下名字建议：

1. 熊耀邦
- "熊"体现力量与威望
- "耀邦"彰显魅力与领导气质
- 整体给人以德高望重之感

2. 洪振声
- "洪"暗含雄浑力量
- "振声"突出声名远播的魅力
- 名字朗朗上口，适合长者

3. 铁冠群
- "铁"象征坚韧力量
- "冠群"展现超凡魅力
- 颇具武林前辈风范

4. 岳擎天
- "岳"如山般稳重有力
- "擎天"体现顶天立地的气魄
- 充满豪迈长者风范

5. 钟鼎文
- "钟鼎"暗喻厚重力量
- "文"平衡以儒雅气质
- 文武双全的智者形象

名字设计思路：
1. 选用"熊""洪""铁"等字突出力量属性
2. 通过"耀""振""冠"等字强化魅力特质
3. 整体保持庄重典雅的老年气质
4. 避免过于柔弱或轻浮的字眼
5. 在稳重中融入一定的威严感

这些名字都符合68岁长者的身份特征，同时完美体现了力量与魅力并重的特质，既不会显得过于强势，又能展现长者的威望与气度。(6) personal goal ➜ 凭借出众的魅力和体力优势，我要成为最受欢迎的魔法水晶猎人，专门为贵族和法师寻找稀有的高品质水晶。
2025-07-05 01:37:07.488 | INFO     | __main__:decide_goal:150 - 根据提供的属性(力量4/好奇心5/魅力8)和18岁的年龄，我为这个角色生成以下名字建议：

1. 颜笑然 (Yán Xiàorán)
- "颜"代表出众的容貌，呼应高魅力值
- "笑然"形容自然流露的迷人笑容
- 整体给人阳光开朗的第一印象

2. 顾明暄 (Gù Míngxuān)
- "顾"有回眸生辉的意象
- "明暄"结合了聪慧(好奇心)与温暖(魅力)的特质
- 读音清朗悦耳

3. 林语棠 (Lín Yǔtáng)
- "语"体现善于交流的亲和力
- "棠"取海棠花的优雅意象
- 中性风格的名字，适合各种场合

4. 苏沐阳 (Sū Mùyáng)
- "沐阳"如沐阳光般的治愈气质
- 笔画简洁有力，平衡了力量属性
- 带有文艺青年的感觉

5. 苏雅 (Sū Yǎ)
- 短而有力的双字名
- "雅"字集中体现优雅魅力
- 适合追求简约风格的现代角色

这些名字都：
- 通过字形/字义突出8点魅力属性
- 保持了一定的力量感(4点)
- 名字结构年轻化，符合18岁设定
- 避免过于柔弱或强势的极端用字

需要调整风格或补充其他类型的名字可以随时告诉我。(7) personal goal ➜ 凭借出众的魅力结交各方势力，收集各地珍稀魔能水晶打造独一无二的法杖，成为最受尊崇的魔法商人。
2025-07-05 01:37:07.490 | INFO     | __main__:run_simulation:1183 - ===== TURN 0 =====
2025-07-05 01:37:07.490 | INFO     | __main__:step:976 - 
=== TURN 0 START ===
2025-07-05 01:37:07.491 | INFO     | __main__:step:977 - Bible Rules: {}
2025-07-05 01:37:07.491 | INFO     | __main__:step:978 - Agent Status:
2025-07-05 01:37:07.491 | INFO     | __main__:step:980 -   Agent 0:
2025-07-05 01:37:07.492 | INFO     | __main__:step:981 -     Position: (26, 24)
2025-07-05 01:37:07.492 | INFO     | __main__:step:982 -     Attributes: {'strength': 9, 'curiosity': 7, 'charm': 3}
2025-07-05 01:37:07.492 | INFO     | __main__:step:983 -     Inventory: {'wood': 2, 'shell': 0}
2025-07-05 01:37:07.492 | INFO     | __main__:step:984 -     Age: 39
2025-07-05 01:37:07.492 | INFO     | __main__:step:985 -     Health: 100
2025-07-05 01:37:07.492 | INFO     | __main__:step:986 -     Hunger: 0.0
2025-07-05 01:37:07.493 | INFO     | __main__:step:987 -     Goal: "成为能驾驭多种属性魔能水晶的强力战士，探索世界各地的水晶矿脉。" 

（基于力量属性突出但魅力较低的特点，选择以武力见长的战士路线；好奇心属性中等，适合探索不同地域的水晶特性；用简洁句式体现原始时代的直率性格）
2025-07-05 01:37:07.493 | INFO     | __main__:step:980 -   Agent 1:
2025-07-05 01:37:07.493 | INFO     | __main__:step:981 -     Position: (13, 10)
2025-07-05 01:37:07.493 | INFO     | __main__:step:982 -     Attributes: {'strength': 4, 'curiosity': 10, 'charm': 10}
2025-07-05 01:37:07.493 | INFO     | __main__:step:983 -     Inventory: {'wood': 1, 'shell': 0}
2025-07-05 01:37:07.493 | INFO     | __main__:step:984 -     Age: 32
2025-07-05 01:37:07.493 | INFO     | __main__:step:985 -     Health: 100
2025-07-05 01:37:07.493 | INFO     | __main__:step:986 -     Hunger: 0.0
2025-07-05 01:37:07.494 | INFO     | __main__:step:987 -     Goal: "我要成为最伟大的水晶鉴定师，发现世间所有稀有魔能水晶的秘密，并用我的魅力让更多人爱上魔法研究。"
2025-07-05 01:37:07.494 | INFO     | __main__:step:980 -   Agent 2:
2025-07-05 01:37:07.494 | INFO     | __main__:step:981 -     Position: (4, 24)
2025-07-05 01:37:07.494 | INFO     | __main__:step:982 -     Attributes: {'strength': 9, 'curiosity': 4, 'charm': 7}
2025-07-05 01:37:07.494 | INFO     | __main__:step:983 -     Inventory: {'wood': 0, 'shell': 1}
2025-07-05 01:37:07.495 | INFO     | __main__:step:984 -     Age: 48
2025-07-05 01:37:07.495 | INFO     | __main__:step:985 -     Health: 100
2025-07-05 01:37:07.495 | INFO     | __main__:step:986 -     Hunger: 0.0
2025-07-05 01:37:07.495 | INFO     | __main__:step:987 -     Goal: 凭借过人的力量和魅力，成为部落中最强大的水晶猎人，收集最稀有的魔能水晶。
2025-07-05 01:37:07.495 | INFO     | __main__:step:980 -   Agent 3:
2025-07-05 01:37:07.495 | INFO     | __main__:step:981 -     Position: (28, 29)
2025-07-05 01:37:07.496 | INFO     | __main__:step:982 -     Attributes: {'strength': 8, 'curiosity': 5, 'charm': 8}
2025-07-05 01:37:07.496 | INFO     | __main__:step:983 -     Inventory: {'wood': 2, 'shell': 1}
2025-07-05 01:37:07.496 | INFO     | __main__:step:984 -     Age: 28
2025-07-05 01:37:07.496 | INFO     | __main__:step:985 -     Health: 100
2025-07-05 01:37:07.496 | INFO     | __main__:step:986 -     Hunger: 0.0
2025-07-05 01:37:07.496 | INFO     | __main__:step:987 -     Goal: 凭借出众的魅力和力量，成为部落中最受尊敬的魔法水晶贸易商。
2025-07-05 01:37:07.496 | INFO     | __main__:step:980 -   Agent 4:
2025-07-05 01:37:07.496 | INFO     | __main__:step:981 -     Position: (23, 17)
2025-07-05 01:37:07.497 | INFO     | __main__:step:982 -     Attributes: {'strength': 4, 'curiosity': 3, 'charm': 3}
2025-07-05 01:37:07.497 | INFO     | __main__:step:983 -     Inventory: {'wood': 2, 'shell': 0}
2025-07-05 01:37:07.497 | INFO     | __main__:step:984 -     Age: 61
2025-07-05 01:37:07.497 | INFO     | __main__:step:985 -     Health: 100
2025-07-05 01:37:07.498 | INFO     | __main__:step:986 -     Hunger: 0.0
2025-07-05 01:37:07.498 | INFO     | __main__:step:987 -     Goal: "凭借过人的力量成为最出色的水晶矿工，发现并开采最优质的魔能水晶。"
2025-07-05 01:37:07.498 | INFO     | __main__:step:980 -   Agent 5:
2025-07-05 01:37:07.498 | INFO     | __main__:step:981 -     Position: (5, 8)
2025-07-05 01:37:07.498 | INFO     | __main__:step:982 -     Attributes: {'strength': 6, 'curiosity': 7, 'charm': 8}
2025-07-05 01:37:07.498 | INFO     | __main__:step:983 -     Inventory: {'wood': 1, 'shell': 1}
2025-07-05 01:37:07.498 | INFO     | __main__:step:984 -     Age: 34
2025-07-05 01:37:07.498 | INFO     | __main__:step:985 -     Health: 100
2025-07-05 01:37:07.498 | INFO     | __main__:step:986 -     Hunger: 0.0
2025-07-05 01:37:07.498 | INFO     | __main__:step:987 -     Goal: 凭借出众的魅力结交各方势力，探索不同属性的魔能水晶奥秘，最终建立自己的魔法商会。
2025-07-05 01:37:07.498 | INFO     | __main__:step:980 -   Agent 6:
2025-07-05 01:37:07.499 | INFO     | __main__:step:981 -     Position: (27, 18)
2025-07-05 01:37:07.499 | INFO     | __main__:step:982 -     Attributes: {'strength': 5, 'curiosity': 3, 'charm': 5}
2025-07-05 01:37:07.499 | INFO     | __main__:step:983 -     Inventory: {'wood': 1, 'shell': 1}
2025-07-05 01:37:07.499 | INFO     | __main__:step:984 -     Age: 68
2025-07-05 01:37:07.499 | INFO     | __main__:step:985 -     Health: 100
2025-07-05 01:37:07.499 | INFO     | __main__:step:986 -     Hunger: 0.0
2025-07-05 01:37:07.499 | INFO     | __main__:step:987 -     Goal: 凭借出众的魅力和体力优势，我要成为最受欢迎的魔法水晶猎人，专门为贵族和法师寻找稀有的高品质水晶。
2025-07-05 01:37:07.499 | INFO     | __main__:step:980 -   Agent 7:
2025-07-05 01:37:07.499 | INFO     | __main__:step:981 -     Position: (25, 17)
2025-07-05 01:37:07.499 | INFO     | __main__:step:982 -     Attributes: {'strength': 4, 'curiosity': 5, 'charm': 8}
2025-07-05 01:37:07.499 | INFO     | __main__:step:983 -     Inventory: {'wood': 1, 'shell': 1}
2025-07-05 01:37:07.500 | INFO     | __main__:step:984 -     Age: 18
2025-07-05 01:37:07.500 | INFO     | __main__:step:985 -     Health: 100
2025-07-05 01:37:07.500 | INFO     | __main__:step:986 -     Hunger: 0.0
2025-07-05 01:37:07.500 | INFO     | __main__:step:987 -     Goal: 凭借出众的魅力结交各方势力，收集各地珍稀魔能水晶打造独一无二的法杖，成为最受尊崇的魔法商人。
2025-07-05 01:37:07.500 | INFO     | __main__:step:980 -   Agent 8:
2025-07-05 01:37:07.500 | INFO     | __main__:step:981 -     Position: (6, 11)
2025-07-05 01:37:07.500 | INFO     | __main__:step:982 -     Attributes: {'strength': 5, 'curiosity': 1, 'charm': 7}
2025-07-05 01:37:07.500 | INFO     | __main__:step:983 -     Inventory: {'wood': 1, 'shell': 1}
2025-07-05 01:37:07.500 | INFO     | __main__:step:984 -     Age: 47
2025-07-05 01:37:07.500 | INFO     | __main__:step:985 -     Health: 100
2025-07-05 01:37:07.500 | INFO     | __main__:step:986 -     Hunger: 0.0
2025-07-05 01:37:07.500 | INFO     | __main__:step:987 -     Goal: 凭借出众的魅力，在各大魔法部落间建立水晶贸易网络，成为最富有的魔法商人。
2025-07-05 01:37:07.500 | INFO     | __main__:step:980 -   Agent 9:
2025-07-05 01:37:07.500 | INFO     | __main__:step:981 -     Position: (23, 3)
2025-07-05 01:37:07.500 | INFO     | __main__:step:982 -     Attributes: {'strength': 3, 'curiosity': 8, 'charm': 5}
2025-07-05 01:37:07.500 | INFO     | __main__:step:983 -     Inventory: {'wood': 0, 'shell': 1}
2025-07-05 01:37:07.501 | INFO     | __main__:step:984 -     Age: 46
2025-07-05 01:37:07.501 | INFO     | __main__:step:985 -     Health: 100
2025-07-05 01:37:07.501 | INFO     | __main__:step:986 -     Hunger: 0.0
2025-07-05 01:37:07.501 | INFO     | __main__:step:987 -     Goal: "我要探索世界各地最神秘的魔能水晶矿脉，发现前所未见的魔法属性，成为最伟大的水晶学者。" 

(根据8点好奇心属性突出探索求知欲，5点魅力适合学者身份，3点力量表明不适合战斗路线)
2025-07-05 01:37:12.508 | INFO     | __main__:resolve:630 - Agent 3 (age 28) attempting action: 我想前往(23,29)和(23,30)采集苹果，为之后的贸易储备食物资源。
2025-07-05 01:37:12.508 | INFO     | __main__:resolve:630 - Agent 8 (age 47) attempting action: 我想向5号发起聊天请求，利用我的高魅力值与他建立初步贸易关系，为未来的水晶贸易网络打下基础。
2025-07-05 01:37:12.585 | INFO     | __main__:resolve:630 - Agent 0 (age 39) attempting action: 收集附近的石头，为寻找魔能水晶做准备。
2025-07-05 01:37:12.630 | INFO     | __main__:resolve:630 - Agent 9 (age 46) attempting action: 我要向东北方向(24,3)移动，收集那里的苹果作为补给，为寻找魔能水晶矿脉做准备。
2025-07-05 01:37:12.740 | INFO     | __main__:resolve:630 - Agent 2 (age 48) attempting action: 我注意到附近有很多苹果树，虽然现在不饿，但可以收集一些苹果储备起来。我会先摘取当前位置(4,24)的苹果。
2025-07-05 01:37:13.636 | INFO     | __main__:resolve:630 - Agent 6 (age 68) attempting action: 我想向7号询问关于魔法水晶的信息，发起聊天请求
2025-07-05 01:37:14.144 | INFO     | __main__:resolve:630 - Agent 1 (age 32) attempting action: 我想收集附近(13,10)位置的木材和苹果，为探索寻找魔能水晶做准备。
2025-07-05 01:37:15.717 | INFO     | __main__:resolve:630 - Agent 5 (age 34) attempting action: 我注意到附近有一位魅力值较高的8号智能体(华明远)在[6,11]位置，我打算过去与他交流，利用我的高魅力值建立关系网，为未来建立魔法商会做准备。
2025-07-05 01:37:16.338 | INFO     | __main__:resolve:630 - Agent 7 (age 18) attempting action: 我注意到附近有两位长者(4号和6号)，我打算利用自己出众的魅力(8点)去和他们交流，询问关于魔能水晶的信息，为将来收集珍稀水晶做准备。
2025-07-05 01:37:17.074 | INFO     | __main__:_process_outcome:744 - Processing outcome for Agent 3:
2025-07-05 01:37:17.075 | INFO     | __main__:_process_outcome:745 -   Outcome type: dict_keys(['position', 'log'])
2025-07-05 01:37:17.076 | INFO     | __main__:_process_outcome:751 -   Position change: [23, 29]
2025-07-05 01:37:17.076 | INFO     | __main__:_process_outcome:753 -   Action log: 前往(23,29)采集苹果
2025-07-05 01:37:17.078 | INFO     | __main__:act:286 - Agent 3 行动 → 我想前往(23,29)和(23,30)采集苹果，为之后的贸易储备食物资源。
2025-07-05 01:37:17.080 | INFO     | __main__:resolve:630 - Agent 4 (age 61) attempting action: 我想前往(27,17)的位置采摘那里的苹果，同时留意是否有魔能水晶的踪迹。
2025-07-05 01:37:22.783 | INFO     | __main__:_process_outcome:744 - Processing outcome for Agent 8:
2025-07-05 01:37:22.783 | INFO     | __main__:_process_outcome:745 -   Outcome type: dict_keys(['chat_request', 'log', 'position'])
2025-07-05 01:37:22.783 | INFO     | __main__:_process_outcome:751 -   Position change: [6, 11]
2025-07-05 01:37:22.783 | INFO     | __main__:_process_outcome:753 -   Action log: 向5号发起贸易关系聊天请求
2025-07-05 01:37:22.785 | INFO     | __main__:act:286 - Agent 8 行动 → 我想向5号发起聊天请求，利用我的高魅力值与他建立初步贸易关系，为未来的水晶贸易网络打下基础。
2025-07-05 01:37:28.464 | INFO     | __main__:_process_outcome:744 - Processing outcome for Agent 0:
2025-07-05 01:37:28.465 | INFO     | __main__:_process_outcome:745 -   Outcome type: dict_keys(['inventory', 'attributes', 'position', 'log'])
2025-07-05 01:37:28.465 | INFO     | __main__:_process_outcome:747 -   Inventory changes: {'stone': 1}
2025-07-05 01:37:28.465 | INFO     | __main__:_process_outcome:749 -   Attribute changes: {'strength': -1}
2025-07-05 01:37:28.465 | INFO     | __main__:_process_outcome:751 -   Position change: [26, 24]
2025-07-05 01:37:28.465 | INFO     | __main__:_process_outcome:753 -   Action log: 收集了一块石头为寻找魔能水晶做准备
2025-07-05 01:37:28.465 | INFO     | __main__:act:286 - Agent 0 行动 → 收集附近的石头，为寻找魔能水晶做准备。
2025-07-05 01:37:33.908 | INFO     | __main__:_process_outcome:744 - Processing outcome for Agent 9:
2025-07-05 01:37:33.910 | INFO     | __main__:_process_outcome:745 -   Outcome type: dict_keys(['inventory', 'attributes', 'position', 'log'])
2025-07-05 01:37:33.910 | INFO     | __main__:_process_outcome:747 -   Inventory changes: {'apple': 1}
2025-07-05 01:37:33.910 | INFO     | __main__:_process_outcome:749 -   Attribute changes: {}
2025-07-05 01:37:33.911 | INFO     | __main__:_process_outcome:751 -   Position change: [24, 3]
2025-07-05 01:37:33.911 | INFO     | __main__:_process_outcome:753 -   Action log: 向东北方向移动并收集了一个苹果
2025-07-05 01:37:33.912 | INFO     | __main__:act:286 - Agent 9 行动 → 我要向东北方向(24,3)移动，收集那里的苹果作为补给，为寻找魔能水晶矿脉做准备。
2025-07-05 01:37:38.260 | INFO     | __main__:_process_outcome:744 - Processing outcome for Agent 2:
2025-07-05 01:37:38.260 | INFO     | __main__:_process_outcome:745 -   Outcome type: dict_keys(['inventory', 'position', 'log'])
2025-07-05 01:37:38.260 | INFO     | __main__:_process_outcome:747 -   Inventory changes: {'apple': 3}
2025-07-05 01:37:38.260 | INFO     | __main__:_process_outcome:751 -   Position change: [4, 24]
2025-07-05 01:37:38.260 | INFO     | __main__:_process_outcome:753 -   Action log: 收集了3个苹果
2025-07-05 01:37:38.260 | INFO     | __main__:act:286 - Agent 2 行动 → 我注意到附近有很多苹果树，虽然现在不饿，但可以收集一些苹果储备起来。我会先摘取当前位置(4,24)的苹果。
2025-07-05 01:37:44.652 | INFO     | __main__:_process_outcome:744 - Processing outcome for Agent 6:
2025-07-05 01:37:44.653 | INFO     | __main__:_process_outcome:745 -   Outcome type: dict_keys(['chat_request', 'log', 'position'])
2025-07-05 01:37:44.653 | INFO     | __main__:_process_outcome:751 -   Position change: [27, 18]
2025-07-05 01:37:44.654 | INFO     | __main__:_process_outcome:753 -   Action log: 向7号询问关于魔法水晶的信息
2025-07-05 01:37:44.656 | INFO     | __main__:act:286 - Agent 6 行动 → 我想向7号询问关于魔法水晶的信息，发起聊天请求
2025-07-05 01:37:51.615 | INFO     | __main__:_process_outcome:744 - Processing outcome for Agent 1:
2025-07-05 01:37:51.616 | INFO     | __main__:_process_outcome:745 -   Outcome type: dict_keys(['inventory', 'attributes', 'position', 'log'])
2025-07-05 01:37:51.616 | INFO     | __main__:_process_outcome:747 -   Inventory changes: {'wood': 1, 'apple': 2}
2025-07-05 01:37:51.616 | INFO     | __main__:_process_outcome:749 -   Attribute changes: {'curiosity': 1}
2025-07-05 01:37:51.616 | INFO     | __main__:_process_outcome:751 -   Position change: [13, 10]
2025-07-05 01:37:51.616 | INFO     | __main__:_process_outcome:753 -   Action log: 在(13,10)位置收集了1份木材和2个苹果，为探索魔能水晶做准备
2025-07-05 01:37:51.617 | INFO     | __main__:act:286 - Agent 1 行动 → 我想收集附近(13,10)位置的木材和苹果，为探索寻找魔能水晶做准备。
