2025-07-05 02:09:25.705 | WARNING  | __main__:_generate_initial_rules:363 - [Trinity] Attempt 1: Invalid rules JSON, retrying...
2025-07-05 02:09:47.222 | WARNING  | __main__:_generate_initial_rules:363 - [Trinity] Attempt 2: Invalid rules JSON, retrying...
2025-07-05 02:10:05.510 | WARNING  | __main__:_generate_initial_rules:365 - [Trinity] Using default rules after 3 failures
2025-07-05 02:10:05.511 | INFO     | __main__:initialize:500 - 
========================================
2025-07-05 02:10:05.511 | INFO     | __main__:initialize:501 - INITIALIZING WORLD FOR ERA: 魔法原始时代,魔能水晶是魔法源头,可以用于制造法杖.水晶有多种属性,跟出产地有关
2025-07-05 02:10:05.511 | INFO     | __main__:initialize:502 - TERRAIN TYPES: OCEAN, FOREST, GRASSLAND, MOUNTAIN
2025-07-05 02:10:05.512 | INFO     | __main__:initialize:503 - RESOURCE RULES:
2025-07-05 02:10:05.512 | INFO     | __main__:initialize:505 -   WOOD:
2025-07-05 02:10:05.512 | INFO     | __main__:initialize:507 -     - FOREST: 50.0% chance
2025-07-05 02:10:05.512 | INFO     | __main__:initialize:507 -     - OCEAN: 0% chance
2025-07-05 02:10:05.512 | INFO     | __main__:initialize:505 -   APPLE:
2025-07-05 02:10:05.512 | INFO     | __main__:initialize:507 -     - FOREST: 30.0% chance
2025-07-05 02:10:05.513 | INFO     | __main__:initialize:507 -     - GRASSLAND: 20.0% chance
2025-07-05 02:10:05.513 | INFO     | __main__:initialize:505 -   FISH:
2025-07-05 02:10:05.513 | INFO     | __main__:initialize:507 -     - OCEAN: 40.0% chance
2025-07-05 02:10:05.513 | INFO     | __main__:initialize:505 -   STONE:
2025-07-05 02:10:05.513 | INFO     | __main__:initialize:507 -     - MOUNTAIN: 60.0% chance
2025-07-05 02:10:05.513 | INFO     | __main__:initialize:508 - ========================================

2025-07-05 02:10:05.514 | INFO     | __main__:initialize:526 - INITIAL RESOURCE DISTRIBUTION:
2025-07-05 02:10:05.514 | INFO     | __main__:initialize:528 -   APPLE: 192 units
2025-07-05 02:10:05.514 | INFO     | __main__:initialize:528 -   FISH: 27 units
2025-07-05 02:10:05.515 | INFO     | __main__:initialize:528 -   STONE: 36 units
2025-07-05 02:10:05.515 | INFO     | __main__:initialize:528 -   WOOD: 32 units
2025-07-05 02:10:05.515 | INFO     | __main__:initialize:529 - ========================================

2025-07-05 02:10:13.029 | INFO     | __main__:decide_goal:150 - Lucien(0) personal goal ➜ 我要成为最擅长用魅力获取稀有魔能水晶的魔法商人。
2025-07-05 02:10:13.149 | INFO     | __main__:decide_goal:150 - Rylan Thorne(8) personal goal ➜ 凭借过人的力量和魅力，我要成为掌控最强火系魔能水晶的部落首领。
2025-07-05 02:10:13.434 | INFO     | __main__:decide_goal:150 - Dexter Wimble(6) personal goal ➜ "通过探索不同地域的魔能水晶特性，成为一名精通多种元素法杖制作的工匠。"
2025-07-05 02:10:13.450 | INFO     | __main__:decide_goal:150 - Rexford(3) personal goal ➜ 我要成为这片大陆上最强壮的魔能水晶采集者。
2025-07-05 02:10:13.478 | INFO     | __main__:decide_goal:150 - Darian Voss(4) personal goal ➜ 凭借我的魅力和沟通能力，成为连接不同水晶产地部落的贸易使者，建立稳定的魔法水晶交易网络。
2025-07-05 02:10:13.534 | INFO     | __main__:decide_goal:150 - Valeria(9) personal goal ➜ 凭借出众的魅力结交强大的盟友，共同探寻稀有魔能水晶的产地。
2025-07-05 02:10:13.554 | INFO     | __main__:decide_goal:150 - Roland Vex(5) personal goal ➜ 凭借过人的力量成为最出色的水晶矿工，为部落开采更多优质魔能水晶。
2025-07-05 02:10:13.720 | INFO     | __main__:decide_goal:150 - Roland Vex(1) personal goal ➜ 凭借过人的力量收集各类魔能水晶，打造出最强的复合属性法杖。
2025-07-05 02:10:14.977 | INFO     | __main__:decide_goal:150 - Brant Steelcrest(7) personal goal ➜ 我要成为用魅力征服各族、统领最大水晶贸易部落的首领。
2025-07-05 02:10:15.572 | INFO     | __main__:decide_goal:150 - Eldrin Voss(2) personal goal ➜ "我要探索世界各地最神秘的魔能水晶矿脉，发现并研究罕见的魔法属性，成为最博学的魔能学者。" 

(基于初始属性中好奇心5的优势，选择以探索和研究为发展方向，同时4点的力量值也能支持野外勘探的体力需求，3点的魅力值则适合与各地矿工和学者保持基础交流)
2025-07-05 02:10:15.573 | INFO     | __main__:run_simulation:1187 - ===== TURN 0 =====
2025-07-05 02:10:15.574 | INFO     | __main__:step:976 - 
=== TURN 0 START ===
2025-07-05 02:10:15.574 | INFO     | __main__:step:977 - Bible Rules: {}
2025-07-05 02:10:15.574 | INFO     | __main__:step:978 - Agent Status:
2025-07-05 02:10:15.575 | INFO     | __main__:step:980 -   Agent 0:
2025-07-05 02:10:15.575 | INFO     | __main__:step:981 -     Position: (5, 9)
2025-07-05 02:10:15.575 | INFO     | __main__:step:982 -     Attributes: {'strength': 1, 'curiosity': 2, 'charm': 7}
2025-07-05 02:10:15.575 | INFO     | __main__:step:983 -     Inventory: {'wood': 0, 'shell': 0}
2025-07-05 02:10:15.575 | INFO     | __main__:step:984 -     Age: 35
2025-07-05 02:10:15.575 | INFO     | __main__:step:985 -     Health: 100
2025-07-05 02:10:15.575 | INFO     | __main__:step:986 -     Hunger: 0.0
2025-07-05 02:10:15.575 | INFO     | __main__:step:987 -     Goal: 我要成为最擅长用魅力获取稀有魔能水晶的魔法商人。
2025-07-05 02:10:15.576 | INFO     | __main__:step:980 -   Agent 1:
2025-07-05 02:10:15.576 | INFO     | __main__:step:981 -     Position: (6, 18)
2025-07-05 02:10:15.576 | INFO     | __main__:step:982 -     Attributes: {'strength': 4, 'curiosity': 3, 'charm': 2}
2025-07-05 02:10:15.576 | INFO     | __main__:step:983 -     Inventory: {'wood': 2, 'shell': 1}
2025-07-05 02:10:15.576 | INFO     | __main__:step:984 -     Age: 28
2025-07-05 02:10:15.576 | INFO     | __main__:step:985 -     Health: 100
2025-07-05 02:10:15.576 | INFO     | __main__:step:986 -     Hunger: 0.0
2025-07-05 02:10:15.576 | INFO     | __main__:step:987 -     Goal: 凭借过人的力量收集各类魔能水晶，打造出最强的复合属性法杖。
2025-07-05 02:10:15.576 | INFO     | __main__:step:980 -   Agent 2:
2025-07-05 02:10:15.577 | INFO     | __main__:step:981 -     Position: (21, 10)
2025-07-05 02:10:15.577 | INFO     | __main__:step:982 -     Attributes: {'strength': 4, 'curiosity': 5, 'charm': 3}
2025-07-05 02:10:15.577 | INFO     | __main__:step:983 -     Inventory: {'wood': 0, 'shell': 0}
2025-07-05 02:10:15.577 | INFO     | __main__:step:984 -     Age: 38
2025-07-05 02:10:15.577 | INFO     | __main__:step:985 -     Health: 100
2025-07-05 02:10:15.577 | INFO     | __main__:step:986 -     Hunger: 0.0
2025-07-05 02:10:15.577 | INFO     | __main__:step:987 -     Goal: "我要探索世界各地最神秘的魔能水晶矿脉，发现并研究罕见的魔法属性，成为最博学的魔能学者。" 

(基于初始属性中好奇心5的优势，选择以探索和研究为发展方向，同时4点的力量值也能支持野外勘探的体力需求，3点的魅力值则适合与各地矿工和学者保持基础交流)
2025-07-05 02:10:15.577 | INFO     | __main__:step:980 -   Agent 3:
2025-07-05 02:10:15.577 | INFO     | __main__:step:981 -     Position: (15, 21)
2025-07-05 02:10:15.577 | INFO     | __main__:step:982 -     Attributes: {'strength': 7, 'curiosity': 2, 'charm': 4}
2025-07-05 02:10:15.577 | INFO     | __main__:step:983 -     Inventory: {'wood': 2, 'shell': 0}
2025-07-05 02:10:15.578 | INFO     | __main__:step:984 -     Age: 24
2025-07-05 02:10:15.578 | INFO     | __main__:step:985 -     Health: 100
2025-07-05 02:10:15.578 | INFO     | __main__:step:986 -     Hunger: 0.0
2025-07-05 02:10:15.578 | INFO     | __main__:step:987 -     Goal: 我要成为这片大陆上最强壮的魔能水晶采集者。
2025-07-05 02:10:15.578 | INFO     | __main__:step:980 -   Agent 4:
2025-07-05 02:10:15.579 | INFO     | __main__:step:981 -     Position: (16, 19)
2025-07-05 02:10:15.579 | INFO     | __main__:step:982 -     Attributes: {'strength': 5, 'curiosity': 4, 'charm': 5}
2025-07-05 02:10:15.579 | INFO     | __main__:step:983 -     Inventory: {'wood': 1, 'shell': 1}
2025-07-05 02:10:15.579 | INFO     | __main__:step:984 -     Age: 35
2025-07-05 02:10:15.579 | INFO     | __main__:step:985 -     Health: 100
2025-07-05 02:10:15.579 | INFO     | __main__:step:986 -     Hunger: 0.0
2025-07-05 02:10:15.579 | INFO     | __main__:step:987 -     Goal: 凭借我的魅力和沟通能力，成为连接不同水晶产地部落的贸易使者，建立稳定的魔法水晶交易网络。
2025-07-05 02:10:15.580 | INFO     | __main__:step:980 -   Agent 5:
2025-07-05 02:10:15.580 | INFO     | __main__:step:981 -     Position: (22, 4)
2025-07-05 02:10:15.580 | INFO     | __main__:step:982 -     Attributes: {'strength': 8, 'curiosity': 5, 'charm': 5}
2025-07-05 02:10:15.580 | INFO     | __main__:step:983 -     Inventory: {'wood': 1, 'shell': 0}
2025-07-05 02:10:15.580 | INFO     | __main__:step:984 -     Age: 24
2025-07-05 02:10:15.580 | INFO     | __main__:step:985 -     Health: 100
2025-07-05 02:10:15.580 | INFO     | __main__:step:986 -     Hunger: 0.0
2025-07-05 02:10:15.580 | INFO     | __main__:step:987 -     Goal: 凭借过人的力量成为最出色的水晶矿工，为部落开采更多优质魔能水晶。
2025-07-05 02:10:15.580 | INFO     | __main__:step:980 -   Agent 6:
2025-07-05 02:10:15.580 | INFO     | __main__:step:981 -     Position: (14, 19)
2025-07-05 02:10:15.580 | INFO     | __main__:step:982 -     Attributes: {'strength': 2, 'curiosity': 2, 'charm': 1}
2025-07-05 02:10:15.581 | INFO     | __main__:step:983 -     Inventory: {'wood': 0, 'shell': 1}
2025-07-05 02:10:15.581 | INFO     | __main__:step:984 -     Age: 24
2025-07-05 02:10:15.581 | INFO     | __main__:step:985 -     Health: 100
2025-07-05 02:10:15.581 | INFO     | __main__:step:986 -     Hunger: 0.0
2025-07-05 02:10:15.581 | INFO     | __main__:step:987 -     Goal: "通过探索不同地域的魔能水晶特性，成为一名精通多种元素法杖制作的工匠。"
2025-07-05 02:10:15.581 | INFO     | __main__:step:980 -   Agent 7:
2025-07-05 02:10:15.581 | INFO     | __main__:step:981 -     Position: (0, 10)
2025-07-05 02:10:15.581 | INFO     | __main__:step:982 -     Attributes: {'strength': 8, 'curiosity': 2, 'charm': 8}
2025-07-05 02:10:15.581 | INFO     | __main__:step:983 -     Inventory: {'wood': 2, 'shell': 1}
2025-07-05 02:10:15.581 | INFO     | __main__:step:984 -     Age: 47
2025-07-05 02:10:15.581 | INFO     | __main__:step:985 -     Health: 100
2025-07-05 02:10:15.581 | INFO     | __main__:step:986 -     Hunger: 0.0
2025-07-05 02:10:15.581 | INFO     | __main__:step:987 -     Goal: 我要成为用魅力征服各族、统领最大水晶贸易部落的首领。
2025-07-05 02:10:15.581 | INFO     | __main__:step:980 -   Agent 8:
2025-07-05 02:10:15.581 | INFO     | __main__:step:981 -     Position: (6, 10)
2025-07-05 02:10:15.581 | INFO     | __main__:step:982 -     Attributes: {'strength': 8, 'curiosity': 6, 'charm': 7}
2025-07-05 02:10:15.581 | INFO     | __main__:step:983 -     Inventory: {'wood': 0, 'shell': 0}
2025-07-05 02:10:15.581 | INFO     | __main__:step:984 -     Age: 27
2025-07-05 02:10:15.581 | INFO     | __main__:step:985 -     Health: 100
2025-07-05 02:10:15.581 | INFO     | __main__:step:986 -     Hunger: 0.0
2025-07-05 02:10:15.582 | INFO     | __main__:step:987 -     Goal: 凭借过人的力量和魅力，我要成为掌控最强火系魔能水晶的部落首领。
2025-07-05 02:10:15.582 | INFO     | __main__:step:980 -   Agent 9:
2025-07-05 02:10:15.582 | INFO     | __main__:step:981 -     Position: (21, 19)
2025-07-05 02:10:15.582 | INFO     | __main__:step:982 -     Attributes: {'strength': 5, 'curiosity': 1, 'charm': 7}
2025-07-05 02:10:15.582 | INFO     | __main__:step:983 -     Inventory: {'wood': 2, 'shell': 0}
2025-07-05 02:10:15.582 | INFO     | __main__:step:984 -     Age: 21
2025-07-05 02:10:15.582 | INFO     | __main__:step:985 -     Health: 100
2025-07-05 02:10:15.582 | INFO     | __main__:step:986 -     Hunger: 0.0
2025-07-05 02:10:15.582 | INFO     | __main__:step:987 -     Goal: 凭借出众的魅力结交强大的盟友，共同探寻稀有魔能水晶的产地。
2025-07-05 02:10:19.556 | INFO     | __main__:resolve:630 - Eldrin Voss(2) (age 38) attempting action: 我要前往(21,12)的位置收集那里的2个苹果，为接下来的探索储备食物。
2025-07-05 02:10:21.018 | INFO     | __main__:resolve:630 - Darian Voss(4) (age 35) attempting action: 我想和9号Valeria交谈，了解她所在部落的水晶资源情况，建立贸易联系。
2025-07-05 02:10:21.150 | INFO     | __main__:resolve:630 - Roland Vex(1) (age 28) attempting action: 我想前往(8,15)的森林收集木材，为制作法杖做准备。
2025-07-05 02:10:21.161 | INFO     | __main__:resolve:630 - Dexter Wimble(6) (age 24) attempting action: 我想向Darian Voss(4号)询问关于魔能水晶的信息，发起聊天请求
2025-07-05 02:10:21.207 | INFO     | __main__:resolve:630 - Roland Vex(5) (age 24) attempting action: 我想前往(22,1)摘取苹果，补充体力为采矿做准备。
2025-07-05 02:10:21.215 | INFO     | __main__:resolve:630 - Rylan Thorne(8) (age 27) attempting action: 我要前往(8,10)的森林收集木材，为获取火系魔能水晶做准备。
2025-07-05 02:10:21.218 | INFO     | __main__:resolve:630 - Brant Steelcrest(7) (age 47) attempting action: 我想前往(5,9)位置与Lucien交谈，了解关于水晶贸易的信息。
2025-07-05 02:10:21.379 | INFO     | __main__:resolve:630 - Rexford(3) (age 24) attempting action: 我要前往(15,21)位置采集那里的2个苹果，为成为最强壮的魔能水晶采集者储备能量。
2025-07-05 02:10:21.380 | INFO     | __main__:resolve:630 - Valeria(9) (age 21) attempting action: 我想和Darian Voss(4号)交谈，询问他是否知道附近稀有魔能水晶的产地。
2025-07-05 02:10:23.064 | INFO     | __main__:resolve:630 - Lucien(0) (age 35) attempting action: 我想向7号Brant Steelcrest询问关于稀有魔能水晶的信息，发起聊天请求。
2025-07-05 02:10:24.089 | INFO     | __main__:_process_outcome:744 - Processing outcome for Eldrin Voss(2):
2025-07-05 02:10:24.090 | INFO     | __main__:_process_outcome:745 -   Outcome type: dict_keys(['inventory', 'attributes', 'position', 'log'])
2025-07-05 02:10:24.090 | INFO     | __main__:_process_outcome:747 -   Inventory changes: {'apple': 2}
2025-07-05 02:10:24.091 | INFO     | __main__:_process_outcome:749 -   Attribute changes: {}
2025-07-05 02:10:24.091 | INFO     | __main__:_process_outcome:751 -   Position change: [21, 12]
2025-07-05 02:10:24.091 | INFO     | __main__:_process_outcome:753 -   Action log: 前往(21,12)的位置收集了2个苹果
2025-07-05 02:10:24.094 | INFO     | __main__:act:286 - Eldrin Voss(2) 行动 → 我要前往(21,12)的位置收集那里的2个苹果，为接下来的探索储备食物。
2025-07-05 02:10:29.361 | INFO     | __main__:_process_outcome:744 - Processing outcome for Darian Voss(4):
2025-07-05 02:10:29.361 | INFO     | __main__:_process_outcome:745 -   Outcome type: dict_keys(['chat_request', 'log', 'position'])
2025-07-05 02:10:29.361 | INFO     | __main__:_process_outcome:751 -   Position change: [16, 19]
2025-07-05 02:10:29.361 | INFO     | __main__:_process_outcome:753 -   Action log: 与9号Valeria交谈，了解她所在部落的水晶资源情况
2025-07-05 02:10:29.362 | INFO     | __main__:act:286 - Darian Voss(4) 行动 → 我想和9号Valeria交谈，了解她所在部落的水晶资源情况，建立贸易联系。
2025-07-05 02:10:34.018 | INFO     | __main__:_process_outcome:744 - Processing outcome for Roland Vex(1):
2025-07-05 02:10:34.019 | INFO     | __main__:_process_outcome:745 -   Outcome type: dict_keys(['inventory', 'attributes', 'position', 'log'])
2025-07-05 02:10:34.019 | INFO     | __main__:_process_outcome:747 -   Inventory changes: {}
2025-07-05 02:10:34.020 | INFO     | __main__:_process_outcome:749 -   Attribute changes: {}
2025-07-05 02:10:34.020 | INFO     | __main__:_process_outcome:751 -   Position change: [8, 15]
2025-07-05 02:10:34.020 | INFO     | __main__:_process_outcome:753 -   Action log: 前往(8,15)的森林收集木材
2025-07-05 02:10:34.020 | INFO     | __main__:act:286 - Roland Vex(1) 行动 → 我想前往(8,15)的森林收集木材，为制作法杖做准备。
2025-07-05 02:10:38.323 | INFO     | __main__:_process_outcome:744 - Processing outcome for Dexter Wimble(6):
2025-07-05 02:10:38.323 | INFO     | __main__:_process_outcome:745 -   Outcome type: dict_keys(['chat_request', 'log'])
2025-07-05 02:10:38.324 | INFO     | __main__:_process_outcome:753 -   Action log: 向4号询问关于魔能水晶的信息
2025-07-05 02:10:38.325 | INFO     | __main__:act:286 - Dexter Wimble(6) 行动 → 我想向Darian Voss(4号)询问关于魔能水晶的信息，发起聊天请求
2025-07-05 02:10:42.726 | INFO     | __main__:_process_outcome:744 - Processing outcome for Roland Vex(5):
2025-07-05 02:10:42.727 | INFO     | __main__:_process_outcome:745 -   Outcome type: dict_keys(['inventory', 'attributes', 'position', 'log'])
2025-07-05 02:10:42.727 | INFO     | __main__:_process_outcome:747 -   Inventory changes: {}
2025-07-05 02:10:42.728 | INFO     | __main__:_process_outcome:749 -   Attribute changes: {}
2025-07-05 02:10:42.728 | INFO     | __main__:_process_outcome:751 -   Position change: [22, 1]
2025-07-05 02:10:42.728 | INFO     | __main__:_process_outcome:753 -   Action log: 前往(22,1)准备摘取苹果
2025-07-05 02:10:42.729 | INFO     | __main__:act:286 - Roland Vex(5) 行动 → 我想前往(22,1)摘取苹果，补充体力为采矿做准备。
2025-07-05 02:10:47.708 | INFO     | __main__:_process_outcome:744 - Processing outcome for Rylan Thorne(8):
2025-07-05 02:10:47.709 | INFO     | __main__:_process_outcome:745 -   Outcome type: dict_keys(['inventory', 'attributes', 'position', 'log'])
2025-07-05 02:10:47.710 | INFO     | __main__:_process_outcome:747 -   Inventory changes: {}
2025-07-05 02:10:47.710 | INFO     | __main__:_process_outcome:749 -   Attribute changes: {}
2025-07-05 02:10:47.710 | INFO     | __main__:_process_outcome:751 -   Position change: [8, 10]
2025-07-05 02:10:47.711 | INFO     | __main__:_process_outcome:753 -   Action log: 前往(8,10)的森林准备收集木材
2025-07-05 02:10:47.712 | INFO     | __main__:act:286 - Rylan Thorne(8) 行动 → 我要前往(8,10)的森林收集木材，为获取火系魔能水晶做准备。
2025-07-05 02:10:54.051 | INFO     | __main__:_process_outcome:744 - Processing outcome for Brant Steelcrest(7):
2025-07-05 02:10:54.052 | INFO     | __main__:_process_outcome:745 -   Outcome type: dict_keys(['position', 'chat_request', 'log'])
2025-07-05 02:10:54.054 | INFO     | __main__:_process_outcome:751 -   Position change: [5, 9]
2025-07-05 02:10:54.054 | INFO     | __main__:_process_outcome:753 -   Action log: 前往(5,9)位置与Lucien交谈关于水晶贸易的信息
2025-07-05 02:10:54.056 | INFO     | __main__:act:286 - Brant Steelcrest(7) 行动 → 我想前往(5,9)位置与Lucien交谈，了解关于水晶贸易的信息。
2025-07-05 02:10:59.305 | INFO     | __main__:_process_outcome:744 - Processing outcome for Rexford(3):
2025-07-05 02:10:59.306 | INFO     | __main__:_process_outcome:745 -   Outcome type: dict_keys(['inventory', 'attributes', 'position', 'log'])
2025-07-05 02:10:59.306 | INFO     | __main__:_process_outcome:747 -   Inventory changes: {'apple': 2}
2025-07-05 02:10:59.306 | INFO     | __main__:_process_outcome:749 -   Attribute changes: {'strength': 1}
2025-07-05 02:10:59.307 | INFO     | __main__:_process_outcome:751 -   Position change: [15, 21]
2025-07-05 02:10:59.307 | INFO     | __main__:_process_outcome:753 -   Action log: 采集了2个苹果，增强了力量
2025-07-05 02:10:59.309 | INFO     | __main__:act:286 - Rexford(3) 行动 → 我要前往(15,21)位置采集那里的2个苹果，为成为最强壮的魔能水晶采集者储备能量。
2025-07-05 02:11:04.537 | INFO     | __main__:_process_outcome:744 - Processing outcome for Valeria(9):
2025-07-05 02:11:04.539 | INFO     | __main__:_process_outcome:745 -   Outcome type: dict_keys(['chat_request', 'log', 'position'])
2025-07-05 02:11:04.539 | INFO     | __main__:_process_outcome:751 -   Position change: [21, 19]
2025-07-05 02:11:04.540 | INFO     | __main__:_process_outcome:753 -   Action log: 向4号Darian Voss询问稀有魔能水晶产地
2025-07-05 02:11:04.541 | INFO     | __main__:act:286 - Valeria(9) 行动 → 我想和Darian Voss(4号)交谈，询问他是否知道附近稀有魔能水晶的产地。
2025-07-05 02:11:09.677 | INFO     | __main__:_process_outcome:744 - Processing outcome for Lucien(0):
2025-07-05 02:11:09.678 | INFO     | __main__:_process_outcome:745 -   Outcome type: dict_keys(['chat_request', 'log'])
2025-07-05 02:11:09.678 | INFO     | __main__:_process_outcome:753 -   Action log: 向7号Brant Steelcrest询问关于稀有魔能水晶的信息
2025-07-05 02:11:09.680 | INFO     | __main__:act:286 - Lucien(0) 行动 → 我想向7号Brant Steelcrest询问关于稀有魔能水晶的信息，发起聊天请求。
2025-07-05 02:11:13.712 | SUCCESS  | __main__:update:107 - [Bible] Updated rules: {'magic_crystal_trading': 'Establish basic trading protocols for magic crystals based on their rarity and properties'}
2025-07-05 02:11:20.152 | WARNING  | __main__:execute_actions:473 - [Trinity] Attempt 1: Invalid JSON, retrying...
2025-07-05 02:11:25.626 | WARNING  | __main__:execute_actions:473 - [Trinity] Attempt 2: Invalid JSON, retrying...
2025-07-05 02:11:32.325 | WARNING  | __main__:execute_actions:475 - [Trinity] Final attempt failed. Raw response: ```json
{
  "spawn_resources": {
    "wood": 5,
    "apple": 3,
    "fish": 4,
    "stone": 6
  },
  "add_resource_rules": {
    "magic_crystal": {
      "MOUNTAIN": 0.4,
      "FOREST": 0.1,
      "G
2025-07-05 02:11:32.326 | INFO     | __main__:run_simulation:1187 - ===== TURN 1 =====
2025-07-05 02:11:32.327 | INFO     | __main__:step:976 - 
=== TURN 1 START ===
2025-07-05 02:11:32.327 | INFO     | __main__:step:977 - Bible Rules: {
  "magic_crystal_trading": "Establish basic trading protocols for magic crystals based on their rarity and properties"
}
2025-07-05 02:11:32.327 | INFO     | __main__:step:978 - Agent Status:
2025-07-05 02:11:32.328 | INFO     | __main__:step:980 -   Agent 0:
2025-07-05 02:11:32.328 | INFO     | __main__:step:981 -     Position: (5, 9)
2025-07-05 02:11:32.328 | INFO     | __main__:step:982 -     Attributes: {'strength': 1, 'curiosity': 2, 'charm': 7}
2025-07-05 02:11:32.328 | INFO     | __main__:step:983 -     Inventory: {'wood': 0, 'shell': 0}
2025-07-05 02:11:32.329 | INFO     | __main__:step:984 -     Age: 36
2025-07-05 02:11:32.329 | INFO     | __main__:step:985 -     Health: 100
2025-07-05 02:11:32.329 | INFO     | __main__:step:986 -     Hunger: 8.0
2025-07-05 02:11:32.329 | INFO     | __main__:step:987 -     Goal: 我要成为最擅长用魅力获取稀有魔能水晶的魔法商人。
2025-07-05 02:11:32.329 | INFO     | __main__:step:980 -   Agent 1:
2025-07-05 02:11:32.330 | INFO     | __main__:step:981 -     Position: (8, 15)
2025-07-05 02:11:32.330 | INFO     | __main__:step:982 -     Attributes: {'strength': 4, 'curiosity': 3, 'charm': 2}
2025-07-05 02:11:32.330 | INFO     | __main__:step:983 -     Inventory: {'wood': 2, 'shell': 1}
2025-07-05 02:11:32.330 | INFO     | __main__:step:984 -     Age: 29
2025-07-05 02:11:32.330 | INFO     | __main__:step:985 -     Health: 100
2025-07-05 02:11:32.330 | INFO     | __main__:step:986 -     Hunger: 8.0
2025-07-05 02:11:32.331 | INFO     | __main__:step:987 -     Goal: 凭借过人的力量收集各类魔能水晶，打造出最强的复合属性法杖。
2025-07-05 02:11:32.331 | INFO     | __main__:step:980 -   Agent 2:
2025-07-05 02:11:32.331 | INFO     | __main__:step:981 -     Position: (21, 12)
2025-07-05 02:11:32.332 | INFO     | __main__:step:982 -     Attributes: {'strength': 4, 'curiosity': 5, 'charm': 3}
2025-07-05 02:11:32.332 | INFO     | __main__:step:983 -     Inventory: {'wood': 0, 'shell': 0, 'apple': 2}
2025-07-05 02:11:32.332 | INFO     | __main__:step:984 -     Age: 39
2025-07-05 02:11:32.332 | INFO     | __main__:step:985 -     Health: 100
2025-07-05 02:11:32.333 | INFO     | __main__:step:986 -     Hunger: 8.0
2025-07-05 02:11:32.333 | INFO     | __main__:step:987 -     Goal: "我要探索世界各地最神秘的魔能水晶矿脉，发现并研究罕见的魔法属性，成为最博学的魔能学者。" 

(基于初始属性中好奇心5的优势，选择以探索和研究为发展方向，同时4点的力量值也能支持野外勘探的体力需求，3点的魅力值则适合与各地矿工和学者保持基础交流)
2025-07-05 02:11:32.333 | INFO     | __main__:step:980 -   Agent 3:
2025-07-05 02:11:32.333 | INFO     | __main__:step:981 -     Position: (15, 21)
2025-07-05 02:11:32.333 | INFO     | __main__:step:982 -     Attributes: {'strength': 8, 'curiosity': 2, 'charm': 4}
2025-07-05 02:11:32.333 | INFO     | __main__:step:983 -     Inventory: {'wood': 2, 'shell': 0, 'apple': 2}
2025-07-05 02:11:32.333 | INFO     | __main__:step:984 -     Age: 25
2025-07-05 02:11:32.333 | INFO     | __main__:step:985 -     Health: 100
2025-07-05 02:11:32.333 | INFO     | __main__:step:986 -     Hunger: 8.0
2025-07-05 02:11:32.334 | INFO     | __main__:step:987 -     Goal: 我要成为这片大陆上最强壮的魔能水晶采集者。
2025-07-05 02:11:32.334 | INFO     | __main__:step:980 -   Agent 4:
2025-07-05 02:11:32.334 | INFO     | __main__:step:981 -     Position: (16, 19)
2025-07-05 02:11:32.334 | INFO     | __main__:step:982 -     Attributes: {'strength': 5, 'curiosity': 4, 'charm': 5}
2025-07-05 02:11:32.334 | INFO     | __main__:step:983 -     Inventory: {'wood': 1, 'shell': 1}
2025-07-05 02:11:32.334 | INFO     | __main__:step:984 -     Age: 36
2025-07-05 02:11:32.334 | INFO     | __main__:step:985 -     Health: 100
2025-07-05 02:11:32.334 | INFO     | __main__:step:986 -     Hunger: 8.0
2025-07-05 02:11:32.334 | INFO     | __main__:step:987 -     Goal: 凭借我的魅力和沟通能力，成为连接不同水晶产地部落的贸易使者，建立稳定的魔法水晶交易网络。
2025-07-05 02:11:32.334 | INFO     | __main__:step:980 -   Agent 5:
2025-07-05 02:11:32.335 | INFO     | __main__:step:981 -     Position: (22, 1)
2025-07-05 02:11:32.335 | INFO     | __main__:step:982 -     Attributes: {'strength': 8, 'curiosity': 5, 'charm': 5}
2025-07-05 02:11:32.335 | INFO     | __main__:step:983 -     Inventory: {'wood': 1, 'shell': 0}
2025-07-05 02:11:32.335 | INFO     | __main__:step:984 -     Age: 25
2025-07-05 02:11:32.335 | INFO     | __main__:step:985 -     Health: 100
2025-07-05 02:11:32.335 | INFO     | __main__:step:986 -     Hunger: 8.0
2025-07-05 02:11:32.335 | INFO     | __main__:step:987 -     Goal: 凭借过人的力量成为最出色的水晶矿工，为部落开采更多优质魔能水晶。
2025-07-05 02:11:32.335 | INFO     | __main__:step:980 -   Agent 6:
2025-07-05 02:11:32.335 | INFO     | __main__:step:981 -     Position: (14, 19)
2025-07-05 02:11:32.335 | INFO     | __main__:step:982 -     Attributes: {'strength': 2, 'curiosity': 2, 'charm': 1}
2025-07-05 02:11:32.335 | INFO     | __main__:step:983 -     Inventory: {'wood': 0, 'shell': 1}
2025-07-05 02:11:32.335 | INFO     | __main__:step:984 -     Age: 25
2025-07-05 02:11:32.335 | INFO     | __main__:step:985 -     Health: 100
2025-07-05 02:11:32.335 | INFO     | __main__:step:986 -     Hunger: 8.0
2025-07-05 02:11:32.335 | INFO     | __main__:step:987 -     Goal: "通过探索不同地域的魔能水晶特性，成为一名精通多种元素法杖制作的工匠。"
2025-07-05 02:11:32.335 | INFO     | __main__:step:980 -   Agent 7:
2025-07-05 02:11:32.335 | INFO     | __main__:step:981 -     Position: (0, 10)
2025-07-05 02:11:32.336 | INFO     | __main__:step:982 -     Attributes: {'strength': 8, 'curiosity': 2, 'charm': 8}
2025-07-05 02:11:32.336 | INFO     | __main__:step:983 -     Inventory: {'wood': 2, 'shell': 1}
2025-07-05 02:11:32.336 | INFO     | __main__:step:984 -     Age: 48
2025-07-05 02:11:32.336 | INFO     | __main__:step:985 -     Health: 100
2025-07-05 02:11:32.336 | INFO     | __main__:step:986 -     Hunger: 8.0
2025-07-05 02:11:32.336 | INFO     | __main__:step:987 -     Goal: 我要成为用魅力征服各族、统领最大水晶贸易部落的首领。
2025-07-05 02:11:32.336 | INFO     | __main__:step:980 -   Agent 8:
2025-07-05 02:11:32.336 | INFO     | __main__:step:981 -     Position: (8, 10)
2025-07-05 02:11:32.336 | INFO     | __main__:step:982 -     Attributes: {'strength': 8, 'curiosity': 6, 'charm': 7}
2025-07-05 02:11:32.336 | INFO     | __main__:step:983 -     Inventory: {'wood': 0, 'shell': 0}
2025-07-05 02:11:32.336 | INFO     | __main__:step:984 -     Age: 28
2025-07-05 02:11:32.336 | INFO     | __main__:step:985 -     Health: 100
2025-07-05 02:11:32.336 | INFO     | __main__:step:986 -     Hunger: 8.0
2025-07-05 02:11:32.336 | INFO     | __main__:step:987 -     Goal: 凭借过人的力量和魅力，我要成为掌控最强火系魔能水晶的部落首领。
2025-07-05 02:11:32.337 | INFO     | __main__:step:980 -   Agent 9:
2025-07-05 02:11:32.337 | INFO     | __main__:step:981 -     Position: (21, 19)
2025-07-05 02:11:32.337 | INFO     | __main__:step:982 -     Attributes: {'strength': 5, 'curiosity': 1, 'charm': 7}
2025-07-05 02:11:32.337 | INFO     | __main__:step:983 -     Inventory: {'wood': 2, 'shell': 0}
2025-07-05 02:11:32.337 | INFO     | __main__:step:984 -     Age: 22
2025-07-05 02:11:32.337 | INFO     | __main__:step:985 -     Health: 100
2025-07-05 02:11:32.337 | INFO     | __main__:step:986 -     Hunger: 8.0
2025-07-05 02:11:32.337 | INFO     | __main__:step:987 -     Goal: 凭借出众的魅力结交强大的盟友，共同探寻稀有魔能水晶的产地。
2025-07-05 02:11:54.552 | INFO     | __main__:resolve:630 - Brant Steelcrest(7) (age 48) attempting action: 我饿了，要摘苹果吃
2025-07-05 02:11:55.064 | INFO     | __main__:resolve:630 - Eldrin Voss(2) (age 39) attempting action: "我饿了，要摘当前位置(21,12)的苹果吃"
2025-07-05 02:11:55.092 | INFO     | __main__:resolve:630 - Lucien(0) (age 36) attempting action: 我想向7号Brant Steelcrest询问关于稀有魔能水晶的信息，发起聊天请求
2025-07-05 02:11:56.283 | INFO     | __main__:resolve:630 - Roland Vex(1) (age 29) attempting action: 我饿了，要摘苹果吃。
2025-07-05 02:11:56.397 | INFO     | __main__:resolve:630 - Rexford(3) (age 25) attempting action: 我饿了，要摘苹果吃
2025-07-05 02:11:56.506 | INFO     | __main__:resolve:630 - Dexter Wimble(6) (age 25) attempting action: 我饿了，要摘取当前位置(14,19)的苹果吃。
2025-07-05 02:11:57.659 | INFO     | __main__:resolve:630 - Rylan Thorne(8) (age 28) attempting action: 我饿了，要摘苹果吃。
2025-07-05 02:11:57.931 | INFO     | __main__:resolve:630 - Roland Vex(5) (age 25) attempting action: 我饿了，要摘当前位置(22,1)的苹果吃。
2025-07-05 02:11:58.061 | INFO     | __main__:resolve:630 - Darian Voss(4) (age 36) attempting action: 我饿了，要去(16,20)摘苹果吃。
2025-07-05 02:11:58.186 | INFO     | __main__:resolve:630 - Valeria(9) (age 22) attempting action: 我想和Darian Voss交谈，询问他是否知道任何稀有魔能水晶产地的信息。
2025-07-05 02:11:58.903 | INFO     | __main__:_process_outcome:744 - Processing outcome for Brant Steelcrest(7):
2025-07-05 02:11:58.903 | INFO     | __main__:_process_outcome:745 -   Outcome type: dict_keys(['inventory', 'attributes', 'position', 'log'])
2025-07-05 02:11:58.903 | INFO     | __main__:_process_outcome:747 -   Inventory changes: {'apple': 1}
2025-07-05 02:11:58.904 | INFO     | __main__:_process_outcome:749 -   Attribute changes: {'hunger': -5}
2025-07-05 02:11:58.904 | INFO     | __main__:_process_outcome:751 -   Position change: [0, 10]
2025-07-05 02:11:58.904 | INFO     | __main__:_process_outcome:753 -   Action log: 摘了一个苹果充饥
2025-07-05 02:11:58.905 | INFO     | __main__:act:286 - Brant Steelcrest(7) 行动 → 我饿了，要摘苹果吃
2025-07-05 02:12:04.794 | INFO     | __main__:_process_outcome:744 - Processing outcome for Eldrin Voss(2):
2025-07-05 02:12:04.796 | INFO     | __main__:_process_outcome:745 -   Outcome type: dict_keys(['inventory', 'attributes', 'position', 'log'])
2025-07-05 02:12:04.796 | INFO     | __main__:_process_outcome:747 -   Inventory changes: {'apple': 1}
2025-07-05 02:12:04.797 | INFO     | __main__:_process_outcome:749 -   Attribute changes: {'hunger': -10}
2025-07-05 02:12:04.797 | INFO     | __main__:_process_outcome:751 -   Position change: [21, 12]
2025-07-05 02:12:04.797 | INFO     | __main__:_process_outcome:753 -   Action log: 摘了一个苹果并吃掉
2025-07-05 02:12:04.798 | INFO     | __main__:act:286 - Eldrin Voss(2) 行动 → "我饿了，要摘当前位置(21,12)的苹果吃"
2025-07-05 02:12:10.661 | INFO     | __main__:_process_outcome:744 - Processing outcome for Lucien(0):
2025-07-05 02:12:10.662 | INFO     | __main__:_process_outcome:745 -   Outcome type: dict_keys(['chat_request', 'log', 'position'])
2025-07-05 02:12:10.663 | INFO     | __main__:_process_outcome:751 -   Position change: [5, 9]
2025-07-05 02:12:10.663 | INFO     | __main__:_process_outcome:753 -   Action log: 向7号Brant Steelcrest询问关于稀有魔能水晶的信息
2025-07-05 02:12:10.664 | INFO     | __main__:act:286 - Lucien(0) 行动 → 我想向7号Brant Steelcrest询问关于稀有魔能水晶的信息，发起聊天请求
2025-07-05 02:12:15.005 | INFO     | __main__:_process_outcome:744 - Processing outcome for Roland Vex(1):
2025-07-05 02:12:15.006 | INFO     | __main__:_process_outcome:745 -   Outcome type: dict_keys(['inventory', 'attributes', 'log'])
2025-07-05 02:12:15.007 | INFO     | __main__:_process_outcome:747 -   Inventory changes: {'apple': 1}
2025-07-05 02:12:15.007 | INFO     | __main__:_process_outcome:749 -   Attribute changes: {'hunger': -5}
2025-07-05 02:12:15.007 | INFO     | __main__:_process_outcome:753 -   Action log: 摘了一个苹果吃
2025-07-05 02:12:15.009 | INFO     | __main__:act:286 - Roland Vex(1) 行动 → 我饿了，要摘苹果吃。
2025-07-05 02:12:19.527 | INFO     | __main__:_process_outcome:744 - Processing outcome for Rexford(3):
2025-07-05 02:12:19.528 | INFO     | __main__:_process_outcome:745 -   Outcome type: dict_keys(['inventory', 'attributes', 'position', 'log'])
2025-07-05 02:12:19.529 | INFO     | __main__:_process_outcome:747 -   Inventory changes: {'apple': 1}
2025-07-05 02:12:19.529 | INFO     | __main__:_process_outcome:749 -   Attribute changes: {'hunger': -5}
2025-07-05 02:12:19.529 | INFO     | __main__:_process_outcome:751 -   Position change: [15, 21]
2025-07-05 02:12:19.530 | INFO     | __main__:_process_outcome:753 -   Action log: 摘了一个苹果吃
2025-07-05 02:12:19.531 | INFO     | __main__:act:286 - Rexford(3) 行动 → 我饿了，要摘苹果吃
2025-07-05 02:12:24.703 | INFO     | __main__:_process_outcome:744 - Processing outcome for Dexter Wimble(6):
2025-07-05 02:12:24.704 | INFO     | __main__:_process_outcome:745 -   Outcome type: dict_keys(['inventory', 'attributes', 'position', 'log'])
2025-07-05 02:12:24.704 | INFO     | __main__:_process_outcome:747 -   Inventory changes: {'apple': 1}
2025-07-05 02:12:24.705 | INFO     | __main__:_process_outcome:749 -   Attribute changes: {'hunger': -10}
2025-07-05 02:12:24.705 | INFO     | __main__:_process_outcome:751 -   Position change: [14, 19]
2025-07-05 02:12:24.705 | INFO     | __main__:_process_outcome:753 -   Action log: 摘取并吃了一个苹果
2025-07-05 02:12:24.707 | INFO     | __main__:act:286 - Dexter Wimble(6) 行动 → 我饿了，要摘取当前位置(14,19)的苹果吃。
2025-07-05 02:12:30.499 | INFO     | __main__:_process_outcome:744 - Processing outcome for Rylan Thorne(8):
2025-07-05 02:12:30.499 | INFO     | __main__:_process_outcome:745 -   Outcome type: dict_keys(['inventory', 'attributes', 'position', 'log'])
2025-07-05 02:12:30.499 | INFO     | __main__:_process_outcome:747 -   Inventory changes: {'apple': 1}
2025-07-05 02:12:30.500 | INFO     | __main__:_process_outcome:749 -   Attribute changes: {'hunger': -5}
2025-07-05 02:12:30.500 | INFO     | __main__:_process_outcome:751 -   Position change: [8, 10]
2025-07-05 02:12:30.500 | INFO     | __main__:_process_outcome:753 -   Action log: 摘了一个苹果充饥
2025-07-05 02:12:30.503 | INFO     | __main__:act:286 - Rylan Thorne(8) 行动 → 我饿了，要摘苹果吃。
2025-07-05 02:12:35.003 | INFO     | __main__:_process_outcome:744 - Processing outcome for Roland Vex(5):
2025-07-05 02:12:35.004 | INFO     | __main__:_process_outcome:745 -   Outcome type: dict_keys(['inventory', 'attributes', 'log', 'position'])
2025-07-05 02:12:35.004 | INFO     | __main__:_process_outcome:747 -   Inventory changes: {'apple': 1}
2025-07-05 02:12:35.004 | INFO     | __main__:_process_outcome:749 -   Attribute changes: {'hunger': -5}
2025-07-05 02:12:35.004 | INFO     | __main__:_process_outcome:751 -   Position change: [22, 1]
2025-07-05 02:12:35.005 | INFO     | __main__:_process_outcome:753 -   Action log: 摘了一个苹果并吃掉
2025-07-05 02:12:35.006 | INFO     | __main__:act:286 - Roland Vex(5) 行动 → 我饿了，要摘当前位置(22,1)的苹果吃。
2025-07-05 02:12:40.227 | INFO     | __main__:_process_outcome:744 - Processing outcome for Darian Voss(4):
2025-07-05 02:12:40.228 | INFO     | __main__:_process_outcome:745 -   Outcome type: dict_keys(['inventory', 'attributes', 'position', 'log'])
2025-07-05 02:12:40.228 | INFO     | __main__:_process_outcome:747 -   Inventory changes: {}
2025-07-05 02:12:40.228 | INFO     | __main__:_process_outcome:749 -   Attribute changes: {'hunger': -5}
2025-07-05 02:12:40.229 | INFO     | __main__:_process_outcome:751 -   Position change: [16, 20]
2025-07-05 02:12:40.229 | INFO     | __main__:_process_outcome:753 -   Action log: 移动到(16,20)寻找苹果
2025-07-05 02:12:40.230 | INFO     | __main__:act:286 - Darian Voss(4) 行动 → 我饿了，要去(16,20)摘苹果吃。
2025-07-05 02:12:46.268 | INFO     | __main__:_process_outcome:744 - Processing outcome for Valeria(9):
2025-07-05 02:12:46.268 | INFO     | __main__:_process_outcome:745 -   Outcome type: dict_keys(['chat_request', 'log', 'position'])
2025-07-05 02:12:46.269 | INFO     | __main__:_process_outcome:751 -   Position change: [21, 19]
2025-07-05 02:12:46.269 | INFO     | __main__:_process_outcome:753 -   Action log: 询问Darian Voss关于稀有魔能水晶产地的信息
2025-07-05 02:12:46.270 | INFO     | __main__:act:286 - Valeria(9) 行动 → 我想和Darian Voss交谈，询问他是否知道任何稀有魔能水晶产地的信息。
2025-07-05 02:12:55.773 | SUCCESS  | __main__:execute_actions:447 - [Trinity] Spawned resources: {'magic_crystal': 5}
2025-07-05 02:12:55.773 | SUCCESS  | __main__:execute_actions:468 - [Trinity] Added new resource rules: {'magic_crystal': {'MOUNTAIN': 0.3, 'FOREST': 0.1, 'GRASSLAND': 0.05}}
2025-07-05 02:12:55.774 | INFO     | __main__:run_simulation:1187 - ===== TURN 2 =====
2025-07-05 02:12:55.774 | INFO     | __main__:step:976 - 
=== TURN 2 START ===
2025-07-05 02:12:55.774 | INFO     | __main__:step:977 - Bible Rules: {
  "magic_crystal_trading": "Establish basic trading protocols for magic crystals based on their rarity and properties"
}
2025-07-05 02:12:55.774 | INFO     | __main__:step:978 - Agent Status:
2025-07-05 02:12:55.774 | INFO     | __main__:step:980 -   Agent 0:
2025-07-05 02:12:55.775 | INFO     | __main__:step:981 -     Position: (5, 9)
2025-07-05 02:12:55.775 | INFO     | __main__:step:982 -     Attributes: {'strength': 1, 'curiosity': 2, 'charm': 7}
2025-07-05 02:12:55.775 | INFO     | __main__:step:983 -     Inventory: {'wood': 0, 'shell': 0}
2025-07-05 02:12:55.775 | INFO     | __main__:step:984 -     Age: 37
2025-07-05 02:12:55.775 | INFO     | __main__:step:985 -     Health: 100
2025-07-05 02:12:55.775 | INFO     | __main__:step:986 -     Hunger: 16.0
2025-07-05 02:12:55.775 | INFO     | __main__:step:987 -     Goal: 我要成为最擅长用魅力获取稀有魔能水晶的魔法商人。
2025-07-05 02:12:55.775 | INFO     | __main__:step:980 -   Agent 1:
2025-07-05 02:12:55.775 | INFO     | __main__:step:981 -     Position: (8, 15)
2025-07-05 02:12:55.775 | INFO     | __main__:step:982 -     Attributes: {'strength': 4, 'curiosity': 3, 'charm': 2, 'hunger': -5}
2025-07-05 02:12:55.775 | INFO     | __main__:step:983 -     Inventory: {'wood': 2, 'shell': 1, 'apple': 1}
2025-07-05 02:12:55.775 | INFO     | __main__:step:984 -     Age: 30
2025-07-05 02:12:55.775 | INFO     | __main__:step:985 -     Health: 100
2025-07-05 02:12:55.776 | INFO     | __main__:step:986 -     Hunger: 16.0
2025-07-05 02:12:55.776 | INFO     | __main__:step:987 -     Goal: 凭借过人的力量收集各类魔能水晶，打造出最强的复合属性法杖。
2025-07-05 02:12:55.776 | INFO     | __main__:step:980 -   Agent 2:
2025-07-05 02:12:55.776 | INFO     | __main__:step:981 -     Position: (21, 12)
2025-07-05 02:12:55.776 | INFO     | __main__:step:982 -     Attributes: {'strength': 4, 'curiosity': 5, 'charm': 3, 'hunger': -10}
2025-07-05 02:12:55.776 | INFO     | __main__:step:983 -     Inventory: {'wood': 0, 'shell': 0, 'apple': 3}
2025-07-05 02:12:55.776 | INFO     | __main__:step:984 -     Age: 40
2025-07-05 02:12:55.776 | INFO     | __main__:step:985 -     Health: 100
2025-07-05 02:12:55.776 | INFO     | __main__:step:986 -     Hunger: 16.0
2025-07-05 02:12:55.776 | INFO     | __main__:step:987 -     Goal: "我要探索世界各地最神秘的魔能水晶矿脉，发现并研究罕见的魔法属性，成为最博学的魔能学者。" 

(基于初始属性中好奇心5的优势，选择以探索和研究为发展方向，同时4点的力量值也能支持野外勘探的体力需求，3点的魅力值则适合与各地矿工和学者保持基础交流)
2025-07-05 02:12:55.776 | INFO     | __main__:step:980 -   Agent 3:
2025-07-05 02:12:55.776 | INFO     | __main__:step:981 -     Position: (15, 21)
2025-07-05 02:12:55.776 | INFO     | __main__:step:982 -     Attributes: {'strength': 8, 'curiosity': 2, 'charm': 4, 'hunger': -5}
2025-07-05 02:12:55.776 | INFO     | __main__:step:983 -     Inventory: {'wood': 2, 'shell': 0, 'apple': 3}
2025-07-05 02:12:55.776 | INFO     | __main__:step:984 -     Age: 26
2025-07-05 02:12:55.777 | INFO     | __main__:step:985 -     Health: 100
2025-07-05 02:12:55.777 | INFO     | __main__:step:986 -     Hunger: 16.0
2025-07-05 02:12:55.777 | INFO     | __main__:step:987 -     Goal: 我要成为这片大陆上最强壮的魔能水晶采集者。
2025-07-05 02:12:55.777 | INFO     | __main__:step:980 -   Agent 4:
2025-07-05 02:12:55.777 | INFO     | __main__:step:981 -     Position: (16, 20)
2025-07-05 02:12:55.777 | INFO     | __main__:step:982 -     Attributes: {'strength': 5, 'curiosity': 4, 'charm': 5, 'hunger': -5}
2025-07-05 02:12:55.777 | INFO     | __main__:step:983 -     Inventory: {'wood': 1, 'shell': 1}
2025-07-05 02:12:55.777 | INFO     | __main__:step:984 -     Age: 37
2025-07-05 02:12:55.777 | INFO     | __main__:step:985 -     Health: 100
2025-07-05 02:12:55.777 | INFO     | __main__:step:986 -     Hunger: 16.0
2025-07-05 02:12:55.777 | INFO     | __main__:step:987 -     Goal: 凭借我的魅力和沟通能力，成为连接不同水晶产地部落的贸易使者，建立稳定的魔法水晶交易网络。
2025-07-05 02:12:55.777 | INFO     | __main__:step:980 -   Agent 5:
2025-07-05 02:12:55.777 | INFO     | __main__:step:981 -     Position: (22, 1)
2025-07-05 02:12:55.777 | INFO     | __main__:step:982 -     Attributes: {'strength': 8, 'curiosity': 5, 'charm': 5, 'hunger': -5}
2025-07-05 02:12:55.777 | INFO     | __main__:step:983 -     Inventory: {'wood': 1, 'shell': 0, 'apple': 1}
2025-07-05 02:12:55.777 | INFO     | __main__:step:984 -     Age: 26
2025-07-05 02:12:55.778 | INFO     | __main__:step:985 -     Health: 100
2025-07-05 02:12:55.778 | INFO     | __main__:step:986 -     Hunger: 16.0
2025-07-05 02:12:55.778 | INFO     | __main__:step:987 -     Goal: 凭借过人的力量成为最出色的水晶矿工，为部落开采更多优质魔能水晶。
2025-07-05 02:12:55.778 | INFO     | __main__:step:980 -   Agent 6:
2025-07-05 02:12:55.778 | INFO     | __main__:step:981 -     Position: (14, 19)
2025-07-05 02:12:55.778 | INFO     | __main__:step:982 -     Attributes: {'strength': 2, 'curiosity': 2, 'charm': 1, 'hunger': -10}
2025-07-05 02:12:55.778 | INFO     | __main__:step:983 -     Inventory: {'wood': 0, 'shell': 1, 'apple': 1}
2025-07-05 02:12:55.778 | INFO     | __main__:step:984 -     Age: 26
2025-07-05 02:12:55.778 | INFO     | __main__:step:985 -     Health: 100
2025-07-05 02:12:55.778 | INFO     | __main__:step:986 -     Hunger: 16.0
2025-07-05 02:12:55.778 | INFO     | __main__:step:987 -     Goal: "通过探索不同地域的魔能水晶特性，成为一名精通多种元素法杖制作的工匠。"
2025-07-05 02:12:55.779 | INFO     | __main__:step:980 -   Agent 7:
2025-07-05 02:12:55.779 | INFO     | __main__:step:981 -     Position: (0, 10)
2025-07-05 02:12:55.779 | INFO     | __main__:step:982 -     Attributes: {'strength': 8, 'curiosity': 2, 'charm': 8, 'hunger': -5}
2025-07-05 02:12:55.779 | INFO     | __main__:step:983 -     Inventory: {'wood': 2, 'shell': 1, 'apple': 1}
2025-07-05 02:12:55.779 | INFO     | __main__:step:984 -     Age: 49
2025-07-05 02:12:55.779 | INFO     | __main__:step:985 -     Health: 100
2025-07-05 02:12:55.779 | INFO     | __main__:step:986 -     Hunger: 16.0
2025-07-05 02:12:55.779 | INFO     | __main__:step:987 -     Goal: 我要成为用魅力征服各族、统领最大水晶贸易部落的首领。
2025-07-05 02:12:55.779 | INFO     | __main__:step:980 -   Agent 8:
2025-07-05 02:12:55.779 | INFO     | __main__:step:981 -     Position: (8, 10)
2025-07-05 02:12:55.779 | INFO     | __main__:step:982 -     Attributes: {'strength': 8, 'curiosity': 6, 'charm': 7, 'hunger': -5}
2025-07-05 02:12:55.779 | INFO     | __main__:step:983 -     Inventory: {'wood': 0, 'shell': 0, 'apple': 1}
2025-07-05 02:12:55.779 | INFO     | __main__:step:984 -     Age: 29
2025-07-05 02:12:55.779 | INFO     | __main__:step:985 -     Health: 100
2025-07-05 02:12:55.779 | INFO     | __main__:step:986 -     Hunger: 16.0
2025-07-05 02:12:55.779 | INFO     | __main__:step:987 -     Goal: 凭借过人的力量和魅力，我要成为掌控最强火系魔能水晶的部落首领。
2025-07-05 02:12:55.779 | INFO     | __main__:step:980 -   Agent 9:
2025-07-05 02:12:55.780 | INFO     | __main__:step:981 -     Position: (21, 19)
2025-07-05 02:12:55.780 | INFO     | __main__:step:982 -     Attributes: {'strength': 5, 'curiosity': 1, 'charm': 7}
2025-07-05 02:12:55.780 | INFO     | __main__:step:983 -     Inventory: {'wood': 2, 'shell': 0}
2025-07-05 02:12:55.780 | INFO     | __main__:step:984 -     Age: 23
2025-07-05 02:12:55.780 | INFO     | __main__:step:985 -     Health: 100
2025-07-05 02:12:55.780 | INFO     | __main__:step:986 -     Hunger: 16.0
2025-07-05 02:12:55.780 | INFO     | __main__:step:987 -     Goal: 凭借出众的魅力结交强大的盟友，共同探寻稀有魔能水晶的产地。
2025-07-05 02:13:05.419 | INFO     | __main__:resolve:630 - Eldrin Voss(2) (age 40) attempting action: 我注意到在(19,8)位置有一块魔能水晶，我要前往那里采集这块水晶进行研究。
2025-07-05 02:13:05.421 | INFO     | __main__:resolve:630 - Roland Vex(5) (age 26) attempting action: '摘取当前位置(22,1)的苹果充饥'
2025-07-05 02:13:05.709 | INFO     | __main__:resolve:630 - Brant Steelcrest(7) (age 49) attempting action: 我想前往(5,9)位置与Lucien交谈，了解关于魔法水晶贸易的信息。
2025-07-05 02:13:06.236 | INFO     | __main__:resolve:630 - Dexter Wimble(6) (age 26) attempting action: 我注意到在(18,23)位置有一块魔能水晶，为了达成制作法杖的目标，我要前往那里收集那块水晶。
2025-07-05 02:13:07.112 | INFO     | __main__:resolve:630 - Valeria(9) (age 23) attempting action: 我想向Darian Voss询问关于魔法水晶的信息，发起聊天请求
2025-07-05 02:13:07.275 | INFO     | __main__:resolve:630 - Lucien(0) (age 37) attempting action: 我想和Brant Steelcrest(7号)聊天，询问他是否知道附近哪里有稀有魔能水晶。
2025-07-05 02:13:07.510 | INFO     | __main__:resolve:630 - Rexford(3) (age 26) attempting action: 我注意到在(18,23)位置有一块魔能水晶，为了成为最强壮的采集者，我要前往那里采集魔能水晶。
